#
# A fatal error has been detected by the Java Runtime Environment:
#
#  EXCEPTION_ACCESS_VIOLATION (0xc0000005) at pc=0x00000000051d1e3d, pid=10576, tid=0x0000000000001c70
#
# JRE version: OpenJDK Runtime Environment (8.0_212-b04) (build 1.8.0_212-release-1586-b04)
# Java VM: OpenJDK 64-Bit Server VM (25.212-b04 mixed mode windows-amd64 compressed oops)
# Problematic frame:
# J 17517 C2 org.gradle.internal.execution.history.impl.FingerprintMapSerializer.writeFingerprint(Lorg/gradle/internal/serialize/Encoder;Lorg/gradle/internal/fingerprint/FileSystemLocationFingerprint;)V (147 bytes) @ 0x00000000051d1e3d [0x00000000051d1cc0+0x17d]
#
# Failed to write core dump. Minidumps are not enabled by default on client versions of Windows
#
# If you would like to submit a bug report, please visit:
#   
#

---------------  T H R E A D  ---------------

Current thread (0x000000001d635000):  JavaThread "Cache worker for execution history cache (E:\Projects\Intro\.gradle\5.6.4\executionHistory)" [_thread_in_Java, id=7280, stack(0x00000000228f0000,0x00000000229f0000)]

siginfo: ExceptionCode=0xc0000005, reading address 0x0000000022196a8c

Registers:
RAX=0x00000000e1b8e768, RBX=0x0000000020104e5d, RCX=0x00000000e00b7950, RDX=0x00000000e00b7938
RSP=0x00000000229ee790, RBP=0x00000000e06682f0, RSI=0x00000001008272e8, RDI=0x00000000e06682d8
R8 =0x0000000022196a80, R9 =0x00000000e06682d8, R10=0x00000000e1b8e768, R11=0x00000000e1b8e768
R12=0x0000000000000000, R13=0x0000000000000637, R14=0x000000000000007d, R15=0x000000001d635000
RIP=0x00000000051d1e3d, EFLAGS=0x0000000000010286

Top of Stack: (sp=0x00000000229ee790)
0x00000000229ee790:   000000001d635000 0000000000000016
0x00000000229ee7a0:   0000000000000084 00000000a23af5c8
0x00000000229ee7b0:   00000000e00b7938 00000009e06682f0
0x00000000229ee7c0:   00000000e1b9f118 000000000337e414
0x00000000229ee7d0:   00000800e1b9ab88 00000000a23ae700
0x00000000229ee7e0:   0000000000000000 0000017a000007ff
0x00000000229ee7f0:   00000000e1b9f118 00001042000007dc
0x00000000229ee800:   00000000e1b9ab88 0000000000000019
0x00000000229ee810:   00000000229ee830 0000000000000202
0x00000000229ee820:   00000000229ee8f8 00000000055e381c
0x00000000229ee830:   00000000023e78b5 00000000e0669540
0x00000000229ee840:   00000000229ee840 000000001fc5e71b
0x00000000229ee850:   00000000e06682d8 00000000e1ba1128
0x00000000229ee860:   00000000e00b7938 00000000e0669628
0x00000000229ee870:   00000000a23ae700 00000000229ee8a0
0x00000000229ee880:   00000000229ee8f8 00000000023e809d 

Instructions: (pc=0x00000000051d1e3d)
0x00000000051d1e1d:   03 81 fb 5d 4e 10 20 0f 85 27 05 00 00 4d 8b da
0x00000000051d1e2d:   45 8b 43 0c 85 c9 0f 84 c8 09 00 00 45 8b 40 0c
0x00000000051d1e3d:   45 8b 58 0c 49 63 cb 49 8b e8 48 83 c1 17 48 83
0x00000000051d1e4d:   e1 f8 41 81 fb 00 00 10 00 0f 87 b9 07 00 00 49 


Register to memory mapping:

RAX=0x00000000e1b8e768 is an oop
org.gradle.internal.fingerprint.impl.DefaultFileSystemLocationFingerprint 
 - klass: 'org/gradle/internal/fingerprint/impl/DefaultFileSystemLocationFingerprint'
RBX=0x0000000020104e5d is pointing into metadata
RCX=0x00000000e00b7950 is an oop
org.gradle.internal.serialize.HashCodeSerializer 
 - klass: 'org/gradle/internal/serialize/HashCodeSerializer'
RDX=0x00000000e00b7938 is an oop
org.gradle.internal.execution.history.impl.FingerprintMapSerializer 
 - klass: 'org/gradle/internal/execution/history/impl/FingerprintMapSerializer'
RSP=0x00000000229ee790 is pointing into the stack for thread: 0x000000001d635000
RBP=0x00000000e06682f0 is an oop
com.esotericsoftware.kryo.io.Output 
 - klass: 'com/esotericsoftware/kryo/io/Output'
RSI=0x00000001008272e8 is pointing into metadata
RDI=0x00000000e06682d8 is an oop
org.gradle.internal.serialize.kryo.KryoBackedEncoder 
 - klass: 'org/gradle/internal/serialize/kryo/KryoBackedEncoder'
R8 =0x0000000022196a80 is pointing into the stack for thread: 0x000000001d63a800
R9 =0x00000000e06682d8 is an oop
org.gradle.internal.serialize.kryo.KryoBackedEncoder 
 - klass: 'org/gradle/internal/serialize/kryo/KryoBackedEncoder'
R10=0x00000000e1b8e768 is an oop
org.gradle.internal.fingerprint.impl.DefaultFileSystemLocationFingerprint 
 - klass: 'org/gradle/internal/fingerprint/impl/DefaultFileSystemLocationFingerprint'
R11=0x00000000e1b8e768 is an oop
org.gradle.internal.fingerprint.impl.DefaultFileSystemLocationFingerprint 
 - klass: 'org/gradle/internal/fingerprint/impl/DefaultFileSystemLocationFingerprint'
R12=0x0000000000000000 is an unknown value
R13=0x0000000000000637 is an unknown value
R14=0x000000000000007d is an unknown value
R15=0x000000001d635000 is a thread


Stack: [0x00000000228f0000,0x00000000229f0000],  sp=0x00000000229ee790,  free space=1017k
Native frames: (J=compiled Java code, j=interpreted, Vv=VM code, C=native code)
C  0x00000000051d1e3d


---------------  P R O C E S S  ---------------

Java Threads: ( => current thread )
  0x000000001d63c800 JavaThread "stdout" [_thread_in_native, id=1148, stack(0x0000000027f50000,0x0000000028050000)]
  0x000000001d63b000 JavaThread "stderr" [_thread_in_native, id=6160, stack(0x0000000027e50000,0x0000000027f50000)]
  0x000000001d640800 JavaThread "stdout" [_thread_in_native, id=824, stack(0x0000000027d50000,0x0000000027e50000)]
  0x000000001d63f000 JavaThread "stderr" [_thread_in_native, id=7048, stack(0x0000000027a30000,0x0000000027b30000)]
  0x000000001d63c000 JavaThread "pool-11-thread-1" [_thread_blocked, id=2496, stack(0x0000000027530000,0x0000000027630000)]
  0x000000001d63e000 JavaThread "WorkerExecutor Queue Thread 2" [_thread_blocked, id=8408, stack(0x0000000022af0000,0x0000000022bf0000)]
  0x000000001d636800 JavaThread "WorkerExecutor Queue" [_thread_blocked, id=7224, stack(0x00000000229f0000,0x0000000022af0000)]
=>0x000000001d635000 JavaThread "Cache worker for execution history cache (E:\Projects\Intro\.gradle\5.6.4\executionHistory)" [_thread_in_Java, id=7280, stack(0x00000000228f0000,0x00000000229f0000)]
  0x000000001d636000 JavaThread "Execution worker for ':' Thread 3" [_thread_in_vm, id=6216, stack(0x00000000231f0000,0x00000000232f0000)]
  0x000000001d637800 JavaThread "Execution worker for ':' Thread 2" [_thread_blocked, id=852, stack(0x0000000022c10000,0x0000000022d10000)]
  0x000000001d633800 JavaThread "Execution worker for ':'" [_thread_blocked, id=2180, stack(0x00000000225f0000,0x00000000226f0000)]
  0x000000001d63a800 JavaThread "Cache worker for file content cache (E:\Projects\Intro\.gradle\5.6.4\fileContent)" [_thread_blocked, id=5088, stack(0x00000000220f0000,0x00000000221f0000)]
  0x000000001d631800 JavaThread "Cache worker for Build Output Cleanup Cache (E:\Projects\Intro\.gradle\buildOutputCleanup)" [_thread_blocked, id=9892, stack(0x0000000021bf0000,0x0000000021cf0000)]
  0x0000000019bfc000 JavaThread "pool-10-thread-1" [_thread_blocked, id=4576, stack(0x0000000020ef0000,0x0000000020ff0000)]
  0x0000000019bfb000 JavaThread "Build operations Thread 4" [_thread_blocked, id=2316, stack(0x0000000020bf0000,0x0000000020cf0000)]
  0x0000000019bfa800 JavaThread "Build operations Thread 3" [_thread_blocked, id=4484, stack(0x00000000208f0000,0x00000000209f0000)]
  0x0000000019bfc800 JavaThread "Build operations Thread 2" [_thread_blocked, id=2444, stack(0x00000000207f0000,0x00000000208f0000)]
  0x0000000019bf9800 JavaThread "Build operations" [_thread_blocked, id=6448, stack(0x00000000204f0000,0x00000000205f0000)]
  0x0000000019bfe000 JavaThread "Cache worker for cache directory md-rule (C:\Users\Almas\.gradle\caches\5.6.4\md-rule)" [_thread_blocked, id=1796, stack(0x00000000203f0000,0x00000000204f0000)]
  0x0000000019bf0800 JavaThread "Cache worker for cache directory md-supplier (C:\Users\Almas\.gradle\caches\5.6.4\md-supplier)" [_thread_blocked, id=1700, stack(0x000000001fdf0000,0x000000001fef0000)]
  0x0000000019bf7800 JavaThread "Cache worker for file hash cache (E:\Projects\Intro\.gradle\5.6.4\fileHashes)" [_thread_blocked, id=8236, stack(0x000000001e190000,0x000000001e290000)]
  0x0000000019bf5000 JavaThread "Thread-90" [_thread_blocked, id=8480, stack(0x000000001dc90000,0x000000001dd90000)]
  0x0000000019bf4800 JavaThread "Stdin handler" [_thread_blocked, id=1900, stack(0x000000001b5f0000,0x000000001b6f0000)]
  0x0000000019bf3800 JavaThread "Asynchronous log dispatcher for DefaultDaemonConnection: socket connection from /127.0.0.1:50263 to /127.0.0.1:50320" [_thread_blocked, id=8188, stack(0x000000001b2f0000,0x000000001b3f0000)]
  0x0000000019bf0000 JavaThread "Daemon worker Thread 4" [_thread_blocked, id=10940, stack(0x000000001b1f0000,0x000000001b2f0000)]
  0x0000000019bf1800 JavaThread "Cancel handler" [_thread_blocked, id=4432, stack(0x000000001aef0000,0x000000001aff0000)]
  0x0000000019bf2000 JavaThread "Handler for socket connection from /127.0.0.1:50263 to /127.0.0.1:50320" [_thread_in_native, id=10152, stack(0x000000001adf0000,0x000000001aef0000)]
  0x0000000019bf6800 JavaThread "Daemon Thread 4" [_thread_blocked, id=9416, stack(0x00000000007e0000,0x00000000008e0000)]
  0x0000000019bef000 JavaThread "Cache worker for Java compile cache (C:\Users\Almas\.gradle\caches\5.6.4\javaCompile)" [_thread_blocked, id=9964, stack(0x0000000027430000,0x0000000027530000)]
  0x000000001d639800 JavaThread "Cache worker for file content cache (C:\Users\Almas\.gradle\caches\5.6.4\fileContent)" [_thread_blocked, id=7344, stack(0x0000000021af0000,0x0000000021bf0000)]
  0x000000001d633000 JavaThread "Memory manager" [_thread_blocked, id=8868, stack(0x00000000219f0000,0x0000000021af0000)]
  0x000000001d634800 JavaThread "Cache worker for execution history cache (C:\Users\Almas\.gradle\caches\5.6.4\executionHistory)" [_thread_blocked, id=7128, stack(0x000000001fef0000,0x000000001fff0000)]
  0x0000000019264000 JavaThread "Cache worker for journal cache (C:\Users\Almas\.gradle\caches\journal-1)" [_thread_blocked, id=6952, stack(0x000000001baf0000,0x000000001bbf0000)]
  0x0000000019269000 JavaThread "File lock request listener" [_thread_in_native, id=7320, stack(0x000000001b9f0000,0x000000001baf0000)]
  0x0000000019267000 JavaThread "Cache worker for file hash cache (C:\Users\Almas\.gradle\caches\5.6.4\fileHashes)" [_thread_blocked, id=4056, stack(0x000000001b6f0000,0x000000001b7f0000)]
  0x0000000019746800 JavaThread "Daemon periodic checks" [_thread_blocked, id=9236, stack(0x000000001acf0000,0x000000001adf0000)]
  0x00000000196a7800 JavaThread "Incoming local TCP Connector on port 50263" [_thread_in_native, id=7136, stack(0x000000001aab0000,0x000000001abb0000)]
  0x0000000017d5e000 JavaThread "Daemon health stats" [_thread_blocked, id=10732, stack(0x000000001a470000,0x000000001a570000)]
  0x0000000015dac000 JavaThread "Service Thread" daemon [_thread_blocked, id=10912, stack(0x0000000017ad0000,0x0000000017bd0000)]
  0x0000000015d5a000 JavaThread "C1 CompilerThread2" daemon [_thread_in_vm, id=5792, stack(0x00000000175d0000,0x00000000176d0000)]
  0x0000000015d50800 JavaThread "C2 CompilerThread1" daemon [_thread_blocked, id=5140, stack(0x00000000174d0000,0x00000000175d0000)]
  0x0000000015d59000 JavaThread "C2 CompilerThread0" daemon [_thread_blocked, id=9724, stack(0x00000000173d0000,0x00000000174d0000)]
  0x0000000015d58000 JavaThread "Attach Listener" daemon [_thread_blocked, id=3960, stack(0x00000000172d0000,0x00000000173d0000)]
  0x0000000015d56800 JavaThread "Signal Dispatcher" daemon [_thread_blocked, id=8396, stack(0x00000000171d0000,0x00000000172d0000)]
  0x00000000023dd800 JavaThread "Finalizer" daemon [_thread_blocked, id=1032, stack(0x0000000016fd0000,0x00000000170d0000)]
  0x0000000015d39000 JavaThread "Reference Handler" daemon [_thread_blocked, id=900, stack(0x0000000016ed0000,0x0000000016fd0000)]
  0x00000000001ed800 JavaThread "main" [_thread_blocked, id=4420, stack(0x00000000021e0000,0x00000000022e0000)]

Other Threads:
  0x0000000015d16800 VMThread [stack: 0x0000000016dd0000,0x0000000016ed0000] [id=7828]
  0x0000000015dad000 WatcherThread [stack: 0x0000000017bd0000,0x0000000017cd0000] [id=3428]

VM state:synchronizing (normal execution)

VM Mutex/Monitor currently owned by a thread:  ([mutex/lock_event])
[0x00000000001ec6f0] Safepoint_lock - owner thread: 0x0000000015d16800
[0x00000000001ecb70] Threads_lock - owner thread: 0x0000000015d16800

heap address: 0x00000000a0000000, size: 1536 MB, Compressed Oops mode: 32-bit
Narrow klass base: 0x0000000000000000, Narrow klass shift: 3
Compressed class space size: 1073741824 Address: 0x0000000100000000

Heap:
 PSYoungGen      total 324608K, used 129877K [0x00000000e0000000, 0x00000000fc080000, 0x0000000100000000)
  eden space 310784K, 37% used [0x00000000e0000000,0x00000000e71c5170,0x00000000f2f80000)
  from space 13824K, 96% used [0x00000000fb300000,0x00000000fc010628,0x00000000fc080000)
  to   space 51200K, 0% used [0x00000000f5c80000,0x00000000f5c80000,0x00000000f8e80000)
 ParOldGen       total 256000K, used 134483K [0x00000000a0000000, 0x00000000afa00000, 0x00000000e0000000)
  object space 256000K, 52% used [0x00000000a0000000,0x00000000a8354e80,0x00000000afa00000)
 Metaspace       used 95380K, capacity 99270K, committed 99544K, reserved 1136640K
  class space    used 12349K, capacity 13160K, committed 13272K, reserved 1048576K

Card table byte_map: [0x00000000117a0000,0x0000000011ab0000] byte_map_base: 0x00000000112a0000

Marking Bits: (ParMarkBitMap*) 0x0000000060459f30
 Begin Bits: [0x00000000120b0000, 0x00000000138b0000)
 End Bits:   [0x00000000138b0000, 0x00000000150b0000)

Polling page: 0x0000000000920000

CodeCache: size=245760Kb used=53663Kb max_used=53686Kb free=192096Kb
 bounds [0x00000000023e0000, 0x00000000058a0000, 0x00000000113e0000]
 total_blobs=16816 nmethods=15928 adapters=799
 compilation: enabled

Compilation events (10 events):
Event: 9521.093 Thread 0x0000000015d50800 19877       4       org.gradle.internal.execution.history.changes.AbstractFingerprintChanges::accept (21 bytes)
Event: 9521.095 Thread 0x0000000015d50800 nmethod 19877 0x0000000002551ed0 code [0x0000000002552020, 0x0000000002552128]
Event: 9521.097 Thread 0x0000000015d50800 19879       4       org.gradle.api.internal.artifacts.transform.DefaultTransformer::getIsolatedParameters (47 bytes)
Event: 9521.099 Thread 0x0000000015d50800 nmethod 19879 0x00000000058326d0 code [0x0000000005832800, 0x0000000005832878]
Event: 9521.105 Thread 0x0000000015d5a000 19882  s    1       java.util.Hashtable::size (5 bytes)
Event: 9521.106 Thread 0x0000000015d5a000 nmethod 19882 0x0000000003347750 code [0x00000000033478a0, 0x0000000003347b10]
Event: 9521.109 Thread 0x0000000015d50800 19883       4       org.gradle.internal.operations.BuildOperationDescriptor::displayName (10 bytes)
Event: 9521.111 Thread 0x0000000015d50800 nmethod 19883 0x000000000587d310 code [0x000000000587d460, 0x000000000587d538]
Event: 9521.137 Thread 0x0000000015d5a000 19884       3       org.gradle.internal.snapshot.impl.SnapshotSerializer::write (886 bytes)
Event: 9521.138 Thread 0x0000000015d50800 19885 %     4       com.esotericsoftware.kryo.io.Output::writeString_slow @ 0 (238 bytes)

GC Heap History (10 events):
Event: 124.587 GC heap before
{Heap before GC invocations=20 (full 3):
 PSYoungGen      total 287744K, used 287725K [0x00000000e0000000, 0x00000000f6b00000, 0x0000000100000000)
  eden space 260096K, 100% used [0x00000000e0000000,0x00000000efe00000,0x00000000efe00000)
  from space 27648K, 99% used [0x00000000f2300000,0x00000000f3dfb748,0x00000000f3e00000)
  to   space 37888K, 0% used [0x00000000efe00000,0x00000000efe00000,0x00000000f2300000)
 ParOldGen       total 124416K, used 81756K [0x00000000a0000000, 0x00000000a7980000, 0x00000000e0000000)
  object space 124416K, 65% used [0x00000000a0000000,0x00000000a4fd7380,0x00000000a7980000)
 Metaspace       used 87812K, capacity 91614K, committed 91736K, reserved 1128448K
  class space    used 11763K, capacity 12600K, committed 12632K, reserved 1048576K
Event: 124.771 GC heap after
Heap after GC invocations=20 (full 3):
 PSYoungGen      total 297984K, used 37862K [0x00000000e0000000, 0x00000000fb380000, 0x0000000100000000)
  eden space 260096K, 0% used [0x00000000e0000000,0x00000000e0000000,0x00000000efe00000)
  from space 37888K, 99% used [0x00000000efe00000,0x00000000f22f98b0,0x00000000f2300000)
  to   space 58880K, 0% used [0x00000000f7a00000,0x00000000f7a00000,0x00000000fb380000)
 ParOldGen       total 124416K, used 121377K [0x00000000a0000000, 0x00000000a7980000, 0x00000000e0000000)
  object space 124416K, 97% used [0x00000000a0000000,0x00000000a76887a0,0x00000000a7980000)
 Metaspace       used 87812K, capacity 91614K, committed 91736K, reserved 1128448K
  class space    used 11763K, capacity 12600K, committed 12632K, reserved 1048576K
}
Event: 124.771 GC heap before
{Heap before GC invocations=21 (full 4):
 PSYoungGen      total 297984K, used 37862K [0x00000000e0000000, 0x00000000fb380000, 0x0000000100000000)
  eden space 260096K, 0% used [0x00000000e0000000,0x00000000e0000000,0x00000000efe00000)
  from space 37888K, 99% used [0x00000000efe00000,0x00000000f22f98b0,0x00000000f2300000)
  to   space 58880K, 0% used [0x00000000f7a00000,0x00000000f7a00000,0x00000000fb380000)
 ParOldGen       total 124416K, used 121377K [0x00000000a0000000, 0x00000000a7980000, 0x00000000e0000000)
  object space 124416K, 97% used [0x00000000a0000000,0x00000000a76887a0,0x00000000a7980000)
 Metaspace       used 87812K, capacity 91614K, committed 91736K, reserved 1128448K
  class space    used 11763K, capacity 12600K, committed 12632K, reserved 1048576K
Event: 125.655 GC heap after
Heap after GC invocations=21 (full 4):
 PSYoungGen      total 297984K, used 994K [0x00000000e0000000, 0x00000000fb380000, 0x0000000100000000)
  eden space 260096K, 0% used [0x00000000e0000000,0x00000000e0000000,0x00000000efe00000)
  from space 37888K, 2% used [0x00000000efe00000,0x00000000efef8be8,0x00000000f2300000)
  to   space 58880K, 0% used [0x00000000f7a00000,0x00000000f7a00000,0x00000000fb380000)
 ParOldGen       total 256000K, used 124054K [0x00000000a0000000, 0x00000000afa00000, 0x00000000e0000000)
  object space 256000K, 48% used [0x00000000a0000000,0x00000000a79258c8,0x00000000afa00000)
 Metaspace       used 87270K, capacity 90446K, committed 91736K, reserved 1128448K
  class space    used 11565K, capacity 12244K, committed 12632K, reserved 1048576K
}
Event: 135.017 GC heap before
{Heap before GC invocations=22 (full 4):
 PSYoungGen      total 297984K, used 261090K [0x00000000e0000000, 0x00000000fb380000, 0x0000000100000000)
  eden space 260096K, 100% used [0x00000000e0000000,0x00000000efe00000,0x00000000efe00000)
  from space 37888K, 2% used [0x00000000efe00000,0x00000000efef8be8,0x00000000f2300000)
  to   space 58880K, 0% used [0x00000000f7a00000,0x00000000f7a00000,0x00000000fb380000)
 ParOldGen       total 256000K, used 124054K [0x00000000a0000000, 0x00000000afa00000, 0x00000000e0000000)
  object space 256000K, 48% used [0x00000000a0000000,0x00000000a79258c8,0x00000000afa00000)
 Metaspace       used 90500K, capacity 93978K, committed 94808K, reserved 1130496K
  class space    used 12075K, capacity 12840K, committed 13144K, reserved 1048576K
Event: 135.090 GC heap after
Heap after GC invocations=22 (full 4):
 PSYoungGen      total 369664K, used 18292K [0x00000000e0000000, 0x00000000fa780000, 0x0000000100000000)
  eden space 323072K, 0% used [0x00000000e0000000,0x00000000e0000000,0x00000000f3b80000)
  from space 46592K, 39% used [0x00000000f7a00000,0x00000000f8bdd008,0x00000000fa780000)
  to   space 55296K, 0% used [0x00000000f3b80000,0x00000000f3b80000,0x00000000f7180000)
 ParOldGen       total 256000K, used 124454K [0x00000000a0000000, 0x00000000afa00000, 0x00000000e0000000)
  object space 256000K, 48% used [0x00000000a0000000,0x00000000a79898c8,0x00000000afa00000)
 Metaspace       used 90500K, capacity 93978K, committed 94808K, reserved 1130496K
  class space    used 12075K, capacity 12840K, committed 13144K, reserved 1048576K
}
Event: 1597.712 GC heap before
{Heap before GC invocations=23 (full 4):
 PSYoungGen      total 369664K, used 341364K [0x00000000e0000000, 0x00000000fa780000, 0x0000000100000000)
  eden space 323072K, 100% used [0x00000000e0000000,0x00000000f3b80000,0x00000000f3b80000)
  from space 46592K, 39% used [0x00000000f7a00000,0x00000000f8bdd008,0x00000000fa780000)
  to   space 55296K, 0% used [0x00000000f3b80000,0x00000000f3b80000,0x00000000f7180000)
 ParOldGen       total 256000K, used 124454K [0x00000000a0000000, 0x00000000afa00000, 0x00000000e0000000)
  object space 256000K, 48% used [0x00000000a0000000,0x00000000a79898c8,0x00000000afa00000)
 Metaspace       used 94726K, capacity 98410K, committed 98776K, reserved 1134592K
  class space    used 12311K, capacity 13092K, committed 13272K, reserved 1048576K
Event: 1598.032 GC heap after
Heap after GC invocations=23 (full 4):
 PSYoungGen      total 378368K, used 15360K [0x00000000e0000000, 0x00000000fe700000, 0x0000000100000000)
  eden space 323072K, 0% used [0x00000000e0000000,0x00000000e0000000,0x00000000f3b80000)
  from space 55296K, 27% used [0x00000000f3b80000,0x00000000f4a80138,0x00000000f7180000)
  to   space 53248K, 0% used [0x00000000fb300000,0x00000000fb300000,0x00000000fe700000)
 ParOldGen       total 256000K, used 133971K [0x00000000a0000000, 0x00000000afa00000, 0x00000000e0000000)
  object space 256000K, 52% used [0x00000000a0000000,0x00000000a82d4e30,0x00000000afa00000)
 Metaspace       used 94726K, capacity 98410K, committed 98776K, reserved 1134592K
  class space    used 12311K, capacity 13092K, committed 13272K, reserved 1048576K
}
Event: 9518.693 GC heap before
{Heap before GC invocations=24 (full 4):
 PSYoungGen      total 378368K, used 338432K [0x00000000e0000000, 0x00000000fe700000, 0x0000000100000000)
  eden space 323072K, 100% used [0x00000000e0000000,0x00000000f3b80000,0x00000000f3b80000)
  from space 55296K, 27% used [0x00000000f3b80000,0x00000000f4a80138,0x00000000f7180000)
  to   space 53248K, 0% used [0x00000000fb300000,0x00000000fb300000,0x00000000fe700000)
 ParOldGen       total 256000K, used 133971K [0x00000000a0000000, 0x00000000afa00000, 0x00000000e0000000)
  object space 256000K, 52% used [0x00000000a0000000,0x00000000a82d4e30,0x00000000afa00000)
 Metaspace       used 95287K, capacity 99240K, committed 99544K, reserved 1136640K
  class space    used 12346K, capacity 13155K, committed 13272K, reserved 1048576K
Event: 9518.901 GC heap after
Heap after GC invocations=24 (full 4):
 PSYoungGen      total 324608K, used 13377K [0x00000000e0000000, 0x00000000fc080000, 0x0000000100000000)
  eden space 310784K, 0% used [0x00000000e0000000,0x00000000e0000000,0x00000000f2f80000)
  from space 13824K, 96% used [0x00000000fb300000,0x00000000fc010628,0x00000000fc080000)
  to   space 51200K, 0% used [0x00000000f5c80000,0x00000000f5c80000,0x00000000f8e80000)
 ParOldGen       total 256000K, used 134483K [0x00000000a0000000, 0x00000000afa00000, 0x00000000e0000000)
  object space 256000K, 52% used [0x00000000a0000000,0x00000000a8354e80,0x00000000afa00000)
 Metaspace       used 95287K, capacity 99240K, committed 99544K, reserved 1136640K
  class space    used 12346K, capacity 13155K, committed 13272K, reserved 1048576K
}

Deoptimization events (10 events):
Event: 1621.408 Thread 0x0000000019263000 Uncommon trap: reason=unstable_if action=reinterpret pc=0x00000000033f7f48 method=com.esotericsoftware.kryo.io.Input.require(I)I @ 180
Event: 7858.751 Thread 0x0000000019746800 Uncommon trap: reason=unstable_if action=reinterpret pc=0x000000000365ffc0 method=java.text.DecimalFormat.format(JLjava/lang/StringBuffer;Ljava/text/Format$FieldDelegate;)Ljava/lang/StringBuffer; @ 136
Event: 7858.752 Thread 0x0000000019746800 Uncommon trap: reason=unstable_if action=reinterpret pc=0x0000000002514188 method=java.text.DigitList.set(ZJI)V @ 8
Event: 7858.752 Thread 0x0000000019746800 Uncommon trap: reason=unstable_if action=reinterpret pc=0x0000000003aa54fc method=java.text.DigitList.isZero()Z @ 7
Event: 9516.357 Thread 0x0000000019bf2000 Uncommon trap: reason=class_check action=maybe_recompile pc=0x0000000004d64720 method=java.lang.reflect.Array.newInstance(Ljava/lang/Class;I)Ljava/lang/Object; @ 2
Event: 9516.427 Thread 0x0000000019bf0000 Uncommon trap: reason=class_check action=maybe_recompile pc=0x00000000039af2e4 method=org.gradle.internal.work.DefaultWorkerLeaseService$DefaultWorkerLease.acquireLock()Z @ 4
Event: 9517.051 Thread 0x0000000019bfa800 Uncommon trap: reason=unstable_if action=reinterpret pc=0x0000000002d6165c method=java.util.concurrent.ConcurrentHashMap.get(Ljava/lang/Object;)Ljava/lang/Object; @ 86
Event: 9519.901 Thread 0x000000001d636000 Uncommon trap: reason=bimorphic action=maybe_recompile pc=0x0000000002d95aa0 method=com.sun.org.apache.xerces.internal.dom.CoreDocumentImpl.isKidOK(Lorg/w3c/dom/Node;Lorg/w3c/dom/Node;)Z @ 39
Event: 9520.043 Thread 0x000000001d636000 Uncommon trap: reason=class_check action=maybe_recompile pc=0x0000000003d13154 method=kotlin.comparisons.ComparisonsKt__ComparisonsKt.compareValues(Ljava/lang/Comparable;Ljava/lang/Comparable;)I @ 21
Event: 9521.107 Thread 0x000000001d633800 Uncommon trap: reason=class_check action=maybe_recompile pc=0x0000000002955940 method=java.lang.Throwable.<init>(Ljava/lang/String;Ljava/lang/Throwable;)V @ 24

Classes redefined (0 events):
No events

Internal exceptions (10 events):
Event: 419.921 Thread 0x000000001d635000 Exception <a 'java/io/FileNotFoundException'> (0x00000000f02f4518) thrown at [D:\src\AOSP-openjdk-cygwin\jdk8u\hotspot\src\share\vm\prims\jni.cpp, line 710]
Event: 424.566 Thread 0x0000000019bf3800 Exception <a 'sun/nio/fs/WindowsException'> (0x00000000f0c1fdc0) thrown at [D:\src\AOSP-openjdk-cygwin\jdk8u\hotspot\src\share\vm\prims\jni.cpp, line 710]
Event: 1596.876 Thread 0x000000001d633800 Exception <a 'sun/nio/fs/WindowsException'> (0x00000000f231b408) thrown at [D:\src\AOSP-openjdk-cygwin\jdk8u\hotspot\src\share\vm\prims\jni.cpp, line 710]
Event: 1600.068 Thread 0x000000001d633800 Implicit null exception at 0x0000000005564605 to 0x0000000005564e36
Event: 1601.023 Thread 0x0000000019bf2000 Exception <a 'java/io/FileNotFoundException'> (0x00000000e7f3c360) thrown at [D:\src\AOSP-openjdk-cygwin\jdk8u\hotspot\src\share\vm\prims\jni.cpp, line 710]
Event: 1619.509 Thread 0x0000000019bf6800 Exception <a 'sun/nio/fs/WindowsException'> (0x00000000e9efd8c8) thrown at [D:\src\AOSP-openjdk-cygwin\jdk8u\hotspot\src\share\vm\prims\jni.cpp, line 710]
Event: 1619.509 Thread 0x0000000019bf6800 Exception <a 'sun/nio/fs/WindowsException'> (0x00000000e9efdd70) thrown at [D:\src\AOSP-openjdk-cygwin\jdk8u\hotspot\src\share\vm\prims\jni.cpp, line 710]
Event: 1621.330 Thread 0x000000001d633800 Exception <a 'sun/nio/fs/WindowsException'> (0x00000000ec33ecf0) thrown at [D:\src\AOSP-openjdk-cygwin\jdk8u\hotspot\src\share\vm\prims\jni.cpp, line 710]
Event: 9517.325 Thread 0x0000000019bf0000 Exception <a 'sun/nio/fs/WindowsException'> (0x00000000f10a7930) thrown at [D:\src\AOSP-openjdk-cygwin\jdk8u\hotspot\src\share\vm\prims\jni.cpp, line 710]
Event: 9521.107 Thread 0x000000001d633800 Exception <a 'java/io/FileNotFoundException'> (0x00000000e6f8e388) thrown at [D:\src\AOSP-openjdk-cygwin\jdk8u\hotspot\src\share\vm\prims\jni.cpp, line 710]

Events (10 events):
Event: 9521.107 Thread 0x000000001d633800 Uncommon trap: trap_request=0xffffffde fr.pc=0x0000000002955940
Event: 9521.107 Thread 0x000000001d633800 DEOPT PACKING pc=0x0000000002955940 sp=0x00000000226ecbb0
Event: 9521.107 Thread 0x000000001d633800 DEOPT UNPACKING pc=0x000000000242557b sp=0x00000000226ecb80 mode 2
Event: 9521.108 Executing VM operation: RevokeBias
Event: 9521.108 Executing VM operation: RevokeBias done
Event: 9521.111 Thread 0x0000000015d50800 flushing nmethod 0x00000000036f0b50
Event: 9521.112 Thread 0x0000000015d50800 flushing nmethod 0x000000000382d2d0
Event: 9521.138 Executing VM operation: RevokeBias
Event: 9521.138 Executing VM operation: RevokeBias done
Event: 9521.140 Executing VM operation: RevokeBias


Dynamic libraries:
0x00007ff699510000 - 0x00007ff699541000 	C:\Program Files\Android\Android Studio\jre\bin\java.exe
0x00007ffa1d440000 - 0x00007ffa1d630000 	C:\WINDOWS\SYSTEM32\ntdll.dll
0x00007ffa1c3b0000 - 0x00007ffa1c462000 	C:\WINDOWS\System32\KERNEL32.DLL
0x00007ffa1a860000 - 0x00007ffa1ab03000 	C:\WINDOWS\System32\KERNELBASE.dll
0x00007ffa1b500000 - 0x00007ffa1b5a3000 	C:\WINDOWS\System32\ADVAPI32.dll
0x00007ffa1c470000 - 0x00007ffa1c50e000 	C:\WINDOWS\System32\msvcrt.dll
0x00007ffa1cdf0000 - 0x00007ffa1ce87000 	C:\WINDOWS\System32\sechost.dll
0x00007ffa1b620000 - 0x00007ffa1b740000 	C:\WINDOWS\System32\RPCRT4.dll
0x00007ffa1b740000 - 0x00007ffa1b8d4000 	C:\WINDOWS\System32\USER32.dll
0x00007ffa1a3d0000 - 0x00007ffa1a3f1000 	C:\WINDOWS\System32\win32u.dll
0x00007ffa1c320000 - 0x00007ffa1c346000 	C:\WINDOWS\System32\GDI32.dll
0x00007ffa1a550000 - 0x00007ffa1a6e4000 	C:\WINDOWS\System32\gdi32full.dll
0x00007ffa1ab10000 - 0x00007ffa1abae000 	C:\WINDOWS\System32\msvcp_win.dll
0x00007ffa1a450000 - 0x00007ffa1a54a000 	C:\WINDOWS\System32\ucrtbase.dll
0x00007ffa19810000 - 0x00007ffa19a95000 	C:\WINDOWS\WinSxS\amd64_microsoft.windows.common-controls_6595b64144ccf1df_6.0.18362.720_none_e6beb5c51314836b\COMCTL32.dll
0x00007ffa1c590000 - 0x00007ffa1c8c6000 	C:\WINDOWS\System32\combase.dll
0x00007ffa1ac40000 - 0x00007ffa1acc0000 	C:\WINDOWS\System32\bcryptPrimitives.dll
0x00007ffa1c8d0000 - 0x00007ffa1c8fe000 	C:\WINDOWS\System32\IMM32.DLL
0x000000005fad0000 - 0x000000005fba2000 	C:\Program Files\Android\Android Studio\jre\jre\bin\msvcr100.dll
0x000000005fc90000 - 0x00000000604d6000 	C:\Program Files\Android\Android Studio\jre\jre\bin\server\jvm.dll
0x00007ffa1b990000 - 0x00007ffa1b998000 	C:\WINDOWS\System32\PSAPI.DLL
0x00007ffa162a0000 - 0x00007ffa162c4000 	C:\WINDOWS\SYSTEM32\WINMM.dll
0x00007ffa17fd0000 - 0x00007ffa17fda000 	C:\WINDOWS\SYSTEM32\VERSION.dll
0x00007ffa19de0000 - 0x00007ffa19de9000 	C:\WINDOWS\SYSTEM32\WSOCK32.dll
0x00007ffa1c520000 - 0x00007ffa1c58f000 	C:\WINDOWS\System32\WS2_32.dll
0x00007ffa16270000 - 0x00007ffa1629d000 	C:\WINDOWS\SYSTEM32\winmmbase.dll
0x00007ffa1a400000 - 0x00007ffa1a44a000 	C:\WINDOWS\System32\cfgmgr32.dll
0x00007ffa189e0000 - 0x00007ffa189ef000 	C:\Program Files\Android\Android Studio\jre\jre\bin\verify.dll
0x00007ffa0e7d0000 - 0x00007ffa0e7f9000 	C:\Program Files\Android\Android Studio\jre\jre\bin\java.dll
0x00007ffa189c0000 - 0x00007ffa189d6000 	C:\Program Files\Android\Android Studio\jre\jre\bin\zip.dll
0x00007ffa1bc30000 - 0x00007ffa1c315000 	C:\WINDOWS\System32\SHELL32.dll
0x00007ffa1b8e0000 - 0x00007ffa1b989000 	C:\WINDOWS\System32\shcore.dll
0x00007ffa1ad70000 - 0x00007ffa1b4f0000 	C:\WINDOWS\System32\windows.storage.dll
0x00007ffa1a380000 - 0x00007ffa1a3a3000 	C:\WINDOWS\System32\profapi.dll
0x00007ffa1a310000 - 0x00007ffa1a35a000 	C:\WINDOWS\System32\powrprof.dll
0x00007ffa1a300000 - 0x00007ffa1a310000 	C:\WINDOWS\System32\UMPDC.dll
0x00007ffa1c350000 - 0x00007ffa1c3a2000 	C:\WINDOWS\System32\shlwapi.dll
0x00007ffa1a3b0000 - 0x00007ffa1a3c1000 	C:\WINDOWS\System32\kernel.appcore.dll
0x00007ffa1a840000 - 0x00007ffa1a857000 	C:\WINDOWS\System32\cryptsp.dll
0x00007ffa123e0000 - 0x00007ffa123fa000 	C:\Program Files\Android\Android Studio\jre\jre\bin\net.dll
0x00007ffa0aac0000 - 0x00007ffa0ac95000 	C:\WINDOWS\SYSTEM32\urlmon.dll
0x00007ffa0adc0000 - 0x00007ffa0b066000 	C:\WINDOWS\SYSTEM32\iertutil.dll
0x00007ffa196c0000 - 0x00007ffa196cc000 	C:\WINDOWS\SYSTEM32\CRYPTBASE.DLL
0x00007ffa194f0000 - 0x00007ffa19557000 	C:\WINDOWS\system32\mswsock.dll
0x00007ffa0e8e0000 - 0x00007ffa0e8f3000 	C:\Program Files\Android\Android Studio\jre\jre\bin\nio.dll
0x00007ff9feb30000 - 0x00007ff9feb56000 	C:\Users\Almas\.gradle\native\30\windows-amd64\native-platform.dll
0x00007ffa161e0000 - 0x00007ffa161ed000 	C:\Program Files\Android\Android Studio\jre\jre\bin\management.dll
0x00007ffa19060000 - 0x00007ffa19093000 	C:\WINDOWS\system32\rsaenh.dll
0x00007ffa1ac10000 - 0x00007ffa1ac36000 	C:\WINDOWS\System32\bcrypt.dll
0x00007ffa1a220000 - 0x00007ffa1a245000 	C:\WINDOWS\SYSTEM32\USERENV.dll
0x00007ffa19200000 - 0x00007ffa1923a000 	C:\WINDOWS\SYSTEM32\IPHLPAPI.DLL
0x00007ffa1b4f0000 - 0x00007ffa1b4f8000 	C:\WINDOWS\System32\NSI.dll
0x00007ffa0f510000 - 0x00007ffa0f526000 	C:\WINDOWS\SYSTEM32\dhcpcsvc6.DLL
0x00007ffa0f6b0000 - 0x00007ffa0f6cc000 	C:\WINDOWS\SYSTEM32\dhcpcsvc.DLL
0x00007ffa19240000 - 0x00007ffa1930a000 	C:\WINDOWS\SYSTEM32\DNSAPI.dll
0x00007ffa19e20000 - 0x00007ffa1a014000 	C:\WINDOWS\SYSTEM32\dbghelp.dll

VM Arguments:
jvm_args: -Xmx1536m -Dfile.encoding=windows-1252 -Duser.country=US -Duser.language=en -Duser.variant 
java_command: org.gradle.launcher.daemon.bootstrap.GradleDaemon 5.6.4
java_class_path (initial): C:\Users\Almas\.gradle\wrapper\dists\gradle-5.6.4-all\ankdp27end7byghfw1q2sw75f\gradle-5.6.4\lib\gradle-launcher-5.6.4.jar
Launcher Type: SUN_STANDARD

Environment Variables:
PATH=C:\Program Files (x86)\Common Files\Oracle\Java\javapath;C:\WINDOWS\system32;C:\WINDOWS;C:\WINDOWS\System32\Wbem;C:\WINDOWS\System32\WindowsPowerShell\v1.0\;C:\WINDOWS\System32\OpenSSH\;C:\Program Files\Git\cmd;C:\Program Files\Dart\dart-sdk\bin;C:\Program Files\nodejs\;C:\Users\Almas\AppData\Local\Programs\Python\Python38-32\Scripts\;C:\Users\Almas\AppData\Local\Programs\Python\Python38-32\;C:\Users\Almas\AppData\Local\Microsoft\WindowsApps;C:\Users\Almas\AppData\Local\Programs\Microsoft VS Code\bin;C:\flutter\bin;C:\Users\Almas\AppData\Roaming\npm;
USERNAME=Almas
OS=Windows_NT
PROCESSOR_IDENTIFIER=Intel64 Family 6 Model 61 Stepping 4, GenuineIntel



---------------  S Y S T E M  ---------------

OS: Windows 10.0 , 64 bit Build 18362 (10.0.18362.329)

CPU:total 4 (initial active 4) (2 cores per cpu, 2 threads per core) family 6 model 61 stepping 4, cmov, cx8, fxsr, mmx, sse, sse2, sse3, ssse3, sse4.1, sse4.2, popcnt, avx, avx2, aes, clmul, erms, 3dnowpref, lzcnt, ht, tsc, tscinvbit, bmi1, bmi2, adx

Memory: 4k page, physical 8301924k(1468072k free), swap 13806948k(3593480k free)

vm_info: OpenJDK 64-Bit Server VM (25.212-b04) for windows-amd64 JRE (1.8.0_212-release-1586-b04), built by "builder" with MS VC++ 10.0 (VS2010)

time: Thu Jun 04 11:49:52 2020
timezone: Bangladesh Standard Time
elapsed time: 9521 seconds (0d 2h 38m 41s)

