#
# A fatal error has been detected by the Java Runtime Environment:
#
#  EXCEPTION_ACCESS_VIOLATION (0xc0000005) at pc=0x0000000005834db5, pid=11552, tid=0x0000000000002514
#
# JRE version: OpenJDK Runtime Environment (8.0_212-b04) (build 1.8.0_212-release-1586-b04)
# Java VM: OpenJDK 64-Bit Server VM (25.212-b04 mixed mode windows-amd64 compressed oops)
# Problematic frame:
# J 14202 C2 com.google.common.cache.LocalCache$Segment.get(Ljava/lang/Object;ILcom/google/common/cache/CacheLoader;)Ljava/lang/Object; (210 bytes) @ 0x0000000005834db5 [0x0000000005834d20+0x95]
#
# Failed to write core dump. Minidumps are not enabled by default on client versions of Windows
#
# If you would like to submit a bug report, please visit:
#   
#

---------------  T H R E A D  ---------------

Current thread (0x000000002a15c000):  JavaThread "Execution worker for ':' Thread 2" [_thread_in_Java, id=9492, stack(0x00000000270a0000,0x00000000271a0000)]

siginfo: ExceptionCode=0xc0000005, reading address 0x0000000024373220

Registers:
RAX=0x00000000ae4d291c, RBX=0x000000009e563701, RCX=0x0000000000000004, RDX=0x00000000a026ded0
RSP=0x000000002719e8a0, RBP=0x0000000024373218, RSI=0x00000000a025ee60, RDI=0x00000000ef9e56c0
R8 =0x00000000a43c2b38, R9 =0x0000000000000800, R10=0x0000000000000157, R11=0x00000000a43c2b48
R12=0x0000000000000000, R13=0x00000000a03cf978, R14=0x00000000ef9e5520, R15=0x000000002a15c000
RIP=0x0000000005834db5, EFLAGS=0x0000000000010206

Top of Stack: (sp=0x000000002719e8a0)
0x000000002719e8a0:   00000000a026ded0 a4cb8c15ef9e5098
0x000000002719e8b0:   0000000000000000 0000000000000000
0x000000002719e8c0:   00000000ef9e5098 00000000a026ded0
0x000000002719e8d0:   000000009e56a957 00000000ef9e5520
0x000000002719e8e0:   00000000ef9e56c0 0000000100000016
0x000000002719e8f0:   00000000a026d4c8 0000000003e49734
0x000000002719e900:   0000000200000017 000000027fffffe8
0x000000002719e910:   00000000a026d4c8 00000000058420fc
0x000000002719e920:   00000000a026d4c8 00000000a0347898
0x000000002719e930:   0000000000000000 000000a7ef9e5520
0x000000002719e940:   00000000ef9e56c0 00000000ef9e5520
0x000000002719e950:   0000000000000000 000000010000d6f8
0x000000002719e960:   00000000a0347898 0000000005333e84
0x000000002719e970:   00000000a034c418 00000000067ff1e0
0x000000002719e980:   00000000a034c408 00000000ef9e5520
0x000000002719e990:   00000000ec3bee68 00000000ef9e5670 

Instructions: (pc=0x0000000005834db5)
0x0000000005834d95:   ed 0f 8c 31 08 00 00 41 3b e9 0f 8d 94 08 00 00
0x0000000005834da5:   4c 63 d5 43 8b 6c 93 10 85 ed 0f 84 00 04 00 00
0x0000000005834db5:   44 8b 5d 08 48 be 00 00 00 00 00 00 00 00 4a 8d
0x0000000005834dc5:   34 de 4c 8b 56 18 48 b8 f8 f5 1c 00 01 00 00 00 


Register to memory mapping:

RAX=0x00000000ae4d291c is an unallocated location in the heap
RBX=0x000000009e563701 is an unknown value
RCX=0x0000000000000004 is an unknown value
RDX=0x00000000a026ded0 is an oop
com.google.common.cache.LocalCache$Segment 
 - klass: 'com/google/common/cache/LocalCache$Segment'
RSP=0x000000002719e8a0 is pointing into the stack for thread: 0x000000002a15c000
RBP=0x0000000024373218 is an unknown value
RSI=0x00000000a025ee60 is an oop
java.lang.ArrayIndexOutOfBoundsException 
 - klass: 'java/lang/ArrayIndexOutOfBoundsException'
RDI=0x00000000ef9e56c0 is an oop
com.google.common.cache.LocalCache$LocalManualCache$1 
 - klass: 'com/google/common/cache/LocalCache$LocalManualCache$1'
R8 =0x00000000a43c2b38 is an oop
java.util.concurrent.atomic.AtomicReferenceArray 
 - klass: 'java/util/concurrent/atomic/AtomicReferenceArray'
R9 =0x0000000000000800 is an unknown value
R10=0x0000000000000157 is an unknown value
R11=0x00000000a43c2b48 is an oop
[Ljava.lang.Object; 
 - klass: 'java/lang/Object'[]
 - length: 2048
R12=0x0000000000000000 is an unknown value
R13=0x00000000a03cf978 is an oop
org.gradle.api.internal.changedetection.state.GlobalScopeFileTimeStampInspector 
 - klass: 'org/gradle/api/internal/changedetection/state/GlobalScopeFileTimeStampInspector'
R14=0x00000000ef9e5520 is an oop
java.lang.String 
 - klass: 'java/lang/String'
R15=0x000000002a15c000 is a thread


Stack: [0x00000000270a0000,0x00000000271a0000],  sp=0x000000002719e8a0,  free space=1018k
Native frames: (J=compiled Java code, j=interpreted, Vv=VM code, C=native code)
C  0x0000000005834db5


---------------  P R O C E S S  ---------------

Java Threads: ( => current thread )
  0x000000002a163800 JavaThread "Cache worker for execution history cache (E:\Projects\Intro\.gradle\5.6.4\executionHistory)" [_thread_blocked, id=9608, stack(0x00000000272a0000,0x00000000273a0000)]
  0x000000002a164800 JavaThread "Execution worker for ':' Thread 3" [_thread_blocked, id=5888, stack(0x00000000271a0000,0x00000000272a0000)]
=>0x000000002a15c000 JavaThread "Execution worker for ':' Thread 2" [_thread_in_Java, id=9492, stack(0x00000000270a0000,0x00000000271a0000)]
  0x000000002a162000 JavaThread "Execution worker for ':'" [_thread_blocked, id=2900, stack(0x0000000026fa0000,0x00000000270a0000)]
  0x000000002a163000 JavaThread "Cache worker for file content cache (E:\Projects\Intro\.gradle\5.6.4\fileContent)" [_thread_blocked, id=12364, stack(0x0000000026a00000,0x0000000026b00000)]
  0x000000002a15d800 JavaThread "Cache worker for Build Output Cleanup Cache (E:\Projects\Intro\.gradle\buildOutputCleanup)" [_thread_blocked, id=5372, stack(0x0000000026700000,0x0000000026800000)]
  0x000000002a15c800 JavaThread "pool-58-thread-1" [_thread_blocked, id=8644, stack(0x0000000025f90000,0x0000000026090000)]
  0x000000002a161800 JavaThread "Build operations Thread 4" [_thread_blocked, id=2836, stack(0x00000000237e0000,0x00000000238e0000)]
  0x000000001e703000 JavaThread "Build operations Thread 3" [_thread_blocked, id=7852, stack(0x00000000224d0000,0x00000000225d0000)]
  0x000000001e701800 JavaThread "Build operations Thread 2" [_thread_blocked, id=10944, stack(0x00000000223d0000,0x00000000224d0000)]
  0x000000001e6f9000 JavaThread "Build operations" [_thread_blocked, id=8480, stack(0x0000000021240000,0x0000000021340000)]
  0x000000001e700000 JavaThread "Cache worker for cache directory md-rule (C:\Users\Almas\.gradle\caches\5.6.4\md-rule)" [_thread_blocked, id=12956, stack(0x0000000021140000,0x0000000021240000)]
  0x000000001e6f8800 JavaThread "Cache worker for cache directory md-supplier (C:\Users\Almas\.gradle\caches\5.6.4\md-supplier)" [_thread_blocked, id=8672, stack(0x0000000020470000,0x0000000020570000)]
  0x000000001e6ff000 JavaThread "Cache worker for file hash cache (E:\Projects\Intro\.gradle\5.6.4\fileHashes)" [_thread_blocked, id=8608, stack(0x000000001f320000,0x000000001f420000)]
  0x000000001e6fd800 JavaThread "Thread-669" [_thread_blocked, id=10080, stack(0x000000001ec20000,0x000000001ed20000)]
  0x000000001e6fc000 JavaThread "Stdin handler" [_thread_blocked, id=8528, stack(0x000000001c380000,0x000000001c480000)]
  0x000000001e6f4800 JavaThread "Asynchronous log dispatcher for DefaultDaemonConnection: socket connection from /127.0.0.1:54492 to /127.0.0.1:54806" [_thread_blocked, id=4184, stack(0x000000001bc80000,0x000000001bd80000)]
  0x000000001e6fb800 JavaThread "Daemon worker Thread 14" [_thread_blocked, id=6512, stack(0x000000001bb80000,0x000000001bc80000)]
  0x000000001e6f7000 JavaThread "Cancel handler" [_thread_blocked, id=10732, stack(0x00000000015b0000,0x00000000016b0000)]
  0x000000001e6f6000 JavaThread "Handler for socket connection from /127.0.0.1:54492 to /127.0.0.1:54806" [_thread_in_native, id=7352, stack(0x00000000014b0000,0x00000000015b0000)]
  0x000000001e6fa800 JavaThread "Daemon Thread 14" [_thread_blocked, id=9984, stack(0x00000000013b0000,0x00000000014b0000)]
  0x000000001ad2b800 JavaThread "Cache worker for Java compile cache (C:\Users\Almas\.gradle\caches\5.6.4\javaCompile)" [_thread_blocked, id=8252, stack(0x000000002b8b0000,0x000000002b9b0000)]
  0x000000001ad28000 JavaThread "Cache worker for file content cache (C:\Users\Almas\.gradle\caches\5.6.4\fileContent)" [_thread_blocked, id=2384, stack(0x0000000023ee0000,0x0000000023fe0000)]
  0x00000000216a9000 JavaThread "Memory manager" [_thread_blocked, id=10292, stack(0x0000000024000000,0x0000000024100000)]
  0x00000000186bb000 JavaThread "Cache worker for execution history cache (C:\Users\Almas\.gradle\caches\5.6.4\executionHistory)" [_thread_blocked, id=2544, stack(0x0000000020570000,0x0000000020670000)]
  0x00000000186be000 JavaThread "Cache worker for journal cache (C:\Users\Almas\.gradle\caches\journal-1)" [_thread_blocked, id=11816, stack(0x000000001c880000,0x000000001c980000)]
  0x00000000186bc000 JavaThread "File lock request listener" [_thread_in_native, id=11680, stack(0x000000001c780000,0x000000001c880000)]
  0x0000000019d74000 JavaThread "Cache worker for file hash cache (C:\Users\Almas\.gradle\caches\5.6.4\fileHashes)" [_thread_blocked, id=8768, stack(0x000000001c480000,0x000000001c580000)]
  0x000000001a4a2800 JavaThread "Daemon periodic checks" [_thread_blocked, id=8740, stack(0x000000001ba80000,0x000000001bb80000)]
  0x000000001a421000 JavaThread "Incoming local TCP Connector on port 54492" [_thread_in_native, id=13252, stack(0x000000001b840000,0x000000001b940000)]
  0x0000000018698800 JavaThread "Daemon health stats" [_thread_blocked, id=352, stack(0x000000001b200000,0x000000001b300000)]
  0x0000000018367000 JavaThread "Service Thread" daemon [_thread_blocked, id=6784, stack(0x0000000018860000,0x0000000018960000)]
  0x0000000016b3d800 JavaThread "C1 CompilerThread2" daemon [_thread_blocked, id=5092, stack(0x0000000018760000,0x0000000018860000)]
  0x0000000016b3b000 JavaThread "C2 CompilerThread1" daemon [_thread_blocked, id=8056, stack(0x0000000018260000,0x0000000018360000)]
  0x0000000016ae7800 JavaThread "C2 CompilerThread0" daemon [_thread_blocked, id=9148, stack(0x0000000018160000,0x0000000018260000)]
  0x0000000016ae6000 JavaThread "Attach Listener" daemon [_thread_blocked, id=5776, stack(0x0000000018060000,0x0000000018160000)]
  0x0000000016ae4800 JavaThread "Signal Dispatcher" daemon [_thread_blocked, id=8848, stack(0x0000000017f60000,0x0000000018060000)]
  0x000000000309b000 JavaThread "Finalizer" daemon [_thread_blocked, id=10328, stack(0x0000000017d60000,0x0000000017e60000)]
  0x0000000016ac9000 JavaThread "Reference Handler" daemon [_thread_blocked, id=1148, stack(0x0000000017c60000,0x0000000017d60000)]
  0x00000000030fd800 JavaThread "main" [_thread_blocked, id=9788, stack(0x00000000016b0000,0x00000000017b0000)]

Other Threads:
  0x0000000016aa6000 VMThread [stack: 0x0000000017b60000,0x0000000017c60000] [id=9728]
  0x0000000018367800 WatcherThread [stack: 0x0000000018960000,0x0000000018a60000] [id=6912]

VM state:not at safepoint (normal execution)

VM Mutex/Monitor currently owned by a thread: None

heap address: 0x00000000a0000000, size: 1536 MB, Compressed Oops mode: 32-bit
Narrow klass base: 0x0000000000000000, Narrow klass shift: 3
Compressed class space size: 1073741824 Address: 0x0000000100000000

Heap:
 PSYoungGen      total 475648K, used 278655K [0x00000000e0000000, 0x00000000ffc00000, 0x0000000100000000)
  eden space 435200K, 59% used [0x00000000e0000000,0x00000000efd89690,0x00000000fa900000)
  from space 40448K, 47% used [0x00000000fd480000,0x00000000fe716588,0x00000000ffc00000)
  to   space 42496K, 0% used [0x00000000fa900000,0x00000000fa900000,0x00000000fd280000)
 ParOldGen       total 224768K, used 135270K [0x00000000a0000000, 0x00000000adb80000, 0x00000000e0000000)
  object space 224768K, 60% used [0x00000000a0000000,0x00000000a8419be0,0x00000000adb80000)
 Metaspace       used 126667K, capacity 136018K, committed 136232K, reserved 1167360K
  class space    used 16532K, capacity 18345K, committed 18472K, reserved 1048576K

Card table byte_map: [0x0000000012530000,0x0000000012840000] byte_map_base: 0x0000000012030000

Marking Bits: (ParMarkBitMap*) 0x000000005bcb9f30
 Begin Bits: [0x0000000012e40000, 0x0000000014640000)
 End Bits:   [0x0000000014640000, 0x0000000015e40000)

Polling page: 0x00000000017b0000

CodeCache: size=245760Kb used=76746Kb max_used=76774Kb free=169014Kb
 bounds [0x0000000003170000, 0x0000000007d00000, 0x0000000012170000]
 total_blobs=22527 nmethods=21620 adapters=818
 compilation: enabled

Compilation events (10 events):
Event: 3978.197 Thread 0x0000000016ae7800 28661       4       org.gradle.api.internal.artifacts.ivyservice.resolveengine.result.StreamingResolutionResultBuilder::visitNode (44 bytes)
Event: 3978.199 Thread 0x0000000016b3d800 nmethod 28660 0x0000000007913810 code [0x0000000007913a80, 0x00000000079147e8]
Event: 3978.199 Thread 0x0000000016b3d800 28659       3       org.gradle.api.internal.attributes.AttributeDesugaring$$Lambda$23/1527110795::apply (12 bytes)
Event: 3978.200 Thread 0x0000000016b3d800 nmethod 28659 0x0000000007ca76d0 code [0x0000000007ca7840, 0x0000000007ca7ae8]
Event: 3978.273 Thread 0x0000000016b3b000 nmethod 28641 0x0000000007cb2550 code [0x0000000007cb2860, 0x0000000007cb5d90]
Event: 3978.273 Thread 0x0000000016b3b000 28663       4       org.gradle.execution.plan.LocalTaskNode::resolveDependencies (216 bytes)
Event: 3978.555 Thread 0x0000000016b3d800 28665       3       org.gradle.internal.logging.slf4j.OutputEventListenerBackedLogger::info (18 bytes)
Event: 3978.556 Thread 0x0000000016b3d800 nmethod 28665 0x0000000007cb1b50 code [0x0000000007cb1d00, 0x0000000007cb22d8]
Event: 3978.586 Thread 0x0000000016b3b000 nmethod 28663 0x0000000007cbf950 code [0x0000000007cbfe40, 0x0000000007cc3dc8]
Event: 3978.603 Thread 0x0000000016b3b000 28664 %     4       org.gradle.execution.plan.DefaultExecutionPlan::determineExecutionPlan @ 51 (590 bytes)

GC Heap History (10 events):
Event: 3517.504 GC heap before
{Heap before GC invocations=34 (full 4):
 PSYoungGen      total 477184K, used 450492K [0x00000000e0000000, 0x0000000100000000, 0x0000000100000000)
  eden space 430080K, 100% used [0x00000000e0000000,0x00000000fa400000,0x00000000fa400000)
  from space 47104K, 43% used [0x00000000fa400000,0x00000000fb7ef3d8,0x00000000fd200000)
  to   space 45568K, 0% used [0x00000000fd380000,0x00000000fd380000,0x0000000100000000)
 ParOldGen       total 224768K, used 135230K [0x00000000a0000000, 0x00000000adb80000, 0x00000000e0000000)
  object space 224768K, 60% used [0x00000000a0000000,0x00000000a840fbe0,0x00000000adb80000)
 Metaspace       used 124890K, capacity 132478K, committed 132648K, reserved 1163264K
  class space    used 16259K, capacity 17845K, committed 17960K, reserved 1048576K
Event: 3517.573 GC heap after
Heap after GC invocations=34 (full 4):
 PSYoungGen      total 474624K, used 36058K [0x00000000e0000000, 0x0000000100000000, 0x0000000100000000)
  eden space 429056K, 0% used [0x00000000e0000000,0x00000000e0000000,0x00000000fa300000)
  from space 45568K, 79% used [0x00000000fd380000,0x00000000ff6b68d0,0x0000000100000000)
  to   space 47616K, 0% used [0x00000000fa300000,0x00000000fa300000,0x00000000fd180000)
 ParOldGen       total 224768K, used 135238K [0x00000000a0000000, 0x00000000adb80000, 0x00000000e0000000)
  object space 224768K, 60% used [0x00000000a0000000,0x00000000a8411be0,0x00000000adb80000)
 Metaspace       used 124890K, capacity 132478K, committed 132648K, reserved 1163264K
  class space    used 16259K, capacity 17845K, committed 17960K, reserved 1048576K
}
Event: 3592.114 GC heap before
{Heap before GC invocations=35 (full 4):
 PSYoungGen      total 474624K, used 465114K [0x00000000e0000000, 0x0000000100000000, 0x0000000100000000)
  eden space 429056K, 100% used [0x00000000e0000000,0x00000000fa300000,0x00000000fa300000)
  from space 45568K, 79% used [0x00000000fd380000,0x00000000ff6b68d0,0x0000000100000000)
  to   space 47616K, 0% used [0x00000000fa300000,0x00000000fa300000,0x00000000fd180000)
 ParOldGen       total 224768K, used 135238K [0x00000000a0000000, 0x00000000adb80000, 0x00000000e0000000)
  object space 224768K, 60% used [0x00000000a0000000,0x00000000a8411be0,0x00000000adb80000)
 Metaspace       used 125040K, capacity 132708K, committed 132904K, reserved 1165312K
  class space    used 16266K, capacity 17858K, committed 17960K, reserved 1048576K
Event: 3592.143 GC heap after
Heap after GC invocations=35 (full 4):
 PSYoungGen      total 476672K, used 20479K [0x00000000e0000000, 0x0000000100000000, 0x0000000100000000)
  eden space 429056K, 0% used [0x00000000e0000000,0x00000000e0000000,0x00000000fa300000)
  from space 47616K, 43% used [0x00000000fa300000,0x00000000fb6ffdc0,0x00000000fd180000)
  to   space 46592K, 0% used [0x00000000fd280000,0x00000000fd280000,0x0000000100000000)
 ParOldGen       total 224768K, used 135246K [0x00000000a0000000, 0x00000000adb80000, 0x00000000e0000000)
  object space 224768K, 60% used [0x00000000a0000000,0x00000000a8413be0,0x00000000adb80000)
 Metaspace       used 125040K, capacity 132708K, committed 132904K, reserved 1165312K
  class space    used 16266K, capacity 17858K, committed 17960K, reserved 1048576K
}
Event: 3694.236 GC heap before
{Heap before GC invocations=36 (full 4):
 PSYoungGen      total 476672K, used 449535K [0x00000000e0000000, 0x0000000100000000, 0x0000000100000000)
  eden space 429056K, 100% used [0x00000000e0000000,0x00000000fa300000,0x00000000fa300000)
  from space 47616K, 43% used [0x00000000fa300000,0x00000000fb6ffdc0,0x00000000fd180000)
  to   space 46592K, 0% used [0x00000000fd280000,0x00000000fd280000,0x0000000100000000)
 ParOldGen       total 224768K, used 135246K [0x00000000a0000000, 0x00000000adb80000, 0x00000000e0000000)
  object space 224768K, 60% used [0x00000000a0000000,0x00000000a8413be0,0x00000000adb80000)
 Metaspace       used 125952K, capacity 134680K, committed 134952K, reserved 1165312K
  class space    used 16439K, capacity 18176K, committed 18216K, reserved 1048576K
Event: 3694.336 GC heap after
Heap after GC invocations=36 (full 4):
 PSYoungGen      total 471552K, used 23748K [0x00000000e0000000, 0x00000000ffb00000, 0x0000000100000000)
  eden space 430080K, 0% used [0x00000000e0000000,0x00000000e0000000,0x00000000fa400000)
  from space 41472K, 57% used [0x00000000fd280000,0x00000000fe9b12c8,0x00000000ffb00000)
  to   space 44544K, 0% used [0x00000000fa400000,0x00000000fa400000,0x00000000fcf80000)
 ParOldGen       total 224768K, used 135254K [0x00000000a0000000, 0x00000000adb80000, 0x00000000e0000000)
  object space 224768K, 60% used [0x00000000a0000000,0x00000000a8415be0,0x00000000adb80000)
 Metaspace       used 125952K, capacity 134680K, committed 134952K, reserved 1165312K
  class space    used 16439K, capacity 18176K, committed 18216K, reserved 1048576K
}
Event: 3741.602 GC heap before
{Heap before GC invocations=37 (full 4):
 PSYoungGen      total 471552K, used 453828K [0x00000000e0000000, 0x00000000ffb00000, 0x0000000100000000)
  eden space 430080K, 100% used [0x00000000e0000000,0x00000000fa400000,0x00000000fa400000)
  from space 41472K, 57% used [0x00000000fd280000,0x00000000fe9b12c8,0x00000000ffb00000)
  to   space 44544K, 0% used [0x00000000fa400000,0x00000000fa400000,0x00000000fcf80000)
 ParOldGen       total 224768K, used 135254K [0x00000000a0000000, 0x00000000adb80000, 0x00000000e0000000)
  object space 224768K, 60% used [0x00000000a0000000,0x00000000a8415be0,0x00000000adb80000)
 Metaspace       used 126291K, capacity 135404K, committed 135592K, reserved 1167360K
  class space    used 16498K, capacity 18286K, committed 18344K, reserved 1048576K
Event: 3741.634 GC heap after
Heap after GC invocations=37 (full 4):
 PSYoungGen      total 474624K, used 26964K [0x00000000e0000000, 0x00000000fff00000, 0x0000000100000000)
  eden space 430080K, 0% used [0x00000000e0000000,0x00000000e0000000,0x00000000fa400000)
  from space 44544K, 60% used [0x00000000fa400000,0x00000000fbe55318,0x00000000fcf80000)
  to   space 43520K, 0% used [0x00000000fd480000,0x00000000fd480000,0x00000000fff00000)
 ParOldGen       total 224768K, used 135262K [0x00000000a0000000, 0x00000000adb80000, 0x00000000e0000000)
  object space 224768K, 60% used [0x00000000a0000000,0x00000000a8417be0,0x00000000adb80000)
 Metaspace       used 126291K, capacity 135404K, committed 135592K, reserved 1167360K
  class space    used 16498K, capacity 18286K, committed 18344K, reserved 1048576K
}
Event: 3849.063 GC heap before
{Heap before GC invocations=38 (full 4):
 PSYoungGen      total 474624K, used 457044K [0x00000000e0000000, 0x00000000fff00000, 0x0000000100000000)
  eden space 430080K, 100% used [0x00000000e0000000,0x00000000fa400000,0x00000000fa400000)
  from space 44544K, 60% used [0x00000000fa400000,0x00000000fbe55318,0x00000000fcf80000)
  to   space 43520K, 0% used [0x00000000fd480000,0x00000000fd480000,0x00000000fff00000)
 ParOldGen       total 224768K, used 135262K [0x00000000a0000000, 0x00000000adb80000, 0x00000000e0000000)
  object space 224768K, 60% used [0x00000000a0000000,0x00000000a8417be0,0x00000000adb80000)
 Metaspace       used 126604K, capacity 135886K, committed 136232K, reserved 1167360K
  class space    used 16532K, capacity 18345K, committed 18472K, reserved 1048576K
Event: 3849.100 GC heap after
Heap after GC invocations=38 (full 4):
 PSYoungGen      total 475648K, used 19033K [0x00000000e0000000, 0x00000000ffc00000, 0x0000000100000000)
  eden space 435200K, 0% used [0x00000000e0000000,0x00000000e0000000,0x00000000fa900000)
  from space 40448K, 47% used [0x00000000fd480000,0x00000000fe716588,0x00000000ffc00000)
  to   space 42496K, 0% used [0x00000000fa900000,0x00000000fa900000,0x00000000fd280000)
 ParOldGen       total 224768K, used 135270K [0x00000000a0000000, 0x00000000adb80000, 0x00000000e0000000)
  object space 224768K, 60% used [0x00000000a0000000,0x00000000a8419be0,0x00000000adb80000)
 Metaspace       used 126604K, capacity 135886K, committed 136232K, reserved 1167360K
  class space    used 16532K, capacity 18345K, committed 18472K, reserved 1048576K
}

Deoptimization events (10 events):
Event: 3766.355 Thread 0x000000001e6f7000 Uncommon trap: reason=unstable_if action=reinterpret pc=0x0000000005341680 method=org.gradle.internal.service.DefaultServiceRegistry$ManagedObjectServiceProvider.getInstance()Ljava/lang/Object; @ 19
Event: 3766.592 Thread 0x000000001e6f8800 Uncommon trap: reason=unstable_if action=reinterpret pc=0x000000000664ac80 method=java.util.concurrent.locks.AbstractQueuedSynchronizer.hasQueuedPredecessors()Z @ 21
Event: 3766.592 Thread 0x00000000186be000 Uncommon trap: reason=unstable_if action=reinterpret pc=0x0000000007425784 method=java.util.concurrent.locks.AbstractQueuedSynchronizer.hasQueuedPredecessors()Z @ 21
Event: 3792.314 Thread 0x000000002a15e800 Uncommon trap: reason=unstable_if action=reinterpret pc=0x0000000004d124f0 method=com.sun.org.apache.xerces.internal.impl.XMLEntityScanner.scanContent(Lcom/sun/org/apache/xerces/internal/xni/XMLString;)I @ 670
Event: 3799.882 Thread 0x000000002a169000 Uncommon trap: reason=unstable_if action=reinterpret pc=0x0000000006f7fb28 method=java.util.concurrent.locks.AbstractQueuedSynchronizer$ConditionObject.awaitNanos(J)J @ 115
Event: 3848.057 Thread 0x000000002a15f000 Uncommon trap: reason=class_check action=maybe_recompile pc=0x0000000003a849f0 method=java.util.Collections$UnmodifiableMap$UnmodifiableEntrySet$UnmodifiableEntry.<init>(Ljava/util/Map$Entry;)V @ 9
Event: 3848.057 Thread 0x000000002a15f000 Uncommon trap: reason=class_check action=maybe_recompile pc=0x0000000003a849f0 method=java.util.Collections$UnmodifiableMap$UnmodifiableEntrySet$UnmodifiableEntry.<init>(Ljava/util/Map$Entry;)V @ 9
Event: 3848.057 Thread 0x000000002a15f000 Uncommon trap: reason=class_check action=maybe_recompile pc=0x0000000003a849f0 method=java.util.Collections$UnmodifiableMap$UnmodifiableEntrySet$UnmodifiableEntry.<init>(Ljava/util/Map$Entry;)V @ 9
Event: 3848.057 Thread 0x000000002a15f000 Uncommon trap: reason=class_check action=maybe_recompile pc=0x0000000003a849f0 method=java.util.Collections$UnmodifiableMap$UnmodifiableEntrySet$UnmodifiableEntry.<init>(Ljava/util/Map$Entry;)V @ 9
Event: 3859.108 Thread 0x000000001e6f8800 Uncommon trap: reason=unstable_if action=reinterpret pc=0x0000000004742770 method=java.math.MutableBigInteger.leftShift(I)V @ 4

Classes redefined (0 events):
No events

Internal exceptions (10 events):
Event: 3798.562 Thread 0x000000002a164800 Exception <a 'sun/nio/fs/WindowsException'> (0x00000000f4090760) thrown at [D:\src\AOSP-openjdk-cygwin\jdk8u\hotspot\src\share\vm\prims\jni.cpp, line 710]
Event: 3798.562 Thread 0x000000002a164800 Exception <a 'sun/nio/fs/WindowsException'> (0x00000000f4090c08) thrown at [D:\src\AOSP-openjdk-cygwin\jdk8u\hotspot\src\share\vm\prims\jni.cpp, line 710]
Event: 3799.102 Thread 0x000000002a163800 Exception <a 'java/io/FileNotFoundException'> (0x00000000f73645c0) thrown at [D:\src\AOSP-openjdk-cygwin\jdk8u\hotspot\src\share\vm\prims\jni.cpp, line 710]
Event: 3799.882 Thread 0x000000002a15f000 Exception <a 'sun/nio/fs/WindowsException'> (0x00000000f79d8ec8) thrown at [D:\src\AOSP-openjdk-cygwin\jdk8u\hotspot\src\share\vm\prims\jni.cpp, line 710]
Event: 3848.157 Thread 0x000000002a15f000 Exception <a 'sun/nio/fs/WindowsException'> (0x00000000f86963c0) thrown at [D:\src\AOSP-openjdk-cygwin\jdk8u\hotspot\src\share\vm\prims\jni.cpp, line 710]
Event: 3858.294 Thread 0x000000001e6fb800 Exception <a 'sun/nio/fs/WindowsException'> (0x00000000e962de40) thrown at [D:\src\AOSP-openjdk-cygwin\jdk8u\hotspot\src\share\vm\prims\jni.cpp, line 710]
Event: 3858.294 Thread 0x000000001e6fb800 Exception <a 'sun/nio/fs/WindowsException'> (0x00000000e962e2e8) thrown at [D:\src\AOSP-openjdk-cygwin\jdk8u\hotspot\src\share\vm\prims\jni.cpp, line 710]
Event: 3858.792 Thread 0x000000001e6f4800 Exception <a 'java/io/FileNotFoundException'> (0x00000000eb8a2178) thrown at [D:\src\AOSP-openjdk-cygwin\jdk8u\hotspot\src\share\vm\prims\jni.cpp, line 710]
Event: 3859.617 Thread 0x000000002a15f000 Exception <a 'sun/nio/fs/WindowsException'> (0x00000000ebf20678) thrown at [D:\src\AOSP-openjdk-cygwin\jdk8u\hotspot\src\share\vm\prims\jni.cpp, line 710]
Event: 3977.920 Thread 0x000000001e6fb800 Exception <a 'sun/nio/fs/WindowsException'> (0x00000000ece86930) thrown at [D:\src\AOSP-openjdk-cygwin\jdk8u\hotspot\src\share\vm\prims\jni.cpp, line 710]

Events (10 events):
Event: 3978.291 Thread 0x000000002a15c000 Thread added: 0x000000002a15c000
Event: 3978.291 Thread 0x000000002a164800 Thread added: 0x000000002a164800
Event: 3978.310 Executing VM operation: RevokeBias
Event: 3978.365 Executing VM operation: RevokeBias done
Event: 3978.382 Executing VM operation: RevokeBias
Event: 3978.384 Executing VM operation: RevokeBias done
Event: 3978.397 Executing VM operation: RevokeBias
Event: 3978.398 Executing VM operation: RevokeBias done
Event: 3978.587 Thread 0x0000000016b3b000 flushing nmethod 0x00000000035f4e90
Event: 3978.843 Thread 0x000000002a163800 Thread added: 0x000000002a163800


Dynamic libraries:
0x00007ff6a83e0000 - 0x00007ff6a8411000 	C:\Program Files\Android\Android Studio\jre\bin\java.exe
0x00007ffe82220000 - 0x00007ffe82410000 	C:\WINDOWS\SYSTEM32\ntdll.dll
0x00007ffe802d0000 - 0x00007ffe80382000 	C:\WINDOWS\System32\KERNEL32.DLL
0x00007ffe7f630000 - 0x00007ffe7f8d3000 	C:\WINDOWS\System32\KERNELBASE.dll
0x00007ffe81590000 - 0x00007ffe81633000 	C:\WINDOWS\System32\ADVAPI32.dll
0x00007ffe81220000 - 0x00007ffe812be000 	C:\WINDOWS\System32\msvcrt.dll
0x00007ffe814f0000 - 0x00007ffe81587000 	C:\WINDOWS\System32\sechost.dll
0x00007ffe813d0000 - 0x00007ffe814f0000 	C:\WINDOWS\System32\RPCRT4.dll
0x00007ffe80c40000 - 0x00007ffe80dd4000 	C:\WINDOWS\System32\USER32.dll
0x00007ffe7f480000 - 0x00007ffe7f4a1000 	C:\WINDOWS\System32\win32u.dll
0x00007ffe811d0000 - 0x00007ffe811f6000 	C:\WINDOWS\System32\GDI32.dll
0x00007ffe7f230000 - 0x00007ffe7f3c4000 	C:\WINDOWS\System32\gdi32full.dll
0x00007ffe800e0000 - 0x00007ffe8017e000 	C:\WINDOWS\System32\msvcp_win.dll
0x00007ffe7f4b0000 - 0x00007ffe7f5aa000 	C:\WINDOWS\System32\ucrtbase.dll
0x00007ffe73610000 - 0x00007ffe73895000 	C:\WINDOWS\WinSxS\amd64_microsoft.windows.common-controls_6595b64144ccf1df_6.0.18362.720_none_e6beb5c51314836b\COMCTL32.dll
0x00007ffe80e90000 - 0x00007ffe811c6000 	C:\WINDOWS\System32\combase.dll
0x00007ffe80060000 - 0x00007ffe800e0000 	C:\WINDOWS\System32\bcryptPrimitives.dll
0x00007ffe81f80000 - 0x00007ffe81fae000 	C:\WINDOWS\System32\IMM32.DLL
0x000000005b330000 - 0x000000005b402000 	C:\Program Files\Android\Android Studio\jre\jre\bin\msvcr100.dll
0x000000005b4f0000 - 0x000000005bd36000 	C:\Program Files\Android\Android Studio\jre\jre\bin\server\jvm.dll
0x00007ffe81f70000 - 0x00007ffe81f78000 	C:\WINDOWS\System32\PSAPI.DLL
0x00007ffe7a8c0000 - 0x00007ffe7a8c9000 	C:\WINDOWS\SYSTEM32\WSOCK32.dll
0x00007ffe80760000 - 0x00007ffe807cf000 	C:\WINDOWS\System32\WS2_32.dll
0x00007ffe7bda0000 - 0x00007ffe7bdc4000 	C:\WINDOWS\SYSTEM32\WINMM.dll
0x00007ffe738b0000 - 0x00007ffe738ba000 	C:\WINDOWS\SYSTEM32\VERSION.dll
0x00007ffe7bd70000 - 0x00007ffe7bd9d000 	C:\WINDOWS\SYSTEM32\winmmbase.dll
0x00007ffe7f5b0000 - 0x00007ffe7f5fa000 	C:\WINDOWS\System32\cfgmgr32.dll
0x00007ffe7a8b0000 - 0x00007ffe7a8bf000 	C:\Program Files\Android\Android Studio\jre\jre\bin\verify.dll
0x00007ffe774e0000 - 0x00007ffe77509000 	C:\Program Files\Android\Android Studio\jre\jre\bin\java.dll
0x00007ffe740c0000 - 0x00007ffe740d6000 	C:\Program Files\Android\Android Studio\jre\jre\bin\zip.dll
0x00007ffe81870000 - 0x00007ffe81f55000 	C:\WINDOWS\System32\SHELL32.dll
0x00007ffe81320000 - 0x00007ffe813c9000 	C:\WINDOWS\System32\shcore.dll
0x00007ffe7f8e0000 - 0x00007ffe80060000 	C:\WINDOWS\System32\windows.storage.dll
0x00007ffe7f180000 - 0x00007ffe7f1a3000 	C:\WINDOWS\System32\profapi.dll
0x00007ffe7f110000 - 0x00007ffe7f15a000 	C:\WINDOWS\System32\powrprof.dll
0x00007ffe7f0e0000 - 0x00007ffe7f0f0000 	C:\WINDOWS\System32\UMPDC.dll
0x00007ffe804e0000 - 0x00007ffe80532000 	C:\WINDOWS\System32\shlwapi.dll
0x00007ffe7f0f0000 - 0x00007ffe7f101000 	C:\WINDOWS\System32\kernel.appcore.dll
0x00007ffe7f210000 - 0x00007ffe7f227000 	C:\WINDOWS\System32\cryptsp.dll
0x00007ffe740a0000 - 0x00007ffe740ba000 	C:\Program Files\Android\Android Studio\jre\jre\bin\net.dll
0x00007ffe728f0000 - 0x00007ffe72ac5000 	C:\WINDOWS\SYSTEM32\urlmon.dll
0x00007ffe70470000 - 0x00007ffe70716000 	C:\WINDOWS\SYSTEM32\iertutil.dll
0x00007ffe7eb20000 - 0x00007ffe7eb2c000 	C:\WINDOWS\SYSTEM32\CRYPTBASE.DLL
0x00007ffe7e950000 - 0x00007ffe7e9b7000 	C:\WINDOWS\system32\mswsock.dll
0x00007ffe71e10000 - 0x00007ffe71e23000 	C:\Program Files\Android\Android Studio\jre\jre\bin\nio.dll
0x00007ffe77630000 - 0x00007ffe77656000 	C:\Users\Almas\.gradle\native\30\windows-amd64\native-platform.dll
0x00007ffe78f60000 - 0x00007ffe78f6d000 	C:\Program Files\Android\Android Studio\jre\jre\bin\management.dll
0x00007ffe7e4c0000 - 0x00007ffe7e4f3000 	C:\WINDOWS\system32\rsaenh.dll
0x00007ffe7f600000 - 0x00007ffe7f626000 	C:\WINDOWS\System32\bcrypt.dll
0x00007ffe7f000000 - 0x00007ffe7f025000 	C:\WINDOWS\SYSTEM32\USERENV.dll
0x00007ffe7e660000 - 0x00007ffe7e69a000 	C:\WINDOWS\SYSTEM32\IPHLPAPI.DLL
0x00007ffe81f60000 - 0x00007ffe81f68000 	C:\WINDOWS\System32\NSI.dll
0x00007ffe74f30000 - 0x00007ffe74f46000 	C:\WINDOWS\SYSTEM32\dhcpcsvc6.DLL
0x00007ffe75fd0000 - 0x00007ffe75fec000 	C:\WINDOWS\SYSTEM32\dhcpcsvc.DLL
0x00007ffe7e6a0000 - 0x00007ffe7e76a000 	C:\WINDOWS\SYSTEM32\DNSAPI.dll
0x00007ffe5d7a0000 - 0x00007ffe5d7c4000 	C:\Program Files\Android\Android Studio\jre\jre\bin\sunec.dll
0x00007ffe73c40000 - 0x00007ffe73c4a000 	C:\Windows\System32\rasadhlp.dll
0x00007ffe6e1c0000 - 0x00007ffe6e3b4000 	C:\WINDOWS\SYSTEM32\dbghelp.dll

VM Arguments:
jvm_args: -Xmx1536m -Dfile.encoding=windows-1252 -Duser.country=US -Duser.language=en -Duser.variant 
java_command: org.gradle.launcher.daemon.bootstrap.GradleDaemon 5.6.4
java_class_path (initial): C:\Users\Almas\.gradle\wrapper\dists\gradle-5.6.4-all\ankdp27end7byghfw1q2sw75f\gradle-5.6.4\lib\gradle-launcher-5.6.4.jar
Launcher Type: SUN_STANDARD

Environment Variables:
PATH=C:\Program Files (x86)\Common Files\Oracle\Java\javapath;C:\WINDOWS\system32;C:\WINDOWS;C:\WINDOWS\System32\Wbem;C:\WINDOWS\System32\WindowsPowerShell\v1.0\;C:\WINDOWS\System32\OpenSSH\;C:\Program Files\Git\cmd;C:\Program Files\Dart\dart-sdk\bin;C:\Program Files\nodejs\;C:\Users\Almas\AppData\Local\Programs\Python\Python38-32\Scripts\;C:\Users\Almas\AppData\Local\Programs\Python\Python38-32\;C:\Users\Almas\AppData\Local\Microsoft\WindowsApps;C:\Users\Almas\AppData\Local\Programs\Microsoft VS Code\bin;C:\flutter\bin;C:\Users\Almas\AppData\Roaming\npm;
USERNAME=Almas
OS=Windows_NT
PROCESSOR_IDENTIFIER=Intel64 Family 6 Model 61 Stepping 4, GenuineIntel



---------------  S Y S T E M  ---------------

OS: Windows 10.0 , 64 bit Build 18362 (10.0.18362.329)

CPU:total 4 (initial active 4) (2 cores per cpu, 2 threads per core) family 6 model 61 stepping 4, cmov, cx8, fxsr, mmx, sse, sse2, sse3, ssse3, sse4.1, sse4.2, popcnt, avx, avx2, aes, clmul, erms, 3dnowpref, lzcnt, ht, tsc, tscinvbit, bmi1, bmi2, adx

Memory: 4k page, physical 8301928k(1290560k free), swap 15507500k(4818388k free)

vm_info: OpenJDK 64-Bit Server VM (25.212-b04) for windows-amd64 JRE (1.8.0_212-release-1586-b04), built by "builder" with MS VC++ 10.0 (VS2010)

time: Tue Apr 21 20:37:50 2020
timezone: Bangladesh Standard Time
elapsed time: 3979 seconds (0d 1h 6m 19s)

