#
# A fatal error has been detected by the Java Runtime Environment:
#
#  EXCEPTION_ACCESS_VIOLATION (0xc0000005) at pc=0x0000000005426e7a, pid=6300, tid=0x00000000000021f4
#
# JRE version: OpenJDK Runtime Environment (8.0_212-b04) (build 1.8.0_212-release-1586-b04)
# Java VM: OpenJDK 64-Bit Server VM (25.212-b04 mixed mode windows-amd64 compressed oops)
# Problematic frame:
# J 14749 C2 com.android.tools.r8.ir.optimize.I.a(Lcom/android/tools/r8/u/b/d0;)Z (282 bytes) @ 0x0000000005426e7a [0x0000000005426240+0xc3a]
#
# Failed to write core dump. Minidumps are not enabled by default on client versions of Windows
#
# If you would like to submit a bug report, please visit:
#   
#

---------------  T H R E A D  ---------------

Current thread (0x00000000191ef800):  JavaThread "Execution worker for ':'" [_thread_in_Java, id=8692, stack(0x0000000023d80000,0x0000000023e80000)]

siginfo: ExceptionCode=0xc0000005, reading address 0x000000006a04b798

Registers:
RAX=0x0000000000000000, RBX=0x0000000029196d48, RCX=0x000000006a04b768, RDX=0x00000000e95db080
RSP=0x0000000023e7a760, RBP=0x00000000201704f7, RSI=0x00000000e95db8f8, RDI=0x00000001000b11d0
R8 =0x000000000000002f, R9 =0x00000000ea7e59a8, R10=0x0000000000000005, R11=0x000000006a04b768
R12=0x0000000000000000, R13=0x0000000011950000, R14=0x00000000e95adc98, R15=0x00000000191ef800
RIP=0x0000000005426e7a, EFLAGS=0x0000000000010246

Top of Stack: (sp=0x0000000023e7a760)
0x0000000023e7a760:   00000001000b0df8 00000000e95db8f8
0x0000000023e7a770:   000000010004ffe8 000000010004fa28
0x0000000023e7a780:   00000001000b11d0 00000000e95db8f8
0x0000000023e7a790:   0000000000000076 00000000e95db080
0x0000000023e7a7a0:   00000000eabb7500 00000000e9f1e6a0
0x0000000023e7a7b0:   00000000e9f1e6a0 00000000ffffffff
0x0000000023e7a7c0:   0000000000000008 00000000eabb7338
0x0000000023e7a7d0:   00000000e9f1caf8 0000000000000202
0x0000000023e7a7e0:   0000000023e7b778 00000000055a098c
0x0000000023e7a7f0:   0000000023e7b778 000000000444a104
0x0000000023e7a800:   000000010005c958 0000000120005a53
0x0000000023e7a810:   00000000e10ba830 000000004e800000
0x0000000023e7a820:   00000000e9f1e6a0 0000000005563150
0x0000000023e7a830:   000000002015db3e 00000000e95f6c68
0x0000000023e7a840:   00000000e9f0a3d8 00000000eab87580
0x0000000023e7a850:   0000000011950000 00000000e9d59d58 

Instructions: (pc=0x0000000005426e7a)
0x0000000005426e5a:   24 3c e9 9f 00 00 00 4c 8b 5c 24 38 41 8b 6b 08
0x0000000005426e6a:   81 fd 60 04 17 20 0f 85 4a 18 00 00 41 8b 4b 34
0x0000000005426e7a:   8b 69 30 8b 5d 08 81 fb 33 2e 00 20 0f 85 d9 26
0x0000000005426e8a:   00 00 4c 8b dd 45 8b 5b 10 48 8b d1 45 85 db 0f 


Register to memory mapping:

RAX=0x0000000000000000 is an unknown value
RBX={method} {0x0000000029196d50} 'F' '()Z' in 'com/android/tools/r8/u/b/g1'
RCX=0x000000006a04b768 is an unknown value
RDX=0x00000000e95db080 is an oop
com.android.tools.r8.u.b.M0 
 - klass: 'com/android/tools/r8/u/b/M0'
RSP=0x0000000023e7a760 is pointing into the stack for thread: 0x00000000191ef800
RBP=0x00000000201704f7 is pointing into metadata
RSI=0x00000000e95db8f8 is an oop
com.android.tools.r8.u.b.D 
 - klass: 'com/android/tools/r8/u/b/D'
RDI=0x00000001000b11d0 is pointing into metadata
R8 =0x000000000000002f is an unknown value
R9 =0x00000000ea7e59a8 is an oop
[I 
 - klass: {type array int}
 - length: 48
R10=0x0000000000000005 is an unknown value
R11=0x000000006a04b768 is an unknown value
R12=0x0000000000000000 is an unknown value
R13=0x0000000011950000 is an unknown value
R14=0x00000000e95adc98 is an oop
com.android.tools.r8.u.b.W 
 - klass: 'com/android/tools/r8/u/b/W'
R15=0x00000000191ef800 is a thread


Stack: [0x0000000023d80000,0x0000000023e80000],  sp=0x0000000023e7a760,  free space=1001k
Native frames: (J=compiled Java code, j=interpreted, Vv=VM code, C=native code)
C  0x0000000005426e7a


---------------  P R O C E S S  ---------------

Java Threads: ( => current thread )
  0x0000000017eb6800 JavaThread "WorkerExecutor Queue Thread 5" [_thread_blocked, id=5068, stack(0x00000000253d0000,0x00000000254d0000)]
  0x0000000017eb3800 JavaThread "Cache worker for Java compile cache (E:\Projects\Intro\.gradle\5.6.4\javaCompile)" [_thread_blocked, id=7796, stack(0x000000001bb90000,0x000000001bc90000)]
  0x0000000017eb4000 JavaThread "Cache worker for Java compile cache (C:\Users\Almas\.gradle\caches\5.6.4\javaCompile)" [_thread_blocked, id=6924, stack(0x0000000000e90000,0x0000000000f90000)]
  0x0000000017eb5800 JavaThread "stdout" [_thread_in_native, id=7048, stack(0x00000000265a0000,0x00000000266a0000)]
  0x000000001a3c0000 JavaThread "stderr" [_thread_in_native, id=10724, stack(0x00000000264a0000,0x00000000265a0000)]
  0x000000001a3be800 JavaThread "stdout" [_thread_in_native, id=9276, stack(0x00000000263a0000,0x00000000264a0000)]
  0x000000001a3c5800 JavaThread "stderr" [_thread_in_native, id=3904, stack(0x00000000262a0000,0x00000000263a0000)]
  0x000000001a3c4800 JavaThread "stdout" [_thread_in_native, id=5960, stack(0x0000000026010000,0x0000000026110000)]
  0x000000001a3c4000 JavaThread "stderr" [_thread_in_native, id=7800, stack(0x0000000025f10000,0x0000000026010000)]
  0x000000001a3c3000 JavaThread "stdout" [_thread_in_native, id=7096, stack(0x0000000025e10000,0x0000000025f10000)]
  0x000000001a3c2800 JavaThread "stderr" [_thread_in_native, id=5488, stack(0x0000000025d10000,0x0000000025e10000)]
  0x000000001a3c1800 JavaThread "pool-2-thread-1" [_thread_blocked, id=9252, stack(0x0000000025a90000,0x0000000025b90000)]
  0x00000000191ef000 JavaThread "WorkerExecutor Queue Thread 2" [_thread_blocked, id=4168, stack(0x0000000024080000,0x0000000024180000)]
  0x00000000191ea800 JavaThread "Cache worker for execution history cache (E:\Projects\Intro\.gradle\5.6.4\executionHistory)" [_thread_blocked, id=6004, stack(0x0000000023c50000,0x0000000023d50000)]
  0x00000000191ec000 JavaThread "Execution worker for ':' Thread 3" [_thread_in_vm, id=8660, stack(0x0000000023f80000,0x0000000024080000)]
  0x00000000191f0800 JavaThread "Execution worker for ':' Thread 2" [_thread_blocked, id=6032, stack(0x0000000023e80000,0x0000000023f80000)]
=>0x00000000191ef800 JavaThread "Execution worker for ':'" [_thread_in_Java, id=8692, stack(0x0000000023d80000,0x0000000023e80000)]
  0x00000000191e3000 JavaThread "Cache worker for file content cache (E:\Projects\Intro\.gradle\5.6.4\fileContent)" [_thread_blocked, id=5276, stack(0x00000000221c0000,0x00000000222c0000)]
  0x00000000191e9800 JavaThread "Cache worker for file content cache (C:\Users\Almas\.gradle\caches\5.6.4\fileContent)" [_thread_blocked, id=9992, stack(0x00000000220c0000,0x00000000221c0000)]
  0x00000000191e2000 JavaThread "Memory manager" [_thread_blocked, id=5628, stack(0x0000000021fc0000,0x00000000220c0000)]
  0x00000000191e1800 JavaThread "Cache worker for Build Output Cleanup Cache (E:\Projects\Intro\.gradle\buildOutputCleanup)" [_thread_blocked, id=9748, stack(0x00000000213c0000,0x00000000214c0000)]
  0x00000000191e8000 JavaThread "pool-1-thread-1" [_thread_blocked, id=9016, stack(0x0000000020c50000,0x0000000020d50000)]
  0x00000000191e6000 JavaThread "Build operations Thread 4" [_thread_blocked, id=8700, stack(0x0000000020b50000,0x0000000020c50000)]
  0x00000000191e7800 JavaThread "Build operations Thread 3" [_thread_blocked, id=1028, stack(0x0000000020a50000,0x0000000020b50000)]
  0x00000000191e5000 JavaThread "Build operations Thread 2" [_thread_blocked, id=10980, stack(0x0000000020950000,0x0000000020a50000)]
  0x00000000191e4800 JavaThread "Build operations" [_thread_blocked, id=9536, stack(0x0000000020850000,0x0000000020950000)]
  0x00000000191e3800 JavaThread "Cache worker for execution history cache (C:\Users\Almas\.gradle\caches\5.6.4\executionHistory)" [_thread_blocked, id=11116, stack(0x0000000020550000,0x0000000020650000)]
  0x00000000196fa800 JavaThread "Cache worker for cache directory md-rule (C:\Users\Almas\.gradle\caches\5.6.4\md-rule)" [_thread_blocked, id=7772, stack(0x000000001eda0000,0x000000001eea0000)]
  0x00000000196f9800 JavaThread "Cache worker for cache directory md-supplier (C:\Users\Almas\.gradle\caches\5.6.4\md-supplier)" [_thread_blocked, id=1944, stack(0x000000001eb30000,0x000000001ec30000)]
  0x00000000196f7800 JavaThread "Cache worker for file hash cache (E:\Projects\Intro\.gradle\5.6.4\fileHashes)" [_thread_blocked, id=9960, stack(0x000000001eca0000,0x000000001eda0000)]
  0x00000000196f6800 JavaThread "Cache worker for journal cache (C:\Users\Almas\.gradle\caches\journal-1)" [_thread_blocked, id=4968, stack(0x000000001c190000,0x000000001c290000)]
  0x00000000196fd800 JavaThread "File lock request listener" [_thread_in_native, id=11080, stack(0x000000001c090000,0x000000001c190000)]
  0x00000000196fb800 JavaThread "Cache worker for file hash cache (C:\Users\Almas\.gradle\caches\5.6.4\fileHashes)" [_thread_blocked, id=8172, stack(0x000000001bd90000,0x000000001be90000)]
  0x0000000019d88800 JavaThread "Thread-9" [_thread_blocked, id=6844, stack(0x000000001bc90000,0x000000001bd90000)]
  0x0000000019d49000 JavaThread "Asynchronous log dispatcher for DefaultDaemonConnection: socket connection from /127.0.0.1:56305 to /127.0.0.1:56306" [_thread_blocked, id=4200, stack(0x000000001ba90000,0x000000001bb90000)]
  0x0000000019d48000 JavaThread "Daemon worker" [_thread_blocked, id=232, stack(0x000000001b990000,0x000000001ba90000)]
  0x0000000019d42000 JavaThread "Cancel handler" [_thread_blocked, id=3168, stack(0x000000001b890000,0x000000001b990000)]
  0x0000000019d1d000 JavaThread "Handler for socket connection from /127.0.0.1:56305 to /127.0.0.1:56306" [_thread_in_native, id=228, stack(0x000000001b590000,0x000000001b690000)]
  0x0000000019d14800 JavaThread "Daemon" [_thread_blocked, id=224, stack(0x000000001b490000,0x000000001b590000)]
  0x0000000019cab000 JavaThread "Daemon periodic checks" [_thread_blocked, id=7924, stack(0x000000001b390000,0x000000001b490000)]
  0x0000000019ca9800 JavaThread "Incoming local TCP Connector on port 56305" [_thread_in_native, id=2648, stack(0x000000001b150000,0x000000001b250000)]
  0x0000000018005000 JavaThread "Daemon health stats" [_thread_blocked, id=8228, stack(0x000000001ab10000,0x000000001ac10000)]
  0x0000000017d88800 JavaThread "Service Thread" daemon [_thread_blocked, id=10648, stack(0x0000000018170000,0x0000000018270000)]
  0x00000000163ff000 JavaThread "C1 CompilerThread2" daemon [_thread_blocked, id=2400, stack(0x0000000017c70000,0x0000000017d70000)]
  0x00000000163fb800 JavaThread "C2 CompilerThread1" daemon [_thread_blocked, id=10364, stack(0x0000000017b70000,0x0000000017c70000)]
  0x0000000016407800 JavaThread "C2 CompilerThread0" daemon [_thread_blocked, id=8480, stack(0x0000000017a70000,0x0000000017b70000)]
  0x0000000016406000 JavaThread "Attach Listener" daemon [_thread_blocked, id=10512, stack(0x0000000017970000,0x0000000017a70000)]
  0x0000000016404800 JavaThread "Signal Dispatcher" daemon [_thread_blocked, id=11052, stack(0x0000000017870000,0x0000000017970000)]
  0x0000000002a8b000 JavaThread "Finalizer" daemon [_thread_blocked, id=10464, stack(0x0000000017670000,0x0000000017770000)]
  0x00000000163e9000 JavaThread "Reference Handler" daemon [_thread_blocked, id=988, stack(0x0000000017570000,0x0000000017670000)]
  0x000000000298d800 JavaThread "main" [_thread_blocked, id=9956, stack(0x0000000002790000,0x0000000002890000)]

Other Threads:
  0x00000000163c6000 VMThread [stack: 0x0000000017470000,0x0000000017570000] [id=2704]
  0x000000001640c000 WatcherThread [stack: 0x0000000018270000,0x0000000018370000] [id=2576]

VM state:synchronizing (normal execution)

VM Mutex/Monitor currently owned by a thread:  ([mutex/lock_event])
[0x000000000298cf50] Safepoint_lock - owner thread: 0x00000000163c6000
[0x000000000298d350] Threads_lock - owner thread: 0x00000000163c6000

heap address: 0x00000000a0000000, size: 1536 MB, Compressed Oops mode: 32-bit
Narrow klass base: 0x0000000000000000, Narrow klass shift: 3
Compressed class space size: 1073741824 Address: 0x0000000100000000

Heap:
 PSYoungGen      total 298496K, used 192805K [0x00000000e0000000, 0x00000000f4b00000, 0x0000000100000000)
  eden space 264192K, 69% used [0x00000000e0000000,0x00000000eb427d20,0x00000000f0200000)
  from space 34304K, 24% used [0x00000000f2980000,0x00000000f31a1ad8,0x00000000f4b00000)
  to   space 37376K, 0% used [0x00000000f0200000,0x00000000f0200000,0x00000000f2680000)
 ParOldGen       total 127488K, used 76145K [0x00000000a0000000, 0x00000000a7c80000, 0x00000000e0000000)
  object space 127488K, 59% used [0x00000000a0000000,0x00000000a4a5c770,0x00000000a7c80000)
 Metaspace       used 90952K, capacity 94594K, committed 94808K, reserved 1130496K
  class space    used 12086K, capacity 12829K, committed 12888K, reserved 1048576K

Card table byte_map: [0x0000000011e50000,0x0000000012160000] byte_map_base: 0x0000000011950000

Marking Bits: (ParMarkBitMap*) 0x0000000058829f30
 Begin Bits: [0x0000000012760000, 0x0000000013f60000)
 End Bits:   [0x0000000013f60000, 0x0000000015760000)

Polling page: 0x0000000000a20000

CodeCache: size=245760Kb used=45193Kb max_used=45229Kb free=200566Kb
 bounds [0x0000000002a90000, 0x00000000056f0000, 0x0000000011a90000]
 total_blobs=14290 nmethods=13388 adapters=813
 compilation: enabled

Compilation events (10 events):
Event: 205.799 Thread 0x00000000163ff000 16086       2       com.android.tools.r8.ir.regalloc.i::f (67 bytes)
Event: 205.800 Thread 0x00000000163ff000 nmethod 16086 0x00000000056c91d0 code [0x00000000056c9380, 0x00000000056c9718]
Event: 205.814 Thread 0x00000000163ff000 16087       2       com.android.tools.r8.graph.s0$b::a (14 bytes)
Event: 205.815 Thread 0x00000000163ff000 nmethod 16087 0x00000000056c9950 code [0x00000000056c9aa0, 0x00000000056c9bf0]
Event: 205.815 Thread 0x00000000163ff000 16088       2       com.android.tools.r8.graph.s0$d::c (800 bytes)
Event: 205.820 Thread 0x00000000163ff000 nmethod 16088 0x00000000056c9c90 code [0x00000000056ca080, 0x00000000056cbb58]
Event: 205.820 Thread 0x00000000163ff000 16089       2       com.android.tools.r8.s.a.a.b.I::<init> (10 bytes)
Event: 205.820 Thread 0x00000000163ff000 nmethod 16089 0x00000000056cd710 code [0x00000000056cd880, 0x00000000056cd9e8]
Event: 205.820 Thread 0x00000000163ff000 16090       2       com.android.tools.r8.u.d.b$d::<init> (10 bytes)
Event: 205.821 Thread 0x00000000163ff000 nmethod 16090 0x00000000056cda90 code [0x00000000056cdbe0, 0x00000000056cdd50]

GC Heap History (10 events):
Event: 88.450 GC heap before
{Heap before GC invocations=17 (full 3):
 PSYoungGen      total 187392K, used 183917K [0x00000000e0000000, 0x00000000ef380000, 0x0000000100000000)
  eden space 167424K, 100% used [0x00000000e0000000,0x00000000ea380000,0x00000000ea380000)
  from space 19968K, 82% used [0x00000000ea380000,0x00000000eb39b408,0x00000000eb700000)
  to   space 21504K, 0% used [0x00000000ede80000,0x00000000ede80000,0x00000000ef380000)
 ParOldGen       total 127488K, used 31963K [0x00000000a0000000, 0x00000000a7c80000, 0x00000000e0000000)
  object space 127488K, 25% used [0x00000000a0000000,0x00000000a1f36fa0,0x00000000a7c80000)
 Metaspace       used 66766K, capacity 69052K, committed 69336K, reserved 1110016K
  class space    used 9044K, capacity 9610K, committed 9688K, reserved 1048576K
Event: 88.493 GC heap after
Heap after GC invocations=17 (full 3):
 PSYoungGen      total 224768K, used 16226K [0x00000000e0000000, 0x00000000ef380000, 0x0000000100000000)
  eden space 203264K, 0% used [0x00000000e0000000,0x00000000e0000000,0x00000000ec680000)
  from space 21504K, 75% used [0x00000000ede80000,0x00000000eee58ad0,0x00000000ef380000)
  to   space 23040K, 0% used [0x00000000ec680000,0x00000000ec680000,0x00000000edd00000)
 ParOldGen       total 127488K, used 31971K [0x00000000a0000000, 0x00000000a7c80000, 0x00000000e0000000)
  object space 127488K, 25% used [0x00000000a0000000,0x00000000a1f38fa0,0x00000000a7c80000)
 Metaspace       used 66766K, capacity 69052K, committed 69336K, reserved 1110016K
  class space    used 9044K, capacity 9610K, committed 9688K, reserved 1048576K
}
Event: 154.727 GC heap before
{Heap before GC invocations=18 (full 3):
 PSYoungGen      total 224768K, used 219490K [0x00000000e0000000, 0x00000000ef380000, 0x0000000100000000)
  eden space 203264K, 100% used [0x00000000e0000000,0x00000000ec680000,0x00000000ec680000)
  from space 21504K, 75% used [0x00000000ede80000,0x00000000eee58ad0,0x00000000ef380000)
  to   space 23040K, 0% used [0x00000000ec680000,0x00000000ec680000,0x00000000edd00000)
 ParOldGen       total 127488K, used 31971K [0x00000000a0000000, 0x00000000a7c80000, 0x00000000e0000000)
  object space 127488K, 25% used [0x00000000a0000000,0x00000000a1f38fa0,0x00000000a7c80000)
 Metaspace       used 73226K, capacity 75600K, committed 75736K, reserved 1114112K
  class space    used 9807K, capacity 10366K, committed 10456K, reserved 1048576K
Event: 154.805 GC heap after
Heap after GC invocations=18 (full 3):
 PSYoungGen      total 226304K, used 23028K [0x00000000e0000000, 0x00000000f2480000, 0x0000000100000000)
  eden space 203264K, 0% used [0x00000000e0000000,0x00000000e0000000,0x00000000ec680000)
  from space 23040K, 99% used [0x00000000ec680000,0x00000000edcfd138,0x00000000edd00000)
  to   space 29696K, 0% used [0x00000000f0780000,0x00000000f0780000,0x00000000f2480000)
 ParOldGen       total 127488K, used 41348K [0x00000000a0000000, 0x00000000a7c80000, 0x00000000e0000000)
  object space 127488K, 32% used [0x00000000a0000000,0x00000000a2861218,0x00000000a7c80000)
 Metaspace       used 73226K, capacity 75600K, committed 75736K, reserved 1114112K
  class space    used 9807K, capacity 10366K, committed 10456K, reserved 1048576K
}
Event: 174.266 GC heap before
{Heap before GC invocations=19 (full 3):
 PSYoungGen      total 226304K, used 226292K [0x00000000e0000000, 0x00000000f2480000, 0x0000000100000000)
  eden space 203264K, 100% used [0x00000000e0000000,0x00000000ec680000,0x00000000ec680000)
  from space 23040K, 99% used [0x00000000ec680000,0x00000000edcfd138,0x00000000edd00000)
  to   space 29696K, 0% used [0x00000000f0780000,0x00000000f0780000,0x00000000f2480000)
 ParOldGen       total 127488K, used 41348K [0x00000000a0000000, 0x00000000a7c80000, 0x00000000e0000000)
  object space 127488K, 32% used [0x00000000a0000000,0x00000000a2861218,0x00000000a7c80000)
 Metaspace       used 83772K, capacity 86612K, committed 86872K, reserved 1124352K
  class space    used 11147K, capacity 11750K, committed 11864K, reserved 1048576K
Event: 174.471 GC heap after
Heap after GC invocations=19 (full 3):
 PSYoungGen      total 260096K, used 29693K [0x00000000e0000000, 0x00000000f3a00000, 0x0000000100000000)
  eden space 230400K, 0% used [0x00000000e0000000,0x00000000e0000000,0x00000000ee100000)
  from space 29696K, 99% used [0x00000000f0780000,0x00000000f247f400,0x00000000f2480000)
  to   space 39424K, 0% used [0x00000000ee100000,0x00000000ee100000,0x00000000f0780000)
 ParOldGen       total 127488K, used 55112K [0x00000000a0000000, 0x00000000a7c80000, 0x00000000e0000000)
  object space 127488K, 43% used [0x00000000a0000000,0x00000000a35d20d0,0x00000000a7c80000)
 Metaspace       used 83772K, capacity 86612K, committed 86872K, reserved 1124352K
  class space    used 11147K, capacity 11750K, committed 11864K, reserved 1048576K
}
Event: 189.579 GC heap before
{Heap before GC invocations=20 (full 3):
 PSYoungGen      total 260096K, used 260093K [0x00000000e0000000, 0x00000000f3a00000, 0x0000000100000000)
  eden space 230400K, 100% used [0x00000000e0000000,0x00000000ee100000,0x00000000ee100000)
  from space 29696K, 99% used [0x00000000f0780000,0x00000000f247f400,0x00000000f2480000)
  to   space 39424K, 0% used [0x00000000ee100000,0x00000000ee100000,0x00000000f0780000)
 ParOldGen       total 127488K, used 55112K [0x00000000a0000000, 0x00000000a7c80000, 0x00000000e0000000)
  object space 127488K, 43% used [0x00000000a0000000,0x00000000a35d20d0,0x00000000a7c80000)
 Metaspace       used 89411K, capacity 92732K, committed 93016K, reserved 1130496K
  class space    used 11886K, capacity 12592K, committed 12632K, reserved 1048576K
Event: 189.862 GC heap after
Heap after GC invocations=20 (full 3):
 PSYoungGen      total 269824K, used 6102K [0x00000000e0000000, 0x00000000f4f80000, 0x0000000100000000)
  eden space 230400K, 0% used [0x00000000e0000000,0x00000000e0000000,0x00000000ee100000)
  from space 39424K, 15% used [0x00000000ee100000,0x00000000ee6f5bb8,0x00000000f0780000)
  to   space 38912K, 0% used [0x00000000f2980000,0x00000000f2980000,0x00000000f4f80000)
 ParOldGen       total 127488K, used 76137K [0x00000000a0000000, 0x00000000a7c80000, 0x00000000e0000000)
  object space 127488K, 59% used [0x00000000a0000000,0x00000000a4a5a770,0x00000000a7c80000)
 Metaspace       used 89411K, capacity 92732K, committed 93016K, reserved 1130496K
  class space    used 11886K, capacity 12592K, committed 12632K, reserved 1048576K
}
Event: 197.399 GC heap before
{Heap before GC invocations=21 (full 3):
 PSYoungGen      total 269824K, used 236502K [0x00000000e0000000, 0x00000000f4f80000, 0x0000000100000000)
  eden space 230400K, 100% used [0x00000000e0000000,0x00000000ee100000,0x00000000ee100000)
  from space 39424K, 15% used [0x00000000ee100000,0x00000000ee6f5bb8,0x00000000f0780000)
  to   space 38912K, 0% used [0x00000000f2980000,0x00000000f2980000,0x00000000f4f80000)
 ParOldGen       total 127488K, used 76137K [0x00000000a0000000, 0x00000000a7c80000, 0x00000000e0000000)
  object space 127488K, 59% used [0x00000000a0000000,0x00000000a4a5a770,0x00000000a7c80000)
 Metaspace       used 90841K, capacity 94498K, committed 94808K, reserved 1130496K
  class space    used 12081K, capacity 12823K, committed 12888K, reserved 1048576K
Event: 197.460 GC heap after
Heap after GC invocations=21 (full 3):
 PSYoungGen      total 298496K, used 8326K [0x00000000e0000000, 0x00000000f4b00000, 0x0000000100000000)
  eden space 264192K, 0% used [0x00000000e0000000,0x00000000e0000000,0x00000000f0200000)
  from space 34304K, 24% used [0x00000000f2980000,0x00000000f31a1ad8,0x00000000f4b00000)
  to   space 37376K, 0% used [0x00000000f0200000,0x00000000f0200000,0x00000000f2680000)
 ParOldGen       total 127488K, used 76145K [0x00000000a0000000, 0x00000000a7c80000, 0x00000000e0000000)
  object space 127488K, 59% used [0x00000000a0000000,0x00000000a4a5c770,0x00000000a7c80000)
 Metaspace       used 90841K, capacity 94498K, committed 94808K, reserved 1130496K
  class space    used 12081K, capacity 12823K, committed 12888K, reserved 1048576K
}

Deoptimization events (10 events):
Event: 197.318 Thread 0x00000000191ef800 Uncommon trap: reason=array_check action=maybe_recompile pc=0x00000000055fd3b4 method=java.util.TimSort.reverseRange([Ljava/lang/Object;II)V @ 27
Event: 197.346 Thread 0x0000000019d48000 Uncommon trap: reason=array_check action=maybe_recompile pc=0x0000000005600058 method=java.util.TimSort.binarySort([Ljava/lang/Object;IIILjava/util/Comparator;)V @ 183
Event: 197.346 Thread 0x0000000019d48000 Uncommon trap: reason=array_check action=maybe_recompile pc=0x0000000005600058 method=java.util.TimSort.binarySort([Ljava/lang/Object;IIILjava/util/Comparator;)V @ 183
Event: 197.348 Thread 0x00000000191f0800 Uncommon trap: reason=class_check action=maybe_recompile pc=0x0000000005171d68 method=java.util.Collections$SetFromMap.<init>(Ljava/util/Map;)V @ 5
Event: 197.542 Thread 0x0000000002a8b000 Uncommon trap: reason=unstable_if action=reinterpret pc=0x0000000002f0d3a0 method=java.util.WeakHashMap.expungeStaleEntries()V @ 66
Event: 197.897 Thread 0x00000000191f0800 Uncommon trap: reason=class_check action=maybe_recompile pc=0x0000000005171d68 method=java.util.Collections$SetFromMap.<init>(Ljava/util/Map;)V @ 5
Event: 197.903 Thread 0x00000000191ef800 Uncommon trap: reason=class_check action=maybe_recompile pc=0x0000000005171d68 method=java.util.Collections$SetFromMap.<init>(Ljava/util/Map;)V @ 5
Event: 198.935 Thread 0x00000000191ef800 Uncommon trap: reason=class_check action=maybe_recompile pc=0x0000000005171d68 method=java.util.Collections$SetFromMap.<init>(Ljava/util/Map;)V @ 5
Event: 203.113 Thread 0x0000000019d48000 Uncommon trap: reason=unstable_if action=reinterpret pc=0x0000000004d34f20 method=com.android.tools.r8.graph.s0$d.c()V @ 784
Event: 203.125 Thread 0x0000000019d48000 Uncommon trap: reason=class_check action=maybe_recompile pc=0x0000000003e7284c method=java.util.Collections$SetFromMap.isEmpty()Z @ 4

Classes redefined (0 events):
No events

Internal exceptions (10 events):
Event: 184.760 Thread 0x00000000191f0800 Implicit null exception at 0x00000000052e4558 to 0x00000000052e4d41
Event: 196.116 Thread 0x00000000191f0800 Exception <a 'sun/nio/fs/WindowsException'> (0x00000000eb357920) thrown at [D:\src\AOSP-openjdk-cygwin\jdk8u\hotspot\src\share\vm\prims\jni.cpp, line 710]
Event: 196.118 Thread 0x00000000191ef800 Exception <a 'sun/nio/fs/WindowsException'> (0x00000000eaddcf80) thrown at [D:\src\AOSP-openjdk-cygwin\jdk8u\hotspot\src\share\vm\prims\jni.cpp, line 710]
Event: 197.346 Thread 0x00000000191f0800 Exception <a 'sun/nio/fs/WindowsException'> (0x00000000edc96350) thrown at [D:\src\AOSP-openjdk-cygwin\jdk8u\hotspot\src\share\vm\prims\jni.cpp, line 710]
Event: 197.902 Thread 0x00000000191ef800 Exception <a 'sun/nio/fs/WindowsException'> (0x00000000e004fbd8) thrown at [D:\src\AOSP-openjdk-cygwin\jdk8u\hotspot\src\share\vm\prims\jni.cpp, line 710]
Event: 198.499 Thread 0x0000000019d48000 Exception <a 'sun/nio/fs/WindowsException'> (0x00000000e05d48c0) thrown at [D:\src\AOSP-openjdk-cygwin\jdk8u\hotspot\src\share\vm\prims\jni.cpp, line 710]
Event: 203.110 Thread 0x0000000019d48000 Exception <a 'sun/nio/fs/WindowsException'> (0x00000000e5b88e28) thrown at [D:\src\AOSP-openjdk-cygwin\jdk8u\hotspot\src\share\vm\prims\jni.cpp, line 710]
Event: 203.414 Thread 0x0000000019d48000 Exception <a 'sun/nio/fs/WindowsException'> (0x00000000e64c5c20) thrown at [D:\src\AOSP-openjdk-cygwin\jdk8u\hotspot\src\share\vm\prims\jni.cpp, line 710]
Event: 204.533 Thread 0x00000000191f0800 Exception <a 'sun/nio/fs/WindowsException'> (0x00000000e843f0e0) thrown at [D:\src\AOSP-openjdk-cygwin\jdk8u\hotspot\src\share\vm\prims\jni.cpp, line 710]
Event: 205.811 Thread 0x0000000019d48000 Exception <a 'sun/nio/fs/WindowsException'> (0x00000000e651c638) thrown at [D:\src\AOSP-openjdk-cygwin\jdk8u\hotspot\src\share\vm\prims\jni.cpp, line 710]

Events (10 events):
Event: 205.005 Thread 0x00000000191ef800 DEOPT PACKING pc=0x00000000055a3caa sp=0x0000000023e7a7f0
Event: 205.005 Thread 0x00000000191ef800 DEOPT UNPACKING pc=0x0000000002ad75d0 sp=0x0000000023e7a640 mode 0
Event: 205.444 Thread 0x00000000191ec000 DEOPT PACKING pc=0x00000000055a3bf1 sp=0x000000002407a820
Event: 205.444 Thread 0x00000000191ec000 DEOPT UNPACKING pc=0x0000000002ad75d0 sp=0x000000002407a668 mode 0
Event: 205.529 Thread 0x00000000191ef800 DEOPT PACKING pc=0x00000000049151f8 sp=0x0000000023e79f20
Event: 205.529 Thread 0x00000000191ef800 DEOPT UNPACKING pc=0x0000000002ad75d0 sp=0x0000000023e79d10 mode 0
Event: 205.553 Thread 0x00000000191ef800 DEOPT PACKING pc=0x0000000005521ce4 sp=0x0000000023e7a860
Event: 205.553 Thread 0x00000000191ef800 DEOPT UNPACKING pc=0x0000000002ad75d0 sp=0x0000000023e7a630 mode 0
Event: 205.790 Thread 0x00000000191ec000 DEOPT PACKING pc=0x00000000055a3bd5 sp=0x000000002407a820
Event: 205.790 Thread 0x00000000191ec000 DEOPT UNPACKING pc=0x0000000002ad75d0 sp=0x000000002407a668 mode 0


Dynamic libraries:
0x00007ff6788b0000 - 0x00007ff6788e1000 	C:\Program Files\Android\Android Studio\jre\bin\java.exe
0x00007ffafaf60000 - 0x00007ffafb150000 	C:\WINDOWS\SYSTEM32\ntdll.dll
0x00007ffafa070000 - 0x00007ffafa122000 	C:\WINDOWS\System32\KERNEL32.DLL
0x00007ffaf84e0000 - 0x00007ffaf8783000 	C:\WINDOWS\System32\KERNELBASE.dll
0x00007ffafab40000 - 0x00007ffafabe3000 	C:\WINDOWS\System32\ADVAPI32.dll
0x00007ffafa2d0000 - 0x00007ffafa36e000 	C:\WINDOWS\System32\msvcrt.dll
0x00007ffaf9990000 - 0x00007ffaf9a27000 	C:\WINDOWS\System32\sechost.dll
0x00007ffafaa20000 - 0x00007ffafab40000 	C:\WINDOWS\System32\RPCRT4.dll
0x00007ffafa130000 - 0x00007ffafa2c4000 	C:\WINDOWS\System32\USER32.dll
0x00007ffaf8fc0000 - 0x00007ffaf8fe1000 	C:\WINDOWS\System32\win32u.dll
0x00007ffaf9f60000 - 0x00007ffaf9f86000 	C:\WINDOWS\System32\GDI32.dll
0x00007ffaf8340000 - 0x00007ffaf84d4000 	C:\WINDOWS\System32\gdi32full.dll
0x00007ffaf8270000 - 0x00007ffaf830e000 	C:\WINDOWS\System32\msvcp_win.dll
0x00007ffaf8170000 - 0x00007ffaf826a000 	C:\WINDOWS\System32\ucrtbase.dll
0x00007ffaf7430000 - 0x00007ffaf76b5000 	C:\WINDOWS\WinSxS\amd64_microsoft.windows.common-controls_6595b64144ccf1df_6.0.18362.657_none_e6c5b579130e3898\COMCTL32.dll
0x00007ffafa590000 - 0x00007ffafa8c6000 	C:\WINDOWS\System32\combase.dll
0x00007ffaf8090000 - 0x00007ffaf8110000 	C:\WINDOWS\System32\bcryptPrimitives.dll
0x00007ffafabf0000 - 0x00007ffafac1e000 	C:\WINDOWS\System32\IMM32.DLL
0x0000000057ea0000 - 0x0000000057f72000 	C:\Program Files\Android\Android Studio\jre\jre\bin\msvcr100.dll
0x0000000058060000 - 0x00000000588a6000 	C:\Program Files\Android\Android Studio\jre\jre\bin\server\jvm.dll
0x00007ffaf9f50000 - 0x00007ffaf9f58000 	C:\WINDOWS\System32\PSAPI.DLL
0x00007ffae95d0000 - 0x00007ffae95d9000 	C:\WINDOWS\SYSTEM32\WSOCK32.dll
0x00007ffafa930000 - 0x00007ffafa99f000 	C:\WINDOWS\System32\WS2_32.dll
0x00007ffaf3ec0000 - 0x00007ffaf3ee4000 	C:\WINDOWS\SYSTEM32\WINMM.dll
0x00007ffaf5c50000 - 0x00007ffaf5c5a000 	C:\WINDOWS\SYSTEM32\VERSION.dll
0x00007ffaf3e90000 - 0x00007ffaf3ebd000 	C:\WINDOWS\SYSTEM32\winmmbase.dll
0x00007ffaf7ef0000 - 0x00007ffaf7f3a000 	C:\WINDOWS\System32\cfgmgr32.dll
0x00007ffadf970000 - 0x00007ffadf97f000 	C:\Program Files\Android\Android Studio\jre\jre\bin\verify.dll
0x00007ffacba80000 - 0x00007ffacbaa9000 	C:\Program Files\Android\Android Studio\jre\jre\bin\java.dll
0x00007ffadf950000 - 0x00007ffadf966000 	C:\Program Files\Android\Android Studio\jre\jre\bin\zip.dll
0x00007ffaf9240000 - 0x00007ffaf9925000 	C:\WINDOWS\System32\SHELL32.dll
0x00007ffafae00000 - 0x00007ffafaea9000 	C:\WINDOWS\System32\shcore.dll
0x00007ffaf8790000 - 0x00007ffaf8f0f000 	C:\WINDOWS\System32\windows.storage.dll
0x00007ffaf7ed0000 - 0x00007ffaf7eef000 	C:\WINDOWS\System32\profapi.dll
0x00007ffaf7e40000 - 0x00007ffaf7e8a000 	C:\WINDOWS\System32\powrprof.dll
0x00007ffaf7e30000 - 0x00007ffaf7e40000 	C:\WINDOWS\System32\UMPDC.dll
0x00007ffaf9930000 - 0x00007ffaf9982000 	C:\WINDOWS\System32\shlwapi.dll
0x00007ffaf7e90000 - 0x00007ffaf7ea1000 	C:\WINDOWS\System32\kernel.appcore.dll
0x00007ffaf8ff0000 - 0x00007ffaf9007000 	C:\WINDOWS\System32\cryptsp.dll
0x00007ffadeeb0000 - 0x00007ffadeeca000 	C:\Program Files\Android\Android Studio\jre\jre\bin\net.dll
0x00007ffae9b70000 - 0x00007ffae9d46000 	C:\WINDOWS\SYSTEM32\urlmon.dll
0x00007ffae9eb0000 - 0x00007ffaea156000 	C:\WINDOWS\SYSTEM32\iertutil.dll
0x00007ffaf71f0000 - 0x00007ffaf71fc000 	C:\WINDOWS\SYSTEM32\CRYPTBASE.DLL
0x00007ffaf7020000 - 0x00007ffaf7087000 	C:\WINDOWS\system32\mswsock.dll
0x00007ffade530000 - 0x00007ffade543000 	C:\Program Files\Android\Android Studio\jre\jre\bin\nio.dll
0x00007ffae95f0000 - 0x00007ffae9616000 	C:\Users\Almas\.gradle\native\30\windows-amd64\native-platform.dll
0x00007ffade280000 - 0x00007ffade28d000 	C:\Program Files\Android\Android Studio\jre\jre\bin\management.dll
0x00007ffaf6b90000 - 0x00007ffaf6bc3000 	C:\WINDOWS\system32\rsaenh.dll
0x00007ffaf8310000 - 0x00007ffaf8336000 	C:\WINDOWS\System32\bcrypt.dll
0x00007ffaf7d20000 - 0x00007ffaf7d45000 	C:\WINDOWS\SYSTEM32\USERENV.dll
0x00007ffaf6d30000 - 0x00007ffaf6d6a000 	C:\WINDOWS\SYSTEM32\IPHLPAPI.DLL
0x00007ffafa370000 - 0x00007ffafa378000 	C:\WINDOWS\System32\NSI.dll
0x00007ffaed7a0000 - 0x00007ffaed7b6000 	C:\WINDOWS\SYSTEM32\dhcpcsvc6.DLL
0x00007ffaed780000 - 0x00007ffaed79c000 	C:\WINDOWS\SYSTEM32\dhcpcsvc.DLL
0x00007ffaf6d80000 - 0x00007ffaf6e4a000 	C:\WINDOWS\SYSTEM32\DNSAPI.dll
0x00007ffac79d0000 - 0x00007ffac79f4000 	C:\Program Files\Android\Android Studio\jre\jre\bin\sunec.dll
0x00007ffaec900000 - 0x00007ffaec90a000 	C:\Windows\System32\rasadhlp.dll
0x00007ffaed150000 - 0x00007ffaed1c7000 	C:\WINDOWS\System32\fwpuclnt.dll
0x00007ffacd980000 - 0x00007ffacd98b000 	C:\Program Files\Android\Android Studio\jre\jre\bin\sunmscapi.dll
0x00007ffaf7f40000 - 0x00007ffaf8089000 	C:\WINDOWS\System32\CRYPT32.dll
0x00007ffaf7eb0000 - 0x00007ffaf7ec2000 	C:\WINDOWS\System32\MSASN1.dll
0x00007ffaf52b0000 - 0x00007ffaf533f000 	C:\WINDOWS\system32\apphelp.dll
0x00007ffaf7950000 - 0x00007ffaf7b44000 	C:\WINDOWS\SYSTEM32\dbghelp.dll

VM Arguments:
jvm_args: -Xmx1536m -Dfile.encoding=windows-1252 -Duser.country=US -Duser.language=en -Duser.variant 
java_command: org.gradle.launcher.daemon.bootstrap.GradleDaemon 5.6.4
java_class_path (initial): C:\Users\Almas\.gradle\wrapper\dists\gradle-5.6.4-all\ankdp27end7byghfw1q2sw75f\gradle-5.6.4\lib\gradle-launcher-5.6.4.jar
Launcher Type: SUN_STANDARD

Environment Variables:
PATH=C:\Program Files (x86)\Common Files\Oracle\Java\javapath;C:\WINDOWS\system32;C:\WINDOWS;C:\WINDOWS\System32\Wbem;C:\WINDOWS\System32\WindowsPowerShell\v1.0\;C:\WINDOWS\System32\OpenSSH\;C:\Program Files\Git\cmd;C:\Program Files\Dart\dart-sdk\bin;C:\Program Files\nodejs\;C:\Users\Almas\AppData\Local\Programs\Python\Python38-32\Scripts\;C:\Users\Almas\AppData\Local\Programs\Python\Python38-32\;C:\Users\Almas\AppData\Local\Microsoft\WindowsApps;C:\Users\Almas\AppData\Local\Programs\Microsoft VS Code\bin;C:\flutter\bin;C:\Users\Almas\AppData\Roaming\npm
USERNAME=Almas
OS=Windows_NT
PROCESSOR_IDENTIFIER=Intel64 Family 6 Model 61 Stepping 4, GenuineIntel



---------------  S Y S T E M  ---------------

OS: Windows 10.0 , 64 bit Build 18362 (10.0.18362.329)

CPU:total 4 (initial active 4) (2 cores per cpu, 2 threads per core) family 6 model 61 stepping 4, cmov, cx8, fxsr, mmx, sse, sse2, sse3, ssse3, sse4.1, sse4.2, popcnt, avx, avx2, aes, clmul, erms, 3dnowpref, lzcnt, ht, tsc, tscinvbit, bmi1, bmi2, adx

Memory: 4k page, physical 8301944k(1377588k free), swap 13282680k(5424692k free)

vm_info: OpenJDK 64-Bit Server VM (25.212-b04) for windows-amd64 JRE (1.8.0_212-release-1586-b04), built by "builder" with MS VC++ 10.0 (VS2010)

time: Tue Mar 10 00:16:02 2020
timezone: Bangladesh Standard Time
elapsed time: 207 seconds (0d 0h 3m 27s)

