#
# A fatal error has been detected by the Java Runtime Environment:
#
#  EXCEPTION_ACCESS_VIOLATION (0xc0000005) at pc=0x000000005fcd1035, pid=8528, tid=0x0000000000002038
#
# JRE version: OpenJDK Runtime Environment (8.0_212-b04) (build 1.8.0_212-release-1586-b04)
# Java VM: OpenJDK 64-Bit Server VM (25.212-b04 mixed mode windows-amd64 compressed oops)
# Problematic frame:
# V  [jvm.dll+0x41035]
#
# Failed to write core dump. Minidumps are not enabled by default on client versions of Windows
#
# If you would like to submit a bug report, please visit:
#   
#

---------------  T H R E A D  ---------------

Current thread (0x000000001a667800):  JavaThread "Daemon worker" [_thread_in_vm, id=8248, stack(0x000000001c1a0000,0x000000001c2a0000)]

siginfo: ExceptionCode=0xc0000005, writing address 0xffffffffffffffff

Registers:
RAX=0x000000001b0d2038, RBX=0x000000001b0d1380, RCX=0x000000001b0d2030, RDX=0x0000000000000010
RSP=0x000000001c298980, RBP=0x000000001c2989d8, RSI=0x0000000000000000, RDI=0x0000000100267670
R8 =0x0000000000000000, R9 =0x000000001c2989a0, R10=0x000000000000000e, R11=0xffffffffffffffff
R12=0x0000000100267670, R13=0x0000000000000000, R14=0x000000001a667800, R15=0x000000001a667800
RIP=0x000000005fcd1035, EFLAGS=0x0000000000010202

Top of Stack: (sp=0x000000001c298980)
0x000000001c298980:   000000001b0d1380 0000000000000000
0x000000001c298990:   000000001c298a20 0000000100014dd8
0x000000001c2989a0:   0000000200000000 0000000000000000
0x000000001c2989b0:   000000000000000f 000000001b0d2030
0x000000001c2989c0:   000000001a667800 0000000000000000
0x000000001c2989d0:   0000000100267670 0000000018715900
0x000000001c2989e0:   00000000031ed620 000000001b0d1380
0x000000001c2989f0:   000000001b0d0fb0 000000005fcd2166
0x000000001c298a00:   00000000032160e0 0000000100267670
0x000000001c298a10:   000000001a667800 0000000100267670
0x000000001c298a20:   0000000016270500 0000000800000000
0x000000001c298a30:   0000000000000000 000000000000000f
0x000000001c298a40:   000000001b0d1c70 00000000031ed620
0x000000001c298a50:   00000000032160e0 000000001b0d1370
0x000000001c298a60:   000000001b0d0f80 0000000000000000
0x000000001c298a70:   00000000187156e0 000000005fcd2884 

Instructions: (pc=0x000000005fcd1035)
0x000000005fcd1015:   75 d0 e8 b4 07 21 00 48 89 45 e0 48 85 c0 74 03
0x000000005fcd1025:   48 89 30 48 8b 45 e0 48 83 c0 08 74 03 48 89 30
0x000000005fcd1035:   41 83 cd ff 8b fe 45 8b f5 39 33 0f 8e b4 00 00
0x000000005fcd1045:   00 45 33 e4 0f 1f 80 00 00 00 00 48 8b 43 18 41 


Register to memory mapping:

RAX=0x000000001b0d2038 is an unknown value
RBX=0x000000001b0d1380 is an unknown value
RCX=0x000000001b0d2030 is an unknown value
RDX=0x0000000000000010 is an unknown value
RSP=0x000000001c298980 is pointing into the stack for thread: 0x000000001a667800
RBP=0x000000001c2989d8 is pointing into the stack for thread: 0x000000001a667800
RSI=0x0000000000000000 is an unknown value
RDI=0x0000000100267670 is pointing into metadata
R8 =0x0000000000000000 is an unknown value
R9 =0x000000001c2989a0 is pointing into the stack for thread: 0x000000001a667800
R10=0x000000000000000e is an unknown value
R11=0xffffffffffffffff is an unknown value
R12=0x0000000100267670 is pointing into metadata
R13=0x0000000000000000 is an unknown value
R14=0x000000001a667800 is a thread
R15=0x000000001a667800 is a thread


Stack: [0x000000001c1a0000,0x000000001c2a0000],  sp=0x000000001c298980,  free space=994k
Native frames: (J=compiled Java code, j=interpreted, Vv=VM code, C=native code)
V  [jvm.dll+0x41035]
V  [jvm.dll+0x42166]
V  [jvm.dll+0x42884]
V  [jvm.dll+0x3a3f7]
V  [jvm.dll+0x58a04]
V  [jvm.dll+0x16c651]
V  [jvm.dll+0x16c9eb]
C  [java.dll+0x1751]
C  0x000000000358d965

Java frames: (J=compiled Java code, j=interpreted, Vv=VM code)
J 705  java.lang.ClassLoader.defineClass1(Ljava/lang/String;[BIILjava/security/ProtectionDomain;Ljava/lang/String;)Ljava/lang/Class; (0 bytes) @ 0x000000000358d8df [0x000000000358d840+0x9f]
J 501 C1 java.lang.ClassLoader.defineClass(Ljava/lang/String;[BIILjava/security/ProtectionDomain;)Ljava/lang/Class; (43 bytes) @ 0x00000000034daba4 [0x00000000034da5c0+0x5e4]
J 447 C1 java.net.URLClassLoader.defineClass(Ljava/lang/String;Lsun/misc/Resource;)Ljava/lang/Class; (142 bytes) @ 0x00000000034b1864 [0x00000000034afd00+0x1b64]
J 345 C1 java.net.URLClassLoader$1.run()Ljava/lang/Class; (63 bytes) @ 0x0000000003462f2c [0x0000000003462c60+0x2cc]
J 344 C1 java.net.URLClassLoader$1.run()Ljava/lang/Object; (5 bytes) @ 0x0000000003463a0c [0x0000000003463980+0x8c]
v  ~StubRoutines::call_stub
J 290  java.security.AccessController.doPrivileged(Ljava/security/PrivilegedExceptionAction;Ljava/security/AccessControlContext;)Ljava/lang/Object; (0 bytes) @ 0x00000000034483a6 [0x0000000003448340+0x66]
J 1433 C2 java.net.URLClassLoader.findClass(Ljava/lang/String;)Ljava/lang/Class; (47 bytes) @ 0x000000000379d4f0 [0x000000000379d460+0x90]
J 1372 C2 java.lang.ClassLoader.loadClass(Ljava/lang/String;Z)Ljava/lang/Class; (122 bytes) @ 0x000000000377cb84 [0x000000000377bb80+0x1004]
J 338 C1 java.lang.ClassLoader.loadClass(Ljava/lang/String;)Ljava/lang/Class; (7 bytes) @ 0x000000000346260c [0x0000000003462500+0x10c]
v  ~StubRoutines::call_stub
j  com.google.common.collect.AbstractSetMultimap.wrapCollection(Ljava/lang/Object;Ljava/util/Collection;)Ljava/util/Collection;+0
j  com.google.common.collect.AbstractMapBasedMultimap.get(Ljava/lang/Object;)Ljava/util/Collection;+27
j  com.google.common.collect.AbstractSetMultimap.get(Ljava/lang/Object;)Ljava/util/Set;+2
j  com.google.common.collect.LinkedHashMultimap.get(Ljava/lang/Object;)Ljava/util/Set;+2
j  org.gradle.internal.instantiation.AbstractClassGenerator$DslMixInPropertyType.addMissingClosureOverloads(Lorg/gradle/internal/instantiation/AbstractClassGenerator$ClassGenerationVisitor;)V+37
j  org.gradle.internal.instantiation.AbstractClassGenerator$DslMixInPropertyType.applyTo(Lorg/gradle/internal/instantiation/AbstractClassGenerator$ClassGenerationVisitor;)V+34
j  org.gradle.internal.instantiation.AbstractClassGenerator.generateUnderLock(Ljava/lang/Class;)Lorg/gradle/internal/instantiation/AbstractClassGenerator$GeneratedClassImpl;+413
j  org.gradle.internal.instantiation.AbstractClassGenerator.access$000(Lorg/gradle/internal/instantiation/AbstractClassGenerator;Ljava/lang/Class;)Lorg/gradle/internal/instantiation/AbstractClassGenerator$GeneratedClassImpl;+2
j  org.gradle.internal.instantiation.AbstractClassGenerator$1.transform(Ljava/lang/Class;)Lorg/gradle/internal/instantiation/AbstractClassGenerator$GeneratedClassImpl;+5
j  org.gradle.internal.instantiation.AbstractClassGenerator$1.transform(Ljava/lang/Object;)Ljava/lang/Object;+5
j  org.gradle.cache.internal.DefaultCrossBuildInMemoryCacheFactory$AbstractCrossBuildInMemoryCache.get(Ljava/lang/Object;Lorg/gradle/api/Transformer;)Ljava/lang/Object;+26
j  org.gradle.internal.instantiation.AbstractClassGenerator.generate(Ljava/lang/Class;)Lorg/gradle/internal/instantiation/ClassGenerator$GeneratedClass;+27
j  org.gradle.internal.instantiation.AsmBackedClassGenerator.generate(Ljava/lang/Class;)Lorg/gradle/internal/instantiation/ClassGenerator$GeneratedClass;+2
j  org.gradle.internal.instantiation.ParamsMatchingConstructorSelector$1.transform(Ljava/lang/Class;)Lorg/gradle/internal/instantiation/ClassGenerator$GeneratedClass;+11
j  org.gradle.internal.instantiation.ParamsMatchingConstructorSelector$1.transform(Ljava/lang/Object;)Ljava/lang/Object;+5
j  org.gradle.cache.internal.DefaultCrossBuildInMemoryCacheFactory$AbstractCrossBuildInMemoryCache.get(Ljava/lang/Object;Lorg/gradle/api/Transformer;)Ljava/lang/Object;+26
j  org.gradle.internal.instantiation.ParamsMatchingConstructorSelector.forParams(Ljava/lang/Class;[Ljava/lang/Object;)Lorg/gradle/internal/instantiation/ClassGenerator$GeneratedConstructor;+14
j  org.gradle.internal.instantiation.DependencyInjectingInstantiator.newInstance(Ljava/lang/Class;[Ljava/lang/Object;)Ljava/lang/Object;+6
j  org.gradle.plugin.internal.PluginUsePluginServiceRegistry$BuildScopeServices.createPluginResolutionStrategy(Lorg/gradle/internal/reflect/Instantiator;Lorg/gradle/internal/event/ListenerManager;)Lorg/gradle/plugin/management/internal/PluginResolutionStrategyInternal;+11
v  ~StubRoutines::call_stub
j  sun.reflect.NativeMethodAccessorImpl.invoke0(Ljava/lang/reflect/Method;Ljava/lang/Object;[Ljava/lang/Object;)Ljava/lang/Object;+0
j  sun.reflect.NativeMethodAccessorImpl.invoke(Ljava/lang/Object;[Ljava/lang/Object;)Ljava/lang/Object;+100
J 1167 C1 sun.reflect.DelegatingMethodAccessorImpl.invoke(Ljava/lang/Object;[Ljava/lang/Object;)Ljava/lang/Object; (10 bytes) @ 0x00000000036e6044 [0x00000000036e5f40+0x104]
J 1166 C1 java.lang.reflect.Method.invoke(Ljava/lang/Object;[Ljava/lang/Object;)Ljava/lang/Object; (62 bytes) @ 0x00000000036e5a6c [0x00000000036e5680+0x3ec]
j  org.gradle.internal.reflect.JavaMethod.invoke(Ljava/lang/Object;[Ljava/lang/Object;)Ljava/lang/Object;+6
j  org.gradle.internal.service.ReflectionBasedServiceMethod.invoke(Ljava/lang/Object;[Ljava/lang/Object;)Ljava/lang/Object;+6
j  org.gradle.internal.service.DefaultServiceRegistry$FactoryMethodService.invokeMethod([Ljava/lang/Object;)Ljava/lang/Object;+9
j  org.gradle.internal.service.DefaultServiceRegistry$FactoryService.create()Ljava/lang/Object;+7
j  org.gradle.internal.service.DefaultServiceRegistry$ManagedObjectServiceProvider.getInstance()Ljava/lang/Object;+24
J 1518 C1 org.gradle.internal.service.DefaultServiceRegistry$SingletonService.get()Ljava/lang/Object; (5 bytes) @ 0x00000000037df0b4 [0x00000000037defc0+0xf4]
j  org.gradle.internal.service.DefaultServiceRegistry$FactoryService.assembleParameters()[Ljava/lang/Object;+44
j  org.gradle.internal.service.DefaultServiceRegistry$FactoryService.create()Ljava/lang/Object;+1
j  org.gradle.internal.service.DefaultServiceRegistry$ManagedObjectServiceProvider.getInstance()Ljava/lang/Object;+24
J 1518 C1 org.gradle.internal.service.DefaultServiceRegistry$SingletonService.get()Ljava/lang/Object; (5 bytes) @ 0x00000000037df0b4 [0x00000000037defc0+0xf4]
j  org.gradle.internal.service.DefaultServiceRegistry.find(Ljava/lang/reflect/Type;)Ljava/lang/Object;+22
j  org.gradle.internal.service.DefaultServiceRegistry.get(Ljava/lang/reflect/Type;)Ljava/lang/Object;+2
j  org.gradle.internal.service.DefaultServiceRegistry.get(Ljava/lang/Class;)Ljava/lang/Object;+3
j  org.gradle.internal.service.scopes.BuildScopeServices.defaultScriptPluginFactory()Lorg/gradle/configuration/DefaultScriptPluginFactory;+40
j  org.gradle.internal.service.scopes.BuildScopeServices.createScriptPluginFactory(Lorg/gradle/internal/instantiation/InstantiatorFactory;Lorg/gradle/internal/operations/BuildOperationExecutor;Lorg/gradle/configuration/internal/UserCodeApplicationContext;)Lorg/gradle/configuration/ScriptPluginFactory;+1
v  ~StubRoutines::call_stub
j  sun.reflect.NativeMethodAccessorImpl.invoke0(Ljava/lang/reflect/Method;Ljava/lang/Object;[Ljava/lang/Object;)Ljava/lang/Object;+0
j  sun.reflect.NativeMethodAccessorImpl.invoke(Ljava/lang/Object;[Ljava/lang/Object;)Ljava/lang/Object;+100
J 1167 C1 sun.reflect.DelegatingMethodAccessorImpl.invoke(Ljava/lang/Object;[Ljava/lang/Object;)Ljava/lang/Object; (10 bytes) @ 0x00000000036e6044 [0x00000000036e5f40+0x104]
J 1166 C1 java.lang.reflect.Method.invoke(Ljava/lang/Object;[Ljava/lang/Object;)Ljava/lang/Object; (62 bytes) @ 0x00000000036e5a6c [0x00000000036e5680+0x3ec]
j  org.gradle.internal.reflect.JavaMethod.invoke(Ljava/lang/Object;[Ljava/lang/Object;)Ljava/lang/Object;+6
j  org.gradle.internal.service.ReflectionBasedServiceMethod.invoke(Ljava/lang/Object;[Ljava/lang/Object;)Ljava/lang/Object;+6
j  org.gradle.internal.service.DefaultServiceRegistry$FactoryMethodService.invokeMethod([Ljava/lang/Object;)Ljava/lang/Object;+9
j  org.gradle.internal.service.DefaultServiceRegistry$FactoryService.create()Ljava/lang/Object;+7
j  org.gradle.internal.service.DefaultServiceRegistry$ManagedObjectServiceProvider.getInstance()Ljava/lang/Object;+24
j  org.gradle.internal.service.DefaultServiceRegistry$SingletonService.get()Ljava/lang/Object;+1
j  org.gradle.internal.service.DefaultServiceRegistry$FactoryService.assembleParameters()[Ljava/lang/Object;+44
j  org.gradle.internal.service.DefaultServiceRegistry$FactoryService.create()Ljava/lang/Object;+1
j  org.gradle.internal.service.DefaultServiceRegistry$ManagedObjectServiceProvider.getInstance()Ljava/lang/Object;+24
j  org.gradle.internal.service.DefaultServiceRegistry$SingletonService.get()Ljava/lang/Object;+1
j  org.gradle.internal.service.DefaultServiceRegistry$FactoryService.assembleParameters()[Ljava/lang/Object;+44
j  org.gradle.internal.service.DefaultServiceRegistry$FactoryService.create()Ljava/lang/Object;+1
j  org.gradle.internal.service.DefaultServiceRegistry$ManagedObjectServiceProvider.getInstance()Ljava/lang/Object;+24
j  org.gradle.internal.service.DefaultServiceRegistry$SingletonService.get()Ljava/lang/Object;+1
j  org.gradle.internal.service.DefaultServiceRegistry.find(Ljava/lang/reflect/Type;)Ljava/lang/Object;+22
j  org.gradle.internal.service.DefaultServiceRegistry.get(Ljava/lang/reflect/Type;)Ljava/lang/Object;+2
j  org.gradle.internal.service.DefaultServiceRegistry.get(Ljava/lang/Class;)Ljava/lang/Object;+3
j  org.gradle.initialization.DefaultGradleLauncherFactory.doNewInstance(Lorg/gradle/api/internal/BuildDefinition;Lorg/gradle/internal/build/BuildState;Lorg/gradle/initialization/GradleLauncher;Lorg/gradle/internal/service/scopes/BuildTreeScopeServices;Ljava/util/List;)Lorg/gradle/initialization/DefaultGradleLauncher;+231
j  org.gradle.initialization.DefaultGradleLauncherFactory.newInstance(Lorg/gradle/api/internal/BuildDefinition;Lorg/gradle/internal/build/RootBuildState;Lorg/gradle/internal/service/scopes/BuildTreeScopeServices;)Lorg/gradle/initialization/GradleLauncher;+33
j  org.gradle.composite.internal.DefaultRootBuildState.<init>(Lorg/gradle/api/internal/BuildDefinition;Lorg/gradle/initialization/GradleLauncherFactory;Lorg/gradle/internal/event/ListenerManager;Lorg/gradle/internal/service/scopes/BuildTreeScopeServices;)V+15
j  org.gradle.composite.internal.DefaultIncludedBuildRegistry.createRootBuild(Lorg/gradle/api/internal/BuildDefinition;)Lorg/gradle/internal/build/RootBuildState;+35
j  org.gradle.launcher.exec.InProcessBuildActionExecuter.execute(Lorg/gradle/internal/invocation/BuildAction;Lorg/gradle/initialization/BuildRequestContext;Lorg/gradle/launcher/exec/BuildActionParameters;Lorg/gradle/internal/service/ServiceRegistry;)Lorg/gradle/launcher/exec/BuildActionResult;+61
j  org.gradle.launcher.exec.InProcessBuildActionExecuter.execute(Lorg/gradle/internal/invocation/BuildAction;Lorg/gradle/initialization/BuildRequestContext;Ljava/lang/Object;Lorg/gradle/internal/service/ServiceRegistry;)Lorg/gradle/launcher/exec/BuildActionResult;+9
j  org.gradle.launcher.exec.BuildTreeScopeBuildActionExecuter.execute(Lorg/gradle/internal/invocation/BuildAction;Lorg/gradle/initialization/BuildRequestContext;Lorg/gradle/launcher/exec/BuildActionParameters;Lorg/gradle/internal/service/ServiceRegistry;)Lorg/gradle/launcher/exec/BuildActionResult;+38
j  org.gradle.launcher.exec.BuildTreeScopeBuildActionExecuter.execute(Lorg/gradle/internal/invocation/BuildAction;Lorg/gradle/initialization/BuildRequestContext;Ljava/lang/Object;Lorg/gradle/internal/service/ServiceRegistry;)Lorg/gradle/launcher/exec/BuildActionResult;+9
j  org.gradle.tooling.internal.provider.ContinuousBuildActionExecuter.execute(Lorg/gradle/internal/invocation/BuildAction;Lorg/gradle/initialization/BuildRequestContext;Lorg/gradle/launcher/exec/BuildActionParameters;Lorg/gradle/internal/service/ServiceRegistry;)Lorg/gradle/launcher/exec/BuildActionResult;+58
j  org.gradle.tooling.internal.provider.ContinuousBuildActionExecuter.execute(Lorg/gradle/internal/invocation/BuildAction;Lorg/gradle/initialization/BuildRequestContext;Ljava/lang/Object;Lorg/gradle/internal/service/ServiceRegistry;)Lorg/gradle/launcher/exec/BuildActionResult;+9
j  org.gradle.tooling.internal.provider.SubscribableBuildActionExecuter.execute(Lorg/gradle/internal/invocation/BuildAction;Lorg/gradle/initialization/BuildRequestContext;Lorg/gradle/launcher/exec/BuildActionParameters;Lorg/gradle/internal/service/ServiceRegistry;)Lorg/gradle/launcher/exec/BuildActionResult;+45
j  org.gradle.tooling.internal.provider.SubscribableBuildActionExecuter.execute(Lorg/gradle/internal/invocation/BuildAction;Lorg/gradle/initialization/BuildRequestContext;Ljava/lang/Object;Lorg/gradle/internal/service/ServiceRegistry;)Lorg/gradle/launcher/exec/BuildActionResult;+9
j  org.gradle.tooling.internal.provider.SessionScopeBuildActionExecuter.execute(Lorg/gradle/internal/invocation/BuildAction;Lorg/gradle/initialization/BuildRequestContext;Lorg/gradle/launcher/exec/BuildActionParameters;Lorg/gradle/internal/service/ServiceRegistry;)Lorg/gradle/launcher/exec/BuildActionResult;+117
j  org.gradle.tooling.internal.provider.SessionScopeBuildActionExecuter.execute(Lorg/gradle/internal/invocation/BuildAction;Lorg/gradle/initialization/BuildRequestContext;Ljava/lang/Object;Lorg/gradle/internal/service/ServiceRegistry;)Lorg/gradle/launcher/exec/BuildActionResult;+9
j  org.gradle.tooling.internal.provider.GradleThreadBuildActionExecuter.execute(Lorg/gradle/internal/invocation/BuildAction;Lorg/gradle/initialization/BuildRequestContext;Lorg/gradle/launcher/exec/BuildActionParameters;Lorg/gradle/internal/service/ServiceRegistry;)Lorg/gradle/launcher/exec/BuildActionResult;+12
j  org.gradle.tooling.internal.provider.GradleThreadBuildActionExecuter.execute(Lorg/gradle/internal/invocation/BuildAction;Lorg/gradle/initialization/BuildRequestContext;Ljava/lang/Object;Lorg/gradle/internal/service/ServiceRegistry;)Lorg/gradle/launcher/exec/BuildActionResult;+9
j  org.gradle.tooling.internal.provider.ParallelismConfigurationBuildActionExecuter.execute(Lorg/gradle/internal/invocation/BuildAction;Lorg/gradle/initialization/BuildRequestContext;Lorg/gradle/launcher/exec/BuildActionParameters;Lorg/gradle/internal/service/ServiceRegistry;)Lorg/gradle/launcher/exec/BuildActionResult;+43
j  org.gradle.tooling.internal.provider.ParallelismConfigurationBuildActionExecuter.execute(Lorg/gradle/internal/invocation/BuildAction;Lorg/gradle/initialization/BuildRequestContext;Ljava/lang/Object;Lorg/gradle/internal/service/ServiceRegistry;)Lorg/gradle/launcher/exec/BuildActionResult;+9
j  org.gradle.tooling.internal.provider.StartParamsValidatingActionExecuter.execute(Lorg/gradle/internal/invocation/BuildAction;Lorg/gradle/initialization/BuildRequestContext;Lorg/gradle/launcher/exec/BuildActionParameters;Lorg/gradle/internal/service/ServiceRegistry;)Lorg/gradle/launcher/exec/BuildActionResult;+177
j  org.gradle.tooling.internal.provider.StartParamsValidatingActionExecuter.execute(Lorg/gradle/internal/invocation/BuildAction;Lorg/gradle/initialization/BuildRequestContext;Ljava/lang/Object;Lorg/gradle/internal/service/ServiceRegistry;)Lorg/gradle/launcher/exec/BuildActionResult;+9
j  org.gradle.tooling.internal.provider.SessionFailureReportingActionExecuter.execute(Lorg/gradle/internal/invocation/BuildAction;Lorg/gradle/initialization/BuildRequestContext;Lorg/gradle/launcher/exec/BuildActionParameters;Lorg/gradle/internal/service/ServiceRegistry;)Lorg/gradle/launcher/exec/BuildActionResult;+9
j  org.gradle.tooling.internal.provider.SessionFailureReportingActionExecuter.execute(Lorg/gradle/internal/invocation/BuildAction;Lorg/gradle/initialization/BuildRequestContext;Ljava/lang/Object;Lorg/gradle/internal/service/ServiceRegistry;)Lorg/gradle/launcher/exec/BuildActionResult;+9
j  org.gradle.tooling.internal.provider.SetupLoggingActionExecuter.execute(Lorg/gradle/internal/invocation/BuildAction;Lorg/gradle/initialization/BuildRequestContext;Lorg/gradle/launcher/exec/BuildActionParameters;Lorg/gradle/internal/service/ServiceRegistry;)Lorg/gradle/launcher/exec/BuildActionResult;+52
j  org.gradle.tooling.internal.provider.SetupLoggingActionExecuter.execute(Lorg/gradle/internal/invocation/BuildAction;Lorg/gradle/initialization/BuildRequestContext;Ljava/lang/Object;Lorg/gradle/internal/service/ServiceRegistry;)Lorg/gradle/launcher/exec/BuildActionResult;+9
j  org.gradle.launcher.daemon.server.exec.ExecuteBuild.doBuild(Lorg/gradle/launcher/daemon/server/api/DaemonCommandExecution;Lorg/gradle/launcher/daemon/protocol/Build;)V+118
j  org.gradle.launcher.daemon.server.exec.BuildCommandOnly.execute(Lorg/gradle/launcher/daemon/server/api/DaemonCommandExecution;)V+49
j  org.gradle.launcher.daemon.server.api.DaemonCommandExecution.proceed()Z+23
j  org.gradle.launcher.daemon.server.exec.WatchForDisconnection.execute(Lorg/gradle/launcher/daemon/server/api/DaemonCommandExecution;)V+19
j  org.gradle.launcher.daemon.server.api.DaemonCommandExecution.proceed()Z+23
j  org.gradle.launcher.daemon.server.exec.ResetDeprecationLogger.execute(Lorg/gradle/launcher/daemon/server/api/DaemonCommandExecution;)V+4
j  org.gradle.launcher.daemon.server.api.DaemonCommandExecution.proceed()Z+23
j  org.gradle.launcher.daemon.server.exec.RequestStopIfSingleUsedDaemon.execute(Lorg/gradle/launcher/daemon/server/api/DaemonCommandExecution;)V+33
j  org.gradle.launcher.daemon.server.api.DaemonCommandExecution.proceed()Z+23
j  org.gradle.launcher.daemon.server.exec.ForwardClientInput$2.create()Ljava/lang/Void;+4
j  org.gradle.launcher.daemon.server.exec.ForwardClientInput$2.create()Ljava/lang/Object;+1
j  org.gradle.util.Swapper.swap(Ljava/lang/Object;Lorg/gradle/internal/Factory;)Ljava/lang/Object;+21
j  org.gradle.launcher.daemon.server.exec.ForwardClientInput.execute(Lorg/gradle/launcher/daemon/server/api/DaemonCommandExecution;)V+63
j  org.gradle.launcher.daemon.server.api.DaemonCommandExecution.proceed()Z+23
j  org.gradle.launcher.daemon.server.exec.LogAndCheckHealth.execute(Lorg/gradle/launcher/daemon/server/api/DaemonCommandExecution;)V+28
j  org.gradle.launcher.daemon.server.api.DaemonCommandExecution.proceed()Z+23
j  org.gradle.launcher.daemon.server.exec.LogToClient.doBuild(Lorg/gradle/launcher/daemon/server/api/DaemonCommandExecution;Lorg/gradle/launcher/daemon/protocol/Build;)V+87
j  org.gradle.launcher.daemon.server.exec.BuildCommandOnly.execute(Lorg/gradle/launcher/daemon/server/api/DaemonCommandExecution;)V+49
j  org.gradle.launcher.daemon.server.api.DaemonCommandExecution.proceed()Z+23
j  org.gradle.launcher.daemon.server.exec.EstablishBuildEnvironment.doBuild(Lorg/gradle/launcher/daemon/server/api/DaemonCommandExecution;Lorg/gradle/launcher/daemon/protocol/Build;)V+351
j  org.gradle.launcher.daemon.server.exec.BuildCommandOnly.execute(Lorg/gradle/launcher/daemon/server/api/DaemonCommandExecution;)V+49
j  org.gradle.launcher.daemon.server.api.DaemonCommandExecution.proceed()Z+23
j  org.gradle.launcher.daemon.server.exec.StartBuildOrRespondWithBusy$1.run()V+44
j  org.gradle.launcher.daemon.server.DaemonStateCoordinator$1.run()V+4
j  org.gradle.internal.concurrent.ExecutorPolicy$CatchAndRecordFailures.onExecute(Ljava/lang/Runnable;)V+1
j  org.gradle.internal.concurrent.ManagedExecutorImpl$1.run()V+25
j  java.util.concurrent.ThreadPoolExecutor.runWorker(Ljava/util/concurrent/ThreadPoolExecutor$Worker;)V+95
j  java.util.concurrent.ThreadPoolExecutor$Worker.run()V+5
j  org.gradle.internal.concurrent.ThreadFactoryImpl$ManagedThreadRunnable.run()V+7
j  java.lang.Thread.run()V+11
v  ~StubRoutines::call_stub

---------------  P R O C E S S  ---------------

Java Threads: ( => current thread )
  0x00000000188a1800 JavaThread "Cache worker for journal cache (C:\Users\Almas\.gradle\caches\journal-1)" [_thread_blocked, id=8852, stack(0x000000001c9a0000,0x000000001caa0000)]
  0x000000001889d000 JavaThread "File lock request listener" [_thread_in_native, id=7552, stack(0x000000001c8a0000,0x000000001c9a0000)]
  0x00000000188a2000 JavaThread "Cache worker for file hash cache (C:\Users\Almas\.gradle\caches\5.6.4\fileHashes)" [_thread_blocked, id=10008, stack(0x000000001c5a0000,0x000000001c6a0000)]
  0x000000001a66e800 JavaThread "Thread-9" [_thread_blocked, id=9676, stack(0x000000001c4a0000,0x000000001c5a0000)]
  0x000000001a66b000 JavaThread "Stdin handler" [_thread_blocked, id=12944, stack(0x000000001c3a0000,0x000000001c4a0000)]
  0x000000001a668800 JavaThread "Asynchronous log dispatcher for DefaultDaemonConnection: socket connection from /127.0.0.1:52468 to /127.0.0.1:52469" [_thread_blocked, id=6760, stack(0x000000001c2a0000,0x000000001c3a0000)]
=>0x000000001a667800 JavaThread "Daemon worker" [_thread_in_vm, id=8248, stack(0x000000001c1a0000,0x000000001c2a0000)]
  0x000000001a633000 JavaThread "Cancel handler" [_thread_blocked, id=6644, stack(0x000000001c0a0000,0x000000001c1a0000)]
  0x000000001a617800 JavaThread "Handler for socket connection from /127.0.0.1:52468 to /127.0.0.1:52469" [_thread_in_native, id=10640, stack(0x000000001bda0000,0x000000001bea0000)]
  0x000000001a610800 JavaThread "Daemon" [_thread_blocked, id=13192, stack(0x000000001bca0000,0x000000001bda0000)]
  0x000000001a5ea800 JavaThread "Daemon periodic checks" [_thread_blocked, id=8876, stack(0x000000001bba0000,0x000000001bca0000)]
  0x000000001a59e800 JavaThread "Incoming local TCP Connector on port 52468" [_thread_in_native, id=820, stack(0x000000001b960000,0x000000001ba60000)]
  0x0000000018799800 JavaThread "Daemon health stats" [_thread_blocked, id=9680, stack(0x000000001b320000,0x000000001b420000)]
  0x00000000185a8800 JavaThread "Service Thread" daemon [_thread_blocked, id=5476, stack(0x0000000018980000,0x0000000018a80000)]
  0x0000000016c19800 JavaThread "C1 CompilerThread2" daemon [_thread_blocked, id=7328, stack(0x0000000018480000,0x0000000018580000)]
  0x0000000016c11000 JavaThread "C2 CompilerThread1" daemon [_thread_in_native, id=12204, stack(0x0000000018380000,0x0000000018480000)]
  0x0000000016c17800 JavaThread "C2 CompilerThread0" daemon [_thread_in_native, id=8708, stack(0x0000000018280000,0x0000000018380000)]
  0x0000000016c16000 JavaThread "Attach Listener" daemon [_thread_blocked, id=6664, stack(0x0000000018180000,0x0000000018280000)]
  0x0000000016c14800 JavaThread "Signal Dispatcher" daemon [_thread_blocked, id=3976, stack(0x0000000018080000,0x0000000018180000)]
  0x000000000329b000 JavaThread "Finalizer" daemon [_thread_blocked, id=7296, stack(0x0000000017e80000,0x0000000017f80000)]
  0x0000000016bf9000 JavaThread "Reference Handler" daemon [_thread_blocked, id=2204, stack(0x0000000017d80000,0x0000000017e80000)]
  0x000000000306d800 JavaThread "main" [_thread_blocked, id=12756, stack(0x0000000003070000,0x0000000003170000)]

Other Threads:
  0x0000000016bd6000 VMThread [stack: 0x0000000017c80000,0x0000000017d80000] [id=7092]
  0x0000000016c6e000 WatcherThread [stack: 0x0000000018a80000,0x0000000018b80000] [id=6076]

VM state:not at safepoint (normal execution)

VM Mutex/Monitor currently owned by a thread: None

heap address: 0x00000000a0000000, size: 1536 MB, Compressed Oops mode: 32-bit
Narrow klass base: 0x0000000000000000, Narrow klass shift: 3
Compressed class space size: 1073741824 Address: 0x0000000100000000

Heap:
 PSYoungGen      total 38400K, used 21683K [0x00000000e0000000, 0x00000000e4b00000, 0x0000000100000000)
  eden space 33280K, 49% used [0x00000000e0000000,0x00000000e102f1d8,0x00000000e2080000)
  from space 5120K, 99% used [0x00000000e2580000,0x00000000e2a7dcd0,0x00000000e2a80000)
  to   space 5120K, 0% used [0x00000000e2080000,0x00000000e2080000,0x00000000e2580000)
 ParOldGen       total 87552K, used 3794K [0x00000000a0000000, 0x00000000a5580000, 0x00000000e0000000)
  object space 87552K, 4% used [0x00000000a0000000,0x00000000a03b4940,0x00000000a5580000)
 Metaspace       used 16563K, capacity 17038K, committed 17408K, reserved 1064960K
  class space    used 2335K, capacity 2467K, committed 2560K, reserved 1048576K

Card table byte_map: [0x0000000012660000,0x0000000012970000] byte_map_base: 0x0000000012160000

Marking Bits: (ParMarkBitMap*) 0x0000000060459f30
 Begin Bits: [0x0000000012f70000, 0x0000000014770000)
 End Bits:   [0x0000000014770000, 0x0000000015f70000)

Polling page: 0x00000000019c0000

CodeCache: size=245760Kb used=5499Kb max_used=5499Kb free=240260Kb
 bounds [0x00000000032a0000, 0x0000000003810000, 0x00000000122a0000]
 total_blobs=1982 nmethods=1583 adapters=312
 compilation: enabled

Compilation events (10 events):
Event: 4.671 Thread 0x0000000016c19800 1585       3       java.lang.Class::forName (53 bytes)
Event: 4.672 Thread 0x0000000016c19800 nmethod 1585 0x00000000037fca10 code [0x00000000037fcbc0, 0x00000000037fd268]
Event: 4.672 Thread 0x0000000016c19800 1586       3       java.lang.reflect.Constructor::setConstructorAccessor (21 bytes)
Event: 4.672 Thread 0x0000000016c19800 nmethod 1586 0x00000000037fd490 code [0x00000000037fd600, 0x00000000037fd9a8]
Event: 4.672 Thread 0x0000000016c19800 1587       3       sun.misc.ProxyGenerator$ConstantPool::getMethodRef (33 bytes)
Event: 4.674 Thread 0x0000000016c19800 nmethod 1587 0x00000000037fdad0 code [0x00000000037fdd60, 0x00000000037feb08]
Event: 4.674 Thread 0x0000000016c19800 1588       3       sun.misc.ProxyGenerator::access$900 (5 bytes)
Event: 4.674 Thread 0x0000000016c19800 nmethod 1588 0x00000000037ff610 code [0x00000000037ff780, 0x00000000037ff9e8]
Event: 4.681 Thread 0x0000000016c19800 1589       3       java.util.concurrent.locks.AbstractQueuedSynchronizer::isOnSyncQueue (33 bytes)
Event: 4.681 Thread 0x0000000016c19800 nmethod 1589 0x00000000037ffad0 code [0x00000000037ffc40, 0x00000000037fffd0]

GC Heap History (8 events):
Event: 1.394 GC heap before
{Heap before GC invocations=1 (full 0):
 PSYoungGen      total 38400K, used 33280K [0x00000000e0000000, 0x00000000e2a80000, 0x0000000100000000)
  eden space 33280K, 100% used [0x00000000e0000000,0x00000000e2080000,0x00000000e2080000)
  from space 5120K, 0% used [0x00000000e2580000,0x00000000e2580000,0x00000000e2a80000)
  to   space 5120K, 0% used [0x00000000e2080000,0x00000000e2080000,0x00000000e2580000)
 ParOldGen       total 87552K, used 0K [0x00000000a0000000, 0x00000000a5580000, 0x00000000e0000000)
  object space 87552K, 0% used [0x00000000a0000000,0x00000000a0000000,0x00000000a5580000)
 Metaspace       used 6716K, capacity 6896K, committed 7040K, reserved 1056768K
  class space    used 817K, capacity 876K, committed 896K, reserved 1048576K
Event: 1.403 GC heap after
Heap after GC invocations=1 (full 0):
 PSYoungGen      total 38400K, used 4235K [0x00000000e0000000, 0x00000000e2a80000, 0x0000000100000000)
  eden space 33280K, 0% used [0x00000000e0000000,0x00000000e0000000,0x00000000e2080000)
  from space 5120K, 82% used [0x00000000e2080000,0x00000000e24a2d28,0x00000000e2580000)
  to   space 5120K, 0% used [0x00000000e2580000,0x00000000e2580000,0x00000000e2a80000)
 ParOldGen       total 87552K, used 8K [0x00000000a0000000, 0x00000000a5580000, 0x00000000e0000000)
  object space 87552K, 0% used [0x00000000a0000000,0x00000000a0002000,0x00000000a5580000)
 Metaspace       used 6716K, capacity 6896K, committed 7040K, reserved 1056768K
  class space    used 817K, capacity 876K, committed 896K, reserved 1048576K
}
Event: 1.826 GC heap before
{Heap before GC invocations=2 (full 0):
 PSYoungGen      total 38400K, used 37515K [0x00000000e0000000, 0x00000000e2a80000, 0x0000000100000000)
  eden space 33280K, 100% used [0x00000000e0000000,0x00000000e2080000,0x00000000e2080000)
  from space 5120K, 82% used [0x00000000e2080000,0x00000000e24a2d28,0x00000000e2580000)
  to   space 5120K, 0% used [0x00000000e2580000,0x00000000e2580000,0x00000000e2a80000)
 ParOldGen       total 87552K, used 8K [0x00000000a0000000, 0x00000000a5580000, 0x00000000e0000000)
  object space 87552K, 0% used [0x00000000a0000000,0x00000000a0002000,0x00000000a5580000)
 Metaspace       used 7062K, capacity 7210K, committed 7424K, reserved 1056768K
  class space    used 873K, capacity 917K, committed 1024K, reserved 1048576K
Event: 1.830 GC heap after
Heap after GC invocations=2 (full 0):
 PSYoungGen      total 38400K, used 3373K [0x00000000e0000000, 0x00000000e2a80000, 0x0000000100000000)
  eden space 33280K, 0% used [0x00000000e0000000,0x00000000e0000000,0x00000000e2080000)
  from space 5120K, 65% used [0x00000000e2580000,0x00000000e28cb6d0,0x00000000e2a80000)
  to   space 5120K, 0% used [0x00000000e2080000,0x00000000e2080000,0x00000000e2580000)
 ParOldGen       total 87552K, used 16K [0x00000000a0000000, 0x00000000a5580000, 0x00000000e0000000)
  object space 87552K, 0% used [0x00000000a0000000,0x00000000a0004000,0x00000000a5580000)
 Metaspace       used 7062K, capacity 7210K, committed 7424K, reserved 1056768K
  class space    used 873K, capacity 917K, committed 1024K, reserved 1048576K
}
Event: 3.330 GC heap before
{Heap before GC invocations=3 (full 0):
 PSYoungGen      total 38400K, used 36653K [0x00000000e0000000, 0x00000000e2a80000, 0x0000000100000000)
  eden space 33280K, 100% used [0x00000000e0000000,0x00000000e2080000,0x00000000e2080000)
  from space 5120K, 65% used [0x00000000e2580000,0x00000000e28cb6d0,0x00000000e2a80000)
  to   space 5120K, 0% used [0x00000000e2080000,0x00000000e2080000,0x00000000e2580000)
 ParOldGen       total 87552K, used 16K [0x00000000a0000000, 0x00000000a5580000, 0x00000000e0000000)
  object space 87552K, 0% used [0x00000000a0000000,0x00000000a0004000,0x00000000a5580000)
 Metaspace       used 12464K, capacity 12858K, committed 13184K, reserved 1060864K
  class space    used 1680K, capacity 1835K, committed 1920K, reserved 1048576K
Event: 3.342 GC heap after
Heap after GC invocations=3 (full 0):
 PSYoungGen      total 38400K, used 5104K [0x00000000e0000000, 0x00000000e2a80000, 0x0000000100000000)
  eden space 33280K, 0% used [0x00000000e0000000,0x00000000e0000000,0x00000000e2080000)
  from space 5120K, 99% used [0x00000000e2080000,0x00000000e257c010,0x00000000e2580000)
  to   space 5120K, 0% used [0x00000000e2580000,0x00000000e2580000,0x00000000e2a80000)
 ParOldGen       total 87552K, used 1480K [0x00000000a0000000, 0x00000000a5580000, 0x00000000e0000000)
  object space 87552K, 1% used [0x00000000a0000000,0x00000000a01723e0,0x00000000a5580000)
 Metaspace       used 12464K, capacity 12858K, committed 13184K, reserved 1060864K
  class space    used 1680K, capacity 1835K, committed 1920K, reserved 1048576K
}
Event: 4.054 GC heap before
{Heap before GC invocations=4 (full 0):
 PSYoungGen      total 38400K, used 38384K [0x00000000e0000000, 0x00000000e2a80000, 0x0000000100000000)
  eden space 33280K, 100% used [0x00000000e0000000,0x00000000e2080000,0x00000000e2080000)
  from space 5120K, 99% used [0x00000000e2080000,0x00000000e257c010,0x00000000e2580000)
  to   space 5120K, 0% used [0x00000000e2580000,0x00000000e2580000,0x00000000e2a80000)
 ParOldGen       total 87552K, used 1480K [0x00000000a0000000, 0x00000000a5580000, 0x00000000e0000000)
  object space 87552K, 1% used [0x00000000a0000000,0x00000000a01723e0,0x00000000a5580000)
 Metaspace       used 14717K, capacity 15142K, committed 15360K, reserved 1062912K
  class space    used 2059K, capacity 2193K, committed 2304K, reserved 1048576K
Event: 4.084 GC heap after
Heap after GC invocations=4 (full 0):
 PSYoungGen      total 38400K, used 5111K [0x00000000e0000000, 0x00000000e4b00000, 0x0000000100000000)
  eden space 33280K, 0% used [0x00000000e0000000,0x00000000e0000000,0x00000000e2080000)
  from space 5120K, 99% used [0x00000000e2580000,0x00000000e2a7dcd0,0x00000000e2a80000)
  to   space 5120K, 0% used [0x00000000e2080000,0x00000000e2080000,0x00000000e2580000)
 ParOldGen       total 87552K, used 3794K [0x00000000a0000000, 0x00000000a5580000, 0x00000000e0000000)
  object space 87552K, 4% used [0x00000000a0000000,0x00000000a03b4940,0x00000000a5580000)
 Metaspace       used 14717K, capacity 15142K, committed 15360K, reserved 1062912K
  class space    used 2059K, capacity 2193K, committed 2304K, reserved 1048576K
}

Deoptimization events (10 events):
Event: 3.075 Thread 0x000000001a617800 Uncommon trap: reason=unstable_if action=reinterpret pc=0x0000000003687df0 method=java.util.concurrent.ConcurrentHashMap.putVal(Ljava/lang/Object;Ljava/lang/Object;Z)Ljava/lang/Object; @ 206
Event: 3.193 Thread 0x000000001a667800 Uncommon trap: reason=bimorphic action=maybe_recompile pc=0x0000000003533270 method=java.util.HashMap.putVal(ILjava/lang/Object;Ljava/lang/Object;ZZ)Ljava/lang/Object; @ 253
Event: 3.193 Thread 0x000000001a667800 Uncommon trap: reason=bimorphic action=maybe_recompile pc=0x0000000003533270 method=java.util.HashMap.putVal(ILjava/lang/Object;Ljava/lang/Object;ZZ)Ljava/lang/Object; @ 253
Event: 3.193 Thread 0x000000001a667800 Uncommon trap: reason=bimorphic action=maybe_recompile pc=0x0000000003533270 method=java.util.HashMap.putVal(ILjava/lang/Object;Ljava/lang/Object;ZZ)Ljava/lang/Object; @ 253
Event: 3.580 Thread 0x000000001a667800 Uncommon trap: reason=class_check action=maybe_recompile pc=0x000000000357e3d8 method=java.util.regex.Matcher.match(II)Z @ 86
Event: 3.603 Thread 0x000000001a667800 Uncommon trap: reason=class_check action=maybe_recompile pc=0x000000000357e3d8 method=java.util.regex.Matcher.match(II)Z @ 86
Event: 3.603 Thread 0x000000001a667800 Uncommon trap: reason=class_check action=maybe_recompile pc=0x000000000357e3d8 method=java.util.regex.Matcher.match(II)Z @ 86
Event: 3.603 Thread 0x000000001a667800 Uncommon trap: reason=class_check action=maybe_recompile pc=0x000000000352e19c method=java.util.regex.Matcher.match(II)Z @ 86
Event: 4.423 Thread 0x000000001a667800 Uncommon trap: reason=unstable_if action=reinterpret pc=0x0000000003733db4 method=java.lang.String.lastIndexOf([CII[CIII)I @ 66
Event: 4.654 Thread 0x000000001a667800 Uncommon trap: reason=unstable_if action=reinterpret pc=0x000000000373a324 method=java.util.HashMap.putVal(ILjava/lang/Object;Ljava/lang/Object;ZZ)Ljava/lang/Object; @ 236

Classes redefined (0 events):
No events

Internal exceptions (10 events):
Event: 3.097 Thread 0x000000001a617800 Exception <a 'java/lang/NoSuchMethodError': <clinit>> (0x00000000e17ee138) thrown at [D:\src\AOSP-openjdk-cygwin\jdk8u\hotspot\src\share\vm\prims\jni.cpp, line 1614]
Event: 3.099 Thread 0x000000001a617800 Exception <a 'java/lang/NoSuchMethodError': <clinit>> (0x00000000e17f6dc8) thrown at [D:\src\AOSP-openjdk-cygwin\jdk8u\hotspot\src\share\vm\prims\jni.cpp, line 1614]
Event: 3.102 Thread 0x000000001a617800 Exception <a 'java/lang/NoSuchMethodError': <clinit>> (0x00000000e180d3b0) thrown at [D:\src\AOSP-openjdk-cygwin\jdk8u\hotspot\src\share\vm\prims\jni.cpp, line 1614]
Event: 3.118 Thread 0x000000001a617800 Exception <a 'java/lang/NoSuchMethodError': <clinit>> (0x00000000e186b440) thrown at [D:\src\AOSP-openjdk-cygwin\jdk8u\hotspot\src\share\vm\prims\jni.cpp, line 1614]
Event: 3.128 Thread 0x000000001a617800 Exception <a 'java/lang/NoSuchMethodError': <clinit>> (0x00000000e1898110) thrown at [D:\src\AOSP-openjdk-cygwin\jdk8u\hotspot\src\share\vm\prims\jni.cpp, line 1614]
Event: 3.144 Thread 0x000000001a617800 Exception <a 'java/lang/NoSuchMethodError': <clinit>> (0x00000000e18c63d8) thrown at [D:\src\AOSP-openjdk-cygwin\jdk8u\hotspot\src\share\vm\prims\jni.cpp, line 1614]
Event: 3.150 Thread 0x000000001a617800 Exception <a 'java/lang/NoSuchMethodError': <clinit>> (0x00000000e18d17e0) thrown at [D:\src\AOSP-openjdk-cygwin\jdk8u\hotspot\src\share\vm\prims\jni.cpp, line 1614]
Event: 4.292 Thread 0x000000001a667800 Exception <a 'java/lang/NoSuchMethodError': java.lang.Object.lambda$and$0(Ljava/util/function/Predicate;Ljava/lang/Object;)Z> (0x00000000e0453970) thrown at [D:\src\AOSP-openjdk-cygwin\jdk8u\hotspot\src\share\vm\interpreter\linkResolver.cpp, line 620]
Event: 4.330 Thread 0x000000001a667800 Exception <a 'java/lang/IncompatibleClassChangeError': Found class java.lang.Object, but interface was expected> (0x00000000e0469c60) thrown at [D:\src\AOSP-openjdk-cygwin\jdk8u\hotspot\src\share\vm\interpreter\linkResolver.cpp, line 653]
Event: 4.343 Thread 0x000000001a667800 Exception <a 'java/lang/NoSuchMethodError': java.lang.Object.lambda$or$2(Ljava/util/function/Predicate;Ljava/lang/Object;)Z> (0x00000000e046eb70) thrown at [D:\src\AOSP-openjdk-cygwin\jdk8u\hotspot\src\share\vm\interpreter\linkResolver.cpp, line 620]

Events (10 events):
Event: 4.738 loading class org/gradle/internal/instantiation/AsmBackedClassGenerator$ClassBuilderImpl$9
Event: 4.738 loading class org/gradle/internal/instantiation/AsmBackedClassGenerator$ClassBuilderImpl$9 done
Event: 4.738 loading class org/gradle/internal/instantiation/AsmBackedClassGenerator$ClassBuilderImpl$10
Event: 4.738 loading class org/gradle/internal/instantiation/AsmBackedClassGenerator$ClassBuilderImpl$10 done
Event: 4.739 loading class com/google/common/collect/LinkedHashMultimap$ValueSet
Event: 4.739 loading class com/google/common/collect/LinkedHashMultimap$ValueSet done
Event: 4.740 loading class com/google/common/collect/Sets$ImprovedAbstractSet
Event: 4.740 loading class com/google/common/collect/Sets$ImprovedAbstractSet done
Event: 4.741 loading class com/google/common/collect/AbstractMapBasedMultimap$WrappedSet
Event: 4.741 loading class com/google/common/collect/AbstractMapBasedMultimap$WrappedSet done


Dynamic libraries:
0x00007ff620070000 - 0x00007ff6200a1000 	C:\Program Files\Android\Android Studio\jre\bin\java.exe
0x00007ffa1d440000 - 0x00007ffa1d630000 	C:\WINDOWS\SYSTEM32\ntdll.dll
0x00007ffa1c3b0000 - 0x00007ffa1c462000 	C:\WINDOWS\System32\KERNEL32.DLL
0x00007ffa1a860000 - 0x00007ffa1ab03000 	C:\WINDOWS\System32\KERNELBASE.dll
0x00007ffa1b500000 - 0x00007ffa1b5a3000 	C:\WINDOWS\System32\ADVAPI32.dll
0x00007ffa1c470000 - 0x00007ffa1c50e000 	C:\WINDOWS\System32\msvcrt.dll
0x00007ffa1cdf0000 - 0x00007ffa1ce87000 	C:\WINDOWS\System32\sechost.dll
0x00007ffa1b620000 - 0x00007ffa1b740000 	C:\WINDOWS\System32\RPCRT4.dll
0x00007ffa1b740000 - 0x00007ffa1b8d4000 	C:\WINDOWS\System32\USER32.dll
0x00007ffa1a3d0000 - 0x00007ffa1a3f1000 	C:\WINDOWS\System32\win32u.dll
0x00007ffa1c320000 - 0x00007ffa1c346000 	C:\WINDOWS\System32\GDI32.dll
0x00007ffa1a550000 - 0x00007ffa1a6e4000 	C:\WINDOWS\System32\gdi32full.dll
0x00007ffa1ab10000 - 0x00007ffa1abae000 	C:\WINDOWS\System32\msvcp_win.dll
0x00007ffa1a450000 - 0x00007ffa1a54a000 	C:\WINDOWS\System32\ucrtbase.dll
0x00007ffa19810000 - 0x00007ffa19a95000 	C:\WINDOWS\WinSxS\amd64_microsoft.windows.common-controls_6595b64144ccf1df_6.0.18362.720_none_e6beb5c51314836b\COMCTL32.dll
0x00007ffa1c590000 - 0x00007ffa1c8c6000 	C:\WINDOWS\System32\combase.dll
0x00007ffa1ac40000 - 0x00007ffa1acc0000 	C:\WINDOWS\System32\bcryptPrimitives.dll
0x00007ffa1c8d0000 - 0x00007ffa1c8fe000 	C:\WINDOWS\System32\IMM32.DLL
0x000000005fab0000 - 0x000000005fb82000 	C:\Program Files\Android\Android Studio\jre\jre\bin\msvcr100.dll
0x000000005fc90000 - 0x00000000604d6000 	C:\Program Files\Android\Android Studio\jre\jre\bin\server\jvm.dll
0x00007ffa1b990000 - 0x00007ffa1b998000 	C:\WINDOWS\System32\PSAPI.DLL
0x00007ffa18990000 - 0x00007ffa18999000 	C:\WINDOWS\SYSTEM32\WSOCK32.dll
0x00007ffa1c520000 - 0x00007ffa1c58f000 	C:\WINDOWS\System32\WS2_32.dll
0x00007ffa162a0000 - 0x00007ffa162c4000 	C:\WINDOWS\SYSTEM32\WINMM.dll
0x00007ffa17fd0000 - 0x00007ffa17fda000 	C:\WINDOWS\SYSTEM32\VERSION.dll
0x00007ffa16270000 - 0x00007ffa1629d000 	C:\WINDOWS\SYSTEM32\WINMMBASE.dll
0x00007ffa1a400000 - 0x00007ffa1a44a000 	C:\WINDOWS\System32\cfgmgr32.dll
0x00007ffa18700000 - 0x00007ffa1870f000 	C:\Program Files\Android\Android Studio\jre\jre\bin\verify.dll
0x00007ffa12430000 - 0x00007ffa12459000 	C:\Program Files\Android\Android Studio\jre\jre\bin\java.dll
0x00007ffa186e0000 - 0x00007ffa186f6000 	C:\Program Files\Android\Android Studio\jre\jre\bin\zip.dll
0x00007ffa1bc30000 - 0x00007ffa1c315000 	C:\WINDOWS\System32\SHELL32.dll
0x00007ffa1b8e0000 - 0x00007ffa1b989000 	C:\WINDOWS\System32\shcore.dll
0x00007ffa1ad70000 - 0x00007ffa1b4f0000 	C:\WINDOWS\System32\windows.storage.dll
0x00007ffa1a380000 - 0x00007ffa1a3a3000 	C:\WINDOWS\System32\profapi.dll
0x00007ffa1a310000 - 0x00007ffa1a35a000 	C:\WINDOWS\System32\powrprof.dll
0x00007ffa1a300000 - 0x00007ffa1a310000 	C:\WINDOWS\System32\UMPDC.dll
0x00007ffa1c350000 - 0x00007ffa1c3a2000 	C:\WINDOWS\System32\shlwapi.dll
0x00007ffa1a3b0000 - 0x00007ffa1a3c1000 	C:\WINDOWS\System32\kernel.appcore.dll
0x00007ffa1a840000 - 0x00007ffa1a857000 	C:\WINDOWS\System32\cryptsp.dll
0x00007ffa03530000 - 0x00007ffa0354a000 	C:\Program Files\Android\Android Studio\jre\jre\bin\net.dll
0x00007ffa0aac0000 - 0x00007ffa0ac95000 	C:\WINDOWS\SYSTEM32\urlmon.dll
0x00007ffa0adc0000 - 0x00007ffa0b066000 	C:\WINDOWS\SYSTEM32\iertutil.dll
0x00007ffa196c0000 - 0x00007ffa196cc000 	C:\WINDOWS\SYSTEM32\CRYPTBASE.DLL
0x00007ffa194f0000 - 0x00007ffa19557000 	C:\WINDOWS\system32\mswsock.dll
0x00007ff9fd910000 - 0x00007ff9fd923000 	C:\Program Files\Android\Android Studio\jre\jre\bin\nio.dll
0x00007ffa0c0f0000 - 0x00007ffa0c116000 	C:\Users\Almas\.gradle\native\30\windows-amd64\native-platform.dll
0x00007ffa16160000 - 0x00007ffa1616d000 	C:\Program Files\Android\Android Studio\jre\jre\bin\management.dll
0x00007ffa19060000 - 0x00007ffa19093000 	C:\WINDOWS\system32\rsaenh.dll
0x00007ffa1ac10000 - 0x00007ffa1ac36000 	C:\WINDOWS\System32\bcrypt.dll
0x00007ffa1a220000 - 0x00007ffa1a245000 	C:\WINDOWS\SYSTEM32\USERENV.dll
0x00007ffa19200000 - 0x00007ffa1923a000 	C:\WINDOWS\SYSTEM32\IPHLPAPI.DLL
0x00007ffa1b4f0000 - 0x00007ffa1b4f8000 	C:\WINDOWS\System32\NSI.dll
0x00007ffa0f510000 - 0x00007ffa0f526000 	C:\WINDOWS\SYSTEM32\dhcpcsvc6.DLL
0x00007ffa0f6b0000 - 0x00007ffa0f6cc000 	C:\WINDOWS\SYSTEM32\dhcpcsvc.DLL
0x00007ffa19240000 - 0x00007ffa1930a000 	C:\WINDOWS\SYSTEM32\DNSAPI.dll
0x00007ffa19e20000 - 0x00007ffa1a014000 	C:\WINDOWS\SYSTEM32\dbghelp.dll

VM Arguments:
jvm_args: -Xmx1536m -Dfile.encoding=windows-1252 -Duser.country=US -Duser.language=en -Duser.variant 
java_command: org.gradle.launcher.daemon.bootstrap.GradleDaemon 5.6.4
java_class_path (initial): C:\Users\Almas\.gradle\wrapper\dists\gradle-5.6.4-all\ankdp27end7byghfw1q2sw75f\gradle-5.6.4\lib\gradle-launcher-5.6.4.jar
Launcher Type: SUN_STANDARD

Environment Variables:
PATH=C:\Program Files (x86)\Common Files\Oracle\Java\javapath;C:\WINDOWS\system32;C:\WINDOWS;C:\WINDOWS\System32\Wbem;C:\WINDOWS\System32\WindowsPowerShell\v1.0\;C:\WINDOWS\System32\OpenSSH\;C:\Program Files\Git\cmd;C:\Program Files\Dart\dart-sdk\bin;C:\Program Files\nodejs\;C:\Users\Almas\AppData\Local\Programs\Python\Python38-32\Scripts\;C:\Users\Almas\AppData\Local\Programs\Python\Python38-32\;C:\Users\Almas\AppData\Local\Microsoft\WindowsApps;C:\Users\Almas\AppData\Local\Programs\Microsoft VS Code\bin;C:\flutter\bin;C:\Users\Almas\AppData\Roaming\npm;
USERNAME=Almas
OS=Windows_NT
PROCESSOR_IDENTIFIER=Intel64 Family 6 Model 61 Stepping 4, GenuineIntel



---------------  S Y S T E M  ---------------

OS: Windows 10.0 , 64 bit Build 18362 (10.0.18362.329)

CPU:total 4 (initial active 4) (2 cores per cpu, 2 threads per core) family 6 model 61 stepping 4, cmov, cx8, fxsr, mmx, sse, sse2, sse3, ssse3, sse4.1, sse4.2, popcnt, avx, avx2, aes, clmul, erms, 3dnowpref, lzcnt, ht, tsc, tscinvbit, bmi1, bmi2, adx

Memory: 4k page, physical 8301924k(1396492k free), swap 13806948k(2579440k free)

vm_info: OpenJDK 64-Bit Server VM (25.212-b04) for windows-amd64 JRE (1.8.0_212-release-1586-b04), built by "builder" with MS VC++ 10.0 (VS2010)

time: Sat Jun 06 17:19:31 2020
timezone: Bangladesh Standard Time
elapsed time: 4 seconds (0d 0h 0m 4s)

