#
# A fatal error has been detected by the Java Runtime Environment:
#
#  EXCEPTION_ACCESS_VIOLATION (0xc0000005) at pc=0x0000000005337039, pid=2444, tid=0x0000000000002a70
#
# JRE version: OpenJDK Runtime Environment (8.0_212-b04) (build 1.8.0_212-release-1586-b04)
# Java VM: OpenJDK 64-Bit Server VM (25.212-b04 mixed mode windows-amd64 compressed oops)
# Problematic frame:
# J 12861 C2 com.sun.tools.javac.comp.Check.checkType(Lcom/sun/tools/javac/util/JCDiagnostic$DiagnosticPosition;Lcom/sun/tools/javac/code/Type;Lcom/sun/tools/javac/code/Type;Lcom/sun/tools/javac/comp/Check$CheckContext;)Lcom/sun/tools/javac/code/Type; (188 bytes) @ 0x0000000005337039 [0x00000000053362e0+0xd59]
#
# Failed to write core dump. Minidumps are not enabled by default on client versions of Windows
#
# If you would like to submit a bug report, please visit:
#   
#

---------------  T H R E A D  ---------------

Current thread (0x000000001fa79800):  JavaThread "Execution worker for ':' Thread 3" [_thread_in_Java, id=10864, stack(0x00000000243a0000,0x00000000244a0000)]

siginfo: ExceptionCode=0xc0000005, writing address 0x00000000000000b3

Registers:
RAX=0x00000001d4f2d3f8, RBX=0x000000000000000c, RCX=0x0000000000000013, RDX=0x0000000000000000
RSP=0x0000000024499480, RBP=0x00000000ea7969c4, RSI=0x000000002a1b6570, RDI=0x0000000000000985
R8 =0x00000000ea796a08, R9 =0x00000000a30cab08, R10=0x00000000ea796a08, R11=0x00000000ea796a20
R12=0x0000000000000000, R13=0x0000000000000008, R14=0x0000000000000008, R15=0x000000001fa79800
RIP=0x0000000005337039, EFLAGS=0x0000000000010202

Top of Stack: (sp=0x0000000024499480)
0x0000000024499480:   0000000000000001 0000000029ef81c0
0x0000000024499490:   0000000100000259 000000002a19f020
0x00000000244994a0:   00000000a1bb0568 e840420020150c3d
0x00000000244994b0:   00000000e8403fb0 00000000e9097a00
0x00000000244994c0:   a30cab08e8406770 00000000ea796930
0x00000000244994d0:   0000000100a3a180 0000000000000000
0x00000000244994e0:   0000000100001610 00000000ea796948
0x00000000244994f0:   00000000ea796968 00000000ea796998
0x0000000024499500:   000000010018cf78 00000001e83af530
0x0000000024499510:   000000010018c960 a0237c58e83af308
0x0000000024499520:   00000000e83af308 00000000e9097a00
0x0000000024499530:   0000000020143721 000000001fa79800
0x0000000024499540:   0000000029e278f0 000000005fe99ea7
0x0000000024499550:   000000002449a0a8 0000000004f6e2d4
0x0000000024499560:   000000002a2a5888 0000000000000000
0x0000000024499570:   000000001fa79800 0000000000000000 

Instructions: (pc=0x0000000005337039)
0x0000000005337019:   0d 8b 40 01 00 00 41 c7 40 0c 01 00 00 00 41 0f
0x0000000005337029:   0d 8b 80 01 00 00 4d 89 60 10 4d 8b d0 49 83 c2
0x0000000005337039:   10 4c 89 54 24 48 4c 89 44 24 68 4c 8b 54 24 70
0x0000000005337049:   4c 8b 5c 24 48 45 89 13 44 8b 5c 24 2c 45 8b 53 


Register to memory mapping:

RAX=0x00000001d4f2d3f8 is an unknown value
RBX=0x000000000000000c is an unknown value
RCX=0x0000000000000013 is an unknown value
RDX=0x0000000000000000 is an unknown value
RSP=0x0000000024499480 is pointing into the stack for thread: 0x000000001fa79800
RBP=0x00000000ea7969c4 is an unknown value
RSI=0x000000002a1b6570 is pointing into metadata
RDI=0x0000000000000985 is an unknown value
R8 =0x00000000ea796a08 is an oop
[Ljava.lang.Object; 
 - klass: 'java/lang/Object'[]
 - length: 1
R9 =0x00000000a30cab08 is an oop
com.sun.tools.javac.comp.Resolve$MethodCheckDiag 
 - klass: 'com/sun/tools/javac/comp/Resolve$MethodCheckDiag'
R10=0x00000000ea796a08 is an oop
[Ljava.lang.Object; 
 - klass: 'java/lang/Object'[]
 - length: 1
R11=0x00000000ea796a20 is an oop

[error occurred during error reporting (printing register info), id 0xc0000005]

Stack: [0x00000000243a0000,0x00000000244a0000],  sp=0x0000000024499480,  free space=997k
Native frames: (J=compiled Java code, j=interpreted, Vv=VM code, C=native code)
C  0x0000000005337039


---------------  P R O C E S S  ---------------

Java Threads: ( => current thread )
  0x000000001fa81000 JavaThread "Cache worker for Java compile cache (E:\Projects\Intro\.gradle\5.6.4\javaCompile)" [_thread_blocked, id=240, stack(0x00000000248d0000,0x00000000249d0000)]
  0x000000001fa7f800 JavaThread "Cache worker for execution history cache (E:\Projects\Intro\.gradle\5.6.4\executionHistory)" [_thread_blocked, id=11100, stack(0x00000000244a0000,0x00000000245a0000)]
=>0x000000001fa79800 JavaThread "Execution worker for ':' Thread 3" [_thread_in_Java, id=10864, stack(0x00000000243a0000,0x00000000244a0000)]
  0x000000001fa76800 JavaThread "Execution worker for ':' Thread 2" [_thread_blocked, id=10612, stack(0x00000000242a0000,0x00000000243a0000)]
  0x000000001fa7c800 JavaThread "Execution worker for ':'" [_thread_blocked, id=5388, stack(0x0000000023fa0000,0x00000000240a0000)]
  0x000000001fa7b000 JavaThread "Cache worker for file content cache (E:\Projects\Intro\.gradle\5.6.4\fileContent)" [_thread_blocked, id=8704, stack(0x0000000023ca0000,0x0000000023da0000)]
  0x000000001d586000 JavaThread "Cache worker for Build Output Cleanup Cache (E:\Projects\Intro\.gradle\buildOutputCleanup)" [_thread_blocked, id=11416, stack(0x0000000023ba0000,0x0000000023ca0000)]
  0x000000001d585800 JavaThread "pool-8-thread-1" [_thread_blocked, id=5236, stack(0x00000000237b0000,0x00000000238b0000)]
  0x000000001d581800 JavaThread "Build operations Thread 4" [_thread_blocked, id=12240, stack(0x00000000236b0000,0x00000000237b0000)]
  0x000000001d584800 JavaThread "Build operations Thread 3" [_thread_blocked, id=1768, stack(0x0000000023180000,0x0000000023280000)]
  0x000000001d57e800 JavaThread "Build operations Thread 2" [_thread_blocked, id=12420, stack(0x0000000021f40000,0x0000000022040000)]
  0x000000001d580000 JavaThread "Build operations" [_thread_blocked, id=11256, stack(0x0000000021c40000,0x0000000021d40000)]
  0x000000001d57f800 JavaThread "Cache worker for cache directory md-rule (C:\Users\Almas\.gradle\caches\5.6.4\md-rule)" [_thread_blocked, id=4512, stack(0x000000001f040000,0x000000001f140000)]
  0x000000001d584000 JavaThread "Cache worker for cache directory md-supplier (C:\Users\Almas\.gradle\caches\5.6.4\md-supplier)" [_thread_blocked, id=6092, stack(0x000000001ef40000,0x000000001f040000)]
  0x000000001d57c800 JavaThread "Cache worker for file hash cache (E:\Projects\Intro\.gradle\5.6.4\fileHashes)" [_thread_blocked, id=12928, stack(0x000000001e840000,0x000000001e940000)]
  0x000000001d583000 JavaThread "Thread-83" [_thread_blocked, id=10520, stack(0x000000001bfa0000,0x000000001c0a0000)]
  0x000000001d582800 JavaThread "Stdin handler" [_thread_blocked, id=9692, stack(0x000000001bea0000,0x000000001bfa0000)]
  0x000000001d577000 JavaThread "Asynchronous log dispatcher for DefaultDaemonConnection: socket connection from /127.0.0.1:52486 to /127.0.0.1:52514" [_thread_blocked, id=10868, stack(0x000000001bda0000,0x000000001bea0000)]
  0x000000001d579000 JavaThread "Daemon worker Thread 2" [_thread_blocked, id=10892, stack(0x000000001bca0000,0x000000001bda0000)]
  0x000000001d578800 JavaThread "Cancel handler" [_thread_blocked, id=2120, stack(0x000000001bba0000,0x000000001bca0000)]
  0x000000001d57a800 JavaThread "Handler for socket connection from /127.0.0.1:52486 to /127.0.0.1:52514" [_thread_in_native, id=2100, stack(0x000000001b8a0000,0x000000001b9a0000)]
  0x000000001d57b800 JavaThread "Daemon Thread 2" [_thread_blocked, id=12028, stack(0x000000001b7a0000,0x000000001b8a0000)]
  0x000000001dadd800 JavaThread "Cache worker for Java compile cache (C:\Users\Almas\.gradle\caches\5.6.4\javaCompile)" [_thread_blocked, id=6852, stack(0x0000000000e70000,0x0000000000f70000)]
  0x000000001dad2000 JavaThread "MarlinRenderer Disposer" daemon [_thread_blocked, id=9948, stack(0x0000000024a00000,0x0000000024b00000)]
  0x000000001dad4800 JavaThread "Java2D Disposer" daemon [_thread_blocked, id=10936, stack(0x00000000247a0000,0x00000000248a0000)]
  0x000000001fa78000 JavaThread "Cache worker for file content cache (C:\Users\Almas\.gradle\caches\5.6.4\fileContent)" [_thread_blocked, id=9676, stack(0x0000000023080000,0x0000000023180000)]
  0x000000001fa7c000 JavaThread "Memory manager" [_thread_blocked, id=12944, stack(0x0000000020220000,0x0000000020320000)]
  0x000000001fa77800 JavaThread "Cache worker for execution history cache (C:\Users\Almas\.gradle\caches\5.6.4\executionHistory)" [_thread_blocked, id=6076, stack(0x000000001f140000,0x000000001f240000)]
  0x0000000019bae800 JavaThread "Cache worker for journal cache (C:\Users\Almas\.gradle\caches\journal-1)" [_thread_blocked, id=3976, stack(0x000000001c2a0000,0x000000001c3a0000)]
  0x0000000019bb4000 JavaThread "File lock request listener" [_thread_in_native, id=7296, stack(0x000000001c1a0000,0x000000001c2a0000)]
  0x0000000019bb3000 JavaThread "Cache worker for file hash cache (C:\Users\Almas\.gradle\caches\5.6.4\fileHashes)" [_thread_blocked, id=2204, stack(0x000000001c0a0000,0x000000001c1a0000)]
  0x0000000019fa5800 JavaThread "Daemon periodic checks" [_thread_blocked, id=7316, stack(0x000000001b6a0000,0x000000001b7a0000)]
  0x0000000019fa4000 JavaThread "Incoming local TCP Connector on port 52486" [_thread_in_native, id=11252, stack(0x000000001b460000,0x000000001b560000)]
  0x000000001846f000 JavaThread "Daemon health stats" [_thread_blocked, id=7428, stack(0x000000001ae20000,0x000000001af20000)]
  0x00000000180b1800 JavaThread "Service Thread" daemon [_thread_blocked, id=12528, stack(0x0000000018480000,0x0000000018580000)]
  0x0000000016724800 JavaThread "C1 CompilerThread2" daemon [_thread_blocked, id=9468, stack(0x0000000017f80000,0x0000000018080000)]
  0x000000001671e000 JavaThread "C2 CompilerThread1" daemon [_thread_blocked, id=9168, stack(0x0000000017e80000,0x0000000017f80000)]
  0x0000000016719800 JavaThread "C2 CompilerThread0" daemon [_thread_in_native, id=13212, stack(0x0000000017d80000,0x0000000017e80000)]
  0x0000000016727000 JavaThread "Attach Listener" daemon [_thread_blocked, id=6412, stack(0x0000000017c80000,0x0000000017d80000)]
  0x0000000016725800 JavaThread "Signal Dispatcher" daemon [_thread_blocked, id=12648, stack(0x0000000017b80000,0x0000000017c80000)]
  0x0000000002dab000 JavaThread "Finalizer" daemon [_thread_blocked, id=3716, stack(0x0000000017980000,0x0000000017a80000)]
  0x0000000016709000 JavaThread "Reference Handler" daemon [_thread_blocked, id=12972, stack(0x0000000017880000,0x0000000017980000)]
  0x0000000002cad800 JavaThread "main" [_thread_blocked, id=2632, stack(0x0000000002b10000,0x0000000002c10000)]

Other Threads:
  0x00000000166e6000 VMThread [stack: 0x0000000017780000,0x0000000017880000] [id=1376]
  0x000000001677c000 WatcherThread [stack: 0x0000000018580000,0x0000000018680000] [id=12128]

VM state:not at safepoint (normal execution)

VM Mutex/Monitor currently owned by a thread: None

heap address: 0x00000000a0000000, size: 1536 MB, Compressed Oops mode: 32-bit
Narrow klass base: 0x0000000000000000, Narrow klass shift: 3
Compressed class space size: 1073741824 Address: 0x0000000100000000

Heap:
 PSYoungGen      total 367104K, used 231850K [0x00000000e0000000, 0x00000000fc600000, 0x0000000100000000)
  eden space 276480K, 62% used [0x00000000e0000000,0x00000000ea7a1b78,0x00000000f0e00000)
  from space 90624K, 66% used [0x00000000f6c00000,0x00000000fa6c8ef8,0x00000000fc480000)
  to   space 94208K, 0% used [0x00000000f0e00000,0x00000000f0e00000,0x00000000f6a00000)
 ParOldGen       total 278528K, used 148664K [0x00000000a0000000, 0x00000000b1000000, 0x00000000e0000000)
  object space 278528K, 53% used [0x00000000a0000000,0x00000000a912e0f0,0x00000000b1000000)
 Metaspace       used 100511K, capacity 104608K, committed 104920K, reserved 1140736K
  class space    used 12873K, capacity 13683K, committed 13824K, reserved 1048576K

Card table byte_map: [0x0000000012170000,0x0000000012480000] byte_map_base: 0x0000000011c70000

Marking Bits: (ParMarkBitMap*) 0x0000000060459f30
 Begin Bits: [0x0000000012a80000, 0x0000000014280000)
 End Bits:   [0x0000000014280000, 0x0000000015a80000)

Polling page: 0x0000000000cf0000

CodeCache: size=245760Kb used=59843Kb max_used=59860Kb free=185916Kb
 bounds [0x0000000002db0000, 0x0000000006880000, 0x0000000011db0000]
 total_blobs=18418 nmethods=17410 adapters=917
 compilation: enabled

Compilation events (10 events):
Event: 480.980 Thread 0x0000000016724800 21843       3       com.sun.tools.javac.jvm.Gen::endFinalizerGap (57 bytes)
Event: 480.980 Thread 0x000000001671e000 nmethod 21777 0x00000000059896d0 code [0x0000000005989800, 0x0000000005989878]
Event: 480.980 Thread 0x000000001671e000 21781       4       com.sun.tools.javac.code.Types::checkUnsafeVarargsConversion (137 bytes)
Event: 480.981 Thread 0x0000000016724800 nmethod 21843 0x000000000686a350 code [0x000000000686a540, 0x000000000686af08]
Event: 480.981 Thread 0x0000000016724800 21842       3       com.sun.tools.javac.jvm.Items$AssignItem::drop (8 bytes)
Event: 480.982 Thread 0x0000000016724800 nmethod 21842 0x0000000006860050 code [0x00000000068601c0, 0x00000000068603e8]
Event: 480.983 Thread 0x000000001671e000 nmethod 21781 0x000000000686c990 code [0x000000000686cb00, 0x000000000686cc88]
Event: 480.983 Thread 0x000000001671e000 21844       4       com.sun.tools.javac.jvm.ClassWriter$CWSignatureGenerator::append (9 bytes)
Event: 480.988 Thread 0x000000001671e000 nmethod 21844 0x0000000006869d10 code [0x0000000006869e60, 0x000000000686a128]
Event: 480.988 Thread 0x000000001671e000 21845       4       com.sun.tools.javac.jvm.Pool::put (127 bytes)

GC Heap History (10 events):
Event: 105.479 GC heap before
{Heap before GC invocations=24 (full 4):
 PSYoungGen      total 285696K, used 61942K [0x00000000e0000000, 0x00000000f9800000, 0x0000000100000000)
  eden space 223744K, 0% used [0x00000000e0000000,0x00000000e0000000,0x00000000eda80000)
  from space 61952K, 99% used [0x00000000f2b00000,0x00000000f677da58,0x00000000f6780000)
  to   space 82432K, 0% used [0x00000000eda80000,0x00000000eda80000,0x00000000f2b00000)
 ParOldGen       total 141824K, used 135067K [0x00000000a0000000, 0x00000000a8a80000, 0x00000000e0000000)
  object space 141824K, 95% used [0x00000000a0000000,0x00000000a83e6c70,0x00000000a8a80000)
 Metaspace       used 92952K, capacity 96898K, committed 96984K, reserved 1132544K
  class space    used 12200K, capacity 13022K, committed 13056K, reserved 1048576K
Event: 106.315 GC heap after
Heap after GC invocations=24 (full 4):
 PSYoungGen      total 285696K, used 0K [0x00000000e0000000, 0x00000000f9800000, 0x0000000100000000)
  eden space 223744K, 0% used [0x00000000e0000000,0x00000000e0000000,0x00000000eda80000)
  from space 61952K, 0% used [0x00000000f2b00000,0x00000000f2b00000,0x00000000f6780000)
  to   space 82432K, 0% used [0x00000000eda80000,0x00000000eda80000,0x00000000f2b00000)
 ParOldGen       total 278528K, used 116780K [0x00000000a0000000, 0x00000000b1000000, 0x00000000e0000000)
  object space 278528K, 41% used [0x00000000a0000000,0x00000000a720b148,0x00000000b1000000)
 Metaspace       used 92485K, capacity 95784K, committed 96984K, reserved 1132544K
  class space    used 12033K, capacity 12727K, committed 13056K, reserved 1048576K
}
Event: 110.505 GC heap before
{Heap before GC invocations=25 (full 4):
 PSYoungGen      total 285696K, used 220154K [0x00000000e0000000, 0x00000000f9800000, 0x0000000100000000)
  eden space 223744K, 98% used [0x00000000e0000000,0x00000000ed6fea60,0x00000000eda80000)
  from space 61952K, 0% used [0x00000000f2b00000,0x00000000f2b00000,0x00000000f6780000)
  to   space 82432K, 0% used [0x00000000eda80000,0x00000000eda80000,0x00000000f2b00000)
 ParOldGen       total 278528K, used 116780K [0x00000000a0000000, 0x00000000b1000000, 0x00000000e0000000)
  object space 278528K, 41% used [0x00000000a0000000,0x00000000a720b148,0x00000000b1000000)
 Metaspace       used 93080K, capacity 96578K, committed 97624K, reserved 1134592K
  class space    used 12129K, capacity 12866K, committed 13184K, reserved 1048576K
Event: 110.546 GC heap after
Heap after GC invocations=25 (full 4):
 PSYoungGen      total 306176K, used 29318K [0x00000000e0000000, 0x00000000f9800000, 0x0000000100000000)
  eden space 223744K, 0% used [0x00000000e0000000,0x00000000e0000000,0x00000000eda80000)
  from space 82432K, 35% used [0x00000000eda80000,0x00000000ef721928,0x00000000f2b00000)
  to   space 77312K, 0% used [0x00000000f4c80000,0x00000000f4c80000,0x00000000f9800000)
 ParOldGen       total 278528K, used 116788K [0x00000000a0000000, 0x00000000b1000000, 0x00000000e0000000)
  object space 278528K, 41% used [0x00000000a0000000,0x00000000a720d148,0x00000000b1000000)
 Metaspace       used 93080K, capacity 96578K, committed 97624K, reserved 1134592K
  class space    used 12129K, capacity 12866K, committed 13184K, reserved 1048576K
}
Event: 129.231 GC heap before
{Heap before GC invocations=26 (full 4):
 PSYoungGen      total 306176K, used 253062K [0x00000000e0000000, 0x00000000f9800000, 0x0000000100000000)
  eden space 223744K, 100% used [0x00000000e0000000,0x00000000eda80000,0x00000000eda80000)
  from space 82432K, 35% used [0x00000000eda80000,0x00000000ef721928,0x00000000f2b00000)
  to   space 77312K, 0% used [0x00000000f4c80000,0x00000000f4c80000,0x00000000f9800000)
 ParOldGen       total 278528K, used 116788K [0x00000000a0000000, 0x00000000b1000000, 0x00000000e0000000)
  object space 278528K, 41% used [0x00000000a0000000,0x00000000a720d148,0x00000000b1000000)
 Metaspace       used 97232K, capacity 100884K, committed 101848K, reserved 1138688K
  class space    used 12459K, capacity 13237K, committed 13568K, reserved 1048576K
Event: 129.340 GC heap after
Heap after GC invocations=26 (full 4):
 PSYoungGen      total 324608K, used 77292K [0x00000000e0000000, 0x00000000fb300000, 0x0000000100000000)
  eden space 247296K, 0% used [0x00000000e0000000,0x00000000e0000000,0x00000000ef180000)
  from space 77312K, 99% used [0x00000000f4c80000,0x00000000f97fb138,0x00000000f9800000)
  to   space 93184K, 0% used [0x00000000ef180000,0x00000000ef180000,0x00000000f4c80000)
 ParOldGen       total 278528K, used 125091K [0x00000000a0000000, 0x00000000b1000000, 0x00000000e0000000)
  object space 278528K, 44% used [0x00000000a0000000,0x00000000a7a28f08,0x00000000b1000000)
 Metaspace       used 97232K, capacity 100884K, committed 101848K, reserved 1138688K
  class space    used 12459K, capacity 13237K, committed 13568K, reserved 1048576K
}
Event: 137.964 GC heap before
{Heap before GC invocations=27 (full 4):
 PSYoungGen      total 324608K, used 321687K [0x00000000e0000000, 0x00000000fb300000, 0x0000000100000000)
  eden space 247296K, 98% used [0x00000000e0000000,0x00000000eeeaab38,0x00000000ef180000)
  from space 77312K, 99% used [0x00000000f4c80000,0x00000000f97fb138,0x00000000f9800000)
  to   space 93184K, 0% used [0x00000000ef180000,0x00000000ef180000,0x00000000f4c80000)
 ParOldGen       total 278528K, used 131655K [0x00000000a0000000, 0x00000000b1000000, 0x00000000e0000000)
  object space 278528K, 47% used [0x00000000a0000000,0x00000000a8091f50,0x00000000b1000000)
 Metaspace       used 97696K, capacity 101436K, committed 102360K, reserved 1138688K
  class space    used 12473K, capacity 13251K, committed 13568K, reserved 1048576K
Event: 138.027 GC heap after
Heap after GC invocations=27 (full 4):
 PSYoungGen      total 340480K, used 44926K [0x00000000e0000000, 0x00000000fc480000, 0x0000000100000000)
  eden space 247296K, 0% used [0x00000000e0000000,0x00000000e0000000,0x00000000ef180000)
  from space 93184K, 48% used [0x00000000ef180000,0x00000000f1d5f8b8,0x00000000f4c80000)
  to   space 90624K, 0% used [0x00000000f6c00000,0x00000000f6c00000,0x00000000fc480000)
 ParOldGen       total 278528K, used 148654K [0x00000000a0000000, 0x00000000b1000000, 0x00000000e0000000)
  object space 278528K, 53% used [0x00000000a0000000,0x00000000a912b8d8,0x00000000b1000000)
 Metaspace       used 97696K, capacity 101436K, committed 102360K, reserved 1138688K
  class space    used 12473K, capacity 13251K, committed 13568K, reserved 1048576K
}
Event: 187.530 GC heap before
{Heap before GC invocations=28 (full 4):
 PSYoungGen      total 340480K, used 292222K [0x00000000e0000000, 0x00000000fc480000, 0x0000000100000000)
  eden space 247296K, 100% used [0x00000000e0000000,0x00000000ef180000,0x00000000ef180000)
  from space 93184K, 48% used [0x00000000ef180000,0x00000000f1d5f8b8,0x00000000f4c80000)
  to   space 90624K, 0% used [0x00000000f6c00000,0x00000000f6c00000,0x00000000fc480000)
 ParOldGen       total 278528K, used 148656K [0x00000000a0000000, 0x00000000b1000000, 0x00000000e0000000)
  object space 278528K, 53% used [0x00000000a0000000,0x00000000a912c0f0,0x00000000b1000000)
 Metaspace       used 99925K, capacity 103934K, committed 104408K, reserved 1140736K
  class space    used 12816K, capacity 13634K, committed 13824K, reserved 1048576K
Event: 187.592 GC heap after
Heap after GC invocations=28 (full 4):
 PSYoungGen      total 367104K, used 60195K [0x00000000e0000000, 0x00000000fc600000, 0x0000000100000000)
  eden space 276480K, 0% used [0x00000000e0000000,0x00000000e0000000,0x00000000f0e00000)
  from space 90624K, 66% used [0x00000000f6c00000,0x00000000fa6c8ef8,0x00000000fc480000)
  to   space 94208K, 0% used [0x00000000f0e00000,0x00000000f0e00000,0x00000000f6a00000)
 ParOldGen       total 278528K, used 148664K [0x00000000a0000000, 0x00000000b1000000, 0x00000000e0000000)
  object space 278528K, 53% used [0x00000000a0000000,0x00000000a912e0f0,0x00000000b1000000)
 Metaspace       used 99925K, capacity 103934K, committed 104408K, reserved 1140736K
  class space    used 12816K, capacity 13634K, committed 13824K, reserved 1048576K
}

Deoptimization events (10 events):
Event: 478.439 Thread 0x000000001fa79800 Uncommon trap: reason=class_check action=maybe_recompile pc=0x000000000673948c method=com.google.common.collect.CompactHashMap.remove(Ljava/lang/Object;I)Ljava/lang/Object; @ 118
Event: 478.440 Thread 0x000000001fa79800 Uncommon trap: reason=class_check action=maybe_recompile pc=0x000000000673948c method=com.google.common.collect.CompactHashMap.remove(Ljava/lang/Object;I)Ljava/lang/Object; @ 118
Event: 478.440 Thread 0x000000001fa79800 Uncommon trap: reason=speculate_class_check action=maybe_recompile pc=0x00000000037a3960 method=com.google.common.collect.CompactHashMap$Itr.<init>(Lcom/google/common/collect/CompactHashMap;)V @ 25
Event: 478.497 Thread 0x000000001fa79800 Uncommon trap: reason=unstable_if action=reinterpret pc=0x00000000047f6918 method=java.util.regex.Pattern$BnM.match(Ljava/util/regex/Matcher;ILjava/lang/CharSequence;)Z @ 56
Event: 478.587 Thread 0x000000001fa79800 Uncommon trap: reason=unstable_if action=reinterpret pc=0x00000000053c9ac4 method=org.objectweb.asm.ClassReader.readField(Lorg/objectweb/asm/ClassVisitor;Lorg/objectweb/asm/Context;I)I @ 115
Event: 479.311 Thread 0x000000001fa79800 Uncommon trap: reason=unstable_if action=reinterpret pc=0x0000000004269014 method=com.sun.tools.javac.file.Locations.lazy()V @ 4
Event: 480.148 Thread 0x000000001fa79800 Uncommon trap: reason=unstable_if action=reinterpret pc=0x0000000004a2caf8 method=java.lang.StringCoding$StringDecoder.decode([BII)[C @ 20
Event: 480.149 Thread 0x000000001fa79800 Uncommon trap: reason=unstable_if action=reinterpret pc=0x0000000004e0dedc method=com.sun.tools.javac.file.ZipFileIndex.isUpToDate()Z @ 32
Event: 480.234 Thread 0x000000001fa79800 Uncommon trap: reason=unstable_if action=reinterpret pc=0x00000000030b2b2c method=com.sun.tools.javac.file.ZipFileIndex.isUpToDate()Z @ 32
Event: 480.777 Thread 0x000000001fa79800 Uncommon trap: reason=unstable_if action=reinterpret pc=0x000000000512c5a0 method=com.sun.tools.javac.code.Types.rank(Lcom/sun/tools/javac/code/Type;)I @ 88

Classes redefined (0 events):
No events

Internal exceptions (10 events):
Event: 142.572 Thread 0x000000001a054000 Exception <a 'java/lang/NoSuchMethodError': <clinit>> (0x00000000e73d8ea8) thrown at [D:\src\AOSP-openjdk-cygwin\jdk8u\hotspot\src\share\vm\prims\jni.cpp, line 1614]
Event: 142.574 Thread 0x000000001a054000 Exception <a 'java/lang/NoSuchMethodError': <clinit>> (0x00000000e73ec148) thrown at [D:\src\AOSP-openjdk-cygwin\jdk8u\hotspot\src\share\vm\prims\jni.cpp, line 1614]
Event: 183.181 Thread 0x0000000019fd1000 Exception <a 'sun/nio/fs/WindowsException'> (0x00000000e83f6240) thrown at [D:\src\AOSP-openjdk-cygwin\jdk8u\hotspot\src\share\vm\prims\jni.cpp, line 710]
Event: 187.858 Thread 0x000000001d57c800 Exception <a 'java/io/FileNotFoundException'> (0x00000000e0ed9540) thrown at [D:\src\AOSP-openjdk-cygwin\jdk8u\hotspot\src\share\vm\prims\jni.cpp, line 710]
Event: 188.028 Thread 0x0000000019fd1000 Exception <a 'sun/nio/fs/WindowsException'> (0x00000000e1098310) thrown at [D:\src\AOSP-openjdk-cygwin\jdk8u\hotspot\src\share\vm\prims\jni.cpp, line 710]
Event: 188.158 Thread 0x000000001a054000 Implicit null exception at 0x00000000039b5838 to 0x00000000039b5cc9
Event: 188.212 Thread 0x000000001a054000 Implicit null exception at 0x00000000039bcb06 to 0x00000000039bcbb1
Event: 476.990 Thread 0x000000001d579000 Exception <a 'sun/nio/fs/WindowsException'> (0x00000000e2438278) thrown at [D:\src\AOSP-openjdk-cygwin\jdk8u\hotspot\src\share\vm\prims\jni.cpp, line 710]
Event: 478.434 Thread 0x000000001fa79800 Exception <a 'java/lang/NoSuchMethodError': java.lang.Object.lambda$comparingByKey$bbdbfea9$1(Ljava/util/Map$Entry;Ljava/util/Map$Entry;)I> (0x00000000e7e44be8) thrown at [D:\src\AOSP-openjdk-cygwin\jdk8u\hotspot\src\share\vm\interpreter\linkResolver.cpp,
Event: 481.009 Thread 0x000000001fa79800 Implicit null exception at 0x0000000005337039 to 0x0000000000000000

Events (10 events):
Event: 480.777 Thread 0x000000001fa79800 DEOPT PACKING pc=0x000000000512c5a0 sp=0x000000002449a340
Event: 480.777 Thread 0x000000001fa79800 DEOPT UNPACKING pc=0x0000000002df557b sp=0x000000002449a300 mode 2
Event: 480.807 Executing VM operation: ForceSafepoint
Event: 480.808 Executing VM operation: ForceSafepoint done
Event: 480.865 Executing VM operation: ForceSafepoint
Event: 480.865 Executing VM operation: ForceSafepoint done
Event: 480.889 Executing VM operation: ForceSafepoint
Event: 480.890 Executing VM operation: ForceSafepoint done
Event: 481.007 Executing VM operation: ForceSafepoint
Event: 481.008 Executing VM operation: ForceSafepoint done


Dynamic libraries:
0x00007ff620070000 - 0x00007ff6200a1000 	C:\Program Files\Android\Android Studio\jre\bin\java.exe
0x00007ffa1d440000 - 0x00007ffa1d630000 	C:\WINDOWS\SYSTEM32\ntdll.dll
0x00007ffa1c3b0000 - 0x00007ffa1c462000 	C:\WINDOWS\System32\KERNEL32.DLL
0x00007ffa1a860000 - 0x00007ffa1ab03000 	C:\WINDOWS\System32\KERNELBASE.dll
0x00007ffa1b500000 - 0x00007ffa1b5a3000 	C:\WINDOWS\System32\ADVAPI32.dll
0x00007ffa1c470000 - 0x00007ffa1c50e000 	C:\WINDOWS\System32\msvcrt.dll
0x00007ffa1cdf0000 - 0x00007ffa1ce87000 	C:\WINDOWS\System32\sechost.dll
0x00007ffa1b620000 - 0x00007ffa1b740000 	C:\WINDOWS\System32\RPCRT4.dll
0x00007ffa1b740000 - 0x00007ffa1b8d4000 	C:\WINDOWS\System32\USER32.dll
0x00007ffa1a3d0000 - 0x00007ffa1a3f1000 	C:\WINDOWS\System32\win32u.dll
0x00007ffa1c320000 - 0x00007ffa1c346000 	C:\WINDOWS\System32\GDI32.dll
0x00007ffa1a550000 - 0x00007ffa1a6e4000 	C:\WINDOWS\System32\gdi32full.dll
0x00007ffa1ab10000 - 0x00007ffa1abae000 	C:\WINDOWS\System32\msvcp_win.dll
0x00007ffa1a450000 - 0x00007ffa1a54a000 	C:\WINDOWS\System32\ucrtbase.dll
0x00007ffa19810000 - 0x00007ffa19a95000 	C:\WINDOWS\WinSxS\amd64_microsoft.windows.common-controls_6595b64144ccf1df_6.0.18362.720_none_e6beb5c51314836b\COMCTL32.dll
0x00007ffa1c590000 - 0x00007ffa1c8c6000 	C:\WINDOWS\System32\combase.dll
0x00007ffa1ac40000 - 0x00007ffa1acc0000 	C:\WINDOWS\System32\bcryptPrimitives.dll
0x00007ffa1c8d0000 - 0x00007ffa1c8fe000 	C:\WINDOWS\System32\IMM32.DLL
0x000000005fab0000 - 0x000000005fb82000 	C:\Program Files\Android\Android Studio\jre\jre\bin\msvcr100.dll
0x000000005fc90000 - 0x00000000604d6000 	C:\Program Files\Android\Android Studio\jre\jre\bin\server\jvm.dll
0x00007ffa1b990000 - 0x00007ffa1b998000 	C:\WINDOWS\System32\PSAPI.DLL
0x00007ffa18990000 - 0x00007ffa18999000 	C:\WINDOWS\SYSTEM32\WSOCK32.dll
0x00007ffa162a0000 - 0x00007ffa162c4000 	C:\WINDOWS\SYSTEM32\WINMM.dll
0x00007ffa1c520000 - 0x00007ffa1c58f000 	C:\WINDOWS\System32\WS2_32.dll
0x00007ffa17fd0000 - 0x00007ffa17fda000 	C:\WINDOWS\SYSTEM32\VERSION.dll
0x00007ffa16270000 - 0x00007ffa1629d000 	C:\WINDOWS\SYSTEM32\WINMMBASE.dll
0x00007ffa1a400000 - 0x00007ffa1a44a000 	C:\WINDOWS\System32\cfgmgr32.dll
0x00007ffa18700000 - 0x00007ffa1870f000 	C:\Program Files\Android\Android Studio\jre\jre\bin\verify.dll
0x00007ffa12430000 - 0x00007ffa12459000 	C:\Program Files\Android\Android Studio\jre\jre\bin\java.dll
0x00007ffa186e0000 - 0x00007ffa186f6000 	C:\Program Files\Android\Android Studio\jre\jre\bin\zip.dll
0x00007ffa1bc30000 - 0x00007ffa1c315000 	C:\WINDOWS\System32\SHELL32.dll
0x00007ffa1b8e0000 - 0x00007ffa1b989000 	C:\WINDOWS\System32\shcore.dll
0x00007ffa1ad70000 - 0x00007ffa1b4f0000 	C:\WINDOWS\System32\windows.storage.dll
0x00007ffa1a380000 - 0x00007ffa1a3a3000 	C:\WINDOWS\System32\profapi.dll
0x00007ffa1a310000 - 0x00007ffa1a35a000 	C:\WINDOWS\System32\powrprof.dll
0x00007ffa1a300000 - 0x00007ffa1a310000 	C:\WINDOWS\System32\UMPDC.dll
0x00007ffa1c350000 - 0x00007ffa1c3a2000 	C:\WINDOWS\System32\shlwapi.dll
0x00007ffa1a3b0000 - 0x00007ffa1a3c1000 	C:\WINDOWS\System32\kernel.appcore.dll
0x00007ffa1a840000 - 0x00007ffa1a857000 	C:\WINDOWS\System32\cryptsp.dll
0x00007ffa03530000 - 0x00007ffa0354a000 	C:\Program Files\Android\Android Studio\jre\jre\bin\net.dll
0x00007ffa0aac0000 - 0x00007ffa0ac95000 	C:\WINDOWS\SYSTEM32\urlmon.dll
0x00007ffa0adc0000 - 0x00007ffa0b066000 	C:\WINDOWS\SYSTEM32\iertutil.dll
0x00007ffa196c0000 - 0x00007ffa196cc000 	C:\WINDOWS\SYSTEM32\CRYPTBASE.DLL
0x00007ffa194f0000 - 0x00007ffa19557000 	C:\WINDOWS\system32\mswsock.dll
0x00007ff9fd910000 - 0x00007ff9fd923000 	C:\Program Files\Android\Android Studio\jre\jre\bin\nio.dll
0x00007ffa0c0f0000 - 0x00007ffa0c116000 	C:\Users\Almas\.gradle\native\30\windows-amd64\native-platform.dll
0x00007ffa16160000 - 0x00007ffa1616d000 	C:\Program Files\Android\Android Studio\jre\jre\bin\management.dll
0x00007ffa19060000 - 0x00007ffa19093000 	C:\WINDOWS\system32\rsaenh.dll
0x00007ffa1ac10000 - 0x00007ffa1ac36000 	C:\WINDOWS\System32\bcrypt.dll
0x00007ffa1a220000 - 0x00007ffa1a245000 	C:\WINDOWS\SYSTEM32\USERENV.dll
0x00007ffa19200000 - 0x00007ffa1923a000 	C:\WINDOWS\SYSTEM32\IPHLPAPI.DLL
0x00007ffa1b4f0000 - 0x00007ffa1b4f8000 	C:\WINDOWS\System32\NSI.dll
0x00007ffa0f510000 - 0x00007ffa0f526000 	C:\WINDOWS\SYSTEM32\dhcpcsvc6.DLL
0x00007ffa0f6b0000 - 0x00007ffa0f6cc000 	C:\WINDOWS\SYSTEM32\dhcpcsvc.DLL
0x00007ffa19240000 - 0x00007ffa1930a000 	C:\WINDOWS\SYSTEM32\DNSAPI.dll
0x00007ff9ed1d0000 - 0x00007ff9ed36c000 	C:\Program Files\Android\Android Studio\jre\jre\bin\awt.dll
0x00007ffa1ce90000 - 0x00007ffa1cf54000 	C:\WINDOWS\System32\OLEAUT32.dll
0x00007ffa17d80000 - 0x00007ffa17dad000 	C:\WINDOWS\SYSTEM32\dwmapi.dll
0x00007ffa163a0000 - 0x00007ffa16960000 	C:\WINDOWS\SYSTEM32\d2d1.dll
0x00007ffa17780000 - 0x00007ffa1780f000 	C:\WINDOWS\SYSTEM32\apphelp.dll
0x00007ffa178c0000 - 0x00007ffa17959000 	C:\WINDOWS\system32\uxtheme.dll
0x00007ffa19d60000 - 0x00007ffa19d91000 	C:\WINDOWS\SYSTEM32\ntmarta.dll
0x00007ffa19e20000 - 0x00007ffa1a014000 	C:\WINDOWS\SYSTEM32\dbghelp.dll

VM Arguments:
jvm_args: -Xmx1536m -Dfile.encoding=windows-1252 -Duser.country=US -Duser.language=en -Duser.variant 
java_command: org.gradle.launcher.daemon.bootstrap.GradleDaemon 5.6.4
java_class_path (initial): C:\Users\Almas\.gradle\wrapper\dists\gradle-5.6.4-all\ankdp27end7byghfw1q2sw75f\gradle-5.6.4\lib\gradle-launcher-5.6.4.jar
Launcher Type: SUN_STANDARD

Environment Variables:
PATH=C:\Program Files (x86)\Common Files\Oracle\Java\javapath;C:\WINDOWS\system32;C:\WINDOWS;C:\WINDOWS\System32\Wbem;C:\WINDOWS\System32\WindowsPowerShell\v1.0\;C:\WINDOWS\System32\OpenSSH\;C:\Program Files\Git\cmd;C:\Program Files\Dart\dart-sdk\bin;C:\Program Files\nodejs\;C:\Users\Almas\AppData\Local\Programs\Python\Python38-32\Scripts\;C:\Users\Almas\AppData\Local\Programs\Python\Python38-32\;C:\Users\Almas\AppData\Local\Microsoft\WindowsApps;C:\Users\Almas\AppData\Local\Programs\Microsoft VS Code\bin;C:\flutter\bin;C:\Users\Almas\AppData\Roaming\npm;
USERNAME=Almas
OS=Windows_NT
PROCESSOR_IDENTIFIER=Intel64 Family 6 Model 61 Stepping 4, GenuineIntel



---------------  S Y S T E M  ---------------

OS: Windows 10.0 , 64 bit Build 18362 (10.0.18362.329)

CPU:total 4 (initial active 4) (2 cores per cpu, 2 threads per core) family 6 model 61 stepping 4, cmov, cx8, fxsr, mmx, sse, sse2, sse3, ssse3, sse4.1, sse4.2, popcnt, avx, avx2, aes, clmul, erms, 3dnowpref, lzcnt, ht, tsc, tscinvbit, bmi1, bmi2, adx

Memory: 4k page, physical 8301924k(1028664k free), swap 13945432k(2936164k free)

vm_info: OpenJDK 64-Bit Server VM (25.212-b04) for windows-amd64 JRE (1.8.0_212-release-1586-b04), built by "builder" with MS VC++ 10.0 (VS2010)

time: Sat Jun 06 17:28:33 2020
timezone: Bangladesh Standard Time
elapsed time: 481 seconds (0d 0h 8m 1s)

