#
# A fatal error has been detected by the Java Runtime Environment:
#
#  EXCEPTION_ACCESS_VIOLATION (0xc0000005) at pc=0x000000000507a123, pid=9832, tid=0x000000000000183c
#
# JRE version: OpenJDK Runtime Environment (8.0_212-b04) (build 1.8.0_212-release-1586-b04)
# Java VM: OpenJDK 64-Bit Server VM (25.212-b04 mixed mode windows-amd64 compressed oops)
# Problematic frame:
# J 15435 C1 sun.reflect.AccessorGenerator.emitBoxingContantPoolEntries()V (1417 bytes) @ 0x000000000507a123 [0x000000000506e140+0xbfe3]
#
# Failed to write core dump. Minidumps are not enabled by default on client versions of Windows
#
# If you would like to submit a bug report, please visit:
#   
#

---------------  T H R E A D  ---------------

Current thread (0x000000001c4d7000):  JavaThread "Execution worker for ':' Thread 3" [_thread_in_Java, id=6204, stack(0x0000000025ae0000,0x0000000025be0000)]

siginfo: ExceptionCode=0xc0000005, reading address 0x000000190000007f

Registers:
RAX=0x000000010016b118, RBX=0x000000001a8dbb88, RCX=0x000000010016b118, RDX=0x0000000000190660
RSP=0x0000000025bd8be8, RBP=0x0000000025bd9510, RSI=0x0000001900000063, RDI=0x0000000000000000
R8 =0x000000001a8d7898, R9 =0x000000000000000c, R10=0x0000000000000454, R11=0x00000000eb8cc5f8
R12=0x0000000000000000, R13=0x0000000000000640, R14=0x0000000000000000, R15=0x000000001c4d7000
RIP=0x000000000507a123, EFLAGS=0x0000000000010206

Top of Stack: (sp=0x0000000025bd8be8)
0x0000000025bd8be8:   fffffffffda28cc4 0000000025bdf1f0
0x0000000025bd8bf8:   0000000025bdf110 000000001c4d7000
0x0000000025bd8c08:   0000000002adde50 000000000000006b
0x0000000025bd8c18:   0000000002adb390 0000000000000000
0x0000000025bd8c28:   0000000025bd9310 0000000024c02248
0x0000000025bd8c38:   00000000eb8cb0e8 00000000eb8cb110
0x0000000025bd8c48:   00000000eb8cb160 00000000eb8cb1f0
0x0000000025bd8c58:   00000000eb8cb280 000000000000000f
0x0000000025bd8c68:   00000000eb8cb6c0 00000000eb8cb800
0x0000000025bd8c78:   000000190000002d 00000000eb8cb800
0x0000000025bd8c88:   0000002e0000002f 00000000eb8cb800
0x0000000025bd8c98:   0000003200000030 00000000eb8cb800
0x0000000025bd8ca8:   0000002e00000033 00000000eb8cb800
0x0000000025bd8cb8:   0000003600000034 00000000eb8cb800
0x0000000025bd8cc8:   00000000eb8cb800 0000003800000019
0x0000000025bd8cd8:   00000000eb8cb800 0000003900000037 

Instructions: (pc=0x000000000507a123)
0x000000000507a103:   b8 98 78 8d 1a 00 00 00 00 81 e2 f8 ff 7f 00 83
0x000000000507a113:   fa 00 0f 84 77 87 00 00 48 8b b4 24 58 02 00 00
0x000000000507a123:   8b 56 1c 48 83 fa 00 0f 84 20 00 00 00 48 b9 18
0x000000000507a133:   b1 16 00 01 00 00 00 8b 42 08 48 c1 e0 03 48 3b 


Register to memory mapping:

RAX=0x000000010016b118 is pointing into metadata
RBX=0x000000001a8dbb88 is pointing into metadata
RCX=0x000000010016b118 is pointing into metadata
RDX=0x0000000000190660 is an unknown value
RSP=0x0000000025bd8be8 is pointing into the stack for thread: 0x000000001c4d7000
RBP=0x0000000025bd9510 is pointing into the stack for thread: 0x000000001c4d7000
RSI=0x0000001900000063 is an unknown value
RDI=0x0000000000000000 is an unknown value
R8 ={method} {0x000000001a8d78a0} 'emitByte' '(B)V' in 'sun/reflect/ClassFileAssembler'
R9 =0x000000000000000c is an unknown value
R10=0x0000000000000454 is an unknown value
R11=0x00000000eb8cc5f8 is an oop
[B 
 - klass: {type array byte}
 - length: 1600
R12=0x0000000000000000 is an unknown value
R13=0x0000000000000640 is an unknown value
R14=0x0000000000000000 is an unknown value
R15=0x000000001c4d7000 is a thread


Stack: [0x0000000025ae0000,0x0000000025be0000],  sp=0x0000000025bd8be8,  free space=994k
Native frames: (J=compiled Java code, j=interpreted, Vv=VM code, C=native code)
C  0x000000000507a123


---------------  P R O C E S S  ---------------

Java Threads: ( => current thread )
  0x000000001c4d5000 JavaThread "WorkerExecutor Queue" [_thread_blocked, id=7312, stack(0x0000000025df0000,0x0000000025ef0000)]
  0x000000001c4db000 JavaThread "Cache worker for execution history cache (E:\Projects\Intro\.gradle\5.6.4\executionHistory)" [_thread_blocked, id=4896, stack(0x0000000025be0000,0x0000000025ce0000)]
=>0x000000001c4d7000 JavaThread "Execution worker for ':' Thread 3" [_thread_in_Java, id=6204, stack(0x0000000025ae0000,0x0000000025be0000)]
  0x000000001c4cf000 JavaThread "Execution worker for ':' Thread 2" [_thread_blocked, id=6336, stack(0x0000000023b70000,0x0000000023c70000)]
  0x000000001c4d4000 JavaThread "Execution worker for ':'" [_thread_blocked, id=6008, stack(0x0000000023270000,0x0000000023370000)]
  0x000000001c4d3800 JavaThread "Cache worker for file content cache (E:\Projects\Intro\.gradle\5.6.4\fileContent)" [_thread_blocked, id=228, stack(0x0000000022970000,0x0000000022a70000)]
  0x000000001c4d0800 JavaThread "Cache worker for Build Output Cleanup Cache (E:\Projects\Intro\.gradle\buildOutputCleanup)" [_thread_blocked, id=7276, stack(0x0000000022370000,0x0000000022470000)]
  0x000000001c4d2800 JavaThread "pool-6-thread-1" [_thread_blocked, id=7204, stack(0x0000000020e30000,0x0000000020f30000)]
  0x000000001c4cd800 JavaThread "Build operations Thread 4" [_thread_blocked, id=9880, stack(0x0000000020930000,0x0000000020a30000)]
  0x000000001c4cc800 JavaThread "Build operations Thread 3" [_thread_blocked, id=4448, stack(0x000000001f060000,0x000000001f160000)]
  0x000000001c4cf800 JavaThread "Build operations Thread 2" [_thread_blocked, id=1256, stack(0x000000001ed60000,0x000000001ee60000)]
  0x000000001c4ce000 JavaThread "Build operations" [_thread_blocked, id=9436, stack(0x000000001e850000,0x000000001e950000)]
  0x0000000017afc000 JavaThread "Cache worker for cache directory md-rule (C:\Users\Almas\.gradle\caches\5.6.4\md-rule)" [_thread_blocked, id=9800, stack(0x000000001e320000,0x000000001e420000)]
  0x0000000017afa800 JavaThread "Cache worker for cache directory md-supplier (C:\Users\Almas\.gradle\caches\5.6.4\md-supplier)" [_thread_blocked, id=5684, stack(0x000000001df20000,0x000000001e020000)]
  0x0000000017afa000 JavaThread "Cache worker for file hash cache (E:\Projects\Intro\.gradle\5.6.4\fileHashes)" [_thread_blocked, id=6908, stack(0x000000001de20000,0x000000001df20000)]
  0x0000000017af8800 JavaThread "Thread-86" [_thread_blocked, id=6796, stack(0x000000001d120000,0x000000001d220000)]
  0x0000000017af1000 JavaThread "Asynchronous log dispatcher for DefaultDaemonConnection: socket connection from /127.0.0.1:49735 to /127.0.0.1:49895" [_thread_blocked, id=7472, stack(0x000000001b650000,0x000000001b750000)]
  0x0000000017af4000 JavaThread "Daemon worker Thread 5" [_thread_blocked, id=7240, stack(0x000000001b550000,0x000000001b650000)]
  0x0000000017af0000 JavaThread "Cancel handler" [_thread_blocked, id=7404, stack(0x000000001b450000,0x000000001b550000)]
  0x0000000017af7000 JavaThread "Handler for socket connection from /127.0.0.1:49735 to /127.0.0.1:49895" [_thread_in_native, id=9648, stack(0x000000001b050000,0x000000001b150000)]
  0x0000000017af1800 JavaThread "Daemon Thread 5" [_thread_blocked, id=7044, stack(0x000000001af50000,0x000000001b050000)]
  0x0000000017afd000 JavaThread "Cache worker for Java compile cache (C:\Users\Almas\.gradle\caches\5.6.4\javaCompile)" [_thread_blocked, id=9140, stack(0x0000000022870000,0x0000000022970000)]
  0x0000000017af4800 JavaThread "Cache worker for file content cache (C:\Users\Almas\.gradle\caches\5.6.4\fileContent)" [_thread_blocked, id=9656, stack(0x000000001b750000,0x000000001b850000)]
  0x0000000017af2800 JavaThread "Memory manager" [_thread_blocked, id=356, stack(0x0000000000b30000,0x0000000000c30000)]
  0x0000000017aef800 JavaThread "Cache worker for execution history cache (C:\Users\Almas\.gradle\caches\5.6.4\executionHistory)" [_thread_blocked, id=6548, stack(0x000000001e020000,0x000000001e120000)]
  0x0000000018f8f800 JavaThread "Cache worker for journal cache (C:\Users\Almas\.gradle\caches\journal-1)" [_thread_blocked, id=5136, stack(0x000000001bd50000,0x000000001be50000)]
  0x0000000018f8c000 JavaThread "File lock request listener" [_thread_in_native, id=8344, stack(0x000000001bc50000,0x000000001bd50000)]
  0x0000000018f8b000 JavaThread "Cache worker for file hash cache (C:\Users\Almas\.gradle\caches\5.6.4\fileHashes)" [_thread_blocked, id=6712, stack(0x000000001b950000,0x000000001ba50000)]
  0x000000001987d000 JavaThread "Daemon periodic checks" [_thread_blocked, id=10064, stack(0x000000001b150000,0x000000001b250000)]
  0x0000000019870800 JavaThread "Incoming local TCP Connector on port 49735" [_thread_in_native, id=10140, stack(0x000000001ad10000,0x000000001ae10000)]
  0x0000000017b3f000 JavaThread "Daemon health stats" [_thread_blocked, id=9680, stack(0x000000001a6d0000,0x000000001a7d0000)]
  0x000000001601e800 JavaThread "Service Thread" daemon [_thread_blocked, id=1536, stack(0x0000000017d30000,0x0000000017e30000)]
  0x0000000015fc9800 JavaThread "C1 CompilerThread2" daemon [_thread_blocked, id=9228, stack(0x0000000017830000,0x0000000017930000)]
  0x0000000015fbc800 JavaThread "C2 CompilerThread1" daemon [_thread_blocked, id=3404, stack(0x0000000017730000,0x0000000017830000)]
  0x0000000015fb9000 JavaThread "C2 CompilerThread0" daemon [_thread_blocked, id=10156, stack(0x0000000017630000,0x0000000017730000)]
  0x0000000015fc7000 JavaThread "Attach Listener" daemon [_thread_blocked, id=9952, stack(0x0000000017530000,0x0000000017630000)]
  0x0000000015fc5800 JavaThread "Signal Dispatcher" daemon [_thread_blocked, id=4540, stack(0x0000000017430000,0x0000000017530000)]
  0x000000000264c000 JavaThread "Finalizer" daemon [_thread_blocked, id=9992, stack(0x0000000017230000,0x0000000017330000)]
  0x0000000015fa9000 JavaThread "Reference Handler" daemon [_thread_blocked, id=9316, stack(0x0000000017130000,0x0000000017230000)]
  0x000000000254d800 JavaThread "main" [_thread_blocked, id=7692, stack(0x0000000002430000,0x0000000002530000)]

Other Threads:
  0x0000000015f86000 VMThread [stack: 0x0000000017030000,0x0000000017130000] [id=9308]
  0x0000000017962800 WatcherThread [stack: 0x0000000017e30000,0x0000000017f30000] [id=9808]

VM state:not at safepoint (normal execution)

VM Mutex/Monitor currently owned by a thread: None

heap address: 0x00000000a0000000, size: 1536 MB, Compressed Oops mode: 32-bit
Narrow klass base: 0x0000000000000000, Narrow klass shift: 3
Compressed class space size: 1073741824 Address: 0x0000000100000000

Heap:
 PSYoungGen      total 267776K, used 201990K [0x00000000e0000000, 0x00000000f5480000, 0x0000000100000000)
  eden space 223232K, 84% used [0x00000000e0000000,0x00000000eb8dd4c8,0x00000000eda00000)
  from space 44544K, 28% used [0x00000000eda00000,0x00000000ee6643c8,0x00000000f0580000)
  to   space 43008K, 0% used [0x00000000f2a80000,0x00000000f2a80000,0x00000000f5480000)
 ParOldGen       total 263680K, used 142181K [0x00000000a0000000, 0x00000000b0180000, 0x00000000e0000000)
  object space 263680K, 53% used [0x00000000a0000000,0x00000000a8ad9768,0x00000000b0180000)
 Metaspace       used 97364K, capacity 101788K, committed 102016K, reserved 1136640K
  class space    used 12877K, capacity 13868K, committed 13952K, reserved 1048576K

Card table byte_map: [0x0000000011a10000,0x0000000011d20000] byte_map_base: 0x0000000011510000

Marking Bits: (ParMarkBitMap*) 0x0000000057669f30
 Begin Bits: [0x0000000012320000, 0x0000000013b20000)
 End Bits:   [0x0000000013b20000, 0x0000000015320000)

Polling page: 0x0000000000810000

CodeCache: size=245760Kb used=46201Kb max_used=46201Kb free=199558Kb
 bounds [0x0000000002650000, 0x00000000053b0000, 0x0000000011650000]
 total_blobs=14562 nmethods=13665 adapters=809
 compilation: enabled

Compilation events (10 events):
Event: 2482.985 Thread 0x0000000015fc9800 nmethod 16711 0x00000000053a0610 code [0x00000000053a07e0, 0x00000000053a1138]
Event: 2482.985 Thread 0x0000000015fc9800 16712       3       com.android.ide.common.resources.MergedResourceWriter::addItem (9 bytes)
Event: 2482.985 Thread 0x0000000015fc9800 nmethod 16712 0x00000000053a0150 code [0x00000000053a02c0, 0x00000000053a0548]
Event: 2482.985 Thread 0x0000000015fc9800 16713   !   3       com.android.ide.common.resources.MergedResourceWriter::addItem (161 bytes)
Event: 2482.985 Thread 0x0000000015fb9000 16714       4       com.google.common.collect.LinkedListMultimap$ValueForKeyIterator::next (49 bytes)
Event: 2482.986 Thread 0x0000000015fb9000 nmethod 16714 0x00000000048c5090 code [0x00000000048c51c0, 0x00000000048c5258]
Event: 2482.987 Thread 0x0000000015fc9800 nmethod 16713 0x00000000053a2490 code [0x00000000053a2720, 0x00000000053a39a8]
Event: 2482.988 Thread 0x0000000015fc9800 16715       3       java.time.Instant::<init> (15 bytes)
Event: 2482.988 Thread 0x0000000015fc9800 nmethod 16715 0x000000000539fd10 code [0x000000000539fe60, 0x00000000053a0010]
Event: 2482.989 Thread 0x0000000015fbc800 nmethod 16708 0x0000000005390610 code [0x0000000005390780, 0x0000000005390a78]

GC Heap History (10 events):
Event: 117.182 GC heap before
{Heap before GC invocations=23 (full 3):
 PSYoungGen      total 197120K, used 197004K [0x00000000e0000000, 0x00000000f0100000, 0x0000000100000000)
  eden space 174592K, 99% used [0x00000000e0000000,0x00000000eaa63ff0,0x00000000eaa80000)
  from space 22528K, 99% used [0x00000000eaa80000,0x00000000ec07f038,0x00000000ec080000)
  to   space 28160K, 0% used [0x00000000ee580000,0x00000000ee580000,0x00000000f0100000)
 ParOldGen       total 130048K, used 65868K [0x00000000a0000000, 0x00000000a7f00000, 0x00000000e0000000)
  object space 130048K, 50% used [0x00000000a0000000,0x00000000a4053030,0x00000000a7f00000)
 Metaspace       used 79167K, capacity 82346K, committed 82560K, reserved 1120256K
  class space    used 10888K, capacity 11582K, committed 11648K, reserved 1048576K
Event: 117.359 GC heap after
Heap after GC invocations=23 (full 3):
 PSYoungGen      total 214016K, used 28153K [0x00000000e0000000, 0x00000000f3700000, 0x0000000100000000)
  eden space 185856K, 0% used [0x00000000e0000000,0x00000000e0000000,0x00000000eb580000)
  from space 28160K, 99% used [0x00000000ee580000,0x00000000f00fe4f0,0x00000000f0100000)
  to   space 49152K, 0% used [0x00000000eb580000,0x00000000eb580000,0x00000000ee580000)
 ParOldGen       total 130048K, used 111888K [0x00000000a0000000, 0x00000000a7f00000, 0x00000000e0000000)
  object space 130048K, 86% used [0x00000000a0000000,0x00000000a6d44000,0x00000000a7f00000)
 Metaspace       used 79167K, capacity 82346K, committed 82560K, reserved 1120256K
  class space    used 10888K, capacity 11582K, committed 11648K, reserved 1048576K
}
Event: 117.359 GC heap before
{Heap before GC invocations=24 (full 4):
 PSYoungGen      total 214016K, used 28153K [0x00000000e0000000, 0x00000000f3700000, 0x0000000100000000)
  eden space 185856K, 0% used [0x00000000e0000000,0x00000000e0000000,0x00000000eb580000)
  from space 28160K, 99% used [0x00000000ee580000,0x00000000f00fe4f0,0x00000000f0100000)
  to   space 49152K, 0% used [0x00000000eb580000,0x00000000eb580000,0x00000000ee580000)
 ParOldGen       total 130048K, used 111888K [0x00000000a0000000, 0x00000000a7f00000, 0x00000000e0000000)
  object space 130048K, 86% used [0x00000000a0000000,0x00000000a6d44000,0x00000000a7f00000)
 Metaspace       used 79167K, capacity 82346K, committed 82560K, reserved 1120256K
  class space    used 10888K, capacity 11582K, committed 11648K, reserved 1048576K
Event: 118.291 GC heap after
Heap after GC invocations=24 (full 4):
 PSYoungGen      total 214016K, used 0K [0x00000000e0000000, 0x00000000f3700000, 0x0000000100000000)
  eden space 185856K, 0% used [0x00000000e0000000,0x00000000e0000000,0x00000000eb580000)
  from space 28160K, 0% used [0x00000000ee580000,0x00000000ee580000,0x00000000f0100000)
  to   space 49152K, 0% used [0x00000000eb580000,0x00000000eb580000,0x00000000ee580000)
 ParOldGen       total 263680K, used 124865K [0x00000000a0000000, 0x00000000b0180000, 0x00000000e0000000)
  object space 263680K, 47% used [0x00000000a0000000,0x00000000a79f0678,0x00000000b0180000)
 Metaspace       used 79044K, capacity 82008K, committed 82560K, reserved 1120256K
  class space    used 10847K, capacity 11509K, committed 11648K, reserved 1048576K
}
Event: 123.050 GC heap before
{Heap before GC invocations=25 (full 4):
 PSYoungGen      total 214016K, used 185638K [0x00000000e0000000, 0x00000000f3700000, 0x0000000100000000)
  eden space 185856K, 99% used [0x00000000e0000000,0x00000000eb549a08,0x00000000eb580000)
  from space 28160K, 0% used [0x00000000ee580000,0x00000000ee580000,0x00000000f0100000)
  to   space 49152K, 0% used [0x00000000eb580000,0x00000000eb580000,0x00000000ee580000)
 ParOldGen       total 263680K, used 124865K [0x00000000a0000000, 0x00000000b0180000, 0x00000000e0000000)
  object space 263680K, 47% used [0x00000000a0000000,0x00000000a79f0678,0x00000000b0180000)
 Metaspace       used 80435K, capacity 83386K, committed 83584K, reserved 1122304K
  class space    used 10985K, capacity 11632K, committed 11648K, reserved 1048576K
Event: 123.077 GC heap after
Heap after GC invocations=25 (full 4):
 PSYoungGen      total 235008K, used 13060K [0x00000000e0000000, 0x00000000f3a00000, 0x0000000100000000)
  eden space 185856K, 0% used [0x00000000e0000000,0x00000000e0000000,0x00000000eb580000)
  from space 49152K, 26% used [0x00000000eb580000,0x00000000ec241170,0x00000000ee580000)
  to   space 47104K, 0% used [0x00000000f0c00000,0x00000000f0c00000,0x00000000f3a00000)
 ParOldGen       total 263680K, used 124873K [0x00000000a0000000, 0x00000000b0180000, 0x00000000e0000000)
  object space 263680K, 47% used [0x00000000a0000000,0x00000000a79f2678,0x00000000b0180000)
 Metaspace       used 80435K, capacity 83386K, committed 83584K, reserved 1122304K
  class space    used 10985K, capacity 11632K, committed 11648K, reserved 1048576K
}
Event: 2067.278 GC heap before
{Heap before GC invocations=26 (full 4):
 PSYoungGen      total 235008K, used 198916K [0x00000000e0000000, 0x00000000f3a00000, 0x0000000100000000)
  eden space 185856K, 100% used [0x00000000e0000000,0x00000000eb580000,0x00000000eb580000)
  from space 49152K, 26% used [0x00000000eb580000,0x00000000ec241170,0x00000000ee580000)
  to   space 47104K, 0% used [0x00000000f0c00000,0x00000000f0c00000,0x00000000f3a00000)
 ParOldGen       total 263680K, used 124873K [0x00000000a0000000, 0x00000000b0180000, 0x00000000e0000000)
  object space 263680K, 47% used [0x00000000a0000000,0x00000000a79f2678,0x00000000b0180000)
 Metaspace       used 89227K, capacity 92794K, committed 92928K, reserved 1130496K
  class space    used 11928K, capacity 12714K, committed 12800K, reserved 1048576K
Event: 2073.919 GC heap after
Heap after GC invocations=26 (full 4):
 PSYoungGen      total 261120K, used 18578K [0x00000000e0000000, 0x00000000f3100000, 0x0000000100000000)
  eden space 223232K, 0% used [0x00000000e0000000,0x00000000e0000000,0x00000000eda00000)
  from space 37888K, 49% used [0x00000000f0c00000,0x00000000f1e24880,0x00000000f3100000)
  to   space 44544K, 0% used [0x00000000eda00000,0x00000000eda00000,0x00000000f0580000)
 ParOldGen       total 263680K, used 136618K [0x00000000a0000000, 0x00000000b0180000, 0x00000000e0000000)
  object space 263680K, 51% used [0x00000000a0000000,0x00000000a856ab00,0x00000000b0180000)
 Metaspace       used 89227K, capacity 92794K, committed 92928K, reserved 1130496K
  class space    used 11928K, capacity 12714K, committed 12800K, reserved 1048576K
}
Event: 2198.199 GC heap before
{Heap before GC invocations=27 (full 4):
 PSYoungGen      total 261120K, used 241810K [0x00000000e0000000, 0x00000000f3100000, 0x0000000100000000)
  eden space 223232K, 100% used [0x00000000e0000000,0x00000000eda00000,0x00000000eda00000)
  from space 37888K, 49% used [0x00000000f0c00000,0x00000000f1e24880,0x00000000f3100000)
  to   space 44544K, 0% used [0x00000000eda00000,0x00000000eda00000,0x00000000f0580000)
 ParOldGen       total 263680K, used 136618K [0x00000000a0000000, 0x00000000b0180000, 0x00000000e0000000)
  object space 263680K, 51% used [0x00000000a0000000,0x00000000a856ab00,0x00000000b0180000)
 Metaspace       used 95976K, capacity 100356K, committed 100608K, reserved 1136640K
  class space    used 12762K, capacity 13776K, committed 13824K, reserved 1048576K
Event: 2198.333 GC heap after
Heap after GC invocations=27 (full 4):
 PSYoungGen      total 267776K, used 12688K [0x00000000e0000000, 0x00000000f5480000, 0x0000000100000000)
  eden space 223232K, 0% used [0x00000000e0000000,0x00000000e0000000,0x00000000eda00000)
  from space 44544K, 28% used [0x00000000eda00000,0x00000000ee6643c8,0x00000000f0580000)
  to   space 43008K, 0% used [0x00000000f2a80000,0x00000000f2a80000,0x00000000f5480000)
 ParOldGen       total 263680K, used 142181K [0x00000000a0000000, 0x00000000b0180000, 0x00000000e0000000)
  object space 263680K, 53% used [0x00000000a0000000,0x00000000a8ad9768,0x00000000b0180000)
 Metaspace       used 95976K, capacity 100356K, committed 100608K, reserved 1136640K
  class space    used 12762K, capacity 13776K, committed 13824K, reserved 1048576K
}

Deoptimization events (10 events):
Event: 2482.475 Thread 0x000000001c4d7000 Uncommon trap: reason=unstable_if action=reinterpret pc=0x00000000051e8710 method=com.android.utils.PositionXmlParser$DomBuilder.findOpeningTag(Lcom/android/utils/PositionXmlParser$Position;)Lcom/android/utils/PositionXmlParser$Position; @ 81
Event: 2482.953 Thread 0x000000001c4d7000 Uncommon trap: reason=class_check action=maybe_recompile pc=0x000000000531409c method=com.google.common.collect.TransformedIterator.hasNext()Z @ 4
Event: 2482.953 Thread 0x000000001c4d7000 Uncommon trap: reason=class_check action=maybe_recompile pc=0x000000000531409c method=com.google.common.collect.TransformedIterator.hasNext()Z @ 4
Event: 2482.953 Thread 0x000000001c4d7000 Uncommon trap: reason=class_check action=maybe_recompile pc=0x0000000005396a38 method=com.google.common.collect.TransformedIterator.next()Ljava/lang/Object; @ 5
Event: 2482.953 Thread 0x000000001c4d7000 Uncommon trap: reason=class_check action=maybe_recompile pc=0x000000000531409c method=com.google.common.collect.TransformedIterator.hasNext()Z @ 4
Event: 2482.953 Thread 0x000000001c4d7000 Uncommon trap: reason=class_check action=maybe_recompile pc=0x000000000531409c method=com.google.common.collect.TransformedIterator.hasNext()Z @ 4
Event: 2482.953 Thread 0x000000001c4d7000 Uncommon trap: reason=class_check action=maybe_recompile pc=0x0000000005396a38 method=com.google.common.collect.TransformedIterator.next()Ljava/lang/Object; @ 5
Event: 2482.953 Thread 0x000000001c4d7000 Uncommon trap: reason=class_check action=maybe_recompile pc=0x0000000005396a38 method=com.google.common.collect.TransformedIterator.next()Ljava/lang/Object; @ 5
Event: 2482.953 Thread 0x000000001c4d7000 Uncommon trap: reason=class_check action=maybe_recompile pc=0x0000000005396a38 method=com.google.common.collect.TransformedIterator.next()Ljava/lang/Object; @ 5
Event: 2482.988 Thread 0x000000001c4d7000 Uncommon trap: reason=bimorphic action=maybe_recompile pc=0x000000000310d554 method=java.io.ObjectOutputStream$BlockDataOutputStream.write([BIIZ)V @ 23

Classes redefined (0 events):
No events

Internal exceptions (10 events):
Event: 2083.920 Thread 0x000000001c4db000 Exception <a 'java/lang/NoSuchMethodError': java.lang.Object.lambda$flatMap$2(Ljava/util/function/Function;Ljava/lang/Object;)Lorg/gradle/internal/Try;> (0x00000000e854dd88) thrown at [D:\src\AOSP-openjdk-cygwin\jdk8u\hotspot\src\share\vm\interpreter\link
Event: 2083.920 Thread 0x000000001c4db800 Exception <a 'java/lang/NoSuchMethodError': java.lang.Object.lambda$flatMap$2(Ljava/util/function/Function;Ljava/lang/Object;)Lorg/gradle/internal/Try;> (0x00000000e8594768) thrown at [D:\src\AOSP-openjdk-cygwin\jdk8u\hotspot\src\share\vm\interpreter\link
Event: 2085.014 Thread 0x000000001c4d3800 Exception <a 'java/lang/NoSuchMethodError': java.lang.Object.lambda$flatMap$0(Ljava/lang/Throwable;)Lorg/gradle/api/internal/artifacts/transform/CacheableInvocation;> (0x00000000e9b63f78) thrown at [D:\src\AOSP-openjdk-cygwin\jdk8u\hotspot\src\share\vm\in
Event: 2085.981 Thread 0x000000001c4d3800 Exception <a 'java/lang/NoSuchMethodError': java.lang.Object.lambda$negate$1(Ljava/lang/Object;)Z> (0x00000000eb4f24e0) thrown at [D:\src\AOSP-openjdk-cygwin\jdk8u\hotspot\src\share\vm\interpreter\linkResolver.cpp, line 620]
Event: 2087.112 Thread 0x000000001c4d3800 Exception <a 'sun/nio/fs/WindowsException'> (0x00000000ecb53d28) thrown at [D:\src\AOSP-openjdk-cygwin\jdk8u\hotspot\src\share\vm\prims\jni.cpp, line 710]
Event: 2087.167 Thread 0x000000001c4cd800 Exception <a 'java/lang/NoSuchMethodError': <clinit>> (0x00000000ecb7fb38) thrown at [D:\src\AOSP-openjdk-cygwin\jdk8u\hotspot\src\share\vm\prims\jni.cpp, line 1614]
Event: 2198.389 Thread 0x0000000017af4000 Exception <a 'sun/nio/fs/WindowsException'> (0x00000000e04f8830) thrown at [D:\src\AOSP-openjdk-cygwin\jdk8u\hotspot\src\share\vm\prims\jni.cpp, line 710]
Event: 2200.053 Thread 0x000000001c4d4000 Exception <a 'java/lang/NoSuchMethodError': <clinit>> (0x00000000e4057060) thrown at [D:\src\AOSP-openjdk-cygwin\jdk8u\hotspot\src\share\vm\prims\jni.cpp, line 1614]
Event: 2480.792 Thread 0x000000001c4d7000 Implicit null exception at 0x00000000053246e6 to 0x0000000005329d79
Event: 2482.989 Thread 0x000000001c4d7000 Exception <a 'java/lang/NoSuchMethodError': <clinit>> (0x00000000eb88fba8) thrown at [D:\src\AOSP-openjdk-cygwin\jdk8u\hotspot\src\share\vm\prims\jni.cpp, line 1614]

Events (10 events):
Event: 2482.987 loading class com/android/ide/common/resources/MergedResourceWriter$FileGenerationWorkAction done
Event: 2482.988 Thread 0x000000001c4d7000 Uncommon trap: trap_request=0xffffffc6 fr.pc=0x000000000310d554
Event: 2482.988 Thread 0x000000001c4d7000 DEOPT PACKING pc=0x000000000310d554 sp=0x0000000025bda730
Event: 2482.989 Thread 0x000000001c4d7000 DEOPT UNPACKING pc=0x000000000269557b sp=0x0000000025bda718 mode 2
Event: 2482.990 loading class com/android/ide/common/resources/MergedResourceWriter$1
Event: 2482.990 loading class com/android/ide/common/resources/MergedResourceWriter$1 done
Event: 2482.991 loading class com/android/ide/common/util/PathString
Event: 2482.991 loading class com/android/ide/common/util/PathString done
Event: 2483.036 loading class com/android/ide/common/rendering/api/ResourceReference
Event: 2483.036 loading class com/android/ide/common/rendering/api/ResourceReference done


Dynamic libraries:
0x00007ff7f5830000 - 0x00007ff7f5861000 	C:\Program Files\Android\Android Studio\jre\bin\java.exe
0x00007ffefed80000 - 0x00007ffefef70000 	C:\WINDOWS\SYSTEM32\ntdll.dll
0x00007ffefe100000 - 0x00007ffefe1b2000 	C:\WINDOWS\System32\KERNEL32.DLL
0x00007ffefbdb0000 - 0x00007ffefc053000 	C:\WINDOWS\System32\KERNELBASE.dll
0x00007ffefd800000 - 0x00007ffefd8a3000 	C:\WINDOWS\System32\ADVAPI32.dll
0x00007ffefd760000 - 0x00007ffefd7fe000 	C:\WINDOWS\System32\msvcrt.dll
0x00007ffefdc70000 - 0x00007ffefdd07000 	C:\WINDOWS\System32\sechost.dll
0x00007ffefe290000 - 0x00007ffefe3b0000 	C:\WINDOWS\System32\RPCRT4.dll
0x00007ffefd970000 - 0x00007ffefdb04000 	C:\WINDOWS\System32\USER32.dll
0x00007ffefcbb0000 - 0x00007ffefcbd1000 	C:\WINDOWS\System32\win32u.dll
0x00007ffefd700000 - 0x00007ffefd726000 	C:\WINDOWS\System32\GDI32.dll
0x00007ffefc140000 - 0x00007ffefc2d4000 	C:\WINDOWS\System32\gdi32full.dll
0x00007ffefbd10000 - 0x00007ffefbdae000 	C:\WINDOWS\System32\msvcp_win.dll
0x00007ffefccc0000 - 0x00007ffefcdba000 	C:\WINDOWS\System32\ucrtbase.dll
0x00007ffeeda50000 - 0x00007ffeedcd5000 	C:\WINDOWS\WinSxS\amd64_microsoft.windows.common-controls_6595b64144ccf1df_6.0.18362.720_none_e6beb5c51314836b\COMCTL32.dll
0x00007ffefea00000 - 0x00007ffefed36000 	C:\WINDOWS\System32\combase.dll
0x00007ffefcbe0000 - 0x00007ffefcc60000 	C:\WINDOWS\System32\bcryptPrimitives.dll
0x00007ffefd730000 - 0x00007ffefd75e000 	C:\WINDOWS\System32\IMM32.DLL
0x0000000056cc0000 - 0x0000000056d92000 	C:\Program Files\Android\Android Studio\jre\jre\bin\msvcr100.dll
0x0000000056ea0000 - 0x00000000576e6000 	C:\Program Files\Android\Android Studio\jre\jre\bin\server\jvm.dll
0x00007ffefdf30000 - 0x00007ffefdf38000 	C:\WINDOWS\System32\PSAPI.DLL
0x00007ffef88e0000 - 0x00007ffef88e9000 	C:\WINDOWS\SYSTEM32\WSOCK32.dll
0x00007ffefe520000 - 0x00007ffefe58f000 	C:\WINDOWS\System32\WS2_32.dll
0x00007ffef88b0000 - 0x00007ffef88d4000 	C:\WINDOWS\SYSTEM32\WINMM.dll
0x00007ffef1200000 - 0x00007ffef120a000 	C:\WINDOWS\SYSTEM32\VERSION.dll
0x00007ffef8880000 - 0x00007ffef88ad000 	C:\WINDOWS\SYSTEM32\WINMMBASE.dll
0x00007ffefcdc0000 - 0x00007ffefce0a000 	C:\WINDOWS\System32\cfgmgr32.dll
0x00007ffef8630000 - 0x00007ffef863f000 	C:\Program Files\Android\Android Studio\jre\jre\bin\verify.dll
0x00007ffef5500000 - 0x00007ffef5529000 	C:\Program Files\Android\Android Studio\jre\jre\bin\java.dll
0x00007ffef6bf0000 - 0x00007ffef6c06000 	C:\Program Files\Android\Android Studio\jre\jre\bin\zip.dll
0x00007ffefcfb0000 - 0x00007ffefd695000 	C:\WINDOWS\System32\SHELL32.dll
0x00007ffefd8c0000 - 0x00007ffefd969000 	C:\WINDOWS\System32\shcore.dll
0x00007ffefc2e0000 - 0x00007ffefca60000 	C:\WINDOWS\System32\windows.storage.dll
0x00007ffefbc90000 - 0x00007ffefbcb3000 	C:\WINDOWS\System32\profapi.dll
0x00007ffefbcc0000 - 0x00007ffefbd0a000 	C:\WINDOWS\System32\powrprof.dll
0x00007ffefbc40000 - 0x00007ffefbc50000 	C:\WINDOWS\System32\UMPDC.dll
0x00007ffefd6a0000 - 0x00007ffefd6f2000 	C:\WINDOWS\System32\shlwapi.dll
0x00007ffefbc50000 - 0x00007ffefbc61000 	C:\WINDOWS\System32\kernel.appcore.dll
0x00007ffefce10000 - 0x00007ffefce27000 	C:\WINDOWS\System32\cryptsp.dll
0x00007ffef6bc0000 - 0x00007ffef6bda000 	C:\Program Files\Android\Android Studio\jre\jre\bin\net.dll
0x00007ffeeefe0000 - 0x00007ffeef1b5000 	C:\WINDOWS\SYSTEM32\urlmon.dll
0x00007ffeeecf0000 - 0x00007ffeeef96000 	C:\WINDOWS\SYSTEM32\iertutil.dll
0x00007ffefb680000 - 0x00007ffefb68c000 	C:\WINDOWS\SYSTEM32\CRYPTBASE.DLL
0x00007ffefb4b0000 - 0x00007ffefb517000 	C:\WINDOWS\system32\mswsock.dll
0x00007ffef6620000 - 0x00007ffef6633000 	C:\Program Files\Android\Android Studio\jre\jre\bin\nio.dll
0x00007ffef0990000 - 0x00007ffef09b6000 	C:\Users\Almas\.gradle\native\30\windows-amd64\native-platform.dll
0x00007ffef62c0000 - 0x00007ffef62cd000 	C:\Program Files\Android\Android Studio\jre\jre\bin\management.dll
0x00007ffefb020000 - 0x00007ffefb053000 	C:\WINDOWS\system32\rsaenh.dll
0x00007ffefc110000 - 0x00007ffefc136000 	C:\WINDOWS\System32\bcrypt.dll
0x00007ffefbb30000 - 0x00007ffefbb55000 	C:\WINDOWS\SYSTEM32\USERENV.dll
0x00007ffefb1c0000 - 0x00007ffefb1fa000 	C:\WINDOWS\SYSTEM32\IPHLPAPI.DLL
0x00007ffefce30000 - 0x00007ffefce38000 	C:\WINDOWS\System32\NSI.dll
0x00007ffef1ba0000 - 0x00007ffef1bb6000 	C:\WINDOWS\SYSTEM32\dhcpcsvc6.DLL
0x00007ffef3a50000 - 0x00007ffef3a6c000 	C:\WINDOWS\SYSTEM32\dhcpcsvc.DLL
0x00007ffefb200000 - 0x00007ffefb2ca000 	C:\WINDOWS\SYSTEM32\DNSAPI.dll
0x00007ffefaca0000 - 0x00007ffefacd1000 	C:\WINDOWS\SYSTEM32\ntmarta.dll
0x00007ffeecdb0000 - 0x00007ffeecfa4000 	C:\WINDOWS\SYSTEM32\dbghelp.dll

VM Arguments:
jvm_args: -Xmx1536m -Dfile.encoding=windows-1252 -Duser.country=US -Duser.language=en -Duser.variant 
java_command: org.gradle.launcher.daemon.bootstrap.GradleDaemon 5.6.4
java_class_path (initial): C:\Users\Almas\.gradle\wrapper\dists\gradle-5.6.4-all\ankdp27end7byghfw1q2sw75f\gradle-5.6.4\lib\gradle-launcher-5.6.4.jar
Launcher Type: SUN_STANDARD

Environment Variables:
PATH=C:\Program Files (x86)\Common Files\Oracle\Java\javapath;C:\WINDOWS\system32;C:\WINDOWS;C:\WINDOWS\System32\Wbem;C:\WINDOWS\System32\WindowsPowerShell\v1.0\;C:\WINDOWS\System32\OpenSSH\;C:\Program Files\Git\cmd;C:\Program Files\Dart\dart-sdk\bin;C:\Program Files\nodejs\;C:\Users\Almas\AppData\Local\Programs\Python\Python38-32\Scripts\;C:\Users\Almas\AppData\Local\Programs\Python\Python38-32\;C:\Users\Almas\AppData\Local\Microsoft\WindowsApps;C:\Users\Almas\AppData\Local\Programs\Microsoft VS Code\bin;C:\flutter\bin;C:\Users\Almas\AppData\Roaming\npm;
USERNAME=Almas
OS=Windows_NT
PROCESSOR_IDENTIFIER=Intel64 Family 6 Model 61 Stepping 4, GenuineIntel



---------------  S Y S T E M  ---------------

OS: Windows 10.0 , 64 bit Build 18362 (10.0.18362.329)

CPU:total 4 (initial active 4) (2 cores per cpu, 2 threads per core) family 6 model 61 stepping 4, cmov, cx8, fxsr, mmx, sse, sse2, sse3, ssse3, sse4.1, sse4.2, popcnt, avx, avx2, aes, clmul, erms, 3dnowpref, lzcnt, ht, tsc, tscinvbit, bmi1, bmi2, adx

Memory: 4k page, physical 8301924k(1750824k free), swap 13806948k(4265752k free)

vm_info: OpenJDK 64-Bit Server VM (25.212-b04) for windows-amd64 JRE (1.8.0_212-release-1586-b04), built by "builder" with MS VC++ 10.0 (VS2010)

time: Mon Jun 01 10:14:32 2020
timezone: Bangladesh Standard Time
elapsed time: 2483 seconds (0d 0h 41m 23s)

