#
# A fatal error has been detected by the Java Runtime Environment:
#
#  EXCEPTION_ACCESS_VIOLATION (0xc0000005) at pc=0x000000005fcd1035, pid=2360, tid=0x0000000000000574
#
# JRE version: OpenJDK Runtime Environment (8.0_212-b04) (build 1.8.0_212-release-1586-b04)
# Java VM: OpenJDK 64-Bit Server VM (25.212-b04 mixed mode windows-amd64 compressed oops)
# Problematic frame:
# V  [jvm.dll+0x41035]
#
# Failed to write core dump. Minidumps are not enabled by default on client versions of Windows
#
# If you would like to submit a bug report, please visit:
#   
#

---------------  T H R E A D  ---------------

Current thread (0x000000001d08e800):  JavaThread "Execution worker for ':' Thread 2" [_thread_in_vm, id=1396, stack(0x0000000024aa0000,0x0000000024ba0000)]

siginfo: ExceptionCode=0xc0000005, writing address 0xffffffffffffffff

Registers:
RAX=0x000000001e81d878, RBX=0x000000001e81c660, RCX=0x000000001e81d870, RDX=0x0000000000000010
RSP=0x0000000024b98570, RBP=0x0000000024b985c8, RSI=0x0000000000000000, RDI=0x0000000100bdcfb8
R8 =0x0000000000000000, R9 =0x0000000024b98590, R10=0x000000000000000e, R11=0xffffffffffffffff
R12=0x0000000100bdcfb8, R13=0x0000000000000000, R14=0x000000001d08e800, R15=0x000000001d08e800
RIP=0x000000005fcd1035, EFLAGS=0x0000000000010206

Top of Stack: (sp=0x0000000024b98570)
0x0000000024b98570:   000000001e81c660 0000000000000000
0x0000000024b98580:   0000000024b98610 0000000100014fb0
0x0000000024b98590:   0000000200000000 0000000000000000
0x0000000024b985a0:   000000000000000f 000000001e81d870
0x0000000024b985b0:   000000001d08e800 0000000000000000
0x0000000024b985c0:   0000000100bdcfb8 000000001e6a0500
0x0000000024b985d0:   0000000003322690 000000001e81c660
0x0000000024b985e0:   000000001e81c250 000000005fcd2166
0x0000000024b985f0:   0000000003346850 0000000100bdcfb8
0x0000000024b98600:   000000001d08e800 0000000100bdcfb8
0x0000000024b98610:   00000000163a0500 0000000800000000
0x0000000024b98620:   0000000000000000 000000000000000f
0x0000000024b98630:   000000001e81c570 0000000003322690
0x0000000024b98640:   0000000003346850 000000001e81c650
0x0000000024b98650:   000000001e81c220 0000000000000000
0x0000000024b98660:   000000001e6a0390 000000005fcd2884 

Instructions: (pc=0x000000005fcd1035)
0x000000005fcd1015:   75 d0 e8 b4 07 21 00 48 89 45 e0 48 85 c0 74 03
0x000000005fcd1025:   48 89 30 48 8b 45 e0 48 83 c0 08 74 03 48 89 30
0x000000005fcd1035:   41 83 cd ff 8b fe 45 8b f5 39 33 0f 8e b4 00 00
0x000000005fcd1045:   00 45 33 e4 0f 1f 80 00 00 00 00 48 8b 43 18 41 


Register to memory mapping:

RAX=0x000000001e81d878 is an unknown value
RBX=0x000000001e81c660 is an unknown value
RCX=0x000000001e81d870 is an unknown value
RDX=0x0000000000000010 is an unknown value
RSP=0x0000000024b98570 is pointing into the stack for thread: 0x000000001d08e800
RBP=0x0000000024b985c8 is pointing into the stack for thread: 0x000000001d08e800
RSI=0x0000000000000000 is an unknown value
RDI=0x0000000100bdcfb8 is pointing into metadata
R8 =0x0000000000000000 is an unknown value
R9 =0x0000000024b98590 is pointing into the stack for thread: 0x000000001d08e800
R10=0x000000000000000e is an unknown value
R11=0xffffffffffffffff is an unknown value
R12=0x0000000100bdcfb8 is pointing into metadata
R13=0x0000000000000000 is an unknown value
R14=0x000000001d08e800 is a thread
R15=0x000000001d08e800 is a thread


Stack: [0x0000000024aa0000,0x0000000024ba0000],  sp=0x0000000024b98570,  free space=993k
Native frames: (J=compiled Java code, j=interpreted, Vv=VM code, C=native code)
V  [jvm.dll+0x41035]
V  [jvm.dll+0x42166]
V  [jvm.dll+0x42884]
V  [jvm.dll+0x3a3f7]
V  [jvm.dll+0x58a04]
V  [jvm.dll+0x16c651]
V  [jvm.dll+0x16c9eb]
C  [java.dll+0x1751]
C  0x0000000003731a65

Java frames: (J=compiled Java code, j=interpreted, Vv=VM code)
J 824  java.lang.ClassLoader.defineClass1(Ljava/lang/String;[BIILjava/security/ProtectionDomain;Ljava/lang/String;)Ljava/lang/Class; (0 bytes) @ 0x00000000037319df [0x0000000003731940+0x9f]
J 4456 C2 java.lang.ClassLoader.defineClass(Ljava/lang/String;[BIILjava/security/ProtectionDomain;)Ljava/lang/Class; (43 bytes) @ 0x00000000041b7b2c [0x00000000041b78e0+0x24c]
J 5993 C2 java.net.URLClassLoader$1.run()Ljava/lang/Object; (5 bytes) @ 0x0000000004512fd0 [0x0000000004511b00+0x14d0]
v  ~StubRoutines::call_stub
J 289  java.security.AccessController.doPrivileged(Ljava/security/PrivilegedExceptionAction;Ljava/security/AccessControlContext;)Ljava/lang/Object; (0 bytes) @ 0x00000000035760a6 [0x0000000003576040+0x66]
J 1425 C2 java.net.URLClassLoader.findClass(Ljava/lang/String;)Ljava/lang/Class; (47 bytes) @ 0x00000000038b2df0 [0x00000000038b2d60+0x90]
J 1445 C1 org.gradle.internal.classloader.TransformingClassLoader.findClass(Ljava/lang/String;)Ljava/lang/Class; (203 bytes) @ 0x00000000038ca984 [0x00000000038c9100+0x1884]
J 2509 C2 java.lang.ClassLoader.loadClass(Ljava/lang/String;Z)Ljava/lang/Class; (122 bytes) @ 0x0000000003d68144 [0x0000000003d67d40+0x404]
J 2460 C2 java.lang.ClassLoader.loadClass(Ljava/lang/String;)Ljava/lang/Class; (7 bytes) @ 0x0000000003d4d3c0 [0x0000000003d4d380+0x40]
v  ~StubRoutines::call_stub
j  org.gradle.api.internal.tasks.compile.incremental.recomp.RecompilationSpec.<init>()V+5
j  org.gradle.api.internal.tasks.compile.incremental.recomp.JavaRecompilationSpecProvider.provideRecompilationSpec(Lorg/gradle/api/internal/tasks/compile/incremental/recomp/CurrentCompilation;Lorg/gradle/api/internal/tasks/compile/incremental/recomp/PreviousCompilation;)Lorg/gradle/api/internal/tasks/compile/incremental/recomp/RecompilationSpec;+4
j  org.gradle.api.internal.tasks.compile.incremental.SelectiveCompiler.execute(Lorg/gradle/api/internal/tasks/compile/JavaCompileSpec;)Lorg/gradle/api/tasks/WorkResult;+61
j  org.gradle.api.internal.tasks.compile.incremental.SelectiveCompiler.execute(Lorg/gradle/language/base/internal/compile/CompileSpec;)Lorg/gradle/api/tasks/WorkResult;+5
j  org.gradle.api.internal.tasks.compile.incremental.IncrementalResultStoringCompiler.execute(Lorg/gradle/api/internal/tasks/compile/JavaCompileSpec;)Lorg/gradle/api/tasks/WorkResult;+5
j  org.gradle.api.internal.tasks.compile.incremental.IncrementalResultStoringCompiler.execute(Lorg/gradle/language/base/internal/compile/CompileSpec;)Lorg/gradle/api/tasks/WorkResult;+5
j  org.gradle.api.internal.tasks.compile.CompileJavaBuildOperationReportingCompiler$2.call(Lorg/gradle/internal/operations/BuildOperationContext;)Lorg/gradle/api/tasks/WorkResult;+11
j  org.gradle.api.internal.tasks.compile.CompileJavaBuildOperationReportingCompiler$2.call(Lorg/gradle/internal/operations/BuildOperationContext;)Ljava/lang/Object;+2
J 6334 C1 org.gradle.internal.operations.DefaultBuildOperationExecutor$CallableBuildOperationWorker.execute(Lorg/gradle/internal/operations/BuildOperation;Lorg/gradle/internal/operations/BuildOperationContext;)V (10 bytes) @ 0x0000000003d8c52c [0x0000000003d8c2c0+0x26c]
J 4345 C1 org.gradle.internal.operations.DefaultBuildOperationExecutor$1.execute(Lorg/gradle/internal/operations/BuildOperationDescriptor;Lorg/gradle/internal/operations/DefaultBuildOperationExecutor$DefaultBuildOperationContext;Lorg/gradle/internal/operations/DefaultBuildOperationExecutor$BuildOperationExecutionListener;)Lorg/gradle/internal/operations/BuildOperation; (82 bytes) @ 0x0000000004164384 [0x0000000004164200+0x184]
J 4445 C1 org.gradle.internal.operations.DefaultBuildOperationExecutor.execute(Lorg/gradle/internal/operations/BuildOperationDescriptor$Builder;Lorg/gradle/internal/operations/DefaultBuildOperationExecutor$BuildOperationState;Lorg/gradle/internal/operations/DefaultBuildOperationExecutor$BuildOperationExecution;)Lorg/gradle/internal/operations/BuildOperation; (111 bytes) @ 0x00000000041b36ec [0x00000000041b2780+0xf6c]
J 6340 C1 org.gradle.internal.operations.DefaultBuildOperationExecutor.call(Lorg/gradle/internal/operations/CallableBuildOperation;)Ljava/lang/Object; (38 bytes) @ 0x000000000407c8ec [0x000000000407c1e0+0x70c]
J 6339 C1 org.gradle.internal.operations.DelegatingBuildOperationExecutor.call(Lorg/gradle/internal/operations/CallableBuildOperation;)Ljava/lang/Object; (11 bytes) @ 0x0000000003da6f44 [0x0000000003da6e40+0x104]
j  org.gradle.api.internal.tasks.compile.CompileJavaBuildOperationReportingCompiler.execute(Lorg/gradle/api/internal/tasks/compile/JavaCompileSpec;)Lorg/gradle/api/tasks/WorkResult;+13
j  org.gradle.api.tasks.compile.JavaCompile.performCompilation(Lorg/gradle/api/internal/tasks/compile/JavaCompileSpec;Lorg/gradle/language/base/internal/compile/Compiler;)V+24
j  org.gradle.api.tasks.compile.JavaCompile.compile(Lorg/gradle/api/tasks/incremental/IncrementalTaskInputs;)V+82
v  ~StubRoutines::call_stub
J 1629  sun.reflect.NativeMethodAccessorImpl.invoke0(Ljava/lang/reflect/Method;Ljava/lang/Object;[Ljava/lang/Object;)Ljava/lang/Object; (0 bytes) @ 0x00000000039364ff [0x0000000003936480+0x7f]
J 1628 C1 sun.reflect.NativeMethodAccessorImpl.invoke(Ljava/lang/Object;[Ljava/lang/Object;)Ljava/lang/Object; (104 bytes) @ 0x0000000003937b24 [0x0000000003936980+0x11a4]
J 6499 C2 java.lang.reflect.Method.invoke(Ljava/lang/Object;[Ljava/lang/Object;)Ljava/lang/Object; (62 bytes) @ 0x00000000046030b4 [0x0000000004603000+0xb4]
J 2142 C1 org.gradle.internal.reflect.JavaMethod.invoke(Ljava/lang/Object;[Ljava/lang/Object;)Ljava/lang/Object; (74 bytes) @ 0x0000000003bd6d7c [0x0000000003bd6c60+0x11c]
j  org.gradle.api.internal.project.taskfactory.IncrementalTaskInputsTaskAction.doExecute(Lorg/gradle/api/Task;Ljava/lang/String;)V+65
j  org.gradle.api.internal.project.taskfactory.StandardTaskAction.execute(Lorg/gradle/api/Task;)V+32
j  org.gradle.api.internal.project.taskfactory.AbstractIncrementalTaskAction.execute(Lorg/gradle/api/Task;)V+2
j  org.gradle.api.internal.project.taskfactory.StandardTaskAction.execute(Ljava/lang/Object;)V+5
j  org.gradle.api.internal.tasks.execution.ExecuteActionsTaskExecuter$5.run(Lorg/gradle/internal/operations/BuildOperationContext;)V+23
J 4496 C1 org.gradle.internal.operations.DefaultBuildOperationExecutor$RunnableBuildOperationWorker.execute(Lorg/gradle/internal/operations/BuildOperation;Lorg/gradle/internal/operations/BuildOperationContext;)V (10 bytes) @ 0x00000000041cee64 [0x00000000041cec00+0x264]
J 4345 C1 org.gradle.internal.operations.DefaultBuildOperationExecutor$1.execute(Lorg/gradle/internal/operations/BuildOperationDescriptor;Lorg/gradle/internal/operations/DefaultBuildOperationExecutor$DefaultBuildOperationContext;Lorg/gradle/internal/operations/DefaultBuildOperationExecutor$BuildOperationExecutionListener;)Lorg/gradle/internal/operations/BuildOperation; (82 bytes) @ 0x0000000004164384 [0x0000000004164200+0x184]
J 4445 C1 org.gradle.internal.operations.DefaultBuildOperationExecutor.execute(Lorg/gradle/internal/operations/BuildOperationDescriptor$Builder;Lorg/gradle/internal/operations/DefaultBuildOperationExecutor$BuildOperationState;Lorg/gradle/internal/operations/DefaultBuildOperationExecutor$BuildOperationExecution;)Lorg/gradle/internal/operations/BuildOperation; (111 bytes) @ 0x00000000041b36ec [0x00000000041b2780+0xf6c]
J 4744 C1 org.gradle.internal.operations.DefaultBuildOperationExecutor.run(Lorg/gradle/internal/operations/RunnableBuildOperation;)V (28 bytes) @ 0x00000000042a157c [0x00000000042a0f80+0x5fc]
J 12983 C1 org.gradle.internal.operations.DelegatingBuildOperationExecutor.run(Lorg/gradle/internal/operations/RunnableBuildOperation;)V (11 bytes) @ 0x0000000005279604 [0x0000000005279500+0x104]
j  org.gradle.api.internal.tasks.execution.ExecuteActionsTaskExecuter.executeAction(Ljava/lang/String;Lorg/gradle/api/internal/TaskInternal;Lorg/gradle/api/internal/tasks/InputChangesAwareTaskAction;Lorg/gradle/internal/execution/history/changes/InputChangesInternal;Z)V+30
j  org.gradle.api.internal.tasks.execution.ExecuteActionsTaskExecuter.executeActions(Lorg/gradle/api/internal/TaskInternal;Lorg/gradle/internal/execution/history/changes/InputChangesInternal;)V+131
j  org.gradle.api.internal.tasks.execution.ExecuteActionsTaskExecuter.access$200(Lorg/gradle/api/internal/tasks/execution/ExecuteActionsTaskExecuter;Lorg/gradle/api/internal/TaskInternal;Lorg/gradle/internal/execution/history/changes/InputChangesInternal;)V+3
j  org.gradle.api.internal.tasks.execution.ExecuteActionsTaskExecuter$TaskExecution.execute(Lorg/gradle/internal/execution/history/changes/InputChangesInternal;)Lorg/gradle/internal/execution/UnitOfWork$WorkResult;+52
j  org.gradle.internal.execution.steps.ExecuteStep.lambda$execute$0(Lorg/gradle/internal/execution/UnitOfWork;Lorg/gradle/internal/execution/history/changes/InputChangesInternal;)Lorg/gradle/internal/execution/ExecutionOutcome;+3
j  org.gradle.internal.execution.steps.ExecuteStep$$Lambda$409.apply(Ljava/lang/Object;)Ljava/lang/Object;+12
J 14297 C2 java.util.Optional.map(Ljava/util/function/Function;)Ljava/util/Optional; (30 bytes) @ 0x000000000599baf8 [0x000000000599baa0+0x58]
j  org.gradle.internal.execution.steps.ExecuteStep.execute(Lorg/gradle/internal/execution/InputChangesContext;)Lorg/gradle/internal/execution/Result;+20
j  org.gradle.internal.execution.steps.ExecuteStep.execute(Lorg/gradle/internal/execution/Context;)Lorg/gradle/internal/execution/Result;+5
j  org.gradle.internal.execution.steps.CleanupOutputsStep.execute(Lorg/gradle/internal/execution/InputChangesContext;)Lorg/gradle/internal/execution/Result;+76
j  org.gradle.internal.execution.steps.CleanupOutputsStep.execute(Lorg/gradle/internal/execution/Context;)Lorg/gradle/internal/execution/Result;+5
j  org.gradle.internal.execution.steps.ResolveInputChangesStep.execute(Lorg/gradle/internal/execution/IncrementalChangesContext;)Lorg/gradle/internal/execution/Result;+50
j  org.gradle.internal.execution.steps.ResolveInputChangesStep.execute(Lorg/gradle/internal/execution/Context;)Lorg/gradle/internal/execution/Result;+5
j  org.gradle.internal.execution.steps.CancelExecutionStep.execute(Lorg/gradle/internal/execution/Context;)Lorg/gradle/internal/execution/Result;+5
j  org.gradle.internal.execution.steps.TimeoutStep.executeWithoutTimeout(Lorg/gradle/internal/execution/Context;)Lorg/gradle/internal/execution/Result;+5
j  org.gradle.internal.execution.steps.TimeoutStep.execute(Lorg/gradle/internal/execution/Context;)Lorg/gradle/internal/execution/Result;+97
j  org.gradle.internal.execution.steps.CatchExceptionStep.execute(Lorg/gradle/internal/execution/Context;)Lorg/gradle/internal/execution/Result;+5
j  org.gradle.internal.execution.steps.CreateOutputsStep.execute(Lorg/gradle/internal/execution/Context;)Lorg/gradle/internal/execution/Result;+24
j  org.gradle.internal.execution.steps.SnapshotOutputsStep.execute(Lorg/gradle/internal/execution/Context;)Lorg/gradle/internal/execution/CurrentSnapshotResult;+5
j  org.gradle.internal.execution.steps.SnapshotOutputsStep.execute(Lorg/gradle/internal/execution/Context;)Lorg/gradle/internal/execution/Result;+2
j  org.gradle.internal.execution.steps.CacheStep.executeWithoutCache(Lorg/gradle/internal/execution/IncrementalChangesContext;)Lorg/gradle/internal/execution/CurrentSnapshotResult;+5
j  org.gradle.internal.execution.steps.CacheStep.execute(Lorg/gradle/internal/execution/IncrementalChangesContext;)Lorg/gradle/internal/execution/CurrentSnapshotResult;+41
j  org.gradle.internal.execution.steps.CacheStep.execute(Lorg/gradle/internal/execution/Context;)Lorg/gradle/internal/execution/Result;+5
j  org.gradle.internal.execution.steps.BroadcastChangingOutputsStep.execute(Lorg/gradle/internal/execution/Context;)Lorg/gradle/internal/execution/Result;+45
j  org.gradle.internal.execution.steps.StoreSnapshotsStep.execute(Lorg/gradle/internal/execution/BeforeExecutionContext;)Lorg/gradle/internal/execution/CurrentSnapshotResult;+5
j  org.gradle.internal.execution.steps.StoreSnapshotsStep.execute(Lorg/gradle/internal/execution/Context;)Lorg/gradle/internal/execution/Result;+5
j  org.gradle.internal.execution.steps.RecordOutputsStep.execute(Lorg/gradle/internal/execution/Context;)Lorg/gradle/internal/execution/CurrentSnapshotResult;+5
j  org.gradle.internal.execution.steps.RecordOutputsStep.execute(Lorg/gradle/internal/execution/Context;)Lorg/gradle/internal/execution/Result;+2
j  org.gradle.internal.execution.steps.SkipUpToDateStep.executeBecause(Lcom/google/common/collect/ImmutableList;Lorg/gradle/internal/execution/IncrementalChangesContext;)Lorg/gradle/internal/execution/UpToDateResult;+16
J 10842 C1 org.gradle.internal.execution.steps.SkipUpToDateStep.lambda$execute$0(Lorg/gradle/internal/execution/IncrementalChangesContext;Lorg/gradle/internal/execution/history/changes/ExecutionStateChanges;)Lorg/gradle/internal/execution/UpToDateResult; (78 bytes) @ 0x00000000051c96ac [0x00000000051c8420+0x128c]
J 10846 C1 org.gradle.internal.execution.steps.SkipUpToDateStep.execute(Lorg/gradle/internal/execution/IncrementalChangesContext;)Lorg/gradle/internal/execution/UpToDateResult; (62 bytes) @ 0x00000000051d2ea4 [0x00000000051d1900+0x15a4]
J 9763 C1 org.gradle.internal.execution.steps.SkipUpToDateStep.execute(Lorg/gradle/internal/execution/Context;)Lorg/gradle/internal/execution/Result; (9 bytes) @ 0x0000000003e7007c [0x0000000003e6ff00+0x17c]
J 9768 C1 org.gradle.internal.execution.steps.ResolveChangesStep.execute(Lorg/gradle/internal/execution/CachingContext;)Lorg/gradle/internal/execution/Result; (70 bytes) @ 0x000000000461f2fc [0x000000000461d9c0+0x193c]
J 7251 C1 org.gradle.internal.execution.steps.ResolveChangesStep.execute(Lorg/gradle/internal/execution/Context;)Lorg/gradle/internal/execution/Result; (9 bytes) @ 0x00000000047ec4cc [0x00000000047ec340+0x18c]
J 9748 C1 org.gradle.internal.execution.steps.legacy.MarkSnapshottingInputsFinishedStep.execute(Lorg/gradle/internal/execution/Context;)Lorg/gradle/internal/execution/Result; (9 bytes) @ 0x0000000004539764 [0x0000000004539300+0x464]
J 9747 C1 org.gradle.internal.execution.steps.ResolveCachingStateStep.execute(Lorg/gradle/internal/execution/BeforeExecutionContext;)Lorg/gradle/internal/execution/CachingResult; (143 bytes) @ 0x00000000036a5124 [0x00000000036a3a80+0x16a4]
J 7241 C1 org.gradle.internal.execution.steps.ResolveCachingStateStep.execute(Lorg/gradle/internal/execution/Context;)Lorg/gradle/internal/execution/Result; (9 bytes) @ 0x00000000047e33cc [0x00000000047e3240+0x18c]
J 9739 C1 org.gradle.internal.execution.steps.CaptureStateBeforeExecutionStep.execute(Lorg/gradle/internal/execution/AfterPreviousExecutionContext;)Lorg/gradle/internal/execution/CachingResult; (47 bytes) @ 0x0000000003cd086c [0x0000000003cd0460+0x40c]
J 7236 C1 org.gradle.internal.execution.steps.CaptureStateBeforeExecutionStep.execute(Lorg/gradle/internal/execution/Context;)Lorg/gradle/internal/execution/Result; (9 bytes) @ 0x00000000047e17cc [0x00000000047e1640+0x18c]
J 7238 C1 org.gradle.internal.execution.impl.DefaultWorkExecutor.execute(Lorg/gradle/internal/execution/Context;)Lorg/gradle/internal/execution/Result; (11 bytes) @ 0x00000000047e2044 [0x00000000047e1f40+0x104]
j  org.gradle.api.internal.tasks.execution.ExecuteActionsTaskExecuter.execute(Lorg/gradle/api/internal/TaskInternal;Lorg/gradle/api/internal/tasks/TaskStateInternal;Lorg/gradle/api/internal/tasks/TaskExecutionContext;)Lorg/gradle/api/internal/tasks/TaskExecuterResult;+39
j  org.gradle.api.internal.tasks.execution.ValidatingTaskExecuter.execute(Lorg/gradle/api/internal/TaskInternal;Lorg/gradle/api/internal/tasks/TaskStateInternal;Lorg/gradle/api/internal/tasks/TaskExecutionContext;)Lorg/gradle/api/internal/tasks/TaskExecuterResult;+100
j  org.gradle.api.internal.tasks.execution.SkipEmptySourceFilesTaskExecuter.execute(Lorg/gradle/api/internal/TaskInternal;Lorg/gradle/api/internal/tasks/TaskStateInternal;Lorg/gradle/api/internal/tasks/TaskExecutionContext;)Lorg/gradle/api/internal/tasks/TaskExecuterResult;+292
j  org.gradle.api.internal.tasks.execution.ResolveBeforeExecutionOutputsTaskExecuter.execute(Lorg/gradle/api/internal/TaskInternal;Lorg/gradle/api/internal/tasks/TaskStateInternal;Lorg/gradle/api/internal/tasks/TaskExecutionContext;)Lorg/gradle/api/internal/tasks/TaskExecuterResult;+89
j  org.gradle.api.internal.tasks.execution.ResolveAfterPreviousExecutionStateTaskExecuter.execute(Lorg/gradle/api/internal/TaskInternal;Lorg/gradle/api/internal/tasks/TaskStateInternal;Lorg/gradle/api/internal/tasks/TaskExecutionContext;)Lorg/gradle/api/internal/tasks/TaskExecuterResult;+34
j  org.gradle.api.internal.tasks.execution.CleanupStaleOutputsExecuter.execute(Lorg/gradle/api/internal/TaskInternal;Lorg/gradle/api/internal/tasks/TaskStateInternal;Lorg/gradle/api/internal/tasks/TaskExecutionContext;)Lorg/gradle/api/internal/tasks/TaskExecuterResult;+188
j  org.gradle.api.internal.tasks.execution.FinalizePropertiesTaskExecuter.execute(Lorg/gradle/api/internal/TaskInternal;Lorg/gradle/api/internal/tasks/TaskStateInternal;Lorg/gradle/api/internal/tasks/TaskExecutionContext;)Lorg/gradle/api/internal/tasks/TaskExecuterResult;+61
j  org.gradle.api.internal.tasks.execution.ResolveTaskExecutionModeExecuter.execute(Lorg/gradle/api/internal/TaskInternal;Lorg/gradle/api/internal/tasks/TaskStateInternal;Lorg/gradle/api/internal/tasks/TaskExecutionContext;)Lorg/gradle/api/internal/tasks/TaskExecuterResult;+99
j  org.gradle.api.internal.tasks.execution.SkipTaskWithNoActionsExecuter.execute(Lorg/gradle/api/internal/TaskInternal;Lorg/gradle/api/internal/tasks/TaskStateInternal;Lorg/gradle/api/internal/tasks/TaskExecutionContext;)Lorg/gradle/api/internal/tasks/TaskExecuterResult;+120
j  org.gradle.api.internal.tasks.execution.SkipOnlyIfTaskExecuter.execute(Lorg/gradle/api/internal/TaskInternal;Lorg/gradle/api/internal/tasks/TaskStateInternal;Lorg/gradle/api/internal/tasks/TaskExecutionContext;)Lorg/gradle/api/internal/tasks/TaskExecuterResult;+91
j  org.gradle.api.internal.tasks.execution.CatchExceptionTaskExecuter.execute(Lorg/gradle/api/internal/TaskInternal;Lorg/gradle/api/internal/tasks/TaskStateInternal;Lorg/gradle/api/internal/tasks/TaskExecutionContext;)Lorg/gradle/api/internal/tasks/TaskExecuterResult;+7
j  org.gradle.api.internal.tasks.execution.EventFiringTaskExecuter$1.executeTask(Lorg/gradle/internal/operations/BuildOperationContext;)Lorg/gradle/api/internal/tasks/TaskExecuterResult;+136
j  org.gradle.api.internal.tasks.execution.EventFiringTaskExecuter$1.call(Lorg/gradle/internal/operations/BuildOperationContext;)Lorg/gradle/api/internal/tasks/TaskExecuterResult;+2
j  org.gradle.api.internal.tasks.execution.EventFiringTaskExecuter$1.call(Lorg/gradle/internal/operations/BuildOperationContext;)Ljava/lang/Object;+2
J 6334 C1 org.gradle.internal.operations.DefaultBuildOperationExecutor$CallableBuildOperationWorker.execute(Lorg/gradle/internal/operations/BuildOperation;Lorg/gradle/internal/operations/BuildOperationContext;)V (10 bytes) @ 0x0000000003d8c52c [0x0000000003d8c2c0+0x26c]
J 4345 C1 org.gradle.internal.operations.DefaultBuildOperationExecutor$1.execute(Lorg/gradle/internal/operations/BuildOperationDescriptor;Lorg/gradle/internal/operations/DefaultBuildOperationExecutor$DefaultBuildOperationContext;Lorg/gradle/internal/operations/DefaultBuildOperationExecutor$BuildOperationExecutionListener;)Lorg/gradle/internal/operations/BuildOperation; (82 bytes) @ 0x0000000004164384 [0x0000000004164200+0x184]
J 4445 C1 org.gradle.internal.operations.DefaultBuildOperationExecutor.execute(Lorg/gradle/internal/operations/BuildOperationDescriptor$Builder;Lorg/gradle/internal/operations/DefaultBuildOperationExecutor$BuildOperationState;Lorg/gradle/internal/operations/DefaultBuildOperationExecutor$BuildOperationExecution;)Lorg/gradle/internal/operations/BuildOperation; (111 bytes) @ 0x00000000041b36ec [0x00000000041b2780+0xf6c]
J 6340 C1 org.gradle.internal.operations.DefaultBuildOperationExecutor.call(Lorg/gradle/internal/operations/CallableBuildOperation;)Ljava/lang/Object; (38 bytes) @ 0x000000000407c8ec [0x000000000407c1e0+0x70c]
J 6339 C1 org.gradle.internal.operations.DelegatingBuildOperationExecutor.call(Lorg/gradle/internal/operations/CallableBuildOperation;)Ljava/lang/Object; (11 bytes) @ 0x0000000003da6f44 [0x0000000003da6e40+0x104]
j  org.gradle.api.internal.tasks.execution.EventFiringTaskExecuter.execute(Lorg/gradle/api/internal/TaskInternal;Lorg/gradle/api/internal/tasks/TaskStateInternal;Lorg/gradle/api/internal/tasks/TaskExecutionContext;)Lorg/gradle/api/internal/tasks/TaskExecuterResult;+15
J 7631 C1 org.gradle.execution.plan.LocalTaskNodeExecutor.execute(Lorg/gradle/execution/plan/Node;Lorg/gradle/execution/ProjectExecutionServiceRegistry;)Z (116 bytes) @ 0x0000000003c09504 [0x0000000003c082e0+0x1224]
J 7630 C1 org.gradle.execution.taskgraph.DefaultTaskExecutionGraph$InvokeNodeExecutorsAction.execute(Lorg/gradle/execution/plan/Node;)V (74 bytes) @ 0x0000000004166ac4 [0x0000000004166740+0x384]
J 7629 C1 org.gradle.execution.taskgraph.DefaultTaskExecutionGraph$InvokeNodeExecutorsAction.execute(Ljava/lang/Object;)V (9 bytes) @ 0x0000000003934b9c [0x0000000003934a40+0x15c]
J 7628 C1 org.gradle.execution.taskgraph.DefaultTaskExecutionGraph$BuildOperationAwareExecutionAction.execute(Lorg/gradle/execution/plan/Node;)V (48 bytes) @ 0x00000000036084a4 [0x0000000003607ac0+0x9e4]
J 7627 C1 org.gradle.execution.taskgraph.DefaultTaskExecutionGraph$BuildOperationAwareExecutionAction.execute(Ljava/lang/Object;)V (9 bytes) @ 0x0000000003bc411c [0x0000000003bc3fc0+0x15c]
J 10817 C1 org.gradle.execution.plan.DefaultPlanExecutor$ExecutorWorker$1.execute(Lorg/gradle/execution/plan/Node;)V (98 bytes) @ 0x00000000051af464 [0x00000000051ae9e0+0xa84]
J 7625 C1 org.gradle.execution.plan.DefaultPlanExecutor$ExecutorWorker$1.execute(Ljava/lang/Object;)V (9 bytes) @ 0x0000000003a5051c [0x0000000003a503c0+0x15c]
J 7224 C1 org.gradle.execution.plan.DefaultPlanExecutor$ExecutorWorker.execute(Lorg/gradle/execution/plan/Node;Lorg/gradle/internal/work/WorkerLeaseRegistry$WorkerLease;Lorg/gradle/api/Action;)V (74 bytes) @ 0x00000000047ce1f4 [0x00000000047cdfe0+0x214]
J 7049 C1 org.gradle.execution.plan.DefaultPlanExecutor$ExecutorWorker.executeNextNode(Lorg/gradle/internal/work/WorkerLeaseRegistry$WorkerLease;Lorg/gradle/api/Action;)Z (63 bytes) @ 0x000000000473ebd4 [0x000000000473e560+0x674]
j  org.gradle.execution.plan.DefaultPlanExecutor$ExecutorWorker.run()V+41
J 13306 C1 org.gradle.internal.concurrent.ManagedExecutorImpl$1.run()V (59 bytes) @ 0x00000000054604ac [0x000000000545ffa0+0x50c]
j  java.util.concurrent.ThreadPoolExecutor.runWorker(Ljava/util/concurrent/ThreadPoolExecutor$Worker;)V+95
j  java.util.concurrent.ThreadPoolExecutor$Worker.run()V+5
j  org.gradle.internal.concurrent.ThreadFactoryImpl$ManagedThreadRunnable.run()V+7
j  java.lang.Thread.run()V+11
v  ~StubRoutines::call_stub

---------------  P R O C E S S  ---------------

Java Threads: ( => current thread )
  0x000000001d096800 JavaThread "Cache worker for Java compile cache (E:\Projects\Intro\.gradle\5.6.4\javaCompile)" [_thread_blocked, id=6100, stack(0x0000000025c90000,0x0000000025d90000)]
  0x000000001d093800 JavaThread "Cache worker for execution history cache (E:\Projects\Intro\.gradle\5.6.4\executionHistory)" [_thread_blocked, id=6876, stack(0x0000000025620000,0x0000000025720000)]
  0x000000001d08f000 JavaThread "Execution worker for ':' Thread 3" [_thread_blocked, id=8264, stack(0x0000000025520000,0x0000000025620000)]
=>0x000000001d08e800 JavaThread "Execution worker for ':' Thread 2" [_thread_in_vm, id=1396, stack(0x0000000024aa0000,0x0000000024ba0000)]
  0x000000001d08d800 JavaThread "Execution worker for ':'" [_thread_blocked, id=5444, stack(0x0000000023a90000,0x0000000023b90000)]
  0x000000001ff0a800 JavaThread "Cache worker for file content cache (E:\Projects\Intro\.gradle\5.6.4\fileContent)" [_thread_blocked, id=3284, stack(0x0000000022d60000,0x0000000022e60000)]
  0x000000001ff09800 JavaThread "Cache worker for Build Output Cleanup Cache (E:\Projects\Intro\.gradle\buildOutputCleanup)" [_thread_blocked, id=9668, stack(0x00000000227e0000,0x00000000228e0000)]
  0x000000001ff09000 JavaThread "pool-3-thread-1" [_thread_blocked, id=9724, stack(0x00000000226e0000,0x00000000227e0000)]
  0x000000001ff08000 JavaThread "Build operations Thread 4" [_thread_blocked, id=7428, stack(0x00000000225e0000,0x00000000226e0000)]
  0x000000001ff07800 JavaThread "Build operations Thread 3" [_thread_blocked, id=6716, stack(0x00000000224e0000,0x00000000225e0000)]
  0x000000001ff00000 JavaThread "Build operations Thread 2" [_thread_blocked, id=5820, stack(0x00000000223e0000,0x00000000224e0000)]
  0x000000001ff06800 JavaThread "Build operations" [_thread_blocked, id=8492, stack(0x0000000020900000,0x0000000020a00000)]
  0x000000001fefe800 JavaThread "Cache worker for cache directory md-rule (C:\Users\Almas\.gradle\caches\5.6.4\md-rule)" [_thread_blocked, id=6092, stack(0x000000001f160000,0x000000001f260000)]
  0x000000001ff05000 JavaThread "Cache worker for cache directory md-supplier (C:\Users\Almas\.gradle\caches\5.6.4\md-supplier)" [_thread_blocked, id=5580, stack(0x000000001ee60000,0x000000001ef60000)]
  0x000000001fefd800 JavaThread "Cache worker for file hash cache (E:\Projects\Intro\.gradle\5.6.4\fileHashes)" [_thread_blocked, id=9896, stack(0x000000001c5c0000,0x000000001c6c0000)]
  0x000000001ff00800 JavaThread "Thread-40" [_thread_blocked, id=9888, stack(0x000000001c2c0000,0x000000001c3c0000)]
  0x000000001ff04800 JavaThread "Stdin handler" [_thread_blocked, id=9080, stack(0x000000001c1c0000,0x000000001c2c0000)]
  0x000000001ff03800 JavaThread "Asynchronous log dispatcher for DefaultDaemonConnection: socket connection from /127.0.0.1:52522 to /127.0.0.1:52537" [_thread_blocked, id=12732, stack(0x000000001bec0000,0x000000001bfc0000)]
  0x000000001ff02000 JavaThread "Daemon worker Thread 2" [_thread_blocked, id=11308, stack(0x000000001bdc0000,0x000000001bec0000)]
  0x000000001fefc000 JavaThread "Cancel handler" [_thread_blocked, id=6192, stack(0x0000000001770000,0x0000000001870000)]
  0x000000001ff03000 JavaThread "Handler for socket connection from /127.0.0.1:52522 to /127.0.0.1:52537" [_thread_in_native, id=6728, stack(0x0000000001670000,0x0000000001770000)]
  0x000000001ff01800 JavaThread "Daemon Thread 2" [_thread_blocked, id=2196, stack(0x0000000001570000,0x0000000001670000)]
  0x000000001d09c000 JavaThread "Cache worker for Java compile cache (C:\Users\Almas\.gradle\caches\5.6.4\javaCompile)" [_thread_blocked, id=10540, stack(0x00000000249a0000,0x0000000024aa0000)]
  0x000000001d096000 JavaThread "Cache worker for file content cache (C:\Users\Almas\.gradle\caches\5.6.4\fileContent)" [_thread_blocked, id=7960, stack(0x0000000023990000,0x0000000023a90000)]
  0x000000001d093000 JavaThread "Memory manager" [_thread_blocked, id=10412, stack(0x0000000023060000,0x0000000023160000)]
  0x000000001d094800 JavaThread "Cache worker for execution history cache (C:\Users\Almas\.gradle\caches\5.6.4\executionHistory)" [_thread_blocked, id=120, stack(0x0000000021cc0000,0x0000000021dc0000)]
  0x000000001a179800 JavaThread "Cache worker for journal cache (C:\Users\Almas\.gradle\caches\journal-1)" [_thread_blocked, id=2668, stack(0x000000001cac0000,0x000000001cbc0000)]
  0x000000001a176800 JavaThread "File lock request listener" [_thread_in_native, id=11020, stack(0x000000001c9c0000,0x000000001cac0000)]
  0x000000001a176000 JavaThread "Cache worker for file hash cache (C:\Users\Almas\.gradle\caches\5.6.4\fileHashes)" [_thread_blocked, id=8852, stack(0x000000001c6c0000,0x000000001c7c0000)]
  0x000000001a5a9800 JavaThread "Daemon periodic checks" [_thread_blocked, id=6748, stack(0x000000001bcc0000,0x000000001bdc0000)]
  0x000000001a5a8000 JavaThread "Incoming local TCP Connector on port 52522" [_thread_in_native, id=6940, stack(0x000000001ba80000,0x000000001bb80000)]
  0x0000000018cb0800 JavaThread "Daemon health stats" [_thread_blocked, id=4864, stack(0x000000001b440000,0x000000001b540000)]
  0x00000000186d0800 JavaThread "Service Thread" daemon [_thread_blocked, id=9204, stack(0x0000000018aa0000,0x0000000018ba0000)]
  0x0000000016d42800 JavaThread "C1 CompilerThread2" daemon [_thread_blocked, id=12052, stack(0x00000000185a0000,0x00000000186a0000)]
  0x0000000016d3c000 JavaThread "C2 CompilerThread1" daemon [_thread_in_native, id=4736, stack(0x00000000184a0000,0x00000000185a0000)]
  0x0000000016d38000 JavaThread "C2 CompilerThread0" daemon [_thread_in_native, id=4436, stack(0x00000000183a0000,0x00000000184a0000)]
  0x0000000016d46000 JavaThread "Attach Listener" daemon [_thread_blocked, id=8072, stack(0x00000000182a0000,0x00000000183a0000)]
  0x0000000016d44800 JavaThread "Signal Dispatcher" daemon [_thread_blocked, id=8408, stack(0x00000000181a0000,0x00000000182a0000)]
  0x00000000033cb000 JavaThread "Finalizer" daemon [_thread_blocked, id=13136, stack(0x0000000017fa0000,0x00000000180a0000)]
  0x0000000016d29000 JavaThread "Reference Handler" daemon [_thread_blocked, id=6908, stack(0x0000000017ea0000,0x0000000017fa0000)]
  0x00000000030dd800 JavaThread "main" [_thread_blocked, id=6172, stack(0x00000000031d0000,0x00000000032d0000)]

Other Threads:
  0x0000000016d06000 VMThread [stack: 0x0000000017da0000,0x0000000017ea0000] [id=12212]
  0x0000000016d9c000 WatcherThread [stack: 0x0000000018ba0000,0x0000000018ca0000] [id=13044]

VM state:not at safepoint (normal execution)

VM Mutex/Monitor currently owned by a thread: None

heap address: 0x00000000a0000000, size: 1536 MB, Compressed Oops mode: 32-bit
Narrow klass base: 0x0000000000000000, Narrow klass shift: 3
Compressed class space size: 1073741824 Address: 0x0000000100000000

Heap:
 PSYoungGen      total 280576K, used 163194K [0x00000000e0000000, 0x00000000f5600000, 0x0000000100000000)
  eden space 231424K, 62% used [0x00000000e0000000,0x00000000e8da8090,0x00000000ee200000)
  from space 49152K, 36% used [0x00000000f2600000,0x00000000f37b6808,0x00000000f5600000)
  to   space 59392K, 0% used [0x00000000ee200000,0x00000000ee200000,0x00000000f1c00000)
 ParOldGen       total 315392K, used 135158K [0x00000000a0000000, 0x00000000b3400000, 0x00000000e0000000)
  object space 315392K, 42% used [0x00000000a0000000,0x00000000a83fdbc0,0x00000000b3400000)
 Metaspace       used 87043K, capacity 90398K, committed 90752K, reserved 1128448K
  class space    used 11611K, capacity 12350K, committed 12416K, reserved 1048576K

Card table byte_map: [0x0000000012790000,0x0000000012aa0000] byte_map_base: 0x0000000012290000

Marking Bits: (ParMarkBitMap*) 0x0000000060459f30
 Begin Bits: [0x00000000130a0000, 0x00000000148a0000)
 End Bits:   [0x00000000148a0000, 0x00000000160a0000)

Polling page: 0x0000000003080000

CodeCache: size=245760Kb used=38822Kb max_used=38822Kb free=206937Kb
 bounds [0x00000000033d0000, 0x00000000059f0000, 0x00000000123d0000]
 total_blobs=12861 nmethods=12000 adapters=772
 compilation: enabled

Compilation events (10 events):
Event: 944.430 Thread 0x0000000016d42800 14405       3       org.gradle.api.file.RelativePath::<init> (8 bytes)
Event: 944.431 Thread 0x0000000016d42800 nmethod 14405 0x00000000059e5790 code [0x00000000059e5900, 0x00000000059e5aa8]
Event: 944.431 Thread 0x0000000016d42800 14406       3       org.gradle.internal.fingerprint.impl.PatternSetSnapshottingFilter$PathBackedFileTreeElement::getRelativePath (84 bytes)
Event: 944.432 Thread 0x0000000016d42800 nmethod 14406 0x00000000059e5b50 code [0x00000000059e5dc0, 0x00000000059e6fb8]
Event: 944.432 Thread 0x0000000016d42800 14407       3       com.google.common.collect.Iterables::size (29 bytes)
Event: 944.433 Thread 0x0000000016d42800 nmethod 14407 0x00000000059e7610 code [0x00000000059e77e0, 0x00000000059e80b8]
Event: 944.443 Thread 0x0000000016d42800 14408       3       org.gradle.api.internal.file.collections.FileTreeAdapter::<init> (11 bytes)
Event: 944.443 Thread 0x0000000016d42800 nmethod 14408 0x00000000059e8310 code [0x00000000059e8480, 0x00000000059e8710]
Event: 944.443 Thread 0x0000000016d42800 14409       3       org.gradle.api.internal.file.AbstractFileTree::<init> (10 bytes)
Event: 944.443 Thread 0x0000000016d42800 nmethod 14409 0x00000000059e8850 code [0x00000000059e89c0, 0x00000000059e8bf0]

GC Heap History (10 events):
Event: 29.037 GC heap before
{Heap before GC invocations=18 (full 3):
 PSYoungGen      total 186880K, used 186877K [0x00000000e0000000, 0x00000000ede80000, 0x0000000100000000)
  eden space 168448K, 100% used [0x00000000e0000000,0x00000000ea480000,0x00000000ea480000)
  from space 18432K, 99% used [0x00000000ebd80000,0x00000000ecf7f7d8,0x00000000ecf80000)
  to   space 25600K, 0% used [0x00000000ea480000,0x00000000ea480000,0x00000000ebd80000)
 ParOldGen       total 147968K, used 46883K [0x00000000a0000000, 0x00000000a9080000, 0x00000000e0000000)
  object space 147968K, 31% used [0x00000000a0000000,0x00000000a2dc8e00,0x00000000a9080000)
 Metaspace       used 70412K, capacity 72602K, committed 72704K, reserved 1112064K
  class space    used 9446K, capacity 9960K, committed 9984K, reserved 1048576K
Event: 29.113 GC heap after
Heap after GC invocations=18 (full 3):
 PSYoungGen      total 194048K, used 25595K [0x00000000e0000000, 0x00000000f0d00000, 0x0000000100000000)
  eden space 168448K, 0% used [0x00000000e0000000,0x00000000e0000000,0x00000000ea480000)
  from space 25600K, 99% used [0x00000000ea480000,0x00000000ebd7ee00,0x00000000ebd80000)
  to   space 34304K, 0% used [0x00000000eeb80000,0x00000000eeb80000,0x00000000f0d00000)
 ParOldGen       total 147968K, used 60519K [0x00000000a0000000, 0x00000000a9080000, 0x00000000e0000000)
  object space 147968K, 40% used [0x00000000a0000000,0x00000000a3b19ce0,0x00000000a9080000)
 Metaspace       used 70412K, capacity 72602K, committed 72704K, reserved 1112064K
  class space    used 9446K, capacity 9960K, committed 9984K, reserved 1048576K
}
Event: 32.074 GC heap before
{Heap before GC invocations=19 (full 3):
 PSYoungGen      total 194048K, used 194043K [0x00000000e0000000, 0x00000000f0d00000, 0x0000000100000000)
  eden space 168448K, 100% used [0x00000000e0000000,0x00000000ea480000,0x00000000ea480000)
  from space 25600K, 99% used [0x00000000ea480000,0x00000000ebd7ee00,0x00000000ebd80000)
  to   space 34304K, 0% used [0x00000000eeb80000,0x00000000eeb80000,0x00000000f0d00000)
 ParOldGen       total 147968K, used 60519K [0x00000000a0000000, 0x00000000a9080000, 0x00000000e0000000)
  object space 147968K, 40% used [0x00000000a0000000,0x00000000a3b19ce0,0x00000000a9080000)
 Metaspace       used 78704K, capacity 82064K, committed 82304K, reserved 1120256K
  class space    used 10785K, capacity 11533K, committed 11648K, reserved 1048576K
Event: 32.148 GC heap after
Heap after GC invocations=19 (full 3):
 PSYoungGen      total 237056K, used 30997K [0x00000000e0000000, 0x00000000f1680000, 0x0000000100000000)
  eden space 202752K, 0% used [0x00000000e0000000,0x00000000e0000000,0x00000000ec600000)
  from space 34304K, 90% used [0x00000000eeb80000,0x00000000f09c5718,0x00000000f0d00000)
  to   space 38400K, 0% used [0x00000000ec600000,0x00000000ec600000,0x00000000eeb80000)
 ParOldGen       total 147968K, used 76428K [0x00000000a0000000, 0x00000000a9080000, 0x00000000e0000000)
  object space 147968K, 51% used [0x00000000a0000000,0x00000000a4aa32c8,0x00000000a9080000)
 Metaspace       used 78704K, capacity 82064K, committed 82304K, reserved 1120256K
  class space    used 10785K, capacity 11533K, committed 11648K, reserved 1048576K
}
Event: 35.878 GC heap before
{Heap before GC invocations=20 (full 3):
 PSYoungGen      total 237056K, used 233269K [0x00000000e0000000, 0x00000000f1680000, 0x0000000100000000)
  eden space 202752K, 99% used [0x00000000e0000000,0x00000000ec5880d8,0x00000000ec600000)
  from space 34304K, 90% used [0x00000000eeb80000,0x00000000f09c5718,0x00000000f0d00000)
  to   space 38400K, 0% used [0x00000000ec600000,0x00000000ec600000,0x00000000eeb80000)
 ParOldGen       total 147968K, used 76428K [0x00000000a0000000, 0x00000000a9080000, 0x00000000e0000000)
  object space 147968K, 51% used [0x00000000a0000000,0x00000000a4aa32c8,0x00000000a9080000)
 Metaspace       used 79975K, capacity 83490K, committed 83712K, reserved 1122304K
  class space    used 10958K, capacity 11720K, committed 11776K, reserved 1048576K
Event: 36.013 GC heap after
Heap after GC invocations=20 (full 3):
 PSYoungGen      total 241152K, used 38385K [0x00000000e0000000, 0x00000000f6300000, 0x0000000100000000)
  eden space 202752K, 0% used [0x00000000e0000000,0x00000000e0000000,0x00000000ec600000)
  from space 38400K, 99% used [0x00000000ec600000,0x00000000eeb7c7f0,0x00000000eeb80000)
  to   space 62464K, 0% used [0x00000000f2600000,0x00000000f2600000,0x00000000f6300000)
 ParOldGen       total 147968K, used 125164K [0x00000000a0000000, 0x00000000a9080000, 0x00000000e0000000)
  object space 147968K, 84% used [0x00000000a0000000,0x00000000a7a3b0e8,0x00000000a9080000)
 Metaspace       used 79975K, capacity 83490K, committed 83712K, reserved 1122304K
  class space    used 10958K, capacity 11720K, committed 11776K, reserved 1048576K
}
Event: 36.013 GC heap before
{Heap before GC invocations=21 (full 4):
 PSYoungGen      total 241152K, used 38385K [0x00000000e0000000, 0x00000000f6300000, 0x0000000100000000)
  eden space 202752K, 0% used [0x00000000e0000000,0x00000000e0000000,0x00000000ec600000)
  from space 38400K, 99% used [0x00000000ec600000,0x00000000eeb7c7f0,0x00000000eeb80000)
  to   space 62464K, 0% used [0x00000000f2600000,0x00000000f2600000,0x00000000f6300000)
 ParOldGen       total 147968K, used 125164K [0x00000000a0000000, 0x00000000a9080000, 0x00000000e0000000)
  object space 147968K, 84% used [0x00000000a0000000,0x00000000a7a3b0e8,0x00000000a9080000)
 Metaspace       used 79975K, capacity 83490K, committed 83712K, reserved 1122304K
  class space    used 10958K, capacity 11720K, committed 11776K, reserved 1048576K
Event: 37.032 GC heap after
Heap after GC invocations=21 (full 4):
 PSYoungGen      total 241152K, used 0K [0x00000000e0000000, 0x00000000f6300000, 0x0000000100000000)
  eden space 202752K, 0% used [0x00000000e0000000,0x00000000e0000000,0x00000000ec600000)
  from space 38400K, 0% used [0x00000000ec600000,0x00000000ec600000,0x00000000eeb80000)
  to   space 62464K, 0% used [0x00000000f2600000,0x00000000f2600000,0x00000000f6300000)
 ParOldGen       total 315392K, used 135150K [0x00000000a0000000, 0x00000000b3400000, 0x00000000e0000000)
  object space 315392K, 42% used [0x00000000a0000000,0x00000000a83fbbc0,0x00000000b3400000)
 Metaspace       used 79640K, capacity 82678K, committed 83712K, reserved 1122304K
  class space    used 10838K, capacity 11506K, committed 11776K, reserved 1048576K
}
Event: 41.294 GC heap before
{Heap before GC invocations=22 (full 4):
 PSYoungGen      total 241152K, used 202752K [0x00000000e0000000, 0x00000000f6300000, 0x0000000100000000)
  eden space 202752K, 100% used [0x00000000e0000000,0x00000000ec600000,0x00000000ec600000)
  from space 38400K, 0% used [0x00000000ec600000,0x00000000ec600000,0x00000000eeb80000)
  to   space 62464K, 0% used [0x00000000f2600000,0x00000000f2600000,0x00000000f6300000)
 ParOldGen       total 315392K, used 135150K [0x00000000a0000000, 0x00000000b3400000, 0x00000000e0000000)
  object space 315392K, 42% used [0x00000000a0000000,0x00000000a83fbbc0,0x00000000b3400000)
 Metaspace       used 83512K, capacity 86820K, committed 87040K, reserved 1124352K
  class space    used 11414K, capacity 12169K, committed 12288K, reserved 1048576K
Event: 41.344 GC heap after
Heap after GC invocations=22 (full 4):
 PSYoungGen      total 280576K, used 18138K [0x00000000e0000000, 0x00000000f5600000, 0x0000000100000000)
  eden space 231424K, 0% used [0x00000000e0000000,0x00000000e0000000,0x00000000ee200000)
  from space 49152K, 36% used [0x00000000f2600000,0x00000000f37b6808,0x00000000f5600000)
  to   space 59392K, 0% used [0x00000000ee200000,0x00000000ee200000,0x00000000f1c00000)
 ParOldGen       total 315392K, used 135158K [0x00000000a0000000, 0x00000000b3400000, 0x00000000e0000000)
  object space 315392K, 42% used [0x00000000a0000000,0x00000000a83fdbc0,0x00000000b3400000)
 Metaspace       used 83512K, capacity 86820K, committed 87040K, reserved 1124352K
  class space    used 11414K, capacity 12169K, committed 12288K, reserved 1048576K
}

Deoptimization events (10 events):
Event: 941.818 Thread 0x000000001ff02000 Uncommon trap: reason=unstable_if action=reinterpret pc=0x00000000045f29ac method=com.google.common.collect.MapMakerInternalMap$Segment.getEntry(Ljava/lang/Object;I)Lcom/google/common/collect/MapMakerInternalMap$InternalEntry; @ 4
Event: 941.818 Thread 0x000000001ff02000 Uncommon trap: reason=bimorphic action=maybe_recompile pc=0x000000000481c084 method=com.google.common.cache.LocalCache$Segment.getEntry(Ljava/lang/Object;I)Lcom/google/common/cache/ReferenceEntry; @ 24
Event: 941.819 Thread 0x000000001ff02000 Uncommon trap: reason=class_check action=maybe_recompile pc=0x00000000046b28e4 method=com.google.common.cache.LocalCache$LoadingValueReference.loadFuture(Ljava/lang/Object;Lcom/google/common/cache/CacheLoader;)Lcom/google/common/util/concurrent/Listenable
Event: 941.820 Thread 0x000000001ff02000 Uncommon trap: reason=class_check action=maybe_recompile pc=0x00000000046b28e4 method=com.google.common.cache.LocalCache$LoadingValueReference.loadFuture(Ljava/lang/Object;Lcom/google/common/cache/CacheLoader;)Lcom/google/common/util/concurrent/Listenable
Event: 941.839 Thread 0x000000001ff02000 Uncommon trap: reason=bimorphic action=maybe_recompile pc=0x000000000485d410 method=org.gradle.api.internal.attributes.DefaultImmutableAttributes.get()Ljava/lang/Object; @ 4
Event: 941.839 Thread 0x000000001ff02000 Uncommon trap: reason=bimorphic action=maybe_recompile pc=0x0000000003e49f30 method=org.gradle.api.internal.attributes.DefaultAttributesSchema$MergedSchema.matchValue(Lorg/gradle/api/attributes/Attribute;Ljava/lang/Object;Ljava/lang/Object;)Z @ 2
Event: 942.061 Thread 0x000000001ff02000 Uncommon trap: reason=unstable_if action=reinterpret pc=0x000000000521706c method=org.gradle.internal.component.model.ComponentAttributeMatcher.match(Lorg/gradle/internal/component/model/AttributeSelectionSchema;Ljava/util/Collection;Lorg/gradle/api/inter
Event: 942.171 Thread 0x000000001ff02000 Uncommon trap: reason=class_check action=maybe_recompile pc=0x00000000046b28e4 method=com.google.common.cache.LocalCache$LoadingValueReference.loadFuture(Ljava/lang/Object;Lcom/google/common/cache/CacheLoader;)Lcom/google/common/util/concurrent/Listenable
Event: 943.777 Thread 0x000000001d08d800 Uncommon trap: reason=unstable_if action=reinterpret pc=0x0000000004770c58 method=java.util.concurrent.ConcurrentLinkedQueue.poll()Ljava/lang/Object; @ 25
Event: 943.824 Thread 0x000000001ff02000 Uncommon trap: reason=unstable_if action=reinterpret pc=0x000000000454c604 method=java.util.concurrent.ConcurrentLinkedQueue.poll()Ljava/lang/Object; @ 25

Classes redefined (0 events):
No events

Internal exceptions (10 events):
Event: 41.202 Thread 0x000000001a635000 Implicit null exception at 0x000000000572732c to 0x0000000005727375
Event: 41.477 Thread 0x000000001a618000 Exception <a 'java/lang/NoSuchMethodError': <clinit>> (0x00000000e0bcb590) thrown at [D:\src\AOSP-openjdk-cygwin\jdk8u\hotspot\src\share\vm\prims\jni.cpp, line 1614]
Event: 41.478 Thread 0x000000001a618000 Exception <a 'java/lang/NoSuchMethodError': <clinit>> (0x00000000e0bd6d28) thrown at [D:\src\AOSP-openjdk-cygwin\jdk8u\hotspot\src\share\vm\prims\jni.cpp, line 1614]
Event: 41.481 Thread 0x000000001a618000 Exception <a 'java/lang/NoSuchMethodError': <clinit>> (0x00000000e0be1570) thrown at [D:\src\AOSP-openjdk-cygwin\jdk8u\hotspot\src\share\vm\prims\jni.cpp, line 1614]
Event: 41.496 Thread 0x000000001a618000 Exception <a 'java/lang/NoSuchMethodError': <clinit>> (0x00000000e0bfb580) thrown at [D:\src\AOSP-openjdk-cygwin\jdk8u\hotspot\src\share\vm\prims\jni.cpp, line 1614]
Event: 41.498 Thread 0x000000001a618000 Exception <a 'java/lang/NoSuchMethodError': <clinit>> (0x00000000e0c0c1a0) thrown at [D:\src\AOSP-openjdk-cygwin\jdk8u\hotspot\src\share\vm\prims\jni.cpp, line 1614]
Event: 941.803 Thread 0x000000001ff02000 Implicit null exception at 0x00000000050783b3 to 0x000000000507d69d
Event: 941.812 Thread 0x000000001ff02000 Implicit null exception at 0x000000000449c9b4 to 0x000000000449cc41
Event: 941.812 Thread 0x000000001ff02000 Implicit null exception at 0x000000000448e075 to 0x000000000448e625
Event: 942.179 Thread 0x000000001ff02000 Exception <a 'sun/nio/fs/WindowsException'> (0x00000000e311dd78) thrown at [D:\src\AOSP-openjdk-cygwin\jdk8u\hotspot\src\share\vm\prims\jni.cpp, line 710]

Events (10 events):
Event: 944.450 loading class org/gradle/api/internal/tasks/compile/incremental/recomp/PreviousCompilation
Event: 944.450 loading class org/gradle/api/internal/tasks/compile/incremental/recomp/PreviousCompilation done
Event: 944.451 loading class org/gradle/api/internal/tasks/compile/incremental/SelectiveCompiler
Event: 944.451 loading class org/gradle/api/internal/tasks/compile/incremental/SelectiveCompiler done
Event: 944.453 loading class org/gradle/api/internal/tasks/compile/incremental/recomp/CurrentCompilation
Event: 944.453 loading class org/gradle/api/internal/tasks/compile/incremental/recomp/CurrentCompilation done
Event: 944.454 loading class org/gradle/api/internal/tasks/compile/incremental/recomp/RecompilationSpec
Event: 944.454 loading class org/gradle/api/internal/tasks/compile/incremental/recomp/RecompilationSpec done
Event: 944.455 loading class org/gradle/api/internal/tasks/compile/incremental/recomp/RecompilationSpec$NormalizingClassNamesSet
Event: 944.455 loading class org/gradle/api/internal/tasks/compile/incremental/recomp/RecompilationSpec$NormalizingClassNamesSet done


Dynamic libraries:
0x00007ff620070000 - 0x00007ff6200a1000 	C:\Program Files\Android\Android Studio\jre\bin\java.exe
0x00007ffa1d440000 - 0x00007ffa1d630000 	C:\WINDOWS\SYSTEM32\ntdll.dll
0x00007ffa1c3b0000 - 0x00007ffa1c462000 	C:\WINDOWS\System32\KERNEL32.DLL
0x00007ffa1a860000 - 0x00007ffa1ab03000 	C:\WINDOWS\System32\KERNELBASE.dll
0x00007ffa1b500000 - 0x00007ffa1b5a3000 	C:\WINDOWS\System32\ADVAPI32.dll
0x00007ffa1c470000 - 0x00007ffa1c50e000 	C:\WINDOWS\System32\msvcrt.dll
0x00007ffa1cdf0000 - 0x00007ffa1ce87000 	C:\WINDOWS\System32\sechost.dll
0x00007ffa1b620000 - 0x00007ffa1b740000 	C:\WINDOWS\System32\RPCRT4.dll
0x00007ffa1b740000 - 0x00007ffa1b8d4000 	C:\WINDOWS\System32\USER32.dll
0x00007ffa1a3d0000 - 0x00007ffa1a3f1000 	C:\WINDOWS\System32\win32u.dll
0x00007ffa1c320000 - 0x00007ffa1c346000 	C:\WINDOWS\System32\GDI32.dll
0x00007ffa1a550000 - 0x00007ffa1a6e4000 	C:\WINDOWS\System32\gdi32full.dll
0x00007ffa1ab10000 - 0x00007ffa1abae000 	C:\WINDOWS\System32\msvcp_win.dll
0x00007ffa1a450000 - 0x00007ffa1a54a000 	C:\WINDOWS\System32\ucrtbase.dll
0x00007ffa19810000 - 0x00007ffa19a95000 	C:\WINDOWS\WinSxS\amd64_microsoft.windows.common-controls_6595b64144ccf1df_6.0.18362.720_none_e6beb5c51314836b\COMCTL32.dll
0x00007ffa1c590000 - 0x00007ffa1c8c6000 	C:\WINDOWS\System32\combase.dll
0x00007ffa1ac40000 - 0x00007ffa1acc0000 	C:\WINDOWS\System32\bcryptPrimitives.dll
0x00007ffa1c8d0000 - 0x00007ffa1c8fe000 	C:\WINDOWS\System32\IMM32.DLL
0x000000005fab0000 - 0x000000005fb82000 	C:\Program Files\Android\Android Studio\jre\jre\bin\msvcr100.dll
0x000000005fc90000 - 0x00000000604d6000 	C:\Program Files\Android\Android Studio\jre\jre\bin\server\jvm.dll
0x00007ffa1b990000 - 0x00007ffa1b998000 	C:\WINDOWS\System32\PSAPI.DLL
0x00007ffa17fd0000 - 0x00007ffa17fda000 	C:\WINDOWS\SYSTEM32\VERSION.dll
0x00007ffa162a0000 - 0x00007ffa162c4000 	C:\WINDOWS\SYSTEM32\WINMM.dll
0x00007ffa18990000 - 0x00007ffa18999000 	C:\WINDOWS\SYSTEM32\WSOCK32.dll
0x00007ffa1c520000 - 0x00007ffa1c58f000 	C:\WINDOWS\System32\WS2_32.dll
0x00007ffa16270000 - 0x00007ffa1629d000 	C:\WINDOWS\SYSTEM32\winmmbase.dll
0x00007ffa1a400000 - 0x00007ffa1a44a000 	C:\WINDOWS\System32\cfgmgr32.dll
0x00007ffa18700000 - 0x00007ffa1870f000 	C:\Program Files\Android\Android Studio\jre\jre\bin\verify.dll
0x00007ffa12430000 - 0x00007ffa12459000 	C:\Program Files\Android\Android Studio\jre\jre\bin\java.dll
0x00007ffa186e0000 - 0x00007ffa186f6000 	C:\Program Files\Android\Android Studio\jre\jre\bin\zip.dll
0x00007ffa1bc30000 - 0x00007ffa1c315000 	C:\WINDOWS\System32\SHELL32.dll
0x00007ffa1b8e0000 - 0x00007ffa1b989000 	C:\WINDOWS\System32\shcore.dll
0x00007ffa1ad70000 - 0x00007ffa1b4f0000 	C:\WINDOWS\System32\windows.storage.dll
0x00007ffa1a380000 - 0x00007ffa1a3a3000 	C:\WINDOWS\System32\profapi.dll
0x00007ffa1a310000 - 0x00007ffa1a35a000 	C:\WINDOWS\System32\powrprof.dll
0x00007ffa1a300000 - 0x00007ffa1a310000 	C:\WINDOWS\System32\UMPDC.dll
0x00007ffa1c350000 - 0x00007ffa1c3a2000 	C:\WINDOWS\System32\shlwapi.dll
0x00007ffa1a3b0000 - 0x00007ffa1a3c1000 	C:\WINDOWS\System32\kernel.appcore.dll
0x00007ffa1a840000 - 0x00007ffa1a857000 	C:\WINDOWS\System32\cryptsp.dll
0x00007ffa03530000 - 0x00007ffa0354a000 	C:\Program Files\Android\Android Studio\jre\jre\bin\net.dll
0x00007ffa0aac0000 - 0x00007ffa0ac95000 	C:\WINDOWS\SYSTEM32\urlmon.dll
0x00007ffa0adc0000 - 0x00007ffa0b066000 	C:\WINDOWS\SYSTEM32\iertutil.dll
0x00007ffa196c0000 - 0x00007ffa196cc000 	C:\WINDOWS\SYSTEM32\CRYPTBASE.DLL
0x00007ffa194f0000 - 0x00007ffa19557000 	C:\WINDOWS\system32\mswsock.dll
0x00007ff9fd910000 - 0x00007ff9fd923000 	C:\Program Files\Android\Android Studio\jre\jre\bin\nio.dll
0x00007ffa0c0f0000 - 0x00007ffa0c116000 	C:\Users\Almas\.gradle\native\30\windows-amd64\native-platform.dll
0x00007ffa16160000 - 0x00007ffa1616d000 	C:\Program Files\Android\Android Studio\jre\jre\bin\management.dll
0x00007ffa19060000 - 0x00007ffa19093000 	C:\WINDOWS\system32\rsaenh.dll
0x00007ffa1ac10000 - 0x00007ffa1ac36000 	C:\WINDOWS\System32\bcrypt.dll
0x00007ffa1a220000 - 0x00007ffa1a245000 	C:\WINDOWS\SYSTEM32\USERENV.dll
0x00007ffa19200000 - 0x00007ffa1923a000 	C:\WINDOWS\SYSTEM32\IPHLPAPI.DLL
0x00007ffa1b4f0000 - 0x00007ffa1b4f8000 	C:\WINDOWS\System32\NSI.dll
0x00007ffa0f510000 - 0x00007ffa0f526000 	C:\WINDOWS\SYSTEM32\dhcpcsvc6.DLL
0x00007ffa0f6b0000 - 0x00007ffa0f6cc000 	C:\WINDOWS\SYSTEM32\dhcpcsvc.DLL
0x00007ffa19240000 - 0x00007ffa1930a000 	C:\WINDOWS\SYSTEM32\DNSAPI.dll
0x00007ffa19e20000 - 0x00007ffa1a014000 	C:\WINDOWS\SYSTEM32\dbghelp.dll

VM Arguments:
jvm_args: -Xmx1536m -Dfile.encoding=windows-1252 -Duser.country=US -Duser.language=en -Duser.variant 
java_command: org.gradle.launcher.daemon.bootstrap.GradleDaemon 5.6.4
java_class_path (initial): C:\Users\Almas\.gradle\wrapper\dists\gradle-5.6.4-all\ankdp27end7byghfw1q2sw75f\gradle-5.6.4\lib\gradle-launcher-5.6.4.jar
Launcher Type: SUN_STANDARD

Environment Variables:
PATH=C:\Program Files (x86)\Common Files\Oracle\Java\javapath;C:\WINDOWS\system32;C:\WINDOWS;C:\WINDOWS\System32\Wbem;C:\WINDOWS\System32\WindowsPowerShell\v1.0\;C:\WINDOWS\System32\OpenSSH\;C:\Program Files\Git\cmd;C:\Program Files\Dart\dart-sdk\bin;C:\Program Files\nodejs\;C:\Users\Almas\AppData\Local\Programs\Python\Python38-32\Scripts\;C:\Users\Almas\AppData\Local\Programs\Python\Python38-32\;C:\Users\Almas\AppData\Local\Microsoft\WindowsApps;C:\Users\Almas\AppData\Local\Programs\Microsoft VS Code\bin;C:\flutter\bin;C:\Users\Almas\AppData\Roaming\npm;
USERNAME=Almas
OS=Windows_NT
PROCESSOR_IDENTIFIER=Intel64 Family 6 Model 61 Stepping 4, GenuineIntel



---------------  S Y S T E M  ---------------

OS: Windows 10.0 , 64 bit Build 18362 (10.0.18362.329)

CPU:total 4 (initial active 4) (2 cores per cpu, 2 threads per core) family 6 model 61 stepping 4, cmov, cx8, fxsr, mmx, sse, sse2, sse3, ssse3, sse4.1, sse4.2, popcnt, avx, avx2, aes, clmul, erms, 3dnowpref, lzcnt, ht, tsc, tscinvbit, bmi1, bmi2, adx

Memory: 4k page, physical 8301924k(1261092k free), swap 13806948k(2926236k free)

vm_info: OpenJDK 64-Bit Server VM (25.212-b04) for windows-amd64 JRE (1.8.0_212-release-1586-b04), built by "builder" with MS VC++ 10.0 (VS2010)

time: Sat Jun 06 17:44:34 2020
timezone: Bangladesh Standard Time
elapsed time: 944 seconds (0d 0h 15m 44s)

