#
# A fatal error has been detected by the Java Runtime Environment:
#
#  EXCEPTION_ACCESS_VIOLATION (0xc0000005) at pc=0x000000005fcd1035, pid=8096, tid=0x00000000000012e0
#
# JRE version: OpenJDK Runtime Environment (8.0_212-b04) (build 1.8.0_212-release-1586-b04)
# Java VM: OpenJDK 64-Bit Server VM (25.212-b04 mixed mode windows-amd64 compressed oops)
# Problematic frame:
# V  [jvm.dll+0x41035]
#
# Failed to write core dump. Minidumps are not enabled by default on client versions of Windows
#
# If you would like to submit a bug report, please visit:
#   
#

---------------  T H R E A D  ---------------

Current thread (0x0000000018ff2800):  JavaThread "Execution worker for ':' Thread 3" [_thread_in_vm, id=4832, stack(0x0000000023c90000,0x0000000023d90000)]

siginfo: ExceptionCode=0xc0000005, writing address 0xffffffffffffffff

Registers:
RAX=0x0000000018a4df98, RBX=0x0000000018a4d540, RCX=0x0000000018a4df90, RDX=0x0000000000000010
RSP=0x0000000023d84d70, RBP=0x0000000023d84dc8, RSI=0x0000000000000000, RDI=0x000000010087d3d8
R8 =0x0000000000000000, R9 =0x0000000023d84d90, R10=0x000000000000000e, R11=0xffffffffffffffff
R12=0x000000010087d3d8, R13=0x0000000000000000, R14=0x0000000018ff2800, R15=0x0000000018ff2800
RIP=0x000000005fcd1035, EFLAGS=0x0000000000010202

Top of Stack: (sp=0x0000000023d84d70)
0x0000000023d84d70:   0000000018a4d540 0000000000000000
0x0000000023d84d80:   0000000023d84e18 0000000018ff2800
0x0000000023d84d90:   0000000200000000 0000000000000000
0x0000000023d84da0:   000000000000000f 0000000018a4df90
0x0000000023d84db0:   0000000018ff2800 0000000000000000
0x0000000023d84dc0:   000000010087d3d8 0000000018a4ce10
0x0000000023d84dd0:   0000000002d5ca10 0000000018a4d540
0x0000000023d84de0:   0000000018a4d010 000000005fcd2166
0x0000000023d84df0:   0000000002d5afc0 000000010087d3d8
0x0000000023d84e00:   0000000018ff2800 000000010087d3d8
0x0000000023d84e10:   0000000015e90500 0000000400000000
0x0000000023d84e20:   0000000000000000 000000000000000f
0x0000000023d84e30:   0000000018a4de30 0000000002d5ca10
0x0000000023d84e40:   0000000002d5afc0 0000000018a4d530
0x0000000023d84e50:   0000000018a4cfe0 0000000000000000
0x0000000023d84e60:   0000000018a4a590 000000005fcd2884 

Instructions: (pc=0x000000005fcd1035)
0x000000005fcd1015:   75 d0 e8 b4 07 21 00 48 89 45 e0 48 85 c0 74 03
0x000000005fcd1025:   48 89 30 48 8b 45 e0 48 83 c0 08 74 03 48 89 30
0x000000005fcd1035:   41 83 cd ff 8b fe 45 8b f5 39 33 0f 8e b4 00 00
0x000000005fcd1045:   00 45 33 e4 0f 1f 80 00 00 00 00 48 8b 43 18 41 


Register to memory mapping:

RAX=0x0000000018a4df98 is an unknown value
RBX=0x0000000018a4d540 is an unknown value
RCX=0x0000000018a4df90 is an unknown value
RDX=0x0000000000000010 is an unknown value
RSP=0x0000000023d84d70 is pointing into the stack for thread: 0x0000000018ff2800
RBP=0x0000000023d84dc8 is pointing into the stack for thread: 0x0000000018ff2800
RSI=0x0000000000000000 is an unknown value
RDI=0x000000010087d3d8 is pointing into metadata
R8 =0x0000000000000000 is an unknown value
R9 =0x0000000023d84d90 is pointing into the stack for thread: 0x0000000018ff2800
R10=0x000000000000000e is an unknown value
R11=0xffffffffffffffff is an unknown value
R12=0x000000010087d3d8 is pointing into metadata
R13=0x0000000000000000 is an unknown value
R14=0x0000000018ff2800 is a thread
R15=0x0000000018ff2800 is a thread


Stack: [0x0000000023c90000,0x0000000023d90000],  sp=0x0000000023d84d70,  free space=979k
Native frames: (J=compiled Java code, j=interpreted, Vv=VM code, C=native code)
V  [jvm.dll+0x41035]
V  [jvm.dll+0x42166]
V  [jvm.dll+0x42884]
V  [jvm.dll+0x3a3f7]
V  [jvm.dll+0x58a04]
V  [jvm.dll+0x16c651]
V  [jvm.dll+0x16c9eb]
C  [java.dll+0x1751]
C  0x00000000031911a5

Java frames: (J=compiled Java code, j=interpreted, Vv=VM code)
J 702  java.lang.ClassLoader.defineClass1(Ljava/lang/String;[BIILjava/security/ProtectionDomain;Ljava/lang/String;)Ljava/lang/Class; (0 bytes) @ 0x000000000319111f [0x0000000003191080+0x9f]
J 4971 C2 java.lang.ClassLoader.defineClass(Ljava/lang/String;[BIILjava/security/ProtectionDomain;)Ljava/lang/Class; (43 bytes) @ 0x0000000003e3bcec [0x0000000003e3baa0+0x24c]
J 3516 C1 java.security.SecureClassLoader.defineClass(Ljava/lang/String;[BIILjava/security/CodeSource;)Ljava/lang/Class; (16 bytes) @ 0x0000000003a39a54 [0x0000000003a39900+0x154]
J 5077 C2 java.net.URLClassLoader$1.run()Ljava/lang/Class; (63 bytes) @ 0x0000000003ece6b8 [0x0000000003ecd9c0+0xcf8]
J 7033 C2 java.net.URLClassLoader$1.run()Ljava/lang/Object; (5 bytes) @ 0x0000000003bee3d4 [0x0000000003bee3a0+0x34]
v  ~StubRoutines::call_stub
J 286  java.security.AccessController.doPrivileged(Ljava/security/PrivilegedExceptionAction;Ljava/security/AccessControlContext;)Ljava/lang/Object; (0 bytes) @ 0x0000000003061ae6 [0x0000000003061a80+0x66]
J 1430 C2 java.net.URLClassLoader.findClass(Ljava/lang/String;)Ljava/lang/Class; (47 bytes) @ 0x00000000033bd0b0 [0x00000000033bd020+0x90]
J 2514 C2 java.lang.ClassLoader.loadClass(Ljava/lang/String;Z)Ljava/lang/Class; (122 bytes) @ 0x000000000386ee04 [0x000000000386ea00+0x404]
J 2251 C2 java.lang.ClassLoader.loadClass(Ljava/lang/String;)Ljava/lang/Class; (7 bytes) @ 0x000000000370a780 [0x000000000370a740+0x40]
v  ~StubRoutines::call_stub
J 702  java.lang.ClassLoader.defineClass1(Ljava/lang/String;[BIILjava/security/ProtectionDomain;Ljava/lang/String;)Ljava/lang/Class; (0 bytes) @ 0x000000000319111f [0x0000000003191080+0x9f]
J 4971 C2 java.lang.ClassLoader.defineClass(Ljava/lang/String;[BIILjava/security/ProtectionDomain;)Ljava/lang/Class; (43 bytes) @ 0x0000000003e3bcec [0x0000000003e3baa0+0x24c]
J 3516 C1 java.security.SecureClassLoader.defineClass(Ljava/lang/String;[BIILjava/security/CodeSource;)Ljava/lang/Class; (16 bytes) @ 0x0000000003a39a54 [0x0000000003a39900+0x154]
J 5077 C2 java.net.URLClassLoader$1.run()Ljava/lang/Class; (63 bytes) @ 0x0000000003ece6b8 [0x0000000003ecd9c0+0xcf8]
J 7033 C2 java.net.URLClassLoader$1.run()Ljava/lang/Object; (5 bytes) @ 0x0000000003bee3d4 [0x0000000003bee3a0+0x34]
v  ~StubRoutines::call_stub
J 286  java.security.AccessController.doPrivileged(Ljava/security/PrivilegedExceptionAction;Ljava/security/AccessControlContext;)Ljava/lang/Object; (0 bytes) @ 0x0000000003061ae6 [0x0000000003061a80+0x66]
J 1430 C2 java.net.URLClassLoader.findClass(Ljava/lang/String;)Ljava/lang/Class; (47 bytes) @ 0x00000000033bd0b0 [0x00000000033bd020+0x90]
J 2514 C2 java.lang.ClassLoader.loadClass(Ljava/lang/String;Z)Ljava/lang/Class; (122 bytes) @ 0x000000000386ee04 [0x000000000386ea00+0x404]
J 2251 C2 java.lang.ClassLoader.loadClass(Ljava/lang/String;)Ljava/lang/Class; (7 bytes) @ 0x000000000370a780 [0x000000000370a740+0x40]
v  ~StubRoutines::call_stub
j  com.android.ide.common.resources.ValueResourceParser2.getResource(Lorg/w3c/dom/Node;Ljava/io/File;Lcom/android/ide/common/rendering/api/ResourceNamespace;Ljava/lang/String;)Lcom/android/ide/common/resources/ResourceMergerItem;+31
j  com.android.ide.common.resources.ResourceSet.createFileAndItemsFromXml(Ljava/io/File;Lorg/w3c/dom/Node;)Lcom/android/ide/common/resources/ResourceFile;+408
j  com.android.ide.common.resources.ResourceSet.createFileAndItemsFromXml(Ljava/io/File;Lorg/w3c/dom/Node;)Lcom/android/ide/common/resources/DataFile;+3
j  com.android.ide.common.resources.DataSet.createFromXml(Lorg/w3c/dom/Node;)Lcom/android/ide/common/resources/DataSet;+375
j  com.android.ide.common.resources.ResourceMerger.createFromXml(Lorg/w3c/dom/Node;)Lcom/android/ide/common/resources/ResourceSet;+81
j  com.android.ide.common.resources.ResourceMerger.createFromXml(Lorg/w3c/dom/Node;)Lcom/android/ide/common/resources/DataSet;+2
j  com.android.ide.common.resources.DataMerger.loadFromBlob(Ljava/io/File;Z)Z+177
j  com.android.ide.common.resources.ResourceMerger.loadFromBlob(Ljava/io/File;Z)Z+3
j  com.android.build.gradle.tasks.MergeResources.doIncrementalTaskAction(Ljava/util/Map;)V+34
j  com.android.build.gradle.internal.tasks.IncrementalTask.handleIncrementalInputs(Lorg/gradle/api/tasks/incremental/IncrementalTaskInputs;)V+49
j  com.android.build.gradle.internal.tasks.IncrementalTask.access$handleIncrementalInputs(Lcom/android/build/gradle/internal/tasks/IncrementalTask;Lorg/gradle/api/tasks/incremental/IncrementalTaskInputs;)V+2
j  com.android.build.gradle.internal.tasks.IncrementalTask$taskAction$$inlined$recordTaskAction$1.invoke()V+10
j  com.android.build.gradle.internal.tasks.IncrementalTask$taskAction$$inlined$recordTaskAction$1.invoke()Ljava/lang/Object;+1
j  com.android.build.gradle.internal.tasks.Blocks.recordSpan(Ljava/lang/String;Ljava/lang/String;Lcom/google/wireless/android/sdk/stats/GradleBuildProfileSpan$ExecutionType;Lcom/android/build/gradle/internal/tasks/Blocks$ThrowingBlockWithReturn;)Ljava/lang/Object;+18
j  com.android.build.gradle.internal.tasks.IncrementalTask.taskAction$gradle(Lorg/gradle/api/tasks/incremental/IncrementalTaskInputs;)V+44
v  ~StubRoutines::call_stub
J 1627  sun.reflect.NativeMethodAccessorImpl.invoke0(Ljava/lang/reflect/Method;Ljava/lang/Object;[Ljava/lang/Object;)Ljava/lang/Object; (0 bytes) @ 0x000000000343293f [0x00000000034328c0+0x7f]
J 1626 C1 sun.reflect.NativeMethodAccessorImpl.invoke(Ljava/lang/Object;[Ljava/lang/Object;)Ljava/lang/Object; (104 bytes) @ 0x0000000003433f64 [0x0000000003432dc0+0x11a4]
J 6609 C2 java.lang.reflect.Method.invoke(Ljava/lang/Object;[Ljava/lang/Object;)Ljava/lang/Object; (62 bytes) @ 0x000000000413ff34 [0x000000000413fe80+0xb4]
J 2178 C1 org.gradle.internal.reflect.JavaMethod.invoke(Ljava/lang/Object;[Ljava/lang/Object;)Ljava/lang/Object; (74 bytes) @ 0x00000000036fc43c [0x00000000036fc320+0x11c]
j  org.gradle.api.internal.project.taskfactory.IncrementalTaskInputsTaskAction.doExecute(Lorg/gradle/api/Task;Ljava/lang/String;)V+65
j  org.gradle.api.internal.project.taskfactory.StandardTaskAction.execute(Lorg/gradle/api/Task;)V+32
j  org.gradle.api.internal.project.taskfactory.AbstractIncrementalTaskAction.execute(Lorg/gradle/api/Task;)V+2
j  org.gradle.api.internal.project.taskfactory.StandardTaskAction.execute(Ljava/lang/Object;)V+5
j  org.gradle.api.internal.tasks.execution.ExecuteActionsTaskExecuter$5.run(Lorg/gradle/internal/operations/BuildOperationContext;)V+23
J 4480 C1 org.gradle.internal.operations.DefaultBuildOperationExecutor$RunnableBuildOperationWorker.execute(Lorg/gradle/internal/operations/BuildOperation;Lorg/gradle/internal/operations/BuildOperationContext;)V (10 bytes) @ 0x0000000003c89be4 [0x0000000003c89980+0x264]
J 4569 C1 org.gradle.internal.operations.DefaultBuildOperationExecutor$1.execute(Lorg/gradle/internal/operations/BuildOperationDescriptor;Lorg/gradle/internal/operations/DefaultBuildOperationExecutor$DefaultBuildOperationContext;Lorg/gradle/internal/operations/DefaultBuildOperationExecutor$BuildOperationExecutionListener;)Lorg/gradle/internal/operations/BuildOperation; (82 bytes) @ 0x0000000003cfa1b4 [0x0000000003cfa040+0x174]
J 4434 C1 org.gradle.internal.operations.DefaultBuildOperationExecutor.execute(Lorg/gradle/internal/operations/BuildOperationDescriptor$Builder;Lorg/gradle/internal/operations/DefaultBuildOperationExecutor$BuildOperationState;Lorg/gradle/internal/operations/DefaultBuildOperationExecutor$BuildOperationExecution;)Lorg/gradle/internal/operations/BuildOperation; (111 bytes) @ 0x0000000003c7372c [0x0000000003c727c0+0xf6c]
J 4737 C1 org.gradle.internal.operations.DefaultBuildOperationExecutor.run(Lorg/gradle/internal/operations/RunnableBuildOperation;)V (28 bytes) @ 0x0000000003d767bc [0x0000000003d761c0+0x5fc]
j  org.gradle.internal.operations.DelegatingBuildOperationExecutor.run(Lorg/gradle/internal/operations/RunnableBuildOperation;)V+5
j  org.gradle.api.internal.tasks.execution.ExecuteActionsTaskExecuter.executeAction(Ljava/lang/String;Lorg/gradle/api/internal/TaskInternal;Lorg/gradle/api/internal/tasks/InputChangesAwareTaskAction;Lorg/gradle/internal/execution/history/changes/InputChangesInternal;Z)V+30
j  org.gradle.api.internal.tasks.execution.ExecuteActionsTaskExecuter.executeActions(Lorg/gradle/api/internal/TaskInternal;Lorg/gradle/internal/execution/history/changes/InputChangesInternal;)V+131
j  org.gradle.api.internal.tasks.execution.ExecuteActionsTaskExecuter.access$200(Lorg/gradle/api/internal/tasks/execution/ExecuteActionsTaskExecuter;Lorg/gradle/api/internal/TaskInternal;Lorg/gradle/internal/execution/history/changes/InputChangesInternal;)V+3
j  org.gradle.api.internal.tasks.execution.ExecuteActionsTaskExecuter$TaskExecution.execute(Lorg/gradle/internal/execution/history/changes/InputChangesInternal;)Lorg/gradle/internal/execution/UnitOfWork$WorkResult;+52
j  org.gradle.internal.execution.steps.ExecuteStep.lambda$execute$0(Lorg/gradle/internal/execution/UnitOfWork;Lorg/gradle/internal/execution/history/changes/InputChangesInternal;)Lorg/gradle/internal/execution/ExecutionOutcome;+3
j  org.gradle.internal.execution.steps.ExecuteStep$$Lambda$432.apply(Ljava/lang/Object;)Ljava/lang/Object;+12
J 6288 C1 java.util.Optional.map(Ljava/util/function/Function;)Ljava/util/Optional; (30 bytes) @ 0x0000000004061c24 [0x0000000004061940+0x2e4]
j  org.gradle.internal.execution.steps.ExecuteStep.execute(Lorg/gradle/internal/execution/InputChangesContext;)Lorg/gradle/internal/execution/Result;+20
j  org.gradle.internal.execution.steps.ExecuteStep.execute(Lorg/gradle/internal/execution/Context;)Lorg/gradle/internal/execution/Result;+5
j  org.gradle.internal.execution.steps.CleanupOutputsStep.execute(Lorg/gradle/internal/execution/InputChangesContext;)Lorg/gradle/internal/execution/Result;+76
j  org.gradle.internal.execution.steps.CleanupOutputsStep.execute(Lorg/gradle/internal/execution/Context;)Lorg/gradle/internal/execution/Result;+5
j  org.gradle.internal.execution.steps.ResolveInputChangesStep.execute(Lorg/gradle/internal/execution/IncrementalChangesContext;)Lorg/gradle/internal/execution/Result;+50
j  org.gradle.internal.execution.steps.ResolveInputChangesStep.execute(Lorg/gradle/internal/execution/Context;)Lorg/gradle/internal/execution/Result;+5
j  org.gradle.internal.execution.steps.CancelExecutionStep.execute(Lorg/gradle/internal/execution/Context;)Lorg/gradle/internal/execution/Result;+5
j  org.gradle.internal.execution.steps.TimeoutStep.executeWithoutTimeout(Lorg/gradle/internal/execution/Context;)Lorg/gradle/internal/execution/Result;+5
j  org.gradle.internal.execution.steps.TimeoutStep.execute(Lorg/gradle/internal/execution/Context;)Lorg/gradle/internal/execution/Result;+97
j  org.gradle.internal.execution.steps.CatchExceptionStep.execute(Lorg/gradle/internal/execution/Context;)Lorg/gradle/internal/execution/Result;+5
j  org.gradle.internal.execution.steps.CreateOutputsStep.execute(Lorg/gradle/internal/execution/Context;)Lorg/gradle/internal/execution/Result;+24
j  org.gradle.internal.execution.steps.SnapshotOutputsStep.execute(Lorg/gradle/internal/execution/Context;)Lorg/gradle/internal/execution/CurrentSnapshotResult;+5
j  org.gradle.internal.execution.steps.SnapshotOutputsStep.execute(Lorg/gradle/internal/execution/Context;)Lorg/gradle/internal/execution/Result;+2
j  org.gradle.internal.execution.steps.CacheStep.executeWithoutCache(Lorg/gradle/internal/execution/IncrementalChangesContext;)Lorg/gradle/internal/execution/CurrentSnapshotResult;+5
j  org.gradle.internal.execution.steps.CacheStep.execute(Lorg/gradle/internal/execution/IncrementalChangesContext;)Lorg/gradle/internal/execution/CurrentSnapshotResult;+41
j  org.gradle.internal.execution.steps.CacheStep.execute(Lorg/gradle/internal/execution/Context;)Lorg/gradle/internal/execution/Result;+5
j  org.gradle.internal.execution.steps.BroadcastChangingOutputsStep.execute(Lorg/gradle/internal/execution/Context;)Lorg/gradle/internal/execution/Result;+45
j  org.gradle.internal.execution.steps.StoreSnapshotsStep.execute(Lorg/gradle/internal/execution/BeforeExecutionContext;)Lorg/gradle/internal/execution/CurrentSnapshotResult;+5
j  org.gradle.internal.execution.steps.StoreSnapshotsStep.execute(Lorg/gradle/internal/execution/Context;)Lorg/gradle/internal/execution/Result;+5
j  org.gradle.internal.execution.steps.RecordOutputsStep.execute(Lorg/gradle/internal/execution/Context;)Lorg/gradle/internal/execution/CurrentSnapshotResult;+5
j  org.gradle.internal.execution.steps.RecordOutputsStep.execute(Lorg/gradle/internal/execution/Context;)Lorg/gradle/internal/execution/Result;+2
j  org.gradle.internal.execution.steps.SkipUpToDateStep.executeBecause(Lcom/google/common/collect/ImmutableList;Lorg/gradle/internal/execution/IncrementalChangesContext;)Lorg/gradle/internal/execution/UpToDateResult;+16
j  org.gradle.internal.execution.steps.SkipUpToDateStep.lambda$execute$0(Lorg/gradle/internal/execution/IncrementalChangesContext;Lorg/gradle/internal/execution/history/changes/ExecutionStateChanges;)Lorg/gradle/internal/execution/UpToDateResult;+74
j  org.gradle.internal.execution.steps.SkipUpToDateStep$$Lambda$395.apply(Ljava/lang/Object;)Ljava/lang/Object;+12
J 6288 C1 java.util.Optional.map(Ljava/util/function/Function;)Ljava/util/Optional; (30 bytes) @ 0x0000000004061c24 [0x0000000004061940+0x2e4]
j  org.gradle.internal.execution.steps.SkipUpToDateStep.execute(Lorg/gradle/internal/execution/IncrementalChangesContext;)Lorg/gradle/internal/execution/UpToDateResult;+45
j  org.gradle.internal.execution.steps.SkipUpToDateStep.execute(Lorg/gradle/internal/execution/Context;)Lorg/gradle/internal/execution/Result;+5
J 7325 C1 org.gradle.internal.execution.steps.ResolveChangesStep.execute(Lorg/gradle/internal/execution/CachingContext;)Lorg/gradle/internal/execution/Result; (70 bytes) @ 0x0000000004307e0c [0x0000000004306300+0x1b0c]
J 7324 C1 org.gradle.internal.execution.steps.ResolveChangesStep.execute(Lorg/gradle/internal/execution/Context;)Lorg/gradle/internal/execution/Result; (9 bytes) @ 0x0000000004305dcc [0x0000000004305c40+0x18c]
J 7310 C1 org.gradle.internal.execution.steps.legacy.MarkSnapshottingInputsFinishedStep.execute(Lorg/gradle/internal/execution/Context;)Lorg/gradle/internal/execution/Result; (9 bytes) @ 0x00000000042fe93c [0x00000000042fe4c0+0x47c]
J 7301 C1 org.gradle.internal.execution.steps.ResolveCachingStateStep.execute(Lorg/gradle/internal/execution/BeforeExecutionContext;)Lorg/gradle/internal/execution/CachingResult; (143 bytes) @ 0x00000000042f96b4 [0x00000000042f8000+0x16b4]
J 7317 C1 org.gradle.internal.execution.steps.ResolveCachingStateStep.execute(Lorg/gradle/internal/execution/Context;)Lorg/gradle/internal/execution/Result; (9 bytes) @ 0x00000000042ff1cc [0x00000000042ff040+0x18c]
J 7280 C1 org.gradle.internal.execution.steps.CaptureStateBeforeExecutionStep.execute(Lorg/gradle/internal/execution/AfterPreviousExecutionContext;)Lorg/gradle/internal/execution/CachingResult; (47 bytes) @ 0x00000000042d14ac [0x00000000042d10a0+0x40c]
J 7279 C1 org.gradle.internal.execution.steps.CaptureStateBeforeExecutionStep.execute(Lorg/gradle/internal/execution/Context;)Lorg/gradle/internal/execution/Result; (9 bytes) @ 0x00000000042d0d0c [0x00000000042d0b80+0x18c]
J 7278 C1 org.gradle.internal.execution.impl.DefaultWorkExecutor.execute(Lorg/gradle/internal/execution/Context;)Lorg/gradle/internal/execution/Result; (11 bytes) @ 0x00000000042d0804 [0x00000000042d0700+0x104]
j  org.gradle.api.internal.tasks.execution.ExecuteActionsTaskExecuter.execute(Lorg/gradle/api/internal/TaskInternal;Lorg/gradle/api/internal/tasks/TaskStateInternal;Lorg/gradle/api/internal/tasks/TaskExecutionContext;)Lorg/gradle/api/internal/tasks/TaskExecuterResult;+39
j  org.gradle.api.internal.tasks.execution.ValidatingTaskExecuter.execute(Lorg/gradle/api/internal/TaskInternal;Lorg/gradle/api/internal/tasks/TaskStateInternal;Lorg/gradle/api/internal/tasks/TaskExecutionContext;)Lorg/gradle/api/internal/tasks/TaskExecuterResult;+100
j  org.gradle.api.internal.tasks.execution.SkipEmptySourceFilesTaskExecuter.execute(Lorg/gradle/api/internal/TaskInternal;Lorg/gradle/api/internal/tasks/TaskStateInternal;Lorg/gradle/api/internal/tasks/TaskExecutionContext;)Lorg/gradle/api/internal/tasks/TaskExecuterResult;+292
j  org.gradle.api.internal.tasks.execution.ResolveBeforeExecutionOutputsTaskExecuter.execute(Lorg/gradle/api/internal/TaskInternal;Lorg/gradle/api/internal/tasks/TaskStateInternal;Lorg/gradle/api/internal/tasks/TaskExecutionContext;)Lorg/gradle/api/internal/tasks/TaskExecuterResult;+89
j  org.gradle.api.internal.tasks.execution.ResolveAfterPreviousExecutionStateTaskExecuter.execute(Lorg/gradle/api/internal/TaskInternal;Lorg/gradle/api/internal/tasks/TaskStateInternal;Lorg/gradle/api/internal/tasks/TaskExecutionContext;)Lorg/gradle/api/internal/tasks/TaskExecuterResult;+34
j  org.gradle.api.internal.tasks.execution.CleanupStaleOutputsExecuter.execute(Lorg/gradle/api/internal/TaskInternal;Lorg/gradle/api/internal/tasks/TaskStateInternal;Lorg/gradle/api/internal/tasks/TaskExecutionContext;)Lorg/gradle/api/internal/tasks/TaskExecuterResult;+188
j  org.gradle.api.internal.tasks.execution.FinalizePropertiesTaskExecuter.execute(Lorg/gradle/api/internal/TaskInternal;Lorg/gradle/api/internal/tasks/TaskStateInternal;Lorg/gradle/api/internal/tasks/TaskExecutionContext;)Lorg/gradle/api/internal/tasks/TaskExecuterResult;+61
j  org.gradle.api.internal.tasks.execution.ResolveTaskExecutionModeExecuter.execute(Lorg/gradle/api/internal/TaskInternal;Lorg/gradle/api/internal/tasks/TaskStateInternal;Lorg/gradle/api/internal/tasks/TaskExecutionContext;)Lorg/gradle/api/internal/tasks/TaskExecuterResult;+99
j  org.gradle.api.internal.tasks.execution.SkipTaskWithNoActionsExecuter.execute(Lorg/gradle/api/internal/TaskInternal;Lorg/gradle/api/internal/tasks/TaskStateInternal;Lorg/gradle/api/internal/tasks/TaskExecutionContext;)Lorg/gradle/api/internal/tasks/TaskExecuterResult;+120
j  org.gradle.api.internal.tasks.execution.SkipOnlyIfTaskExecuter.execute(Lorg/gradle/api/internal/TaskInternal;Lorg/gradle/api/internal/tasks/TaskStateInternal;Lorg/gradle/api/internal/tasks/TaskExecutionContext;)Lorg/gradle/api/internal/tasks/TaskExecuterResult;+91
j  org.gradle.api.internal.tasks.execution.CatchExceptionTaskExecuter.execute(Lorg/gradle/api/internal/TaskInternal;Lorg/gradle/api/internal/tasks/TaskStateInternal;Lorg/gradle/api/internal/tasks/TaskExecutionContext;)Lorg/gradle/api/internal/tasks/TaskExecuterResult;+7
j  org.gradle.api.internal.tasks.execution.EventFiringTaskExecuter$1.executeTask(Lorg/gradle/internal/operations/BuildOperationContext;)Lorg/gradle/api/internal/tasks/TaskExecuterResult;+136
j  org.gradle.api.internal.tasks.execution.EventFiringTaskExecuter$1.call(Lorg/gradle/internal/operations/BuildOperationContext;)Lorg/gradle/api/internal/tasks/TaskExecuterResult;+2
j  org.gradle.api.internal.tasks.execution.EventFiringTaskExecuter$1.call(Lorg/gradle/internal/operations/BuildOperationContext;)Ljava/lang/Object;+2
J 6088 C1 org.gradle.internal.operations.DefaultBuildOperationExecutor$CallableBuildOperationWorker.execute(Lorg/gradle/internal/operations/BuildOperation;Lorg/gradle/internal/operations/BuildOperationContext;)V (10 bytes) @ 0x000000000339a72c [0x000000000339a4c0+0x26c]
J 4569 C1 org.gradle.internal.operations.DefaultBuildOperationExecutor$1.execute(Lorg/gradle/internal/operations/BuildOperationDescriptor;Lorg/gradle/internal/operations/DefaultBuildOperationExecutor$DefaultBuildOperationContext;Lorg/gradle/internal/operations/DefaultBuildOperationExecutor$BuildOperationExecutionListener;)Lorg/gradle/internal/operations/BuildOperation; (82 bytes) @ 0x0000000003cfa1b4 [0x0000000003cfa040+0x174]
J 4434 C1 org.gradle.internal.operations.DefaultBuildOperationExecutor.execute(Lorg/gradle/internal/operations/BuildOperationDescriptor$Builder;Lorg/gradle/internal/operations/DefaultBuildOperationExecutor$BuildOperationState;Lorg/gradle/internal/operations/DefaultBuildOperationExecutor$BuildOperationExecution;)Lorg/gradle/internal/operations/BuildOperation; (111 bytes) @ 0x0000000003c7372c [0x0000000003c727c0+0xf6c]
J 6091 C1 org.gradle.internal.operations.DefaultBuildOperationExecutor.call(Lorg/gradle/internal/operations/CallableBuildOperation;)Ljava/lang/Object; (38 bytes) @ 0x0000000003261bac [0x00000000032614a0+0x70c]
J 6087 C1 org.gradle.internal.operations.DelegatingBuildOperationExecutor.call(Lorg/gradle/internal/operations/CallableBuildOperation;)Ljava/lang/Object; (11 bytes) @ 0x00000000031930c4 [0x0000000003192fc0+0x104]
j  org.gradle.api.internal.tasks.execution.EventFiringTaskExecuter.execute(Lorg/gradle/api/internal/TaskInternal;Lorg/gradle/api/internal/tasks/TaskStateInternal;Lorg/gradle/api/internal/tasks/TaskExecutionContext;)Lorg/gradle/api/internal/tasks/TaskExecuterResult;+15
j  org.gradle.execution.plan.LocalTaskNodeExecutor.execute(Lorg/gradle/execution/plan/Node;Lorg/gradle/execution/ProjectExecutionServiceRegistry;)Z+95
j  org.gradle.execution.taskgraph.DefaultTaskExecutionGraph$InvokeNodeExecutorsAction.execute(Lorg/gradle/execution/plan/Node;)V+35
j  org.gradle.execution.taskgraph.DefaultTaskExecutionGraph$InvokeNodeExecutorsAction.execute(Ljava/lang/Object;)V+5
j  org.gradle.execution.taskgraph.DefaultTaskExecutionGraph$BuildOperationAwareExecutionAction.execute(Lorg/gradle/execution/plan/Node;)V+22
j  org.gradle.execution.taskgraph.DefaultTaskExecutionGraph$BuildOperationAwareExecutionAction.execute(Ljava/lang/Object;)V+5
j  org.gradle.execution.plan.DefaultPlanExecutor$ExecutorWorker$1.execute(Lorg/gradle/execution/plan/Node;)V+31
j  org.gradle.execution.plan.DefaultPlanExecutor$ExecutorWorker$1.execute(Ljava/lang/Object;)V+5
j  org.gradle.execution.plan.DefaultPlanExecutor$ExecutorWorker.execute(Lorg/gradle/execution/plan/Node;Lorg/gradle/internal/work/WorkerLeaseRegistry$WorkerLease;Lorg/gradle/api/Action;)V+9
J 7259 C1 org.gradle.execution.plan.DefaultPlanExecutor$ExecutorWorker.executeNextNode(Lorg/gradle/internal/work/WorkerLeaseRegistry$WorkerLease;Lorg/gradle/api/Action;)Z (63 bytes) @ 0x00000000042bc394 [0x00000000042bbd20+0x674]
j  org.gradle.execution.plan.DefaultPlanExecutor$ExecutorWorker.run()V+41
J 3738 C1 org.gradle.internal.concurrent.ExecutorPolicy$CatchAndRecordFailures.onExecute(Ljava/lang/Runnable;)V (29 bytes) @ 0x0000000003a629bc [0x0000000003a628a0+0x11c]
j  org.gradle.internal.concurrent.ManagedExecutorImpl$1.run()V+25
j  java.util.concurrent.ThreadPoolExecutor.runWorker(Ljava/util/concurrent/ThreadPoolExecutor$Worker;)V+95
j  java.util.concurrent.ThreadPoolExecutor$Worker.run()V+5
j  org.gradle.internal.concurrent.ThreadFactoryImpl$ManagedThreadRunnable.run()V+7
j  java.lang.Thread.run()V+11
v  ~StubRoutines::call_stub

---------------  P R O C E S S  ---------------

Java Threads: ( => current thread )
  0x000000001980a800 JavaThread "Cache worker for execution history cache (E:\Projects\Intro\.gradle\5.6.4\executionHistory)" [_thread_blocked, id=7140, stack(0x0000000023f90000,0x0000000024090000)]
=>0x0000000018ff2800 JavaThread "Execution worker for ':' Thread 3" [_thread_in_vm, id=4832, stack(0x0000000023c90000,0x0000000023d90000)]
  0x0000000018ff2000 JavaThread "Execution worker for ':' Thread 2" [_thread_blocked, id=11320, stack(0x0000000023b90000,0x0000000023c90000)]
  0x0000000018ff3800 JavaThread "Execution worker for ':'" [_thread_blocked, id=11216, stack(0x0000000023a90000,0x0000000023b90000)]
  0x0000000018ff4000 JavaThread "Cache worker for file content cache (E:\Projects\Intro\.gradle\5.6.4\fileContent)" [_thread_blocked, id=12716, stack(0x0000000022380000,0x0000000022480000)]
  0x0000000018fea800 JavaThread "Cache worker for file content cache (C:\Users\Almas\.gradle\caches\5.6.4\fileContent)" [_thread_blocked, id=10992, stack(0x0000000022280000,0x0000000022380000)]
  0x0000000018feb000 JavaThread "Memory manager" [_thread_blocked, id=11812, stack(0x0000000022180000,0x0000000022280000)]
  0x0000000018ff0800 JavaThread "Cache worker for Build Output Cleanup Cache (E:\Projects\Intro\.gradle\buildOutputCleanup)" [_thread_blocked, id=12136, stack(0x0000000021680000,0x0000000021780000)]
  0x0000000018fef800 JavaThread "pool-1-thread-1" [_thread_blocked, id=9556, stack(0x0000000021380000,0x0000000021480000)]
  0x0000000018fef000 JavaThread "Build operations Thread 4" [_thread_blocked, id=3856, stack(0x0000000020e80000,0x0000000020f80000)]
  0x0000000018fe9800 JavaThread "Build operations Thread 3" [_thread_blocked, id=3428, stack(0x0000000020d80000,0x0000000020e80000)]
  0x0000000018fec800 JavaThread "Build operations Thread 2" [_thread_blocked, id=2304, stack(0x0000000020c80000,0x0000000020d80000)]
  0x0000000018fe9000 JavaThread "Build operations" [_thread_blocked, id=2012, stack(0x0000000020b80000,0x0000000020c80000)]
  0x0000000018fe7800 JavaThread "Cache worker for execution history cache (C:\Users\Almas\.gradle\caches\5.6.4\executionHistory)" [_thread_blocked, id=11620, stack(0x000000001ef60000,0x000000001f060000)]
  0x0000000018fee000 JavaThread "Cache worker for cache directory md-rule (C:\Users\Almas\.gradle\caches\5.6.4\md-rule)" [_thread_blocked, id=8236, stack(0x0000000020880000,0x0000000020980000)]
  0x0000000018fe6800 JavaThread "Cache worker for cache directory md-supplier (C:\Users\Almas\.gradle\caches\5.6.4\md-supplier)" [_thread_blocked, id=13000, stack(0x0000000020780000,0x0000000020880000)]
  0x000000001683b000 JavaThread "Cache worker for file hash cache (E:\Projects\Intro\.gradle\5.6.4\fileHashes)" [_thread_blocked, id=884, stack(0x000000001f0b0000,0x000000001f1b0000)]
  0x000000001683a000 JavaThread "Cache worker for journal cache (C:\Users\Almas\.gradle\caches\journal-1)" [_thread_blocked, id=12552, stack(0x000000001c5c0000,0x000000001c6c0000)]
  0x0000000016841000 JavaThread "File lock request listener" [_thread_in_native, id=5280, stack(0x000000001c4c0000,0x000000001c5c0000)]
  0x0000000016840800 JavaThread "Cache worker for file hash cache (C:\Users\Almas\.gradle\caches\5.6.4\fileHashes)" [_thread_blocked, id=9296, stack(0x000000001c1c0000,0x000000001c2c0000)]
  0x000000001a1f4000 JavaThread "Thread-9" [_thread_blocked, id=7056, stack(0x000000001c0c0000,0x000000001c1c0000)]
  0x000000001a1f1000 JavaThread "Stdin handler" [_thread_blocked, id=13080, stack(0x000000001bfc0000,0x000000001c0c0000)]
  0x000000001a1e7000 JavaThread "Asynchronous log dispatcher for DefaultDaemonConnection: socket connection from /127.0.0.1:52462 to /127.0.0.1:52463" [_thread_blocked, id=8332, stack(0x000000001bec0000,0x000000001bfc0000)]
  0x000000001a1e5000 JavaThread "Daemon worker" [_thread_blocked, id=9176, stack(0x000000001bdc0000,0x000000001bec0000)]
  0x000000001a1e3800 JavaThread "Cancel handler" [_thread_blocked, id=11128, stack(0x000000001bcc0000,0x000000001bdc0000)]
  0x000000001a12b800 JavaThread "Handler for socket connection from /127.0.0.1:52462 to /127.0.0.1:52463" [_thread_in_native, id=748, stack(0x000000001b9c0000,0x000000001bac0000)]
  0x000000001a125000 JavaThread "Daemon" [_thread_blocked, id=10032, stack(0x000000001b8c0000,0x000000001b9c0000)]
  0x000000001a0cf000 JavaThread "Daemon periodic checks" [_thread_blocked, id=7696, stack(0x000000001b7c0000,0x000000001b8c0000)]
  0x000000001a0ac800 JavaThread "Incoming local TCP Connector on port 52462" [_thread_in_native, id=1768, stack(0x000000001b580000,0x000000001b680000)]
  0x0000000018497000 JavaThread "Daemon health stats" [_thread_blocked, id=13200, stack(0x000000001af40000,0x000000001b040000)]
  0x00000000181c5000 JavaThread "Service Thread" daemon [_thread_blocked, id=10104, stack(0x00000000185a0000,0x00000000186a0000)]
  0x000000001683c800 JavaThread "C1 CompilerThread2" daemon [_thread_blocked, id=9852, stack(0x00000000180a0000,0x00000000181a0000)]
  0x000000001683f000 JavaThread "C2 CompilerThread1" daemon [_thread_blocked, id=10864, stack(0x0000000017fa0000,0x00000000180a0000)]
  0x0000000016839000 JavaThread "C2 CompilerThread0" daemon [_thread_blocked, id=12744, stack(0x0000000017ea0000,0x0000000017fa0000)]
  0x0000000016837800 JavaThread "Attach Listener" daemon [_thread_blocked, id=5756, stack(0x0000000017da0000,0x0000000017ea0000)]
  0x0000000016836000 JavaThread "Signal Dispatcher" daemon [_thread_blocked, id=10400, stack(0x0000000017ca0000,0x0000000017da0000)]
  0x0000000002e0b800 JavaThread "Finalizer" daemon [_thread_blocked, id=4184, stack(0x0000000017aa0000,0x0000000017ba0000)]
  0x0000000002e02000 JavaThread "Reference Handler" daemon [_thread_blocked, id=12740, stack(0x00000000179a0000,0x0000000017aa0000)]
  0x0000000002ebd800 JavaThread "main" [_thread_blocked, id=6540, stack(0x0000000002bd0000,0x0000000002cd0000)]

Other Threads:
  0x00000000167f5800 VMThread [stack: 0x00000000178a0000,0x00000000179a0000] [id=6976]
  0x00000000181c5800 WatcherThread [stack: 0x00000000186a0000,0x00000000187a0000] [id=10796]

VM state:not at safepoint (normal execution)

VM Mutex/Monitor currently owned by a thread: None

heap address: 0x00000000a0000000, size: 1536 MB, Compressed Oops mode: 32-bit
Narrow klass base: 0x0000000000000000, Narrow klass shift: 3
Compressed class space size: 1073741824 Address: 0x0000000100000000

Heap:
 PSYoungGen      total 178176K, used 125991K [0x00000000e0000000, 0x00000000ec280000, 0x0000000100000000)
  eden space 161280K, 78% used [0x00000000e0000000,0x00000000e7b09ea0,0x00000000e9d80000)
  from space 16896K, 0% used [0x00000000eae80000,0x00000000eae80000,0x00000000ebf00000)
  to   space 17408K, 0% used [0x00000000e9d80000,0x00000000e9d80000,0x00000000eae80000)
 ParOldGen       total 136704K, used 33941K [0x00000000a0000000, 0x00000000a8580000, 0x00000000e0000000)
  object space 136704K, 24% used [0x00000000a0000000,0x00000000a21255f8,0x00000000a8580000)
 Metaspace       used 59697K, capacity 61880K, committed 62040K, reserved 1101824K
  class space    used 8219K, capacity 8709K, committed 8792K, reserved 1048576K

Card table byte_map: [0x0000000012280000,0x0000000012590000] byte_map_base: 0x0000000011d80000

Marking Bits: (ParMarkBitMap*) 0x0000000060459f30
 Begin Bits: [0x0000000012b90000, 0x0000000014390000)
 End Bits:   [0x0000000014390000, 0x0000000015b90000)

Polling page: 0x0000000001370000

CodeCache: size=245760Kb used=21267Kb max_used=21287Kb free=224492Kb
 bounds [0x0000000002ec0000, 0x00000000043d0000, 0x0000000011ec0000]
 total_blobs=7483 nmethods=6699 adapters=697
 compilation: enabled

Compilation events (10 events):
Event: 41.500 Thread 0x000000001683c800 nmethod 7491 0x0000000003a82a90 code [0x0000000003a82c00, 0x0000000003a82de8]
Event: 41.500 Thread 0x000000001683c800 7492       2       java.lang.invoke.LambdaFormEditor::lambdaFormEditor (12 bytes)
Event: 41.500 Thread 0x000000001683c800 nmethod 7492 0x0000000003a82690 code [0x0000000003a82800, 0x0000000003a829c8]
Event: 41.513 Thread 0x000000001683c800 7493       2       java.lang.invoke.BoundMethodHandle::editor (8 bytes)
Event: 41.513 Thread 0x000000001683c800 nmethod 7493 0x00000000036f0410 code [0x00000000036f0580, 0x00000000036f0768]
Event: 41.515 Thread 0x000000001683c800 7494       2       java.lang.invoke.BoundMethodHandle$Species_L::<init> (12 bytes)
Event: 41.516 Thread 0x000000001683c800 nmethod 7494 0x00000000036f0010 code [0x00000000036f0180, 0x00000000036f0328]
Event: 41.542 Thread 0x0000000016839000 nmethod 7481 0x00000000043b7c50 code [0x00000000043b7fa0, 0x00000000043b9bf8]
Event: 41.542 Thread 0x0000000016839000 7449       4       com.sun.org.apache.xerces.internal.utils.XMLLimitAnalyzer::addValue (260 bytes)
Event: 41.549 Thread 0x0000000016839000 nmethod 7449 0x0000000003255c90 code [0x0000000003255e60, 0x0000000003256630]

GC Heap History (10 events):
Event: 12.657 GC heap before
{Heap before GC invocations=11 (full 2):
 PSYoungGen      total 114688K, used 11399K [0x00000000e0000000, 0x00000000e9e00000, 0x0000000100000000)
  eden space 102912K, 0% used [0x00000000e0000000,0x00000000e0000000,0x00000000e6480000)
  from space 11776K, 96% used [0x00000000e6480000,0x00000000e6fa1c58,0x00000000e7000000)
  to   space 12800K, 0% used [0x00000000e9180000,0x00000000e9180000,0x00000000e9e00000)
 ParOldGen       total 60416K, used 9480K [0x00000000a0000000, 0x00000000a3b00000, 0x00000000e0000000)
  object space 60416K, 15% used [0x00000000a0000000,0x00000000a09423a0,0x00000000a3b00000)
 Metaspace       used 34634K, capacity 35436K, committed 35456K, reserved 1079296K
  class space    used 4758K, capacity 4989K, committed 4992K, reserved 1048576K
Event: 12.765 GC heap after
Heap after GC invocations=11 (full 2):
 PSYoungGen      total 114688K, used 0K [0x00000000e0000000, 0x00000000e9e00000, 0x0000000100000000)
  eden space 102912K, 0% used [0x00000000e0000000,0x00000000e0000000,0x00000000e6480000)
  from space 11776K, 0% used [0x00000000e6480000,0x00000000e6480000,0x00000000e7000000)
  to   space 12800K, 0% used [0x00000000e9180000,0x00000000e9180000,0x00000000e9e00000)
 ParOldGen       total 92672K, used 18211K [0x00000000a0000000, 0x00000000a5a80000, 0x00000000e0000000)
  object space 92672K, 19% used [0x00000000a0000000,0x00000000a11c8fe0,0x00000000a5a80000)
 Metaspace       used 34630K, capacity 35424K, committed 35456K, reserved 1079296K
  class space    used 4757K, capacity 4987K, committed 4992K, reserved 1048576K
}
Event: 18.042 GC heap before
{Heap before GC invocations=12 (full 2):
 PSYoungGen      total 114688K, used 102912K [0x00000000e0000000, 0x00000000e9e00000, 0x0000000100000000)
  eden space 102912K, 100% used [0x00000000e0000000,0x00000000e6480000,0x00000000e6480000)
  from space 11776K, 0% used [0x00000000e6480000,0x00000000e6480000,0x00000000e7000000)
  to   space 12800K, 0% used [0x00000000e9180000,0x00000000e9180000,0x00000000e9e00000)
 ParOldGen       total 92672K, used 18211K [0x00000000a0000000, 0x00000000a5a80000, 0x00000000e0000000)
  object space 92672K, 19% used [0x00000000a0000000,0x00000000a11c8fe0,0x00000000a5a80000)
 Metaspace       used 44964K, capacity 46024K, committed 46336K, reserved 1089536K
  class space    used 6038K, capacity 6314K, committed 6400K, reserved 1048576K
Event: 18.062 GC heap after
Heap after GC invocations=12 (full 2):
 PSYoungGen      total 143360K, used 12777K [0x00000000e0000000, 0x00000000e9e00000, 0x0000000100000000)
  eden space 130560K, 0% used [0x00000000e0000000,0x00000000e0000000,0x00000000e7f80000)
  from space 12800K, 99% used [0x00000000e9180000,0x00000000e9dfa4e0,0x00000000e9e00000)
  to   space 15360K, 0% used [0x00000000e8000000,0x00000000e8000000,0x00000000e8f00000)
 ParOldGen       total 92672K, used 20131K [0x00000000a0000000, 0x00000000a5a80000, 0x00000000e0000000)
  object space 92672K, 21% used [0x00000000a0000000,0x00000000a13a8f68,0x00000000a5a80000)
 Metaspace       used 44964K, capacity 46024K, committed 46336K, reserved 1089536K
  class space    used 6038K, capacity 6314K, committed 6400K, reserved 1048576K
}
Event: 31.094 GC heap before
{Heap before GC invocations=13 (full 2):
 PSYoungGen      total 143360K, used 143337K [0x00000000e0000000, 0x00000000e9e00000, 0x0000000100000000)
  eden space 130560K, 100% used [0x00000000e0000000,0x00000000e7f80000,0x00000000e7f80000)
  from space 12800K, 99% used [0x00000000e9180000,0x00000000e9dfa4e0,0x00000000e9e00000)
  to   space 15360K, 0% used [0x00000000e8000000,0x00000000e8000000,0x00000000e8f00000)
 ParOldGen       total 92672K, used 20131K [0x00000000a0000000, 0x00000000a5a80000, 0x00000000e0000000)
  object space 92672K, 21% used [0x00000000a0000000,0x00000000a13a8f68,0x00000000a5a80000)
 Metaspace       used 55578K, capacity 57290K, committed 57600K, reserved 1099776K
  class space    used 7659K, capacity 8098K, committed 8192K, reserved 1048576K
Event: 31.126 GC heap after
Heap after GC invocations=13 (full 2):
 PSYoungGen      total 146432K, used 14564K [0x00000000e0000000, 0x00000000ebf00000, 0x0000000100000000)
  eden space 131072K, 0% used [0x00000000e0000000,0x00000000e0000000,0x00000000e8000000)
  from space 15360K, 94% used [0x00000000e8000000,0x00000000e8e392f8,0x00000000e8f00000)
  to   space 16896K, 0% used [0x00000000eae80000,0x00000000eae80000,0x00000000ebf00000)
 ParOldGen       total 92672K, used 26106K [0x00000000a0000000, 0x00000000a5a80000, 0x00000000e0000000)
  object space 92672K, 28% used [0x00000000a0000000,0x00000000a197e8d8,0x00000000a5a80000)
 Metaspace       used 55578K, capacity 57290K, committed 57600K, reserved 1099776K
  class space    used 7659K, capacity 8098K, committed 8192K, reserved 1048576K
}
Event: 32.891 GC heap before
{Heap before GC invocations=14 (full 2):
 PSYoungGen      total 146432K, used 53765K [0x00000000e0000000, 0x00000000ebf00000, 0x0000000100000000)
  eden space 131072K, 29% used [0x00000000e0000000,0x00000000e2648358,0x00000000e8000000)
  from space 15360K, 94% used [0x00000000e8000000,0x00000000e8e392f8,0x00000000e8f00000)
  to   space 16896K, 0% used [0x00000000eae80000,0x00000000eae80000,0x00000000ebf00000)
 ParOldGen       total 92672K, used 26106K [0x00000000a0000000, 0x00000000a5a80000, 0x00000000e0000000)
  object space 92672K, 28% used [0x00000000a0000000,0x00000000a197e8d8,0x00000000a5a80000)
 Metaspace       used 57227K, capacity 59014K, committed 59096K, reserved 1099776K
  class space    used 7886K, capacity 8326K, committed 8408K, reserved 1048576K
Event: 32.914 GC heap after
Heap after GC invocations=14 (full 2):
 PSYoungGen      total 178176K, used 12715K [0x00000000e0000000, 0x00000000ec280000, 0x0000000100000000)
  eden space 161280K, 0% used [0x00000000e0000000,0x00000000e0000000,0x00000000e9d80000)
  from space 16896K, 75% used [0x00000000eae80000,0x00000000ebaeae88,0x00000000ebf00000)
  to   space 17408K, 0% used [0x00000000e9d80000,0x00000000e9d80000,0x00000000eae80000)
 ParOldGen       total 92672K, used 26114K [0x00000000a0000000, 0x00000000a5a80000, 0x00000000e0000000)
  object space 92672K, 28% used [0x00000000a0000000,0x00000000a19808d8,0x00000000a5a80000)
 Metaspace       used 57227K, capacity 59014K, committed 59096K, reserved 1099776K
  class space    used 7886K, capacity 8326K, committed 8408K, reserved 1048576K
}
Event: 32.914 GC heap before
{Heap before GC invocations=15 (full 3):
 PSYoungGen      total 178176K, used 12715K [0x00000000e0000000, 0x00000000ec280000, 0x0000000100000000)
  eden space 161280K, 0% used [0x00000000e0000000,0x00000000e0000000,0x00000000e9d80000)
  from space 16896K, 75% used [0x00000000eae80000,0x00000000ebaeae88,0x00000000ebf00000)
  to   space 17408K, 0% used [0x00000000e9d80000,0x00000000e9d80000,0x00000000eae80000)
 ParOldGen       total 92672K, used 26114K [0x00000000a0000000, 0x00000000a5a80000, 0x00000000e0000000)
  object space 92672K, 28% used [0x00000000a0000000,0x00000000a19808d8,0x00000000a5a80000)
 Metaspace       used 57227K, capacity 59014K, committed 59096K, reserved 1099776K
  class space    used 7886K, capacity 8326K, committed 8408K, reserved 1048576K
Event: 33.327 GC heap after
Heap after GC invocations=15 (full 3):
 PSYoungGen      total 178176K, used 0K [0x00000000e0000000, 0x00000000ec280000, 0x0000000100000000)
  eden space 161280K, 0% used [0x00000000e0000000,0x00000000e0000000,0x00000000e9d80000)
  from space 16896K, 0% used [0x00000000eae80000,0x00000000eae80000,0x00000000ebf00000)
  to   space 17408K, 0% used [0x00000000e9d80000,0x00000000e9d80000,0x00000000eae80000)
 ParOldGen       total 136704K, used 33941K [0x00000000a0000000, 0x00000000a8580000, 0x00000000e0000000)
  object space 136704K, 24% used [0x00000000a0000000,0x00000000a21255f8,0x00000000a8580000)
 Metaspace       used 57227K, capacity 59014K, committed 59096K, reserved 1099776K
  class space    used 7886K, capacity 8326K, committed 8408K, reserved 1048576K
}

Deoptimization events (10 events):
Event: 40.016 Thread 0x0000000018ff3800 Uncommon trap: reason=bimorphic action=maybe_recompile pc=0x00000000041d5584 method=com.google.common.base.Equivalence$Equals.doEquivalent(Ljava/lang/Object;Ljava/lang/Object;)Z @ 2
Event: 40.019 Thread 0x0000000018ff3800 Uncommon trap: reason=bimorphic action=maybe_recompile pc=0x00000000041d5584 method=com.google.common.base.Equivalence$Equals.doEquivalent(Ljava/lang/Object;Ljava/lang/Object;)Z @ 2
Event: 40.741 Thread 0x0000000018ff2800 Uncommon trap: reason=bimorphic action=maybe_recompile pc=0x00000000041d5584 method=com.google.common.base.Equivalence$Equals.doEquivalent(Ljava/lang/Object;Ljava/lang/Object;)Z @ 2
Event: 40.947 Thread 0x0000000018ff2800 Uncommon trap: reason=unstable_if action=reinterpret pc=0x0000000004271c68 method=org.gradle.internal.hash.HashCode.equals(Ljava/lang/Object;)Z @ 2
Event: 41.264 Thread 0x0000000018ff2800 Uncommon trap: reason=unstable_if action=reinterpret pc=0x0000000003bd8c18 method=com.sun.org.apache.xerces.internal.util.SymbolTable.addSymbol([CII)Ljava/lang/String; @ 64
Event: 41.276 Thread 0x0000000018ff2800 Uncommon trap: reason=unstable_if action=reinterpret pc=0x0000000003b10454 method=sun.nio.cs.UTF_8$Decoder.decodeArrayLoop(Ljava/nio/ByteBuffer;Ljava/nio/CharBuffer;)Ljava/nio/charset/CoderResult; @ 84
Event: 41.287 Thread 0x0000000018ff2800 Uncommon trap: reason=unstable_if action=reinterpret pc=0x0000000003452078 method=sun.nio.cs.UTF_8$Decoder.decodeArrayLoop(Ljava/nio/ByteBuffer;Ljava/nio/CharBuffer;)Ljava/nio/charset/CoderResult; @ 84
Event: 41.333 Thread 0x0000000018ff2800 Uncommon trap: reason=unstable_if action=reinterpret pc=0x0000000003bd4dc4 method=com.sun.org.apache.xerces.internal.impl.XMLEntityScanner.scanLiteral(ILcom/sun/org/apache/xerces/internal/xni/XMLString;Z)I @ 44
Event: 41.356 Thread 0x0000000018ff2800 Uncommon trap: reason=unstable_if action=reinterpret pc=0x0000000003562c1c method=com.sun.org.apache.xerces.internal.dom.DeferredDocumentImpl.ensureCapacity(I)V @ 88
Event: 41.460 Thread 0x0000000018ff2800 Uncommon trap: reason=unstable_if action=reinterpret pc=0x0000000003bfa278 method=com.sun.org.apache.xerces.internal.dom.DeferredDocumentImpl.clearChunkValue([[Ljava/lang/Object;II)Ljava/lang/String; @ 3

Classes redefined (0 events):
No events

Internal exceptions (10 events):
Event: 20.897 Thread 0x000000001a1e5000 Exception <a 'java/lang/ClassNotFoundException': com/android/build/gradle/internal/api/ApkVariantOutputImplBeanInfo> (0x00000000e4114510) thrown at [D:\src\AOSP-openjdk-cygwin\jdk8u\hotspot\src\share\vm\classfile\systemDictionary.cpp, line 210]
Event: 20.897 Thread 0x000000001a1e5000 Exception <a 'java/lang/ClassNotFoundException': com/android/build/gradle/internal/api/BaseVariantOutputImplBeanInfo> (0x00000000e4131890) thrown at [D:\src\AOSP-openjdk-cygwin\jdk8u\hotspot\src\share\vm\classfile\systemDictionary.cpp, line 210]
Event: 20.898 Thread 0x000000001a1e5000 Exception <a 'java/lang/ClassNotFoundException': com/android/build/gradle/internal/api/BaseVariantOutputImplCustomizer> (0x00000000e414f130) thrown at [D:\src\AOSP-openjdk-cygwin\jdk8u\hotspot\src\share\vm\classfile\systemDictionary.cpp, line 210]
Event: 20.900 Thread 0x000000001a1e5000 Exception <a 'java/lang/ClassNotFoundException': com/android/build/gradle/internal/api/ApkVariantOutputImplCustomizer> (0x00000000e4186778) thrown at [D:\src\AOSP-openjdk-cygwin\jdk8u\hotspot\src\share\vm\classfile\systemDictionary.cpp, line 210]
Event: 20.902 Thread 0x000000001a1e5000 Exception <a 'java/lang/ClassNotFoundException': com/android/build/gradle/internal/api/ApkVariantOutputImpl_DecoratedCustomizer> (0x00000000e41b90b8) thrown at [D:\src\AOSP-openjdk-cygwin\jdk8u\hotspot\src\share\vm\classfile\systemDictionary.cpp, line 210
Event: 26.631 Thread 0x000000001a1e5000 Exception <a 'java/lang/ClassNotFoundException': com/sun/org/glassfish/hk2/osgiresourcelocator/ServiceLoader> (0x00000000e5cf1928) thrown at [D:\src\AOSP-openjdk-cygwin\jdk8u\hotspot\src\share\vm\classfile\systemDictionary.cpp, line 210]
Event: 28.423 Thread 0x000000001a1e5000 Exception <a 'java/lang/NullPointerException'> (0x00000000e61c0570) thrown at [D:\src\AOSP-openjdk-cygwin\jdk8u\hotspot\src\share\vm\interpreter\linkResolver.cpp, line 1287]
Event: 38.641 Thread 0x000000001a1e5000 Implicit null exception at 0x000000000407c564 to 0x000000000407cb71
Event: 40.949 Thread 0x0000000018ff2800 Exception <a 'java/lang/NoSuchMethodError': java.lang.Object.lambda$comparingByKey$bbdbfea9$1(Ljava/util/Map$Entry;Ljava/util/Map$Entry;)I> (0x00000000e72d2ea0) thrown at [D:\src\AOSP-openjdk-cygwin\jdk8u\hotspot\src\share\vm\interpreter\linkResolver.cpp,
Event: 41.460 Thread 0x0000000018ff2800 Implicit null exception at 0x0000000003bfa0de to 0x0000000003bfa261

Events (10 events):
Event: 41.537 loading class com/android/ide/common/rendering/api/StyleResourceValue
Event: 41.537 loading class com/android/ide/common/rendering/api/StyleResourceValue done
Event: 41.537 loading class com/android/ide/common/rendering/api/StyleableResourceValueImpl
Event: 41.537 loading class com/android/ide/common/rendering/api/StyleableResourceValueImpl done
Event: 41.538 loading class com/android/ide/common/rendering/api/StyleableResourceValue
Event: 41.538 loading class com/android/ide/common/rendering/api/StyleableResourceValue done
Event: 41.538 loading class com/android/ide/common/rendering/api/ArrayResourceValueImpl
Event: 41.538 loading class com/android/ide/common/rendering/api/ArrayResourceValueImpl done
Event: 41.539 loading class com/android/ide/common/rendering/api/ArrayResourceValue
Event: 41.539 loading class com/android/ide/common/rendering/api/ArrayResourceValue done


Dynamic libraries:
0x00007ff620070000 - 0x00007ff6200a1000 	C:\Program Files\Android\Android Studio\jre\bin\java.exe
0x00007ffa1d440000 - 0x00007ffa1d630000 	C:\WINDOWS\SYSTEM32\ntdll.dll
0x00007ffa1c3b0000 - 0x00007ffa1c462000 	C:\WINDOWS\System32\KERNEL32.DLL
0x00007ffa1a860000 - 0x00007ffa1ab03000 	C:\WINDOWS\System32\KERNELBASE.dll
0x00007ffa1b500000 - 0x00007ffa1b5a3000 	C:\WINDOWS\System32\ADVAPI32.dll
0x00007ffa1c470000 - 0x00007ffa1c50e000 	C:\WINDOWS\System32\msvcrt.dll
0x00007ffa1cdf0000 - 0x00007ffa1ce87000 	C:\WINDOWS\System32\sechost.dll
0x00007ffa1b620000 - 0x00007ffa1b740000 	C:\WINDOWS\System32\RPCRT4.dll
0x00007ffa1b740000 - 0x00007ffa1b8d4000 	C:\WINDOWS\System32\USER32.dll
0x00007ffa1a3d0000 - 0x00007ffa1a3f1000 	C:\WINDOWS\System32\win32u.dll
0x00007ffa1c320000 - 0x00007ffa1c346000 	C:\WINDOWS\System32\GDI32.dll
0x00007ffa1a550000 - 0x00007ffa1a6e4000 	C:\WINDOWS\System32\gdi32full.dll
0x00007ffa1ab10000 - 0x00007ffa1abae000 	C:\WINDOWS\System32\msvcp_win.dll
0x00007ffa1a450000 - 0x00007ffa1a54a000 	C:\WINDOWS\System32\ucrtbase.dll
0x00007ffa19810000 - 0x00007ffa19a95000 	C:\WINDOWS\WinSxS\amd64_microsoft.windows.common-controls_6595b64144ccf1df_6.0.18362.720_none_e6beb5c51314836b\COMCTL32.dll
0x00007ffa1c590000 - 0x00007ffa1c8c6000 	C:\WINDOWS\System32\combase.dll
0x00007ffa1ac40000 - 0x00007ffa1acc0000 	C:\WINDOWS\System32\bcryptPrimitives.dll
0x00007ffa1c8d0000 - 0x00007ffa1c8fe000 	C:\WINDOWS\System32\IMM32.DLL
0x000000005fab0000 - 0x000000005fb82000 	C:\Program Files\Android\Android Studio\jre\jre\bin\msvcr100.dll
0x000000005fc90000 - 0x00000000604d6000 	C:\Program Files\Android\Android Studio\jre\jre\bin\server\jvm.dll
0x00007ffa1b990000 - 0x00007ffa1b998000 	C:\WINDOWS\System32\PSAPI.DLL
0x00007ffa18990000 - 0x00007ffa18999000 	C:\WINDOWS\SYSTEM32\WSOCK32.dll
0x00007ffa162a0000 - 0x00007ffa162c4000 	C:\WINDOWS\SYSTEM32\WINMM.dll
0x00007ffa17fd0000 - 0x00007ffa17fda000 	C:\WINDOWS\SYSTEM32\VERSION.dll
0x00007ffa1c520000 - 0x00007ffa1c58f000 	C:\WINDOWS\System32\WS2_32.dll
0x00007ffa16270000 - 0x00007ffa1629d000 	C:\WINDOWS\SYSTEM32\winmmbase.dll
0x00007ffa1a400000 - 0x00007ffa1a44a000 	C:\WINDOWS\System32\cfgmgr32.dll
0x00007ffa18700000 - 0x00007ffa1870f000 	C:\Program Files\Android\Android Studio\jre\jre\bin\verify.dll
0x00007ffa12430000 - 0x00007ffa12459000 	C:\Program Files\Android\Android Studio\jre\jre\bin\java.dll
0x00007ffa186e0000 - 0x00007ffa186f6000 	C:\Program Files\Android\Android Studio\jre\jre\bin\zip.dll
0x00007ffa1bc30000 - 0x00007ffa1c315000 	C:\WINDOWS\System32\SHELL32.dll
0x00007ffa1b8e0000 - 0x00007ffa1b989000 	C:\WINDOWS\System32\shcore.dll
0x00007ffa1ad70000 - 0x00007ffa1b4f0000 	C:\WINDOWS\System32\windows.storage.dll
0x00007ffa1a380000 - 0x00007ffa1a3a3000 	C:\WINDOWS\System32\profapi.dll
0x00007ffa1a310000 - 0x00007ffa1a35a000 	C:\WINDOWS\System32\powrprof.dll
0x00007ffa1a300000 - 0x00007ffa1a310000 	C:\WINDOWS\System32\UMPDC.dll
0x00007ffa1c350000 - 0x00007ffa1c3a2000 	C:\WINDOWS\System32\shlwapi.dll
0x00007ffa1a3b0000 - 0x00007ffa1a3c1000 	C:\WINDOWS\System32\kernel.appcore.dll
0x00007ffa1a840000 - 0x00007ffa1a857000 	C:\WINDOWS\System32\cryptsp.dll
0x00007ffa03530000 - 0x00007ffa0354a000 	C:\Program Files\Android\Android Studio\jre\jre\bin\net.dll
0x00007ffa0aac0000 - 0x00007ffa0ac95000 	C:\WINDOWS\SYSTEM32\urlmon.dll
0x00007ffa0adc0000 - 0x00007ffa0b066000 	C:\WINDOWS\SYSTEM32\iertutil.dll
0x00007ffa196c0000 - 0x00007ffa196cc000 	C:\WINDOWS\SYSTEM32\CRYPTBASE.DLL
0x00007ffa194f0000 - 0x00007ffa19557000 	C:\WINDOWS\system32\mswsock.dll
0x00007ff9fd910000 - 0x00007ff9fd923000 	C:\Program Files\Android\Android Studio\jre\jre\bin\nio.dll
0x00007ffa0c0f0000 - 0x00007ffa0c116000 	C:\Users\Almas\.gradle\native\30\windows-amd64\native-platform.dll
0x00007ffa16160000 - 0x00007ffa1616d000 	C:\Program Files\Android\Android Studio\jre\jre\bin\management.dll
0x00007ffa19060000 - 0x00007ffa19093000 	C:\WINDOWS\system32\rsaenh.dll
0x00007ffa1ac10000 - 0x00007ffa1ac36000 	C:\WINDOWS\System32\bcrypt.dll
0x00007ffa1a220000 - 0x00007ffa1a245000 	C:\WINDOWS\SYSTEM32\USERENV.dll
0x00007ffa19200000 - 0x00007ffa1923a000 	C:\WINDOWS\SYSTEM32\IPHLPAPI.DLL
0x00007ffa1b4f0000 - 0x00007ffa1b4f8000 	C:\WINDOWS\System32\NSI.dll
0x00007ffa0f510000 - 0x00007ffa0f526000 	C:\WINDOWS\SYSTEM32\dhcpcsvc6.DLL
0x00007ffa0f6b0000 - 0x00007ffa0f6cc000 	C:\WINDOWS\SYSTEM32\dhcpcsvc.DLL
0x00007ffa19240000 - 0x00007ffa1930a000 	C:\WINDOWS\SYSTEM32\DNSAPI.dll
0x00007ffa19e20000 - 0x00007ffa1a014000 	C:\WINDOWS\SYSTEM32\dbghelp.dll

VM Arguments:
jvm_args: -Xmx1536m -Dfile.encoding=windows-1252 -Duser.country=US -Duser.language=en -Duser.variant 
java_command: org.gradle.launcher.daemon.bootstrap.GradleDaemon 5.6.4
java_class_path (initial): C:\Users\Almas\.gradle\wrapper\dists\gradle-5.6.4-all\ankdp27end7byghfw1q2sw75f\gradle-5.6.4\lib\gradle-launcher-5.6.4.jar
Launcher Type: SUN_STANDARD

Environment Variables:
PATH=C:\Program Files (x86)\Common Files\Oracle\Java\javapath;C:\WINDOWS\system32;C:\WINDOWS;C:\WINDOWS\System32\Wbem;C:\WINDOWS\System32\WindowsPowerShell\v1.0\;C:\WINDOWS\System32\OpenSSH\;C:\Program Files\Git\cmd;C:\Program Files\Dart\dart-sdk\bin;C:\Program Files\nodejs\;C:\Users\Almas\AppData\Local\Programs\Python\Python38-32\Scripts\;C:\Users\Almas\AppData\Local\Programs\Python\Python38-32\;C:\Users\Almas\AppData\Local\Microsoft\WindowsApps;C:\Users\Almas\AppData\Local\Programs\Microsoft VS Code\bin;C:\flutter\bin;C:\Users\Almas\AppData\Roaming\npm;
USERNAME=Almas
OS=Windows_NT
PROCESSOR_IDENTIFIER=Intel64 Family 6 Model 61 Stepping 4, GenuineIntel



---------------  S Y S T E M  ---------------

OS: Windows 10.0 , 64 bit Build 18362 (10.0.18362.329)

CPU:total 4 (initial active 4) (2 cores per cpu, 2 threads per core) family 6 model 61 stepping 4, cmov, cx8, fxsr, mmx, sse, sse2, sse3, ssse3, sse4.1, sse4.2, popcnt, avx, avx2, aes, clmul, erms, 3dnowpref, lzcnt, ht, tsc, tscinvbit, bmi1, bmi2, adx

Memory: 4k page, physical 8301924k(1196776k free), swap 13806948k(2359368k free)

vm_info: OpenJDK 64-Bit Server VM (25.212-b04) for windows-amd64 JRE (1.8.0_212-release-1586-b04), built by "builder" with MS VC++ 10.0 (VS2010)

time: Sat Jun 06 17:19:14 2020
timezone: Bangladesh Standard Time
elapsed time: 41 seconds (0d 0h 0m 41s)

